2017-11-08 15:27:29,151     INFO #[ PsychoPy2 RuntimeInfoStart ]
  #[[ PsychoPy ]] #---------
    psychopyVersion: 1.85.4
    psychopyHaveExtRush: True
  #[[ Experiment ]] #---------
    experimentRunTime: 2017_11_08 15:27 (Year_Month_Day Hour:Min)
    experimentRunTime.epoch: 1510183646
    experimentScript: hierNavigation.py
    experimentScript.digestSHA1: 1f7f9a21a22ed531418a3eeed5c556b3b77acaf4
    experimentScript.directory: /Users/csnl/Repos/hierarchyNavigation
  #[[ System ]] #---------
    systemHaveInternetAccess: True
    systemHostName: CSNLs-MacBook-Air.local
    systemLocale: C
    systemMemFreeRAM: 2832.54296875
    systemMemTotalRAM: 8192.0
    systemPlatform: darwin 10.13 x86_64
    systemPyo.InputDevices: {0: {'host api index': 0, 'latency': 0.0029478457290679216, 'default sr': 44100, 'name': u'Built-in Microph'}, 2: {'host api index': 0, 'latency': 0.009999999776482582, 'default sr': 44100, 'name': u'NoMachine Audio Adapter'}, 3: {'host api index': 0, 'latency': 0.009999999776482582, 'default sr': 44100, 'name': u'NoMachine Microphone Adapter'}}
    systemPyo.OutputDevices: {1: {'host api index': 0, 'latency': 0.007551020476967096, 'default sr': 44100, 'name': u'Built-in Output'}, 2: {'host api index': 0, 'latency': 0.001451247138902545, 'default sr': 44100, 'name': u'NoMachine Audio Adapter'}, 3: {'host api index': 0, 'latency': 0.001451247138902545, 'default sr': 44100, 'name': u'NoMachine Microphone Adapter'}}
    systemPyoVersion: 0.8.6
    systemRebooted: Oct 27 16:03
    systemSec.OpenSSLVersion: LibreSSL 2.2.7
    systemSec.pythonSSL: True
    systemTimeNumpySD1000000_sec: 0.0055
    systemUser: csnl
    systemUserID: 501
    systemUserProcCount: 216
    systemUserProcFlagged: iTunes 'Google Chrome' Safari mdworker
    systemUsersCount: 1
  #[[ Window ]] #---------
    windowRefreshTimeSD_ms: 0.084
    windowRefreshTimeMedian_ms: 16.669
    windowRefreshTimeAvg_ms: 16.667
  #[[ Python ]] #---------
    pythonVersion: 2.7.12
  #[[ OpenGL ]] #---------
#[ PsychoPy2 RuntimeInfoEnd ]

2017-11-08 15:27:29,383     INFO Starting experiment
2017-11-08 15:27:29,486     INFO Showing instructions
2017-11-08 15:27:29,510     INFO Instruction: Welcome!  In this task, you wi...
2017-11-08 15:27:38,783     INFO Received response [('space', 9.252923011779785)]
2017-11-08 15:27:38,801     INFO Instruction: Each trial will begin with a "...
2017-11-08 15:27:42,495     INFO Received response [('space', 3.6829800605773926)]
2017-11-08 15:27:42,539     INFO Instruction: Your job is to figure out who ...
2017-11-08 15:27:51,738     INFO Received response [('space', 9.193066835403442)]
2017-11-08 15:27:51,738     INFO End of instructions
2017-11-08 15:27:51,745     INFO Showing instructions
2017-11-08 15:27:51,778     INFO Instruction: Blue numbers mean figure out w...
2017-11-08 15:28:01,728     INFO Received response [('space', 9.931721925735474)]
2017-11-08 15:28:01,728     INFO End of instructions
2017-11-08 15:28:01,735     INFO Showing instructions
2017-11-08 15:28:01,771     INFO Instruction: You'll have a few seconds to f...
2017-11-08 15:28:11,856     INFO Received response [('space', 10.075134992599487)]
2017-11-08 15:28:11,856     INFO End of instructions
2017-11-08 15:28:11,862     INFO Showing instructions
2017-11-08 15:28:11,874     INFO Instruction: When the response options are ...
2017-11-08 15:28:14,137     INFO Received response [('space', 2.2389819622039795)]
2017-11-08 15:28:14,137     INFO End of instructions
2017-11-08 15:28:14,172     INFO Showing instructions
2017-11-08 15:28:14,183     INFO Instruction: Press one of the arrow keys to...
2017-11-08 15:28:17,359     INFO Received response [('space', 3.1611289978027344)]
2017-11-08 15:28:17,359     INFO End of instructions
2017-11-08 15:28:17,366     INFO Showing instructions
2017-11-08 15:28:17,403     INFO Instruction: Run #1 of 1 is starting soon. ...
2017-11-08 15:28:29,244     INFO Received response [('space', 11.828649997711182)]
2017-11-08 15:28:29,244     INFO End of instructions
2017-11-08 15:28:29,244     INFO Showing anchor face
2017-11-08 15:28:30,268     INFO End of anchor face
2017-11-08 15:28:30,273     INFO Showing fixation
2017-11-08 15:28:30,784     INFO End of fixation
2017-11-08 15:28:30,801     INFO Showing number
2017-11-08 15:28:31,817     INFO End of number
2017-11-08 15:28:31,820     INFO Showing fixation
2017-11-08 15:28:37,834     INFO End of fixation
2017-11-08 15:28:37,860     INFO Showing options
2017-11-08 15:28:38,418     INFO Received response [('left', 0.551414966583252)]
2017-11-08 15:28:39,383     INFO End of options
2017-11-08 15:28:39,401     INFO Showing feedback
2017-11-08 15:28:41,418     INFO End of feedback
2017-11-08 15:28:41,419     INFO End of trial
2017-11-08 15:28:41,423     INFO Showing fixation
2017-11-08 15:28:45,435     INFO End of fixation
2017-11-08 15:28:45,436     INFO Showing anchor face
2017-11-08 15:28:46,452     INFO End of anchor face
2017-11-08 15:28:46,455     INFO Showing fixation
2017-11-08 15:28:46,969     INFO End of fixation
2017-11-08 15:28:46,973     INFO Showing number
2017-11-08 15:28:47,985     INFO End of number
2017-11-08 15:28:47,989     INFO Showing fixation
2017-11-08 15:28:54,002     INFO End of fixation
2017-11-08 15:28:54,029     INFO Showing options
2017-11-08 15:28:55,139     INFO Received response [('right', 1.1036858558654785)]
2017-11-08 15:28:55,549     INFO End of options
2017-11-08 15:28:55,568     INFO Showing feedback
2017-11-08 15:28:57,586     INFO End of feedback
2017-11-08 15:28:57,588     INFO End of trial
2017-11-08 15:28:57,591     INFO Showing fixation
2017-11-08 15:29:01,603     INFO End of fixation
2017-11-08 15:29:01,604     INFO Showing anchor face
2017-11-08 15:29:02,619     INFO End of anchor face
2017-11-08 15:29:02,623     INFO Showing fixation
2017-11-08 15:29:03,137     INFO End of fixation
2017-11-08 15:29:03,140     INFO Showing number
2017-11-08 15:29:04,154     INFO End of number
2017-11-08 15:29:04,157     INFO Showing fixation
2017-11-08 15:29:10,171     INFO End of fixation
2017-11-08 15:29:10,191     INFO Showing options
2017-11-08 15:29:10,682     INFO Received response [('left', 0.4783029556274414)]
2017-11-08 15:29:11,710     INFO End of options
2017-11-08 15:29:11,720     INFO Showing feedback
2017-11-08 15:29:13,737     INFO End of feedback
2017-11-08 15:29:13,738     INFO End of trial
2017-11-08 15:29:13,742     INFO Showing fixation
2017-11-08 15:29:17,755     INFO End of fixation
2017-11-08 15:29:17,755     INFO Showing anchor face
2017-11-08 15:29:18,772     INFO End of anchor face
2017-11-08 15:29:18,776     INFO Showing fixation
2017-11-08 15:29:19,288     INFO End of fixation
2017-11-08 15:29:19,293     INFO Showing number
2017-11-08 15:29:20,305     INFO End of number
2017-11-08 15:29:20,309     INFO Showing fixation
2017-11-08 15:29:26,322     INFO End of fixation
2017-11-08 15:29:26,349     INFO Showing options
2017-11-08 15:29:26,975     INFO Received response [('up', 0.6197597980499268)]
2017-11-08 15:29:27,870     INFO End of options
2017-11-08 15:29:27,889     INFO Showing feedback
2017-11-08 15:29:29,906     INFO End of feedback
2017-11-08 15:29:29,908     INFO End of trial
2017-11-08 15:29:29,914     INFO Showing fixation
2017-11-08 15:29:33,923     INFO End of fixation
2017-11-08 15:29:33,924     INFO Showing anchor face
2017-11-08 15:29:34,940     INFO End of anchor face
2017-11-08 15:29:34,943     INFO Showing fixation
2017-11-08 15:29:35,457     INFO End of fixation
2017-11-08 15:29:35,460     INFO Showing number
2017-11-08 15:29:36,474     INFO End of number
2017-11-08 15:29:36,477     INFO Showing fixation
2017-11-08 15:29:42,491     INFO End of fixation
2017-11-08 15:29:42,511     INFO Showing options
2017-11-08 15:29:43,092     INFO Received response [('left', 0.5683929920196533)]
2017-11-08 15:29:44,039     INFO End of options
2017-11-08 15:29:44,057     INFO Showing feedback
2017-11-08 15:29:46,075     INFO End of feedback
2017-11-08 15:29:46,076     INFO End of trial
2017-11-08 15:29:46,079     INFO Showing fixation
2017-11-08 15:29:50,091     INFO End of fixation
2017-11-08 15:29:50,092     INFO Showing anchor face
2017-11-08 15:29:51,108     INFO End of anchor face
2017-11-08 15:29:51,113     INFO Showing fixation
2017-11-08 15:29:51,625     INFO End of fixation
2017-11-08 15:29:51,628     INFO Showing number
2017-11-08 15:29:52,642     INFO End of number
2017-11-08 15:29:52,645     INFO Showing fixation
2017-11-08 15:29:58,659     INFO End of fixation
2017-11-08 15:29:58,682     INFO Showing options
2017-11-08 15:29:59,249     INFO Received response [('right', 0.5568392276763916)]
2017-11-08 15:30:00,202     INFO End of options
2017-11-08 15:30:00,208     INFO Showing feedback
2017-11-08 15:30:02,226     INFO End of feedback
2017-11-08 15:30:02,228     INFO End of trial
2017-11-08 15:30:02,231     INFO Showing fixation
2017-11-08 15:30:06,243     INFO End of fixation
2017-11-08 15:30:06,243     INFO Showing anchor face
2017-11-08 15:30:07,260     INFO End of anchor face
2017-11-08 15:30:07,263     INFO Showing fixation
2017-11-08 15:30:07,777     INFO End of fixation
2017-11-08 15:30:07,780     INFO Showing number
2017-11-08 15:30:08,793     INFO End of number
2017-11-08 15:30:08,797     INFO Showing fixation
2017-11-08 15:30:14,810     INFO End of fixation
2017-11-08 15:30:14,842     INFO Showing options
2017-11-08 15:30:15,581     INFO Received response [('left', 0.72064208984375)]
2017-11-08 15:30:16,374     INFO End of options
2017-11-08 15:30:16,376     INFO Showing feedback
2017-11-08 15:30:18,395     INFO End of feedback
2017-11-08 15:30:18,397     INFO End of trial
2017-11-08 15:30:18,403     INFO Showing fixation
2017-11-08 15:30:22,411     INFO End of fixation
2017-11-08 15:30:22,412     INFO Showing anchor face
2017-11-08 15:30:23,428     INFO End of anchor face
2017-11-08 15:30:23,432     INFO Showing fixation
2017-11-08 15:30:23,945     INFO End of fixation
2017-11-08 15:30:23,948     INFO Showing number
2017-11-08 15:30:24,962     INFO End of number
2017-11-08 15:30:24,965     INFO Showing fixation
2017-11-08 15:30:30,979     INFO End of fixation
2017-11-08 15:30:31,005     INFO Showing options
2017-11-08 15:30:32,014     INFO Received response [('down', 1.0028460025787354)]
2017-11-08 15:30:32,526     INFO End of options
2017-11-08 15:30:32,545     INFO Showing feedback
2017-11-08 15:30:34,562     INFO End of feedback
2017-11-08 15:30:34,564     INFO End of trial
2017-11-08 15:30:34,567     INFO Showing fixation
2017-11-08 15:30:38,580     INFO End of fixation
2017-11-08 15:30:38,581     INFO Showing anchor face
2017-11-08 15:30:39,596     INFO End of anchor face
2017-11-08 15:30:39,600     INFO Showing fixation
2017-11-08 15:30:40,112     INFO End of fixation
2017-11-08 15:30:40,116     INFO Showing number
2017-11-08 15:30:41,130     INFO End of number
2017-11-08 15:30:41,133     INFO Showing fixation
2017-11-08 15:30:47,147     INFO End of fixation
2017-11-08 15:30:47,167     INFO Showing options
2017-11-08 15:30:47,738     INFO Received response [('down', 0.557873010635376)]
2017-11-08 15:30:48,690     INFO End of options
2017-11-08 15:30:48,696     INFO Showing feedback
2017-11-08 15:30:50,714     INFO End of feedback
2017-11-08 15:30:50,716     INFO End of trial
2017-11-08 15:30:50,719     INFO Showing fixation
2017-11-08 15:30:54,731     INFO End of fixation
2017-11-08 15:30:54,732     INFO Showing anchor face
2017-11-08 15:30:55,748     INFO End of anchor face
2017-11-08 15:30:55,751     INFO Showing fixation
2017-11-08 15:30:56,265     INFO End of fixation
2017-11-08 15:30:56,268     INFO Showing number
2017-11-08 15:30:57,282     INFO End of number
2017-11-08 15:30:57,285     INFO Showing fixation
2017-11-08 15:31:03,299     INFO End of fixation
2017-11-08 15:31:03,319     INFO Showing options
2017-11-08 15:31:03,868     INFO Received response [('right', 0.5363960266113281)]
2017-11-08 15:31:04,846     INFO End of options
2017-11-08 15:31:04,865     INFO Showing feedback
2017-11-08 15:31:06,882     INFO End of feedback
2017-11-08 15:31:06,884     INFO End of trial
2017-11-08 15:31:06,887     INFO Showing fixation
2017-11-08 15:31:10,900     INFO End of fixation
2017-11-08 15:31:10,900     INFO Showing anchor face
2017-11-08 15:31:11,917     INFO End of anchor face
2017-11-08 15:31:11,920     INFO Showing fixation
2017-11-08 15:31:12,433     INFO End of fixation
2017-11-08 15:31:12,436     INFO Showing number
2017-11-08 15:31:13,450     INFO End of number
2017-11-08 15:31:13,453     INFO Showing fixation
2017-11-08 15:31:19,467     INFO End of fixation
2017-11-08 15:31:19,492     INFO Showing options
2017-11-08 15:31:20,286     INFO Received response [('right', 0.7862200736999512)]
2017-11-08 15:31:21,015     INFO End of options
2017-11-08 15:31:21,033     INFO Showing feedback
2017-11-08 15:31:23,051     INFO End of feedback
2017-11-08 15:31:23,052     INFO End of trial
2017-11-08 15:31:23,055     INFO Showing fixation
2017-11-08 15:31:27,068     INFO End of fixation
2017-11-08 15:31:27,068     INFO Showing anchor face
2017-11-08 15:31:28,085     INFO End of anchor face
2017-11-08 15:31:28,088     INFO Showing fixation
2017-11-08 15:31:28,601     INFO End of fixation
2017-11-08 15:31:28,604     INFO Showing number
2017-11-08 15:31:29,618     INFO End of number
2017-11-08 15:31:29,623     INFO Showing fixation
2017-11-08 15:31:35,635     INFO End of fixation
2017-11-08 15:31:35,655     INFO Showing options
2017-11-08 15:31:36,320     INFO Received response [('down', 0.6517260074615479)]
2017-11-08 15:31:37,184     INFO End of options
2017-11-08 15:31:37,201     INFO Showing feedback
2017-11-08 15:31:39,219     INFO End of feedback
2017-11-08 15:31:39,220     INFO End of trial
2017-11-08 15:31:39,224     INFO Showing fixation
2017-11-08 15:31:43,236     INFO End of fixation
2017-11-08 15:31:43,237     INFO Showing anchor face
2017-11-08 15:31:44,253     INFO End of anchor face
2017-11-08 15:31:44,257     INFO Showing fixation
2017-11-08 15:31:44,770     INFO End of fixation
2017-11-08 15:31:44,772     INFO Showing number
2017-11-08 15:31:45,786     INFO End of number
2017-11-08 15:31:45,790     INFO Showing fixation
2017-11-08 15:31:51,804     INFO End of fixation
2017-11-08 15:31:51,824     INFO Showing options
2017-11-08 15:31:52,382     INFO Received response [('up', 0.5454878807067871)]
2017-11-08 15:31:53,342     INFO End of options
2017-11-08 15:31:53,353     INFO Showing feedback
2017-11-08 15:31:55,371     INFO End of feedback
2017-11-08 15:31:55,372     INFO End of trial
2017-11-08 15:31:55,375     INFO Showing fixation
2017-11-08 15:31:59,388     INFO End of fixation
2017-11-08 15:31:59,389     INFO Showing anchor face
2017-11-08 15:32:00,405     INFO End of anchor face
2017-11-08 15:32:00,408     INFO Showing fixation
2017-11-08 15:32:00,921     INFO End of fixation
2017-11-08 15:32:00,924     INFO Showing number
2017-11-08 15:32:01,938     INFO End of number
2017-11-08 15:32:01,942     INFO Showing fixation
2017-11-08 15:32:07,955     INFO End of fixation
2017-11-08 15:32:07,981     INFO Showing options
2017-11-08 15:32:08,571     INFO Received response [('down', 0.5832710266113281)]
2017-11-08 15:32:09,505     INFO End of options
2017-11-08 15:32:09,521     INFO Showing feedback
2017-11-08 15:32:11,538     INFO End of feedback
2017-11-08 15:32:11,539     INFO End of trial
2017-11-08 15:32:11,542     INFO Showing fixation
2017-11-08 15:32:15,556     INFO End of fixation
2017-11-08 15:32:15,556     INFO Showing anchor face
2017-11-08 15:32:16,573     INFO End of anchor face
2017-11-08 15:32:16,576     INFO Showing fixation
2017-11-08 15:32:17,090     INFO End of fixation
2017-11-08 15:32:17,092     INFO Showing number
2017-11-08 15:32:18,107     INFO End of number
2017-11-08 15:32:18,110     INFO Showing fixation
2017-11-08 15:32:24,123     INFO End of fixation
2017-11-08 15:32:24,143     INFO Showing options
2017-11-08 15:32:24,620     INFO Received response [('right', 0.46442699432373047)]
2017-11-08 15:32:25,676     INFO End of options
2017-11-08 15:32:25,689     INFO Showing feedback
2017-11-08 15:32:27,706     INFO End of feedback
2017-11-08 15:32:27,708     INFO End of trial
2017-11-08 15:32:27,711     INFO Showing fixation
2017-11-08 15:32:31,725     INFO End of fixation
2017-11-08 15:32:31,725     INFO Showing anchor face
2017-11-08 15:32:32,741     INFO End of anchor face
2017-11-08 15:32:32,745     INFO Showing fixation
2017-11-08 15:32:33,258     INFO End of fixation
2017-11-08 15:32:33,261     INFO Showing number
2017-11-08 15:32:34,275     INFO End of number
2017-11-08 15:32:34,278     INFO Showing fixation
2017-11-08 15:32:40,291     INFO End of fixation
2017-11-08 15:32:40,311     INFO Showing options
2017-11-08 15:32:40,973     INFO Received response [('down', 0.6482129096984863)]
2017-11-08 15:32:41,844     INFO End of options
2017-11-08 15:32:41,858     INFO Showing feedback
2017-11-08 15:32:43,875     INFO End of feedback
2017-11-08 15:32:43,877     INFO End of trial
2017-11-08 15:32:43,880     INFO Showing fixation
2017-11-08 15:32:47,892     INFO End of fixation
2017-11-08 15:32:47,893     INFO Showing anchor face
2017-11-08 15:32:48,909     INFO End of anchor face
2017-11-08 15:32:48,913     INFO Showing fixation
2017-11-08 15:32:49,426     INFO End of fixation
2017-11-08 15:32:49,429     INFO Showing number
2017-11-08 15:32:50,443     INFO End of number
2017-11-08 15:32:50,446     INFO Showing fixation
2017-11-08 15:32:56,460     INFO End of fixation
2017-11-08 15:32:56,482     INFO Showing options
2017-11-08 15:32:57,120     INFO Received response [('up', 0.6277451515197754)]
2017-11-08 15:32:57,999     INFO End of options
2017-11-08 15:32:58,009     INFO Showing feedback
2017-11-08 15:33:00,027     INFO End of feedback
2017-11-08 15:33:00,028     INFO End of trial
2017-11-08 15:33:00,031     INFO Showing fixation
2017-11-08 15:33:04,044     INFO End of fixation
2017-11-08 15:33:04,045     INFO Showing anchor face
2017-11-08 15:33:05,060     INFO End of anchor face
2017-11-08 15:33:05,063     INFO Showing fixation
2017-11-08 15:33:05,577     INFO End of fixation
2017-11-08 15:33:05,583     INFO Showing number
2017-11-08 15:33:06,594     INFO End of number
2017-11-08 15:33:06,598     INFO Showing fixation
2017-11-08 15:33:12,611     INFO End of fixation
2017-11-08 15:33:12,631     INFO Showing options
2017-11-08 15:33:13,198     INFO Received response [('left', 0.5529329776763916)]
2017-11-08 15:33:14,159     INFO End of options
2017-11-08 15:33:14,177     INFO Showing feedback
2017-11-08 15:33:16,195     INFO End of feedback
2017-11-08 15:33:16,197     INFO End of trial
2017-11-08 15:33:16,200     INFO Showing fixation
2017-11-08 15:33:20,212     INFO End of fixation
2017-11-08 15:33:20,213     INFO Showing anchor face
2017-11-08 15:33:21,229     INFO End of anchor face
2017-11-08 15:33:21,233     INFO Showing fixation
2017-11-08 15:33:21,745     INFO End of fixation
2017-11-08 15:33:21,748     INFO Showing number
2017-11-08 15:33:22,763     INFO End of number
2017-11-08 15:33:22,837     INFO Showing fixation
2017-11-08 15:33:28,847     INFO End of fixation
2017-11-08 15:33:28,870     INFO Showing options
2017-11-08 15:33:29,419     INFO Received response [('up', 0.5399551391601562)]
2017-11-08 15:33:30,390     INFO End of options
2017-11-08 15:33:30,396     INFO Showing feedback
2017-11-08 15:33:32,414     INFO End of feedback
2017-11-08 15:33:32,415     INFO End of trial
2017-11-08 15:33:32,418     INFO Showing fixation
2017-11-08 15:33:36,431     INFO End of fixation
2017-11-08 15:33:36,432     INFO Showing anchor face
2017-11-08 15:33:37,448     INFO End of anchor face
2017-11-08 15:33:37,451     INFO Showing fixation
2017-11-08 15:33:37,964     INFO End of fixation
2017-11-08 15:33:37,967     INFO Showing number
2017-11-08 15:33:38,980     INFO End of number
2017-11-08 15:33:38,983     INFO Showing fixation
2017-11-08 15:33:44,998     INFO End of fixation
2017-11-08 15:33:45,018     INFO Showing options
2017-11-08 15:33:46,277     INFO Received response [('down', 1.245426893234253)]
2017-11-08 15:33:46,536     INFO End of options
2017-11-08 15:33:46,547     INFO Showing feedback
2017-11-08 15:33:48,565     INFO End of feedback
2017-11-08 15:33:48,567     INFO End of trial
2017-11-08 15:33:48,570     INFO Showing fixation
2017-11-08 15:33:52,582     INFO End of fixation
2017-11-08 15:33:52,583     INFO Showing anchor face
2017-11-08 15:33:53,599     INFO End of anchor face
2017-11-08 15:33:53,602     INFO Showing fixation
2017-11-08 15:33:54,116     INFO End of fixation
2017-11-08 15:33:54,119     INFO Showing number
2017-11-08 15:33:55,131     INFO End of number
2017-11-08 15:33:55,135     INFO Showing fixation
2017-11-08 15:34:01,150     INFO End of fixation
2017-11-08 15:34:01,169     INFO Showing options
2017-11-08 15:34:01,763     INFO Received response [('left', 0.5812098979949951)]
2017-11-08 15:34:02,702     INFO End of options
2017-11-08 15:34:02,716     INFO Showing feedback
2017-11-08 15:34:04,733     INFO End of feedback
2017-11-08 15:34:04,735     INFO End of trial
2017-11-08 15:34:04,738     INFO Showing fixation
2017-11-08 15:34:08,750     INFO End of fixation
2017-11-08 15:34:08,751     INFO Showing anchor face
2017-11-08 15:34:09,768     INFO End of anchor face
2017-11-08 15:34:09,771     INFO Showing fixation
2017-11-08 15:34:10,284     INFO End of fixation
2017-11-08 15:34:10,287     INFO Showing number
2017-11-08 15:34:11,301     INFO End of number
2017-11-08 15:34:11,304     INFO Showing fixation
2017-11-08 15:34:17,318     INFO End of fixation
2017-11-08 15:34:17,339     INFO Showing options
2017-11-08 15:34:17,836     INFO Received response [('right', 0.4851548671722412)]
2017-11-08 15:34:18,866     INFO End of options
2017-11-08 15:34:18,884     INFO Showing feedback
2017-11-08 15:34:20,902     INFO End of feedback
2017-11-08 15:34:20,903     INFO End of trial
2017-11-08 15:34:20,909     INFO Showing fixation
2017-11-08 15:34:24,919     INFO End of fixation
2017-11-08 15:34:24,919     INFO Showing anchor face
2017-11-08 15:34:25,936     INFO End of anchor face
2017-11-08 15:34:25,939     INFO Showing fixation
2017-11-08 15:34:26,452     INFO End of fixation
2017-11-08 15:34:26,458     INFO Showing number
2017-11-08 15:34:27,469     INFO End of number
2017-11-08 15:34:27,472     INFO Showing fixation
2017-11-08 15:34:33,486     INFO End of fixation
2017-11-08 15:34:33,507     INFO Showing options
2017-11-08 15:34:34,114     INFO Received response [('up', 0.594980001449585)]
2017-11-08 15:34:35,025     INFO End of options
2017-11-08 15:34:35,035     INFO Showing feedback
2017-11-08 15:34:37,052     INFO End of feedback
2017-11-08 15:34:37,054     INFO End of trial
2017-11-08 15:34:37,057     INFO Showing fixation
2017-11-08 15:34:41,070     INFO End of fixation
2017-11-08 15:34:41,071     INFO Showing anchor face
2017-11-08 15:34:42,086     INFO End of anchor face
2017-11-08 15:34:42,090     INFO Showing fixation
2017-11-08 15:34:42,604     INFO End of fixation
2017-11-08 15:34:42,607     INFO Showing number
2017-11-08 15:34:43,621     INFO End of number
2017-11-08 15:34:43,624     INFO Showing fixation
2017-11-08 15:34:49,638     INFO End of fixation
2017-11-08 15:34:49,658     INFO Showing options
2017-11-08 15:34:50,295     INFO Received response [('right', 0.624492883682251)]
2017-11-08 15:34:51,180     INFO End of options
2017-11-08 15:34:51,187     INFO Showing feedback
2017-11-08 15:34:53,205     INFO End of feedback
2017-11-08 15:34:53,206     INFO End of trial
2017-11-08 15:34:53,209     INFO Showing fixation
2017-11-08 15:34:57,222     INFO End of fixation
2017-11-08 15:34:57,229     INFO Showing instructions
2017-11-08 15:34:57,243     INFO Instruction: You earned 23 point(s) out of ...
2017-11-08 15:34:59,632     INFO Received response [('space', 2.37678599357605)]
2017-11-08 15:34:59,632     INFO End of instructions
2017-11-08 15:34:59,639     INFO Showing instructions
2017-11-08 15:34:59,646     INFO Instruction: This task is complete! Thank y...
2017-11-08 15:35:01,009     INFO Received response [('space', 1.3542370796203613)]
2017-11-08 15:35:01,009     INFO End of instructions
2017-11-08 15:35:01,009     INFO Experiment ended
