2017-11-19 18:11:25,410     INFO #[ PsychoPy2 RuntimeInfoStart ]
  #[[ PsychoPy ]] #---------
    psychopyVersion: 1.85.4
    psychopyHaveExtRush: True
  #[[ Experiment ]] #---------
    experimentRunTime: 2017_11_19 18:11 (Year_Month_Day Hour:Min)
    experimentRunTime.epoch: 1511143882
    experimentScript: hierNavigation.py
    experimentScript.digestSHA1: 1f7f9a21a22ed531418a3eeed5c556b3b77acaf4
    experimentScript.directory: /Users/csnl/Repos/hierarchyNavigation
  #[[ System ]] #---------
    systemHaveInternetAccess: True
    systemHostName: CSNLs-MacBook-Air.local
    systemLocale: C
    systemMemFreeRAM: 4537.9296875
    systemMemTotalRAM: 8192.0
    systemPlatform: darwin 10.13 x86_64
    systemPyo.InputDevices: {0: {'host api index': 0, 'latency': 0.0029478457290679216, 'default sr': 44100, 'name': u'Built-in Microph'}, 2: {'host api index': 0, 'latency': 0.009999999776482582, 'default sr': 44100, 'name': u'NoMachine Audio Adapter'}, 3: {'host api index': 0, 'latency': 0.009999999776482582, 'default sr': 44100, 'name': u'NoMachine Microphone Adapter'}}
    systemPyo.OutputDevices: {1: {'host api index': 0, 'latency': 0.007551020476967096, 'default sr': 44100, 'name': u'Built-in Output'}, 2: {'host api index': 0, 'latency': 0.001451247138902545, 'default sr': 44100, 'name': u'NoMachine Audio Adapter'}, 3: {'host api index': 0, 'latency': 0.001451247138902545, 'default sr': 44100, 'name': u'NoMachine Microphone Adapter'}}
    systemPyoVersion: 0.8.6
    systemRebooted: Oct 27 16:03
    systemSec.OpenSSLVersion: LibreSSL 2.2.7
    systemSec.pythonSSL: True
    systemTimeNumpySD1000000_sec: 0.0052
    systemUser: csnl
    systemUserID: 501
    systemUserProcCount: 177
    systemUserProcFlagged: iTunes mdworker 'Google Chrome' Safari
    systemUsersCount: 1
  #[[ Window ]] #---------
    windowRefreshTimeSD_ms: 0.083
    windowRefreshTimeMedian_ms: 16.665
    windowRefreshTimeAvg_ms: 16.667
  #[[ Python ]] #---------
    pythonVersion: 2.7.12
  #[[ OpenGL ]] #---------
#[ PsychoPy2 RuntimeInfoEnd ]

2017-11-19 18:11:25,652     INFO Starting experiment
2017-11-19 18:11:25,751     INFO Showing instructions
2017-11-19 18:11:25,778     INFO Instruction: Welcome!  In this task, you wi...
2017-11-19 18:11:31,696     INFO Received response [('space', 5.900696039199829)]
2017-11-19 18:11:31,714     INFO Instruction: Each trial will begin with a "...
2017-11-19 18:11:34,943     INFO Received response [('space', 3.219517946243286)]
2017-11-19 18:11:34,990     INFO Instruction: Your job is to figure out who ...
2017-11-19 18:11:39,679     INFO Received response [('space', 4.672152996063232)]
2017-11-19 18:11:39,680     INFO End of instructions
2017-11-19 18:11:39,686     INFO Showing instructions
2017-11-19 18:11:39,717     INFO Instruction: Blue numbers mean figure out w...
2017-11-19 18:11:45,729     INFO Received response [('space', 6.004688024520874)]
2017-11-19 18:11:45,729     INFO End of instructions
2017-11-19 18:11:45,736     INFO Showing instructions
2017-11-19 18:11:45,773     INFO Instruction: You'll have a few seconds to f...
2017-11-19 18:11:48,331     INFO Received response [('space', 2.5396718978881836)]
2017-11-19 18:11:48,331     INFO End of instructions
2017-11-19 18:11:48,338     INFO Showing instructions
2017-11-19 18:11:48,351     INFO Instruction: When the response options are ...
2017-11-19 18:11:49,354     INFO Received response [('space', 0.9792139530181885)]
2017-11-19 18:11:49,354     INFO End of instructions
2017-11-19 18:11:49,391     INFO Showing instructions
2017-11-19 18:11:49,401     INFO Instruction: Press one of the arrow keys to...
2017-11-19 18:11:51,289     INFO Received response [('space', 1.8811759948730469)]
2017-11-19 18:11:51,290     INFO End of instructions
2017-11-19 18:11:51,296     INFO Showing instructions
2017-11-19 18:11:51,333     INFO Instruction: Run #1 of 1 is starting soon. ...
2017-11-19 18:11:55,777     INFO Received response [('space', 4.435114860534668)]
2017-11-19 18:11:55,784     INFO End of instructions
2017-11-19 18:11:55,784     INFO Showing anchor face
2017-11-19 18:11:56,793     INFO End of anchor face
2017-11-19 18:11:56,798     INFO Showing fixation
2017-11-19 18:11:57,309     INFO End of fixation
2017-11-19 18:11:57,325     INFO Showing number
2017-11-19 18:11:58,343     INFO End of number
2017-11-19 18:11:58,346     INFO Showing fixation
2017-11-19 18:12:04,360     INFO End of fixation
2017-11-19 18:12:04,405     INFO Showing options
2017-11-19 18:12:04,996     INFO Received response [('left', 0.5860168933868408)]
2017-11-19 18:12:05,925     INFO End of options
2017-11-19 18:12:05,943     INFO Showing feedback
2017-11-19 18:12:07,961     INFO End of feedback
2017-11-19 18:12:07,962     INFO End of trial
2017-11-19 18:12:07,965     INFO Showing fixation
2017-11-19 18:12:11,977     INFO End of fixation
2017-11-19 18:12:11,977     INFO Showing anchor face
2017-11-19 18:12:12,995     INFO End of anchor face
2017-11-19 18:12:12,999     INFO Showing fixation
2017-11-19 18:12:13,511     INFO End of fixation
2017-11-19 18:12:13,515     INFO Showing number
2017-11-19 18:12:14,528     INFO End of number
2017-11-19 18:12:14,531     INFO Showing fixation
2017-11-19 18:12:20,545     INFO End of fixation
2017-11-19 18:12:20,564     INFO Showing options
2017-11-19 18:12:21,350     INFO Received response [('down', 0.7713420391082764)]
2017-11-19 18:12:22,090     INFO End of options
2017-11-19 18:12:22,094     INFO Showing feedback
2017-11-19 18:12:24,112     INFO End of feedback
2017-11-19 18:12:24,114     INFO End of trial
2017-11-19 18:12:24,119     INFO Showing fixation
2017-11-19 18:12:28,129     INFO End of fixation
2017-11-19 18:12:28,130     INFO Showing anchor face
2017-11-19 18:12:29,146     INFO End of anchor face
2017-11-19 18:12:29,149     INFO Showing fixation
2017-11-19 18:12:29,662     INFO End of fixation
2017-11-19 18:12:29,667     INFO Showing number
2017-11-19 18:12:30,679     INFO End of number
2017-11-19 18:12:30,683     INFO Showing fixation
2017-11-19 18:12:36,697     INFO End of fixation
2017-11-19 18:12:36,716     INFO Showing options
2017-11-19 18:12:37,206     INFO Received response [('up', 0.47641611099243164)]
2017-11-19 18:12:38,236     INFO End of options
2017-11-19 18:12:38,246     INFO Showing feedback
2017-11-19 18:12:40,264     INFO End of feedback
2017-11-19 18:12:40,265     INFO End of trial
2017-11-19 18:12:40,268     INFO Showing fixation
2017-11-19 18:12:44,281     INFO End of fixation
2017-11-19 18:12:44,282     INFO Showing anchor face
2017-11-19 18:12:45,298     INFO End of anchor face
2017-11-19 18:12:45,301     INFO Showing fixation
2017-11-19 18:12:45,814     INFO End of fixation
2017-11-19 18:12:45,819     INFO Showing number
2017-11-19 18:12:46,831     INFO End of number
2017-11-19 18:12:46,834     INFO Showing fixation
2017-11-19 18:12:52,848     INFO End of fixation
2017-11-19 18:12:52,867     INFO Showing options
2017-11-19 18:12:53,498     INFO Received response [('right', 0.616995096206665)]
2017-11-19 18:12:54,398     INFO End of options
2017-11-19 18:12:54,414     INFO Showing feedback
2017-11-19 18:12:56,432     INFO End of feedback
2017-11-19 18:12:56,441     INFO End of trial
2017-11-19 18:12:56,447     INFO Showing fixation
2017-11-19 18:13:00,466     INFO End of fixation
2017-11-19 18:13:00,466     INFO Showing anchor face
2017-11-19 18:13:01,483     INFO End of anchor face
2017-11-19 18:13:01,486     INFO Showing fixation
2017-11-19 18:13:01,999     INFO End of fixation
2017-11-19 18:13:02,002     INFO Showing number
2017-11-19 18:13:03,017     INFO End of number
2017-11-19 18:13:03,020     INFO Showing fixation
2017-11-19 18:13:09,033     INFO End of fixation
2017-11-19 18:13:09,052     INFO Showing options
2017-11-19 18:13:09,851     INFO Received response [('down', 0.784775972366333)]
2017-11-19 18:13:10,582     INFO End of options
2017-11-19 18:13:10,599     INFO Showing feedback
2017-11-19 18:13:12,617     INFO End of feedback
2017-11-19 18:13:12,618     INFO End of trial
2017-11-19 18:13:12,621     INFO Showing fixation
2017-11-19 18:13:16,633     INFO End of fixation
2017-11-19 18:13:16,634     INFO Showing anchor face
2017-11-19 18:13:17,651     INFO End of anchor face
2017-11-19 18:13:17,654     INFO Showing fixation
2017-11-19 18:13:18,168     INFO End of fixation
2017-11-19 18:13:18,170     INFO Showing number
2017-11-19 18:13:19,184     INFO End of number
2017-11-19 18:13:19,188     INFO Showing fixation
2017-11-19 18:13:25,201     INFO End of fixation
2017-11-19 18:13:25,223     INFO Showing options
2017-11-19 18:13:25,703     INFO Received response [('left', 0.46929216384887695)]
2017-11-19 18:13:26,749     INFO End of options
2017-11-19 18:13:26,767     INFO Showing feedback
2017-11-19 18:13:28,785     INFO End of feedback
2017-11-19 18:13:28,787     INFO End of trial
2017-11-19 18:13:28,790     INFO Showing fixation
2017-11-19 18:13:32,802     INFO End of fixation
2017-11-19 18:13:32,803     INFO Showing anchor face
2017-11-19 18:13:33,819     INFO End of anchor face
2017-11-19 18:13:33,822     INFO Showing fixation
2017-11-19 18:13:34,336     INFO End of fixation
2017-11-19 18:13:34,339     INFO Showing number
2017-11-19 18:13:35,353     INFO End of number
2017-11-19 18:13:35,356     INFO Showing fixation
2017-11-19 18:13:41,370     INFO End of fixation
2017-11-19 18:13:41,389     INFO Showing options
2017-11-19 18:13:42,002     INFO Received response [('right', 0.5998790264129639)]
2017-11-19 18:13:42,920     INFO End of options
2017-11-19 18:13:42,936     INFO Showing feedback
2017-11-19 18:13:44,954     INFO End of feedback
2017-11-19 18:13:44,955     INFO End of trial
2017-11-19 18:13:44,958     INFO Showing fixation
2017-11-19 18:13:48,971     INFO End of fixation
2017-11-19 18:13:48,971     INFO Showing anchor face
2017-11-19 18:13:49,988     INFO End of anchor face
2017-11-19 18:13:49,992     INFO Showing fixation
2017-11-19 18:13:50,504     INFO End of fixation
2017-11-19 18:13:50,507     INFO Showing number
2017-11-19 18:13:51,521     INFO End of number
2017-11-19 18:13:51,524     INFO Showing fixation
2017-11-19 18:13:57,538     INFO End of fixation
2017-11-19 18:13:57,562     INFO Showing options
2017-11-19 18:13:58,689     INFO Received response [('left', 1.1184370517730713)]
2017-11-19 18:13:59,087     INFO End of options
2017-11-19 18:13:59,104     INFO Showing feedback
2017-11-19 18:14:01,122     INFO End of feedback
2017-11-19 18:14:01,123     INFO End of trial
2017-11-19 18:14:01,128     INFO Showing fixation
2017-11-19 18:14:05,139     INFO End of fixation
2017-11-19 18:14:05,139     INFO Showing anchor face
2017-11-19 18:14:06,156     INFO End of anchor face
2017-11-19 18:14:06,159     INFO Showing fixation
2017-11-19 18:14:06,672     INFO End of fixation
2017-11-19 18:14:06,675     INFO Showing number
2017-11-19 18:14:07,688     INFO End of number
2017-11-19 18:14:07,692     INFO Showing fixation
2017-11-19 18:14:13,706     INFO End of fixation
2017-11-19 18:14:13,730     INFO Showing options
2017-11-19 18:14:14,113     INFO Received response [('up', 0.37415385246276855)]
2017-11-19 18:14:15,249     INFO End of options
2017-11-19 18:14:15,255     INFO Showing feedback
2017-11-19 18:14:17,273     INFO End of feedback
2017-11-19 18:14:17,276     INFO End of trial
2017-11-19 18:14:17,280     INFO Showing fixation
2017-11-19 18:14:21,290     INFO End of fixation
2017-11-19 18:14:21,291     INFO Showing anchor face
2017-11-19 18:14:22,307     INFO End of anchor face
2017-11-19 18:14:22,312     INFO Showing fixation
2017-11-19 18:14:22,824     INFO End of fixation
2017-11-19 18:14:22,827     INFO Showing number
2017-11-19 18:14:23,841     INFO End of number
2017-11-19 18:14:23,844     INFO Showing fixation
2017-11-19 18:14:29,858     INFO End of fixation
2017-11-19 18:14:29,878     INFO Showing options
2017-11-19 18:14:30,423     INFO Received response [('up', 0.5321381092071533)]
2017-11-19 18:14:31,409     INFO End of options
2017-11-19 18:14:31,424     INFO Showing feedback
2017-11-19 18:14:33,442     INFO End of feedback
2017-11-19 18:14:33,443     INFO End of trial
2017-11-19 18:14:33,446     INFO Showing fixation
2017-11-19 18:14:37,459     INFO End of fixation
2017-11-19 18:14:37,460     INFO Showing anchor face
2017-11-19 18:14:38,475     INFO End of anchor face
2017-11-19 18:14:38,479     INFO Showing fixation
2017-11-19 18:14:38,992     INFO End of fixation
2017-11-19 18:14:38,996     INFO Showing number
2017-11-19 18:14:40,009     INFO End of number
2017-11-19 18:14:40,013     INFO Showing fixation
2017-11-19 18:14:46,026     INFO End of fixation
2017-11-19 18:14:46,045     INFO Showing options
2017-11-19 18:14:46,654     INFO Received response [('right', 0.5948750972747803)]
2017-11-19 18:14:47,565     INFO End of options
2017-11-19 18:14:47,575     INFO Showing feedback
2017-11-19 18:14:49,593     INFO End of feedback
2017-11-19 18:14:49,595     INFO End of trial
2017-11-19 18:14:49,598     INFO Showing fixation
2017-11-19 18:14:53,610     INFO End of fixation
2017-11-19 18:14:53,611     INFO Showing anchor face
2017-11-19 18:14:54,627     INFO End of anchor face
2017-11-19 18:14:54,630     INFO Showing fixation
2017-11-19 18:14:55,144     INFO End of fixation
2017-11-19 18:14:55,147     INFO Showing number
2017-11-19 18:14:56,161     INFO End of number
2017-11-19 18:14:56,167     INFO Showing fixation
2017-11-19 18:15:02,178     INFO End of fixation
2017-11-19 18:15:02,201     INFO Showing options
2017-11-19 18:15:02,856     INFO Received response [('right', 0.645488977432251)]
2017-11-19 18:15:03,716     INFO End of options
2017-11-19 18:15:03,727     INFO Showing feedback
2017-11-19 18:15:05,745     INFO End of feedback
2017-11-19 18:15:05,746     INFO End of trial
2017-11-19 18:15:05,749     INFO Showing fixation
2017-11-19 18:15:09,762     INFO End of fixation
2017-11-19 18:15:09,762     INFO Showing anchor face
2017-11-19 18:15:10,779     INFO End of anchor face
2017-11-19 18:15:10,782     INFO Showing fixation
2017-11-19 18:15:11,296     INFO End of fixation
2017-11-19 18:15:11,298     INFO Showing number
2017-11-19 18:15:12,311     INFO End of number
2017-11-19 18:15:12,314     INFO Showing fixation
2017-11-19 18:15:18,329     INFO End of fixation
2017-11-19 18:15:18,348     INFO Showing options
2017-11-19 18:15:18,843     INFO Received response [('right', 0.4814138412475586)]
2017-11-19 18:15:19,882     INFO End of options
2017-11-19 18:15:19,896     INFO Showing feedback
2017-11-19 18:15:21,913     INFO End of feedback
2017-11-19 18:15:21,914     INFO End of trial
2017-11-19 18:15:21,917     INFO Showing fixation
2017-11-19 18:15:25,930     INFO End of fixation
2017-11-19 18:15:25,934     INFO Showing anchor face
2017-11-19 18:15:26,947     INFO End of anchor face
2017-11-19 18:15:26,950     INFO Showing fixation
2017-11-19 18:15:27,464     INFO End of fixation
2017-11-19 18:15:27,467     INFO Showing number
2017-11-19 18:15:28,480     INFO End of number
2017-11-19 18:15:28,484     INFO Showing fixation
2017-11-19 18:15:34,497     INFO End of fixation
2017-11-19 18:15:34,517     INFO Showing options
2017-11-19 18:15:35,401     INFO Received response [('down', 0.8705379962921143)]
2017-11-19 18:15:36,044     INFO End of options
2017-11-19 18:15:36,047     INFO Showing feedback
2017-11-19 18:15:38,064     INFO End of feedback
2017-11-19 18:15:38,065     INFO End of trial
2017-11-19 18:15:38,068     INFO Showing fixation
2017-11-19 18:15:42,081     INFO End of fixation
2017-11-19 18:15:42,082     INFO Showing anchor face
2017-11-19 18:15:43,099     INFO End of anchor face
2017-11-19 18:15:43,102     INFO Showing fixation
2017-11-19 18:15:43,615     INFO End of fixation
2017-11-19 18:15:43,618     INFO Showing number
2017-11-19 18:15:44,632     INFO End of number
2017-11-19 18:15:44,635     INFO Showing fixation
2017-11-19 18:15:50,649     INFO End of fixation
2017-11-19 18:15:50,669     INFO Showing options
2017-11-19 18:15:51,253     INFO Received response [('up', 0.5708389282226562)]
2017-11-19 18:15:52,195     INFO End of options
2017-11-19 18:15:52,198     INFO Showing feedback
2017-11-19 18:15:54,216     INFO End of feedback
2017-11-19 18:15:54,218     INFO End of trial
2017-11-19 18:15:54,221     INFO Showing fixation
2017-11-19 18:15:58,234     INFO End of fixation
2017-11-19 18:15:58,237     INFO Showing anchor face
2017-11-19 18:15:59,250     INFO End of anchor face
2017-11-19 18:15:59,254     INFO Showing fixation
2017-11-19 18:15:59,767     INFO End of fixation
2017-11-19 18:15:59,770     INFO Showing number
2017-11-19 18:16:00,784     INFO End of number
2017-11-19 18:16:00,787     INFO Showing fixation
2017-11-19 18:16:06,801     INFO End of fixation
2017-11-19 18:16:06,820     INFO Showing options
2017-11-19 18:16:07,869     INFO Received response [('down', 1.0347778797149658)]
2017-11-19 18:16:08,350     INFO End of options
2017-11-19 18:16:08,367     INFO Showing feedback
2017-11-19 18:16:10,384     INFO End of feedback
2017-11-19 18:16:10,386     INFO End of trial
2017-11-19 18:16:10,389     INFO Showing fixation
2017-11-19 18:16:14,402     INFO End of fixation
2017-11-19 18:16:14,402     INFO Showing anchor face
2017-11-19 18:16:15,418     INFO End of anchor face
2017-11-19 18:16:15,422     INFO Showing fixation
2017-11-19 18:16:15,935     INFO End of fixation
2017-11-19 18:16:15,938     INFO Showing number
2017-11-19 18:16:16,952     INFO End of number
2017-11-19 18:16:16,955     INFO Showing fixation
2017-11-19 18:16:22,969     INFO End of fixation
2017-11-19 18:16:22,991     INFO Showing options
2017-11-19 18:16:23,715     INFO Received response [('right', 0.7129490375518799)]
2017-11-19 18:16:24,506     INFO End of options
2017-11-19 18:16:24,518     INFO Showing feedback
2017-11-19 18:16:26,536     INFO End of feedback
2017-11-19 18:16:26,541     INFO End of trial
2017-11-19 18:16:26,545     INFO Showing fixation
2017-11-19 18:16:30,554     INFO End of fixation
2017-11-19 18:16:30,554     INFO Showing anchor face
2017-11-19 18:16:31,570     INFO End of anchor face
2017-11-19 18:16:31,573     INFO Showing fixation
2017-11-19 18:16:32,087     INFO End of fixation
2017-11-19 18:16:32,090     INFO Showing number
2017-11-19 18:16:33,103     INFO End of number
2017-11-19 18:16:33,107     INFO Showing fixation
2017-11-19 18:16:39,120     INFO End of fixation
2017-11-19 18:16:39,140     INFO Showing options
2017-11-19 18:16:39,731     INFO Received response [('left', 0.5770671367645264)]
2017-11-19 18:16:40,661     INFO End of options
2017-11-19 18:16:40,670     INFO Showing feedback
2017-11-19 18:16:42,688     INFO End of feedback
2017-11-19 18:16:42,689     INFO End of trial
2017-11-19 18:16:42,692     INFO Showing fixation
2017-11-19 18:16:46,705     INFO End of fixation
2017-11-19 18:16:46,705     INFO Showing anchor face
2017-11-19 18:16:47,722     INFO End of anchor face
2017-11-19 18:16:47,725     INFO Showing fixation
2017-11-19 18:16:48,238     INFO End of fixation
2017-11-19 18:16:48,241     INFO Showing number
2017-11-19 18:16:49,254     INFO End of number
2017-11-19 18:16:49,346     INFO Showing fixation
2017-11-19 18:16:55,355     INFO End of fixation
2017-11-19 18:16:55,379     INFO Showing options
2017-11-19 18:16:56,469     INFO Received response [('left', 1.080880880355835)]
2017-11-19 18:16:56,908     INFO End of options
2017-11-19 18:16:56,921     INFO Showing feedback
2017-11-19 18:16:58,939     INFO End of feedback
2017-11-19 18:16:58,941     INFO End of trial
2017-11-19 18:16:58,944     INFO Showing fixation
2017-11-19 18:17:02,956     INFO End of fixation
2017-11-19 18:17:02,957     INFO Showing anchor face
2017-11-19 18:17:03,974     INFO End of anchor face
2017-11-19 18:17:03,977     INFO Showing fixation
2017-11-19 18:17:04,490     INFO End of fixation
2017-11-19 18:17:04,493     INFO Showing number
2017-11-19 18:17:05,507     INFO End of number
2017-11-19 18:17:05,510     INFO Showing fixation
2017-11-19 18:17:11,524     INFO End of fixation
2017-11-19 18:17:11,544     INFO Showing options
2017-11-19 18:17:12,611     INFO Received response [('up', 1.0550439357757568)]
2017-11-19 18:17:13,070     INFO End of options
2017-11-19 18:17:13,073     INFO Showing feedback
2017-11-19 18:17:15,090     INFO End of feedback
2017-11-19 18:17:15,092     INFO End of trial
2017-11-19 18:17:15,095     INFO Showing fixation
2017-11-19 18:17:19,108     INFO End of fixation
2017-11-19 18:17:19,108     INFO Showing anchor face
2017-11-19 18:17:20,125     INFO End of anchor face
2017-11-19 18:17:20,128     INFO Showing fixation
2017-11-19 18:17:20,642     INFO End of fixation
2017-11-19 18:17:20,645     INFO Showing number
2017-11-19 18:17:21,658     INFO End of number
2017-11-19 18:17:21,661     INFO Showing fixation
2017-11-19 18:17:27,675     INFO End of fixation
2017-11-19 18:17:27,699     INFO Showing options
2017-11-19 18:17:28,362     INFO Received response [('down', 0.6535570621490479)]
2017-11-19 18:17:29,222     INFO End of options
2017-11-19 18:17:29,241     INFO Showing feedback
2017-11-19 18:17:31,259     INFO End of feedback
2017-11-19 18:17:31,261     INFO End of trial
2017-11-19 18:17:31,264     INFO Showing fixation
2017-11-19 18:17:35,276     INFO End of fixation
2017-11-19 18:17:35,277     INFO Showing anchor face
2017-11-19 18:17:36,293     INFO End of anchor face
2017-11-19 18:17:36,296     INFO Showing fixation
2017-11-19 18:17:36,810     INFO End of fixation
2017-11-19 18:17:36,813     INFO Showing number
2017-11-19 18:17:37,827     INFO End of number
2017-11-19 18:17:37,830     INFO Showing fixation
2017-11-19 18:17:43,844     INFO End of fixation
2017-11-19 18:17:43,863     INFO Showing options
2017-11-19 18:17:44,933     INFO Received response [('left', 1.0566070079803467)]
2017-11-19 18:17:45,388     INFO End of options
2017-11-19 18:17:45,393     INFO Showing feedback
2017-11-19 18:17:47,411     INFO End of feedback
2017-11-19 18:17:47,412     INFO End of trial
2017-11-19 18:17:47,415     INFO Showing fixation
2017-11-19 18:17:51,428     INFO End of fixation
2017-11-19 18:17:51,429     INFO Showing anchor face
2017-11-19 18:17:52,445     INFO End of anchor face
2017-11-19 18:17:52,448     INFO Showing fixation
2017-11-19 18:17:52,961     INFO End of fixation
2017-11-19 18:17:52,964     INFO Showing number
2017-11-19 18:17:53,978     INFO End of number
2017-11-19 18:17:53,981     INFO Showing fixation
2017-11-19 18:17:59,995     INFO End of fixation
2017-11-19 18:18:00,019     INFO Showing options
2017-11-19 18:18:01,233     INFO Received response [('down', 1.2044429779052734)]
2017-11-19 18:18:01,541     INFO End of options
2017-11-19 18:18:01,544     INFO Showing feedback
2017-11-19 18:18:03,562     INFO End of feedback
2017-11-19 18:18:03,564     INFO End of trial
2017-11-19 18:18:03,567     INFO Showing fixation
2017-11-19 18:18:07,579     INFO End of fixation
2017-11-19 18:18:07,580     INFO Showing anchor face
2017-11-19 18:18:08,596     INFO End of anchor face
2017-11-19 18:18:08,599     INFO Showing fixation
2017-11-19 18:18:09,113     INFO End of fixation
2017-11-19 18:18:09,116     INFO Showing number
2017-11-19 18:18:10,130     INFO End of number
2017-11-19 18:18:10,133     INFO Showing fixation
2017-11-19 18:18:16,147     INFO End of fixation
2017-11-19 18:18:16,166     INFO Showing options
2017-11-19 18:18:16,924     INFO Received response [('down', 0.744987964630127)]
2017-11-19 18:18:17,685     INFO End of options
2017-11-19 18:18:17,696     INFO Showing feedback
2017-11-19 18:18:19,714     INFO End of feedback
2017-11-19 18:18:19,715     INFO End of trial
2017-11-19 18:18:19,718     INFO Showing fixation
2017-11-19 18:18:23,731     INFO End of fixation
2017-11-19 18:18:23,738     INFO Showing instructions
2017-11-19 18:18:23,751     INFO Instruction: You earned 23 point(s) out of ...
2017-11-19 18:18:26,419     INFO Received response [('space', 2.6544101238250732)]
2017-11-19 18:18:26,422     INFO End of instructions
2017-11-19 18:18:26,429     INFO Showing instructions
2017-11-19 18:18:26,437     INFO Instruction: This task is complete! Thank y...
2017-11-19 18:18:27,556     INFO Received response [('space', 1.109130859375)]
2017-11-19 18:18:27,557     INFO End of instructions
2017-11-19 18:18:27,557     INFO Experiment ended
