2017-11-18 13:53:25,893     INFO #[ PsychoPy2 RuntimeInfoStart ]
  #[[ PsychoPy ]] #---------
    psychopyVersion: 1.85.4
    psychopyHaveExtRush: True
  #[[ Experiment ]] #---------
    experimentRunTime: 2017_11_18 13:53 (Year_Month_Day Hour:Min)
    experimentRunTime.epoch: 1511042003
    experimentScript: hierNavigation.py
    experimentScript.digestSHA1: 1f7f9a21a22ed531418a3eeed5c556b3b77acaf4
    experimentScript.directory: /Users/csnl/Repos/hierarchyNavigation
  #[[ System ]] #---------
    systemHaveInternetAccess: True
    systemHostName: csnls-air.ad.medctr.ucla.edu
    systemLocale: C
    systemMemFreeRAM: 2764.01171875
    systemMemTotalRAM: 8192.0
    systemPlatform: darwin 10.13 x86_64
    systemPyo.InputDevices: {0: {'host api index': 0, 'latency': 0.0029478457290679216, 'default sr': 44100, 'name': u'Built-in Microph'}, 2: {'host api index': 0, 'latency': 0.009999999776482582, 'default sr': 44100, 'name': u'NoMachine Audio Adapter'}, 3: {'host api index': 0, 'latency': 0.009999999776482582, 'default sr': 44100, 'name': u'NoMachine Microphone Adapter'}}
    systemPyo.OutputDevices: {1: {'host api index': 0, 'latency': 0.007551020476967096, 'default sr': 44100, 'name': u'Built-in Output'}, 2: {'host api index': 0, 'latency': 0.001451247138902545, 'default sr': 44100, 'name': u'NoMachine Audio Adapter'}, 3: {'host api index': 0, 'latency': 0.001451247138902545, 'default sr': 44100, 'name': u'NoMachine Microphone Adapter'}}
    systemPyoVersion: 0.8.6
    systemRebooted: Oct 27 16:03
    systemSec.OpenSSLVersion: LibreSSL 2.2.7
    systemSec.pythonSSL: True
    systemTimeNumpySD1000000_sec: 0.0064
    systemUser: csnl
    systemUserID: 501
    systemUserProcCount: 212
    systemUserProcFlagged: 'Google Chrome' mdworker iTunes Safari
    systemUsersCount: 1
  #[[ Window ]] #---------
    windowRefreshTimeSD_ms: 0.045
    windowRefreshTimeMedian_ms: 16.669
    windowRefreshTimeAvg_ms: 16.666
  #[[ Python ]] #---------
    pythonVersion: 2.7.12
  #[[ OpenGL ]] #---------
#[ PsychoPy2 RuntimeInfoEnd ]

2017-11-18 13:53:26,155     INFO Starting experiment
2017-11-18 13:53:26,249     INFO Showing instructions
2017-11-18 13:53:26,273     INFO Instruction: Welcome!  In this task, you wi...
2017-11-18 13:53:37,504     INFO Received response [('space', 11.216063976287842)]
2017-11-18 13:53:37,525     INFO Instruction: Each trial will begin with a "...
2017-11-18 13:53:40,816     INFO Received response [('space', 3.2819271087646484)]
2017-11-18 13:53:40,859     INFO Instruction: Your job is to figure out who ...
2017-11-18 13:53:46,709     INFO Received response [('space', 5.841847896575928)]
2017-11-18 13:53:46,712     INFO End of instructions
2017-11-18 13:53:46,719     INFO Showing instructions
2017-11-18 13:53:46,752     INFO Instruction: Blue numbers mean figure out w...
2017-11-18 13:53:53,092     INFO Received response [('space', 6.325344800949097)]
2017-11-18 13:53:53,093     INFO End of instructions
2017-11-18 13:53:53,099     INFO Showing instructions
2017-11-18 13:53:53,135     INFO Instruction: You'll have a few seconds to f...
2017-11-18 13:54:00,434     INFO Received response [('space', 7.282949924468994)]
2017-11-18 13:54:00,434     INFO End of instructions
2017-11-18 13:54:00,440     INFO Showing instructions
2017-11-18 13:54:00,453     INFO Instruction: When the response options are ...
2017-11-18 13:54:02,911     INFO Received response [('space', 2.444040060043335)]
2017-11-18 13:54:02,911     INFO End of instructions
2017-11-18 13:54:02,948     INFO Showing instructions
2017-11-18 13:54:02,958     INFO Instruction: Press one of the arrow keys to...
2017-11-18 13:54:06,827     INFO Received response [('space', 3.859732151031494)]
2017-11-18 13:54:06,827     INFO End of instructions
2017-11-18 13:54:06,834     INFO Showing instructions
2017-11-18 13:54:06,873     INFO Instruction: Run #1 of 1 is starting soon. ...
2017-11-18 13:54:34,650     INFO Received response [('space', 27.7653169631958)]
2017-11-18 13:54:34,650     INFO End of instructions
2017-11-18 13:54:34,650     INFO Showing anchor face
2017-11-18 13:54:35,669     INFO End of anchor face
2017-11-18 13:54:35,674     INFO Showing fixation
2017-11-18 13:54:36,184     INFO End of fixation
2017-11-18 13:54:36,202     INFO Showing number
2017-11-18 13:54:37,218     INFO End of number
2017-11-18 13:54:37,221     INFO Showing fixation
2017-11-18 13:54:43,234     INFO End of fixation
2017-11-18 13:54:43,273     INFO Showing options
2017-11-18 13:54:44,470     INFO Received response [('left', 1.1857280731201172)]
2017-11-18 13:54:44,800     INFO End of options
2017-11-18 13:54:44,817     INFO Showing feedback
2017-11-18 13:54:46,834     INFO End of feedback
2017-11-18 13:54:46,838     INFO End of trial
2017-11-18 13:54:46,842     INFO Showing fixation
2017-11-18 13:54:50,851     INFO End of fixation
2017-11-18 13:54:50,852     INFO Showing anchor face
2017-11-18 13:54:51,868     INFO End of anchor face
2017-11-18 13:54:51,871     INFO Showing fixation
2017-11-18 13:54:52,384     INFO End of fixation
2017-11-18 13:54:52,388     INFO Showing number
2017-11-18 13:54:53,402     INFO End of number
2017-11-18 13:54:53,405     INFO Showing fixation
2017-11-18 13:54:59,418     INFO End of fixation
2017-11-18 13:54:59,438     INFO Showing options
2017-11-18 13:55:00,052     INFO Received response [('up', 0.6012098789215088)]
2017-11-18 13:55:00,967     INFO End of options
2017-11-18 13:55:00,984     INFO Showing feedback
2017-11-18 13:55:03,002     INFO End of feedback
2017-11-18 13:55:03,003     INFO End of trial
2017-11-18 13:55:03,006     INFO Showing fixation
2017-11-18 13:55:07,018     INFO End of fixation
2017-11-18 13:55:07,019     INFO Showing anchor face
2017-11-18 13:55:08,035     INFO End of anchor face
2017-11-18 13:55:08,040     INFO Showing fixation
2017-11-18 13:55:08,552     INFO End of fixation
2017-11-18 13:55:08,557     INFO Showing number
2017-11-18 13:55:09,568     INFO End of number
2017-11-18 13:55:09,572     INFO Showing fixation
2017-11-18 13:55:15,585     INFO End of fixation
2017-11-18 13:55:15,605     INFO Showing options
2017-11-18 13:55:16,928     INFO Received response [('down', 1.3105218410491943)]
2017-11-18 13:55:17,123     INFO End of options
2017-11-18 13:55:17,134     INFO Showing feedback
2017-11-18 13:55:19,152     INFO End of feedback
2017-11-18 13:55:19,153     INFO End of trial
2017-11-18 13:55:19,156     INFO Showing fixation
2017-11-18 13:55:23,169     INFO End of fixation
2017-11-18 13:55:23,169     INFO Showing anchor face
2017-11-18 13:55:24,185     INFO End of anchor face
2017-11-18 13:55:24,189     INFO Showing fixation
2017-11-18 13:55:24,702     INFO End of fixation
2017-11-18 13:55:24,705     INFO Showing number
2017-11-18 13:55:25,719     INFO End of number
2017-11-18 13:55:25,722     INFO Showing fixation
2017-11-18 13:55:31,735     INFO End of fixation
2017-11-18 13:55:31,755     INFO Showing options
2017-11-18 13:55:32,348     INFO Received response [('down', 0.5799579620361328)]
2017-11-18 13:55:33,272     INFO End of options
2017-11-18 13:55:33,284     INFO Showing feedback
2017-11-18 13:55:35,302     INFO End of feedback
2017-11-18 13:55:35,303     INFO End of trial
2017-11-18 13:55:35,307     INFO Showing fixation
2017-11-18 13:55:39,319     INFO End of fixation
2017-11-18 13:55:39,319     INFO Showing anchor face
2017-11-18 13:55:40,335     INFO End of anchor face
2017-11-18 13:55:40,341     INFO Showing fixation
2017-11-18 13:55:40,852     INFO End of fixation
2017-11-18 13:55:40,855     INFO Showing number
2017-11-18 13:55:41,869     INFO End of number
2017-11-18 13:55:41,872     INFO Showing fixation
2017-11-18 13:55:47,886     INFO End of fixation
2017-11-18 13:55:47,920     INFO Showing options
2017-11-18 13:55:48,717     INFO Received response [('left', 0.7821919918060303)]
2017-11-18 13:55:49,453     INFO End of options
2017-11-18 13:55:49,468     INFO Showing feedback
2017-11-18 13:55:51,485     INFO End of feedback
2017-11-18 13:55:51,487     INFO End of trial
2017-11-18 13:55:51,490     INFO Showing fixation
2017-11-18 13:55:55,502     INFO End of fixation
2017-11-18 13:55:55,503     INFO Showing anchor face
2017-11-18 13:55:56,519     INFO End of anchor face
2017-11-18 13:55:56,522     INFO Showing fixation
2017-11-18 13:55:57,036     INFO End of fixation
2017-11-18 13:55:57,040     INFO Showing number
2017-11-18 13:55:58,052     INFO End of number
2017-11-18 13:55:58,056     INFO Showing fixation
2017-11-18 13:56:04,068     INFO End of fixation
2017-11-18 13:56:04,089     INFO Showing options
2017-11-18 13:56:05,047     INFO Received response [('up', 0.9448580741882324)]
2017-11-18 13:56:05,607     INFO End of options
2017-11-18 13:56:05,618     INFO Showing feedback
2017-11-18 13:56:07,636     INFO End of feedback
2017-11-18 13:56:07,637     INFO End of trial
2017-11-18 13:56:07,640     INFO Showing fixation
2017-11-18 13:56:11,652     INFO End of fixation
2017-11-18 13:56:11,653     INFO Showing anchor face
2017-11-18 13:56:12,669     INFO End of anchor face
2017-11-18 13:56:12,674     INFO Showing fixation
2017-11-18 13:56:13,186     INFO End of fixation
2017-11-18 13:56:13,190     INFO Showing number
2017-11-18 13:56:14,202     INFO End of number
2017-11-18 13:56:14,206     INFO Showing fixation
2017-11-18 13:56:20,219     INFO End of fixation
2017-11-18 13:56:20,243     INFO Showing options
2017-11-18 13:56:20,878     INFO Received response [('right', 0.626338005065918)]
2017-11-18 13:56:21,759     INFO End of options
2017-11-18 13:56:21,768     INFO Showing feedback
2017-11-18 13:56:23,786     INFO End of feedback
2017-11-18 13:56:23,787     INFO End of trial
2017-11-18 13:56:23,791     INFO Showing fixation
2017-11-18 13:56:27,802     INFO End of fixation
2017-11-18 13:56:27,803     INFO Showing anchor face
2017-11-18 13:56:28,820     INFO End of anchor face
2017-11-18 13:56:28,823     INFO Showing fixation
2017-11-18 13:56:29,336     INFO End of fixation
2017-11-18 13:56:29,339     INFO Showing number
2017-11-18 13:56:30,352     INFO End of number
2017-11-18 13:56:30,356     INFO Showing fixation
2017-11-18 13:56:36,369     INFO End of fixation
2017-11-18 13:56:36,389     INFO Showing options
2017-11-18 13:56:36,952     INFO Received response [('left', 0.5505180358886719)]
2017-11-18 13:56:37,919     INFO End of options
2017-11-18 13:56:37,935     INFO Showing feedback
2017-11-18 13:56:39,952     INFO End of feedback
2017-11-18 13:56:39,954     INFO End of trial
2017-11-18 13:56:39,957     INFO Showing fixation
2017-11-18 13:56:44,068     INFO End of fixation
2017-11-18 13:56:44,069     INFO Showing anchor face
2017-11-18 13:56:45,086     INFO End of anchor face
2017-11-18 13:56:45,089     INFO Showing fixation
2017-11-18 13:56:45,602     INFO End of fixation
2017-11-18 13:56:45,605     INFO Showing number
2017-11-18 13:56:46,619     INFO End of number
2017-11-18 13:56:46,630     INFO Showing fixation
2017-11-18 13:56:52,636     INFO End of fixation
2017-11-18 13:56:52,656     INFO Showing options
2017-11-18 13:56:53,264     INFO Received response [('left', 0.5943539142608643)]
2017-11-18 13:56:54,175     INFO End of options
2017-11-18 13:56:54,186     INFO Showing feedback
2017-11-18 13:56:56,203     INFO End of feedback
2017-11-18 13:56:56,205     INFO End of trial
2017-11-18 13:56:56,208     INFO Showing fixation
2017-11-18 13:57:00,220     INFO End of fixation
2017-11-18 13:57:00,221     INFO Showing anchor face
2017-11-18 13:57:01,237     INFO End of anchor face
2017-11-18 13:57:01,241     INFO Showing fixation
2017-11-18 13:57:01,754     INFO End of fixation
2017-11-18 13:57:01,757     INFO Showing number
2017-11-18 13:57:02,771     INFO End of number
2017-11-18 13:57:02,774     INFO Showing fixation
2017-11-18 13:57:08,788     INFO End of fixation
2017-11-18 13:57:08,814     INFO Showing options
2017-11-18 13:57:09,505     INFO Received response [('right', 0.6838090419769287)]
2017-11-18 13:57:10,338     INFO End of options
2017-11-18 13:57:10,354     INFO Showing feedback
2017-11-18 13:57:12,372     INFO End of feedback
2017-11-18 13:57:12,373     INFO End of trial
2017-11-18 13:57:12,376     INFO Showing fixation
2017-11-18 13:57:16,389     INFO End of fixation
2017-11-18 13:57:16,390     INFO Showing anchor face
2017-11-18 13:57:17,406     INFO End of anchor face
2017-11-18 13:57:17,412     INFO Showing fixation
2017-11-18 13:57:17,922     INFO End of fixation
2017-11-18 13:57:17,926     INFO Showing number
2017-11-18 13:57:18,939     INFO End of number
2017-11-18 13:57:18,942     INFO Showing fixation
2017-11-18 13:57:24,956     INFO End of fixation
2017-11-18 13:57:24,977     INFO Showing options
2017-11-18 13:57:25,553     INFO Received response [('down', 0.5633809566497803)]
2017-11-18 13:57:26,493     INFO End of options
2017-11-18 13:57:26,505     INFO Showing feedback
2017-11-18 13:57:28,523     INFO End of feedback
2017-11-18 13:57:28,525     INFO End of trial
2017-11-18 13:57:28,528     INFO Showing fixation
2017-11-18 13:57:32,540     INFO End of fixation
2017-11-18 13:57:32,541     INFO Showing anchor face
2017-11-18 13:57:33,557     INFO End of anchor face
2017-11-18 13:57:33,562     INFO Showing fixation
2017-11-18 13:57:34,074     INFO End of fixation
2017-11-18 13:57:34,077     INFO Showing number
2017-11-18 13:57:35,091     INFO End of number
2017-11-18 13:57:35,095     INFO Showing fixation
2017-11-18 13:57:41,108     INFO End of fixation
2017-11-18 13:57:41,128     INFO Showing options
2017-11-18 13:57:42,137     INFO Received response [('down', 0.9963181018829346)]
2017-11-18 13:57:42,645     INFO End of options
2017-11-18 13:57:42,657     INFO Showing feedback
2017-11-18 13:57:44,675     INFO End of feedback
2017-11-18 13:57:44,676     INFO End of trial
2017-11-18 13:57:44,680     INFO Showing fixation
2017-11-18 13:57:48,692     INFO End of fixation
2017-11-18 13:57:48,696     INFO Showing anchor face
2017-11-18 13:57:49,709     INFO End of anchor face
2017-11-18 13:57:49,712     INFO Showing fixation
2017-11-18 13:57:50,226     INFO End of fixation
2017-11-18 13:57:50,228     INFO Showing number
2017-11-18 13:57:51,241     INFO End of number
2017-11-18 13:57:51,245     INFO Showing fixation
2017-11-18 13:57:57,259     INFO End of fixation
2017-11-18 13:57:57,280     INFO Showing options
2017-11-18 13:57:57,760     INFO Received response [('right', 0.4678668975830078)]
2017-11-18 13:57:58,809     INFO End of options
2017-11-18 13:57:58,825     INFO Showing feedback
2017-11-18 13:58:00,843     INFO End of feedback
2017-11-18 13:58:00,844     INFO End of trial
2017-11-18 13:58:00,848     INFO Showing fixation
2017-11-18 13:58:04,860     INFO End of fixation
2017-11-18 13:58:04,861     INFO Showing anchor face
2017-11-18 13:58:05,877     INFO End of anchor face
2017-11-18 13:58:05,880     INFO Showing fixation
2017-11-18 13:58:06,394     INFO End of fixation
2017-11-18 13:58:06,399     INFO Showing number
2017-11-18 13:58:07,411     INFO End of number
2017-11-18 13:58:07,414     INFO Showing fixation
2017-11-18 13:58:13,427     INFO End of fixation
2017-11-18 13:58:13,448     INFO Showing options
2017-11-18 13:58:14,153     INFO Received response [('up', 0.6929841041564941)]
2017-11-18 13:58:14,968     INFO End of options
2017-11-18 13:58:14,977     INFO Showing feedback
2017-11-18 13:58:16,995     INFO End of feedback
2017-11-18 13:58:17,004     INFO End of trial
2017-11-18 13:58:17,009     INFO Showing fixation
2017-11-18 13:58:21,029     INFO End of fixation
2017-11-18 13:58:21,029     INFO Showing anchor face
2017-11-18 13:58:22,045     INFO End of anchor face
2017-11-18 13:58:22,049     INFO Showing fixation
2017-11-18 13:58:22,562     INFO End of fixation
2017-11-18 13:58:22,565     INFO Showing number
2017-11-18 13:58:23,579     INFO End of number
2017-11-18 13:58:23,585     INFO Showing fixation
2017-11-18 13:58:29,596     INFO End of fixation
2017-11-18 13:58:29,616     INFO Showing options
2017-11-18 13:58:30,731     INFO Received response [('right', 1.1015470027923584)]
2017-11-18 13:58:31,145     INFO End of options
2017-11-18 13:58:31,162     INFO Showing feedback
2017-11-18 13:58:33,180     INFO End of feedback
2017-11-18 13:58:33,181     INFO End of trial
2017-11-18 13:58:33,185     INFO Showing fixation
2017-11-18 13:58:37,197     INFO End of fixation
2017-11-18 13:58:37,197     INFO Showing anchor face
2017-11-18 13:58:38,214     INFO End of anchor face
2017-11-18 13:58:38,219     INFO Showing fixation
2017-11-18 13:58:38,730     INFO End of fixation
2017-11-18 13:58:38,733     INFO Showing number
2017-11-18 13:58:39,747     INFO End of number
2017-11-18 13:58:39,750     INFO Showing fixation
2017-11-18 13:58:45,765     INFO End of fixation
2017-11-18 13:58:45,785     INFO Showing options
2017-11-18 13:58:46,423     INFO Received response [('down', 0.6255719661712646)]
2017-11-18 13:58:47,305     INFO End of options
2017-11-18 13:58:47,330     INFO Showing feedback
2017-11-18 13:58:49,348     INFO End of feedback
2017-11-18 13:58:49,349     INFO End of trial
2017-11-18 13:58:49,352     INFO Showing fixation
2017-11-18 13:58:53,366     INFO End of fixation
2017-11-18 13:58:53,366     INFO Showing anchor face
2017-11-18 13:58:54,382     INFO End of anchor face
2017-11-18 13:58:54,385     INFO Showing fixation
2017-11-18 13:58:54,899     INFO End of fixation
2017-11-18 13:58:54,902     INFO Showing number
2017-11-18 13:58:55,915     INFO End of number
2017-11-18 13:58:55,920     INFO Showing fixation
2017-11-18 13:59:01,932     INFO End of fixation
2017-11-18 13:59:01,952     INFO Showing options
2017-11-18 13:59:02,649     INFO Received response [('up', 0.6835238933563232)]
2017-11-18 13:59:03,483     INFO End of options
2017-11-18 13:59:03,498     INFO Showing feedback
2017-11-18 13:59:05,516     INFO End of feedback
2017-11-18 13:59:05,518     INFO End of trial
2017-11-18 13:59:05,521     INFO Showing fixation
2017-11-18 13:59:09,533     INFO End of fixation
2017-11-18 13:59:09,534     INFO Showing anchor face
2017-11-18 13:59:10,550     INFO End of anchor face
2017-11-18 13:59:10,553     INFO Showing fixation
2017-11-18 13:59:11,067     INFO End of fixation
2017-11-18 13:59:11,070     INFO Showing number
2017-11-18 13:59:12,084     INFO End of number
2017-11-18 13:59:12,087     INFO Showing fixation
2017-11-18 13:59:18,100     INFO End of fixation
2017-11-18 13:59:18,124     INFO Showing options
2017-11-18 13:59:18,695     INFO Received response [('right', 0.561488151550293)]
2017-11-18 13:59:19,640     INFO End of options
2017-11-18 13:59:19,650     INFO Showing feedback
2017-11-18 13:59:21,668     INFO End of feedback
2017-11-18 13:59:21,669     INFO End of trial
2017-11-18 13:59:21,672     INFO Showing fixation
2017-11-18 13:59:25,685     INFO End of fixation
2017-11-18 13:59:25,686     INFO Showing anchor face
2017-11-18 13:59:26,702     INFO End of anchor face
2017-11-18 13:59:26,783     INFO Showing fixation
2017-11-18 13:59:27,302     INFO End of fixation
2017-11-18 13:59:27,305     INFO Showing number
2017-11-18 13:59:28,319     INFO End of number
2017-11-18 13:59:28,325     INFO Showing fixation
2017-11-18 13:59:34,336     INFO End of fixation
2017-11-18 13:59:34,356     INFO Showing options
2017-11-18 13:59:34,995     INFO Received response [('left', 0.6263411045074463)]
2017-11-18 13:59:35,876     INFO End of options
2017-11-18 13:59:35,885     INFO Showing feedback
2017-11-18 13:59:37,903     INFO End of feedback
2017-11-18 13:59:37,904     INFO End of trial
2017-11-18 13:59:37,907     INFO Showing fixation
2017-11-18 13:59:41,920     INFO End of fixation
2017-11-18 13:59:41,920     INFO Showing anchor face
2017-11-18 13:59:42,937     INFO End of anchor face
2017-11-18 13:59:42,940     INFO Showing fixation
2017-11-18 13:59:43,453     INFO End of fixation
2017-11-18 13:59:43,456     INFO Showing number
2017-11-18 13:59:44,470     INFO End of number
2017-11-18 13:59:44,474     INFO Showing fixation
2017-11-18 13:59:50,488     INFO End of fixation
2017-11-18 13:59:50,513     INFO Showing options
2017-11-18 13:59:51,087     INFO Received response [('right', 0.5666730403900146)]
2017-11-18 13:59:52,038     INFO End of options
2017-11-18 13:59:52,053     INFO Showing feedback
2017-11-18 13:59:54,071     INFO End of feedback
2017-11-18 13:59:54,073     INFO End of trial
2017-11-18 13:59:54,079     INFO Showing fixation
2017-11-18 13:59:58,088     INFO End of fixation
2017-11-18 13:59:58,089     INFO Showing anchor face
2017-11-18 13:59:59,105     INFO End of anchor face
2017-11-18 13:59:59,108     INFO Showing fixation
2017-11-18 13:59:59,622     INFO End of fixation
2017-11-18 13:59:59,625     INFO Showing number
2017-11-18 14:00:00,638     INFO End of number
2017-11-18 14:00:00,642     INFO Showing fixation
2017-11-18 14:00:06,655     INFO End of fixation
2017-11-18 14:00:06,676     INFO Showing options
2017-11-18 14:00:07,363     INFO Received response [('left', 0.674799919128418)]
2017-11-18 14:00:08,198     INFO End of options
2017-11-18 14:00:08,205     INFO Showing feedback
2017-11-18 14:00:10,222     INFO End of feedback
2017-11-18 14:00:10,224     INFO End of trial
2017-11-18 14:00:10,227     INFO Showing fixation
2017-11-18 14:00:14,240     INFO End of fixation
2017-11-18 14:00:14,240     INFO Showing anchor face
2017-11-18 14:00:15,257     INFO End of anchor face
2017-11-18 14:00:15,260     INFO Showing fixation
2017-11-18 14:00:15,773     INFO End of fixation
2017-11-18 14:00:15,776     INFO Showing number
2017-11-18 14:00:16,790     INFO End of number
2017-11-18 14:00:16,797     INFO Showing fixation
2017-11-18 14:00:22,807     INFO End of fixation
2017-11-18 14:00:22,827     INFO Showing options
2017-11-18 14:00:23,463     INFO Received response [('up', 0.6229979991912842)]
2017-11-18 14:00:24,351     INFO End of options
2017-11-18 14:00:24,356     INFO Showing feedback
2017-11-18 14:00:26,375     INFO End of feedback
2017-11-18 14:00:26,376     INFO End of trial
2017-11-18 14:00:26,379     INFO Showing fixation
2017-11-18 14:00:30,392     INFO End of fixation
2017-11-18 14:00:30,392     INFO Showing anchor face
2017-11-18 14:00:31,408     INFO End of anchor face
2017-11-18 14:00:31,411     INFO Showing fixation
2017-11-18 14:00:31,925     INFO End of fixation
2017-11-18 14:00:31,928     INFO Showing number
2017-11-18 14:00:32,942     INFO End of number
2017-11-18 14:00:32,947     INFO Showing fixation
2017-11-18 14:00:38,959     INFO End of fixation
2017-11-18 14:00:38,979     INFO Showing options
2017-11-18 14:00:39,868     INFO Received response [('down', 0.8754968643188477)]
2017-11-18 14:00:40,500     INFO End of options
2017-11-18 14:00:40,508     INFO Showing feedback
2017-11-18 14:00:42,526     INFO End of feedback
2017-11-18 14:00:42,527     INFO End of trial
2017-11-18 14:00:42,530     INFO Showing fixation
2017-11-18 14:00:46,543     INFO End of fixation
2017-11-18 14:00:46,544     INFO Showing anchor face
2017-11-18 14:00:47,560     INFO End of anchor face
2017-11-18 14:00:47,566     INFO Showing fixation
2017-11-18 14:00:48,077     INFO End of fixation
2017-11-18 14:00:48,079     INFO Showing number
2017-11-18 14:00:49,094     INFO End of number
2017-11-18 14:00:49,098     INFO Showing fixation
2017-11-18 14:00:55,110     INFO End of fixation
2017-11-18 14:00:55,130     INFO Showing options
2017-11-18 14:00:55,646     INFO Received response [('up', 0.5027658939361572)]
2017-11-18 14:00:56,658     INFO End of options
2017-11-18 14:00:56,676     INFO Showing feedback
2017-11-18 14:00:58,694     INFO End of feedback
2017-11-18 14:00:58,695     INFO End of trial
2017-11-18 14:00:58,699     INFO Showing fixation
2017-11-18 14:01:02,712     INFO End of fixation
2017-11-18 14:01:02,720     INFO Showing instructions
2017-11-18 14:01:02,732     INFO Instruction: You earned 24 point(s) out of ...
2017-11-18 14:01:04,620     INFO Received response [('space', 1.875615119934082)]
2017-11-18 14:01:04,620     INFO End of instructions
2017-11-18 14:01:04,626     INFO Showing instructions
2017-11-18 14:01:04,634     INFO Instruction: This task is complete! Thank y...
2017-11-18 14:01:05,572     INFO Received response [('space', 0.9273269176483154)]
2017-11-18 14:01:05,572     INFO End of instructions
2017-11-18 14:01:05,572     INFO Experiment ended
