2017-11-18 16:37:55,991     INFO #[ PsychoPy2 RuntimeInfoStart ]
  #[[ PsychoPy ]] #---------
    psychopyVersion: 1.85.4
    psychopyHaveExtRush: True
  #[[ Experiment ]] #---------
    experimentRunTime: 2017_11_18 16:37 (Year_Month_Day Hour:Min)
    experimentRunTime.epoch: 1511051873
    experimentScript: hierNavigation.py
    experimentScript.digestSHA1: 1f7f9a21a22ed531418a3eeed5c556b3b77acaf4
    experimentScript.directory: /Users/csnl/Repos/hierarchyNavigation
  #[[ System ]] #---------
    systemHaveInternetAccess: True
    systemHostName: CSNLs-MacBook-Air.local
    systemLocale: C
    systemMemFreeRAM: 2632.40234375
    systemMemTotalRAM: 8192.0
    systemPlatform: darwin 10.13 x86_64
    systemPyo.InputDevices: {0: {'host api index': 0, 'latency': 0.0029478457290679216, 'default sr': 44100, 'name': u'Built-in Microph'}, 2: {'host api index': 0, 'latency': 0.009999999776482582, 'default sr': 44100, 'name': u'NoMachine Audio Adapter'}, 3: {'host api index': 0, 'latency': 0.009999999776482582, 'default sr': 44100, 'name': u'NoMachine Microphone Adapter'}}
    systemPyo.OutputDevices: {1: {'host api index': 0, 'latency': 0.007551020476967096, 'default sr': 44100, 'name': u'Built-in Output'}, 2: {'host api index': 0, 'latency': 0.001451247138902545, 'default sr': 44100, 'name': u'NoMachine Audio Adapter'}, 3: {'host api index': 0, 'latency': 0.001451247138902545, 'default sr': 44100, 'name': u'NoMachine Microphone Adapter'}}
    systemPyoVersion: 0.8.6
    systemRebooted: Oct 27 16:03
    systemSec.OpenSSLVersion: LibreSSL 2.2.7
    systemSec.pythonSSL: True
    systemTimeNumpySD1000000_sec: 0.0057
    systemUser: csnl
    systemUserID: 501
    systemUserProcCount: 211
    systemUserProcFlagged: 'Google Chrome' mdworker iTunes Safari
    systemUsersCount: 1
  #[[ Window ]] #---------
    windowRefreshTimeSD_ms: 0.087
    windowRefreshTimeMedian_ms: 16.664
    windowRefreshTimeAvg_ms: 16.668
  #[[ Python ]] #---------
    pythonVersion: 2.7.12
  #[[ OpenGL ]] #---------
#[ PsychoPy2 RuntimeInfoEnd ]

2017-11-18 16:37:56,246     INFO Starting experiment
2017-11-18 16:37:56,348     INFO Showing instructions
2017-11-18 16:37:56,374     INFO Instruction: Welcome!  In this task, you wi...
2017-11-18 16:38:02,360     INFO Received response [('space', 5.961214065551758)]
2017-11-18 16:38:02,380     INFO Instruction: Each trial will begin with a "...
2017-11-18 16:38:04,356     INFO Received response [('space', 1.960219144821167)]
2017-11-18 16:38:04,400     INFO Instruction: Your job is to figure out who ...
2017-11-18 16:38:06,604     INFO Received response [('space', 2.190464973449707)]
2017-11-18 16:38:06,604     INFO End of instructions
2017-11-18 16:38:06,611     INFO Showing instructions
2017-11-18 16:38:06,649     INFO Instruction: Orange numbers mean figure out...
2017-11-18 16:38:08,747     INFO Received response [('space', 2.0838940143585205)]
2017-11-18 16:38:08,747     INFO End of instructions
2017-11-18 16:38:08,753     INFO Showing instructions
2017-11-18 16:38:08,796     INFO Instruction: You'll have a few seconds to f...
2017-11-18 16:38:11,204     INFO Received response [('space', 2.390587091445923)]
2017-11-18 16:38:11,204     INFO End of instructions
2017-11-18 16:38:11,211     INFO Showing instructions
2017-11-18 16:38:11,223     INFO Instruction: When the response options are ...
2017-11-18 16:38:12,370     INFO Received response [('space', 1.1228389739990234)]
2017-11-18 16:38:12,370     INFO End of instructions
2017-11-18 16:38:12,408     INFO Showing instructions
2017-11-18 16:38:12,418     INFO Instruction: Press one of the arrow keys to...
2017-11-18 16:38:15,120     INFO Received response [('space', 2.6893560886383057)]
2017-11-18 16:38:15,120     INFO End of instructions
2017-11-18 16:38:15,126     INFO Showing instructions
2017-11-18 16:38:15,163     INFO Instruction: Run #1 of 1 is starting soon. ...
2017-11-18 16:38:21,319     INFO Received response [('space', 6.137432813644409)]
2017-11-18 16:38:21,319     INFO End of instructions
2017-11-18 16:38:21,319     INFO Showing anchor face
2017-11-18 16:38:22,332     INFO End of anchor face
2017-11-18 16:38:22,337     INFO Showing fixation
2017-11-18 16:38:22,849     INFO End of fixation
2017-11-18 16:38:22,868     INFO Showing number
2017-11-18 16:38:23,882     INFO End of number
2017-11-18 16:38:23,886     INFO Showing fixation
2017-11-18 16:38:29,899     INFO End of fixation
2017-11-18 16:38:29,933     INFO Showing options
2017-11-18 16:38:30,581     INFO Received response [('left', 0.6318020820617676)]
2017-11-18 16:38:31,468     INFO End of options
2017-11-18 16:38:31,482     INFO Showing feedback
2017-11-18 16:38:33,500     INFO End of feedback
2017-11-18 16:38:33,501     INFO End of trial
2017-11-18 16:38:33,504     INFO Showing fixation
2017-11-18 16:38:37,517     INFO End of fixation
2017-11-18 16:38:37,517     INFO Showing anchor face
2017-11-18 16:38:38,534     INFO End of anchor face
2017-11-18 16:38:38,537     INFO Showing fixation
2017-11-18 16:38:39,050     INFO End of fixation
2017-11-18 16:38:39,054     INFO Showing number
2017-11-18 16:38:40,068     INFO End of number
2017-11-18 16:38:40,071     INFO Showing fixation
2017-11-18 16:38:46,084     INFO End of fixation
2017-11-18 16:38:46,104     INFO Showing options
2017-11-18 16:38:47,169     INFO Received response [('down', 1.0525259971618652)]
2017-11-18 16:38:47,632     INFO End of options
2017-11-18 16:38:47,650     INFO Showing feedback
2017-11-18 16:38:49,668     INFO End of feedback
2017-11-18 16:38:49,669     INFO End of trial
2017-11-18 16:38:49,672     INFO Showing fixation
2017-11-18 16:38:53,686     INFO End of fixation
2017-11-18 16:38:53,686     INFO Showing anchor face
2017-11-18 16:38:54,701     INFO End of anchor face
2017-11-18 16:38:54,705     INFO Showing fixation
2017-11-18 16:38:55,219     INFO End of fixation
2017-11-18 16:38:55,221     INFO Showing number
2017-11-18 16:38:56,235     INFO End of number
2017-11-18 16:38:56,239     INFO Showing fixation
2017-11-18 16:39:02,251     INFO End of fixation
2017-11-18 16:39:02,272     INFO Showing options
2017-11-18 16:39:03,723     INFO Received response [('right', 1.4372451305389404)]
2017-11-18 16:39:03,798     INFO End of options
2017-11-18 16:39:03,802     INFO Showing feedback
2017-11-18 16:39:05,820     INFO End of feedback
2017-11-18 16:39:05,821     INFO End of trial
2017-11-18 16:39:05,825     INFO Showing fixation
2017-11-18 16:39:09,837     INFO End of fixation
2017-11-18 16:39:09,837     INFO Showing anchor face
2017-11-18 16:39:10,853     INFO End of anchor face
2017-11-18 16:39:10,857     INFO Showing fixation
2017-11-18 16:39:11,370     INFO End of fixation
2017-11-18 16:39:11,378     INFO Showing number
2017-11-18 16:39:12,387     INFO End of number
2017-11-18 16:39:12,392     INFO Showing fixation
2017-11-18 16:39:18,404     INFO End of fixation
2017-11-18 16:39:18,426     INFO Showing options
2017-11-18 16:39:19,048     INFO Received response [('left', 0.6111199855804443)]
2017-11-18 16:39:19,943     INFO End of options
2017-11-18 16:39:19,953     INFO Showing feedback
2017-11-18 16:39:21,971     INFO End of feedback
2017-11-18 16:39:21,973     INFO End of trial
2017-11-18 16:39:21,976     INFO Showing fixation
2017-11-18 16:39:26,005     INFO End of fixation
2017-11-18 16:39:26,006     INFO Showing anchor face
2017-11-18 16:39:27,022     INFO End of anchor face
2017-11-18 16:39:27,025     INFO Showing fixation
2017-11-18 16:39:27,539     INFO End of fixation
2017-11-18 16:39:27,544     INFO Showing number
2017-11-18 16:39:28,555     INFO End of number
2017-11-18 16:39:28,558     INFO Showing fixation
2017-11-18 16:39:34,572     INFO End of fixation
2017-11-18 16:39:34,592     INFO Showing options
2017-11-18 16:39:35,753     INFO Received response [('down', 1.1477000713348389)]
2017-11-18 16:39:36,125     INFO End of options
2017-11-18 16:39:36,138     INFO Showing feedback
2017-11-18 16:39:38,156     INFO End of feedback
2017-11-18 16:39:38,157     INFO End of trial
2017-11-18 16:39:38,162     INFO Showing fixation
2017-11-18 16:39:42,173     INFO End of fixation
2017-11-18 16:39:42,173     INFO Showing anchor face
2017-11-18 16:39:43,190     INFO End of anchor face
2017-11-18 16:39:43,193     INFO Showing fixation
2017-11-18 16:39:43,707     INFO End of fixation
2017-11-18 16:39:43,710     INFO Showing number
2017-11-18 16:39:44,724     INFO End of number
2017-11-18 16:39:44,727     INFO Showing fixation
2017-11-18 16:39:50,741     INFO End of fixation
2017-11-18 16:39:50,761     INFO Showing options
2017-11-18 16:39:51,785     INFO Received response [('up', 1.0113520622253418)]
2017-11-18 16:39:52,280     INFO End of options
2017-11-18 16:39:52,290     INFO Showing feedback
2017-11-18 16:39:54,308     INFO End of feedback
2017-11-18 16:39:54,309     INFO End of trial
2017-11-18 16:39:54,312     INFO Showing fixation
2017-11-18 16:39:58,325     INFO End of fixation
2017-11-18 16:39:58,326     INFO Showing anchor face
2017-11-18 16:39:59,342     INFO End of anchor face
2017-11-18 16:39:59,345     INFO Showing fixation
2017-11-18 16:39:59,858     INFO End of fixation
2017-11-18 16:39:59,863     INFO Showing number
2017-11-18 16:40:00,875     INFO End of number
2017-11-18 16:40:00,887     INFO Showing fixation
2017-11-18 16:40:06,892     INFO End of fixation
2017-11-18 16:40:06,913     INFO Showing options
2017-11-18 16:40:08,164     INFO Received response [('up', 1.2386808395385742)]
2017-11-18 16:40:08,437     INFO End of options
2017-11-18 16:40:08,441     INFO Showing feedback
2017-11-18 16:40:10,459     INFO End of feedback
2017-11-18 16:40:10,462     INFO End of trial
2017-11-18 16:40:10,468     INFO Showing fixation
2017-11-18 16:40:14,476     INFO End of fixation
2017-11-18 16:40:14,477     INFO Showing anchor face
2017-11-18 16:40:15,493     INFO End of anchor face
2017-11-18 16:40:15,496     INFO Showing fixation
2017-11-18 16:40:16,010     INFO End of fixation
2017-11-18 16:40:16,013     INFO Showing number
2017-11-18 16:40:17,027     INFO End of number
2017-11-18 16:40:17,031     INFO Showing fixation
2017-11-18 16:40:23,044     INFO End of fixation
2017-11-18 16:40:23,065     INFO Showing options
2017-11-18 16:40:24,308     INFO Received response [('up', 1.2312450408935547)]
2017-11-18 16:40:24,596     INFO End of options
2017-11-18 16:40:24,610     INFO Showing feedback
2017-11-18 16:40:26,628     INFO End of feedback
2017-11-18 16:40:26,629     INFO End of trial
2017-11-18 16:40:26,632     INFO Showing fixation
2017-11-18 16:40:30,644     INFO End of fixation
2017-11-18 16:40:30,648     INFO Showing anchor face
2017-11-18 16:40:31,662     INFO End of anchor face
2017-11-18 16:40:31,665     INFO Showing fixation
2017-11-18 16:40:32,177     INFO End of fixation
2017-11-18 16:40:32,180     INFO Showing number
2017-11-18 16:40:33,195     INFO End of number
2017-11-18 16:40:33,198     INFO Showing fixation
2017-11-18 16:40:39,212     INFO End of fixation
2017-11-18 16:40:39,233     INFO Showing options
2017-11-18 16:40:39,735     INFO Received response [('up', 0.48923802375793457)]
2017-11-18 16:40:40,757     INFO End of options
2017-11-18 16:40:40,761     INFO Showing feedback
2017-11-18 16:40:42,779     INFO End of feedback
2017-11-18 16:40:42,781     INFO End of trial
2017-11-18 16:40:42,784     INFO Showing fixation
2017-11-18 16:40:46,796     INFO End of fixation
2017-11-18 16:40:46,797     INFO Showing anchor face
2017-11-18 16:40:47,813     INFO End of anchor face
2017-11-18 16:40:47,817     INFO Showing fixation
2017-11-18 16:40:48,329     INFO End of fixation
2017-11-18 16:40:48,334     INFO Showing number
2017-11-18 16:40:49,346     INFO End of number
2017-11-18 16:40:49,350     INFO Showing fixation
2017-11-18 16:40:55,364     INFO End of fixation
2017-11-18 16:40:55,384     INFO Showing options
2017-11-18 16:40:55,955     INFO Received response [('right', 0.5582787990570068)]
2017-11-18 16:40:56,906     INFO End of options
2017-11-18 16:40:56,913     INFO Showing feedback
2017-11-18 16:40:58,931     INFO End of feedback
2017-11-18 16:40:58,932     INFO End of trial
2017-11-18 16:40:58,935     INFO Showing fixation
2017-11-18 16:41:02,948     INFO End of fixation
2017-11-18 16:41:02,948     INFO Showing anchor face
2017-11-18 16:41:03,965     INFO End of anchor face
2017-11-18 16:41:03,969     INFO Showing fixation
2017-11-18 16:41:04,482     INFO End of fixation
2017-11-18 16:41:04,484     INFO Showing number
2017-11-18 16:41:05,497     INFO End of number
2017-11-18 16:41:05,501     INFO Showing fixation
2017-11-18 16:41:11,515     INFO End of fixation
2017-11-18 16:41:11,536     INFO Showing options
2017-11-18 16:41:12,359     INFO Received response [('left', 0.8107118606567383)]
2017-11-18 16:41:13,055     INFO End of options
2017-11-18 16:41:13,065     INFO Showing feedback
2017-11-18 16:41:15,082     INFO End of feedback
2017-11-18 16:41:15,084     INFO End of trial
2017-11-18 16:41:15,087     INFO Showing fixation
2017-11-18 16:41:19,099     INFO End of fixation
2017-11-18 16:41:19,100     INFO Showing anchor face
2017-11-18 16:41:20,116     INFO End of anchor face
2017-11-18 16:41:20,120     INFO Showing fixation
2017-11-18 16:41:20,633     INFO End of fixation
2017-11-18 16:41:20,636     INFO Showing number
2017-11-18 16:41:21,650     INFO End of number
2017-11-18 16:41:21,653     INFO Showing fixation
2017-11-18 16:41:27,667     INFO End of fixation
2017-11-18 16:41:27,687     INFO Showing options
2017-11-18 16:41:28,943     INFO Received response [('down', 1.2428958415985107)]
2017-11-18 16:41:29,208     INFO End of options
2017-11-18 16:41:29,216     INFO Showing feedback
2017-11-18 16:41:31,234     INFO End of feedback
2017-11-18 16:41:31,238     INFO End of trial
2017-11-18 16:41:31,242     INFO Showing fixation
2017-11-18 16:41:35,251     INFO End of fixation
2017-11-18 16:41:35,252     INFO Showing anchor face
2017-11-18 16:41:36,268     INFO End of anchor face
2017-11-18 16:41:36,271     INFO Showing fixation
2017-11-18 16:41:36,785     INFO End of fixation
2017-11-18 16:41:36,788     INFO Showing number
2017-11-18 16:41:37,802     INFO End of number
2017-11-18 16:41:37,819     INFO Showing fixation
2017-11-18 16:41:43,836     INFO End of fixation
2017-11-18 16:41:43,856     INFO Showing options
2017-11-18 16:41:45,293     INFO Received response [('right', 1.4244589805603027)]
2017-11-18 16:41:45,377     INFO End of options
2017-11-18 16:41:45,384     INFO Showing feedback
2017-11-18 16:41:47,402     INFO End of feedback
2017-11-18 16:41:47,405     INFO End of trial
2017-11-18 16:41:47,410     INFO Showing fixation
2017-11-18 16:41:51,420     INFO End of fixation
2017-11-18 16:41:51,420     INFO Showing anchor face
2017-11-18 16:41:52,436     INFO End of anchor face
2017-11-18 16:41:52,439     INFO Showing fixation
2017-11-18 16:41:52,953     INFO End of fixation
2017-11-18 16:41:52,956     INFO Showing number
2017-11-18 16:41:53,970     INFO End of number
2017-11-18 16:41:53,973     INFO Showing fixation
2017-11-18 16:42:00,003     INFO End of fixation
2017-11-18 16:42:00,028     INFO Showing options
2017-11-18 16:42:01,207     INFO Received response [('left', 1.1697921752929688)]
2017-11-18 16:42:01,551     INFO End of options
2017-11-18 16:42:01,569     INFO Showing feedback
2017-11-18 16:42:03,587     INFO End of feedback
2017-11-18 16:42:03,589     INFO End of trial
2017-11-18 16:42:03,592     INFO Showing fixation
2017-11-18 16:42:07,604     INFO End of fixation
2017-11-18 16:42:07,605     INFO Showing anchor face
2017-11-18 16:42:08,621     INFO End of anchor face
2017-11-18 16:42:08,624     INFO Showing fixation
2017-11-18 16:42:09,138     INFO End of fixation
2017-11-18 16:42:09,141     INFO Showing number
2017-11-18 16:42:10,155     INFO End of number
2017-11-18 16:42:10,158     INFO Showing fixation
2017-11-18 16:42:16,172     INFO End of fixation
2017-11-18 16:42:16,192     INFO Showing options
2017-11-18 16:42:17,705     INFO No response received, showing feedback
2017-11-18 16:42:19,722     INFO End of feedback
2017-11-18 16:42:19,723     INFO End of trial
2017-11-18 16:42:19,726     INFO Showing fixation
2017-11-18 16:42:23,739     INFO End of fixation
2017-11-18 16:42:23,740     INFO Showing anchor face
2017-11-18 16:42:24,757     INFO End of anchor face
2017-11-18 16:42:24,760     INFO Showing fixation
2017-11-18 16:42:25,273     INFO End of fixation
2017-11-18 16:42:25,276     INFO Showing number
2017-11-18 16:42:26,289     INFO End of number
2017-11-18 16:42:26,293     INFO Showing fixation
2017-11-18 16:42:32,307     INFO End of fixation
2017-11-18 16:42:32,338     INFO Showing options
2017-11-18 16:42:33,008     INFO Received response [('left', 0.6522338390350342)]
2017-11-18 16:42:33,872     INFO End of options
2017-11-18 16:42:33,889     INFO Showing feedback
2017-11-18 16:42:35,907     INFO End of feedback
2017-11-18 16:42:35,909     INFO End of trial
2017-11-18 16:42:35,912     INFO Showing fixation
2017-11-18 16:42:39,924     INFO End of fixation
2017-11-18 16:42:39,925     INFO Showing anchor face
2017-11-18 16:42:40,941     INFO End of anchor face
2017-11-18 16:42:40,944     INFO Showing fixation
2017-11-18 16:42:41,458     INFO End of fixation
2017-11-18 16:42:41,461     INFO Showing number
2017-11-18 16:42:42,475     INFO End of number
2017-11-18 16:42:42,478     INFO Showing fixation
2017-11-18 16:42:48,491     INFO End of fixation
2017-11-18 16:42:48,512     INFO Showing options
2017-11-18 16:42:49,669     INFO Received response [('up', 1.14457106590271)]
2017-11-18 16:42:50,031     INFO End of options
2017-11-18 16:42:50,041     INFO Showing feedback
2017-11-18 16:42:52,059     INFO End of feedback
2017-11-18 16:42:52,060     INFO End of trial
2017-11-18 16:42:52,065     INFO Showing fixation
2017-11-18 16:42:56,076     INFO End of fixation
2017-11-18 16:42:56,076     INFO Showing anchor face
2017-11-18 16:42:57,093     INFO End of anchor face
2017-11-18 16:42:57,096     INFO Showing fixation
2017-11-18 16:42:57,609     INFO End of fixation
2017-11-18 16:42:57,612     INFO Showing number
2017-11-18 16:42:58,626     INFO End of number
2017-11-18 16:42:58,629     INFO Showing fixation
2017-11-18 16:43:04,644     INFO End of fixation
2017-11-18 16:43:04,663     INFO Showing options
2017-11-18 16:43:05,280     INFO Received response [('left', 0.6037089824676514)]
2017-11-18 16:43:06,189     INFO End of options
2017-11-18 16:43:06,192     INFO Showing feedback
2017-11-18 16:43:08,210     INFO End of feedback
2017-11-18 16:43:08,213     INFO End of trial
2017-11-18 16:43:08,217     INFO Showing fixation
2017-11-18 16:43:12,227     INFO End of fixation
2017-11-18 16:43:12,227     INFO Showing anchor face
2017-11-18 16:43:13,244     INFO End of anchor face
2017-11-18 16:43:13,247     INFO Showing fixation
2017-11-18 16:43:13,761     INFO End of fixation
2017-11-18 16:43:13,764     INFO Showing number
2017-11-18 16:43:14,778     INFO End of number
2017-11-18 16:43:14,781     INFO Showing fixation
2017-11-18 16:43:20,795     INFO End of fixation
2017-11-18 16:43:20,892     INFO Showing options
2017-11-18 16:43:21,996     INFO Received response [('down', 1.0848088264465332)]
2017-11-18 16:43:22,427     INFO End of options
2017-11-18 16:43:22,444     INFO Showing feedback
2017-11-18 16:43:24,462     INFO End of feedback
2017-11-18 16:43:24,463     INFO End of trial
2017-11-18 16:43:24,466     INFO Showing fixation
2017-11-18 16:43:28,479     INFO End of fixation
2017-11-18 16:43:28,479     INFO Showing anchor face
2017-11-18 16:43:29,496     INFO End of anchor face
2017-11-18 16:43:29,501     INFO Showing fixation
2017-11-18 16:43:30,013     INFO End of fixation
2017-11-18 16:43:30,015     INFO Showing number
2017-11-18 16:43:31,030     INFO End of number
2017-11-18 16:43:31,037     INFO Showing fixation
2017-11-18 16:43:37,046     INFO End of fixation
2017-11-18 16:43:37,067     INFO Showing options
2017-11-18 16:43:38,054     INFO Received response [('down', 0.9752650260925293)]
2017-11-18 16:43:38,588     INFO End of options
2017-11-18 16:43:38,596     INFO Showing feedback
2017-11-18 16:43:40,614     INFO End of feedback
2017-11-18 16:43:40,615     INFO End of trial
2017-11-18 16:43:40,618     INFO Showing fixation
2017-11-18 16:43:44,631     INFO End of fixation
2017-11-18 16:43:44,632     INFO Showing anchor face
2017-11-18 16:43:45,647     INFO End of anchor face
2017-11-18 16:43:45,651     INFO Showing fixation
2017-11-18 16:43:46,164     INFO End of fixation
2017-11-18 16:43:46,167     INFO Showing number
2017-11-18 16:43:47,181     INFO End of number
2017-11-18 16:43:47,185     INFO Showing fixation
2017-11-18 16:43:53,198     INFO End of fixation
2017-11-18 16:43:53,218     INFO Showing options
2017-11-18 16:43:54,025     INFO Received response [('up', 0.793597936630249)]
2017-11-18 16:43:54,738     INFO End of options
2017-11-18 16:43:54,747     INFO Showing feedback
2017-11-18 16:43:56,765     INFO End of feedback
2017-11-18 16:43:56,767     INFO End of trial
2017-11-18 16:43:56,770     INFO Showing fixation
2017-11-18 16:44:00,782     INFO End of fixation
2017-11-18 16:44:00,789     INFO Showing anchor face
2017-11-18 16:44:01,799     INFO End of anchor face
2017-11-18 16:44:01,802     INFO Showing fixation
2017-11-18 16:44:02,316     INFO End of fixation
2017-11-18 16:44:02,319     INFO Showing number
2017-11-18 16:44:03,333     INFO End of number
2017-11-18 16:44:03,336     INFO Showing fixation
2017-11-18 16:44:09,350     INFO End of fixation
2017-11-18 16:44:09,376     INFO Showing options
2017-11-18 16:44:10,424     INFO Received response [('right', 1.0419461727142334)]
2017-11-18 16:44:10,891     INFO End of options
2017-11-18 16:44:10,899     INFO Showing feedback
2017-11-18 16:44:12,916     INFO End of feedback
2017-11-18 16:44:12,918     INFO End of trial
2017-11-18 16:44:12,921     INFO Showing fixation
2017-11-18 16:44:16,934     INFO End of fixation
2017-11-18 16:44:16,934     INFO Showing anchor face
2017-11-18 16:44:17,951     INFO End of anchor face
2017-11-18 16:44:17,955     INFO Showing fixation
2017-11-18 16:44:18,467     INFO End of fixation
2017-11-18 16:44:18,470     INFO Showing number
2017-11-18 16:44:19,484     INFO End of number
2017-11-18 16:44:19,487     INFO Showing fixation
2017-11-18 16:44:25,501     INFO End of fixation
2017-11-18 16:44:25,521     INFO Showing options
2017-11-18 16:44:26,933     INFO Received response [('up', 1.3988749980926514)]
2017-11-18 16:44:27,052     INFO End of options
2017-11-18 16:44:27,067     INFO Showing feedback
2017-11-18 16:44:29,085     INFO End of feedback
2017-11-18 16:44:29,086     INFO End of trial
2017-11-18 16:44:29,090     INFO Showing fixation
2017-11-18 16:44:33,102     INFO End of fixation
2017-11-18 16:44:33,103     INFO Showing anchor face
2017-11-18 16:44:34,119     INFO End of anchor face
2017-11-18 16:44:34,122     INFO Showing fixation
2017-11-18 16:44:34,636     INFO End of fixation
2017-11-18 16:44:34,639     INFO Showing number
2017-11-18 16:44:35,652     INFO End of number
2017-11-18 16:44:35,657     INFO Showing fixation
2017-11-18 16:44:41,669     INFO End of fixation
2017-11-18 16:44:41,689     INFO Showing options
2017-11-18 16:44:42,467     INFO Received response [('down', 0.7636611461639404)]
2017-11-18 16:44:43,223     INFO End of options
2017-11-18 16:44:43,236     INFO Showing feedback
2017-11-18 16:44:45,253     INFO End of feedback
2017-11-18 16:44:45,255     INFO End of trial
2017-11-18 16:44:45,258     INFO Showing fixation
2017-11-18 16:44:49,270     INFO End of fixation
2017-11-18 16:44:49,277     INFO Showing instructions
2017-11-18 16:44:49,291     INFO Instruction: You earned 20 point(s) out of ...
2017-11-18 16:44:53,670     INFO Received response [('space', 4.366635084152222)]
2017-11-18 16:44:53,670     INFO End of instructions
2017-11-18 16:44:53,677     INFO Showing instructions
2017-11-18 16:44:53,685     INFO Instruction: This task is complete! Thank y...
2017-11-18 16:44:55,501     INFO Received response [('space', 1.7966041564941406)]
2017-11-18 16:44:55,501     INFO End of instructions
2017-11-18 16:44:55,501     INFO Experiment ended
