2017-12-03 17:34:30,253     INFO #[ PsychoPy2 RuntimeInfoStart ]
  #[[ PsychoPy ]] #---------
    psychopyVersion: 1.85.4
    psychopyHaveExtRush: True
  #[[ Experiment ]] #---------
    experimentRunTime: 2017_12_03 17:34 (Year_Month_Day Hour:Min)
    experimentRunTime.epoch: 1512351267
    experimentScript: hierNavigation.py
    experimentScript.digestSHA1: 41db721267675f1651d6739789b3b39ca34ae597
    experimentScript.directory: /Users/mengdu/Repos/hierarchy/navigation
  #[[ System ]] #---------
    systemHaveInternetAccess: True
    systemHostName: mengs-mbp.ad.medctr.ucla.edu
    systemLocale: C
    systemMemFreeRAM: 4162.46875
    systemMemTotalRAM: 8192.0
    systemPlatform: darwin 10.13.1 x86_64
    systemPyo.InputDevices: {0: {'host api index': 0, 'latency': 0.0029478457290679216, 'default sr': 44100, 'name': u'Built-in Microph'}}
    systemPyo.OutputDevices: {1: {'host api index': 0, 'latency': 0.018798185512423515, 'default sr': 44100, 'name': u'Built-in Output'}, 2: {'host api index': 0, 'latency': 0.0014375000027939677, 'default sr': 48000, 'name': u'HDMI'}}
    systemPyoVersion: 0.8.6
    systemRebooted: Nov 8 22:08
    systemSec.OpenSSLVersion: LibreSSL 2.2.7
    systemSec.pythonSSL: True
    systemTimeNumpySD1000000_sec: 0.0045
    systemUser: mengdu
    systemUserID: 501
    systemUserProcCount: 180
    systemUserProcFlagged: iTunes mdworker Safari
    systemUsersCount: 1
  #[[ Window ]] #---------
    windowRefreshTimeSD_ms: 12.674
    windowRefreshTimeMedian_ms: 16.686
    windowRefreshTimeAvg_ms: 23.308
  #[[ Python ]] #---------
    pythonVersion: 2.7.12
  #[[ OpenGL ]] #---------
#[ PsychoPy2 RuntimeInfoEnd ]

2017-12-03 17:34:30,484     INFO Starting experiment
2017-12-03 17:34:30,484     INFO Showing instructions
2017-12-03 17:34:30,591     INFO Instruction: Press one of the buttons to se...
2017-12-03 17:46:15,840     INFO Received response [('5', 705.2274808883667)]
2017-12-03 17:46:15,840     INFO End of instructions
2017-12-03 17:46:15,849     INFO Showing instructions
2017-12-03 17:46:15,889     INFO Instruction: Run #1 of 6 is starting soon. ...
2017-12-03 17:47:21,548     INFO Received response [('space', 65.65460705757141)]
2017-12-03 17:47:21,549     INFO End of instructions
2017-12-03 17:47:21,549     INFO Showing instructions
2017-12-03 17:47:21,579     INFO Instruction: Run #1 of 6 is starting soon. ...
2017-12-03 17:47:31,434     INFO Received response [('5', 9.835744857788086)]
2017-12-03 17:47:31,434     INFO End of instructions
2017-12-03 17:47:31,434     INFO Showing anchor face
2017-12-03 17:47:32,433     INFO Received trigger 5
2017-12-03 17:47:32,436     INFO End of anchor face
2017-12-03 17:47:32,439     INFO Showing fixation
2017-12-03 17:47:32,954     INFO End of fixation
2017-12-03 17:47:32,958     INFO Showing number
2017-12-03 17:47:33,434     INFO Received trigger 5
2017-12-03 17:47:33,434     INFO End of number
2017-12-03 17:47:33,437     INFO Showing fixation
2017-12-03 17:47:34,433     INFO Received trigger 5
2017-12-03 17:47:35,434     INFO Received trigger 5
2017-12-03 17:47:36,433     INFO Received trigger 5
2017-12-03 17:47:37,433     INFO Received trigger 5
2017-12-03 17:47:38,433     INFO Received trigger 5
2017-12-03 17:47:39,434     INFO Received trigger 5
2017-12-03 17:47:39,434     INFO End of fixation
2017-12-03 17:47:39,463     INFO Showing options
2017-12-03 17:47:40,687     INFO Received response [('1', 1.216606855392456)]
2017-12-03 17:47:40,987     INFO End of options
2017-12-03 17:47:41,003     INFO Showing feedback
2017-12-03 17:47:41,433     INFO Received trigger 5
2017-12-03 17:47:42,433     INFO Received trigger 5
2017-12-03 17:47:42,433     INFO End of feedback
2017-12-03 17:47:42,434     INFO End of trial
2017-12-03 17:47:42,437     INFO Showing fixation
2017-12-03 17:47:43,432     INFO Received trigger 5
2017-12-03 17:47:44,433     INFO Received trigger 5
2017-12-03 17:47:45,432     INFO Received trigger 5
2017-12-03 17:47:46,433     INFO Received trigger 5
2017-12-03 17:47:47,432     INFO Received trigger 5
2017-12-03 17:47:47,432     INFO End of fixation
2017-12-03 17:47:47,433     INFO Showing anchor face
2017-12-03 17:47:48,432     INFO Received trigger 5
2017-12-03 17:47:48,433     INFO End of anchor face
2017-12-03 17:47:48,436     INFO Showing fixation
2017-12-03 17:47:48,954     INFO End of fixation
2017-12-03 17:47:48,970     INFO Showing number
2017-12-03 17:47:49,432     INFO Received trigger 5
2017-12-03 17:47:49,432     INFO End of number
2017-12-03 17:47:49,435     INFO Showing fixation
2017-12-03 17:47:50,433     INFO Received trigger 5
2017-12-03 17:47:51,432     INFO Received trigger 5
2017-12-03 17:47:52,433     INFO Received trigger 5
2017-12-03 17:47:53,433     INFO Received trigger 5
2017-12-03 17:47:54,433     INFO Received trigger 5
2017-12-03 17:47:55,432     INFO Received trigger 5
2017-12-03 17:47:55,432     INFO End of fixation
2017-12-03 17:47:55,453     INFO Showing options
2017-12-03 17:47:56,678     INFO Received response [('2', 1.2071900367736816)]
2017-12-03 17:47:56,979     INFO End of options
2017-12-03 17:47:56,986     INFO Showing feedback
2017-12-03 17:47:57,433     INFO Received trigger 5
2017-12-03 17:47:58,432     INFO Received trigger 5
2017-12-03 17:47:58,432     INFO End of feedback
2017-12-03 17:47:58,434     INFO End of trial
2017-12-03 17:47:58,436     INFO Showing fixation
2017-12-03 17:47:59,433     INFO Received trigger 5
2017-12-03 17:48:00,432     INFO Received trigger 5
2017-12-03 17:48:01,433     INFO Received trigger 5
2017-12-03 17:48:02,433     INFO Received trigger 5
2017-12-03 17:48:03,433     INFO Received trigger 5
2017-12-03 17:48:04,432     INFO Received trigger 5
2017-12-03 17:48:05,433     INFO Received trigger 5
2017-12-03 17:48:06,433     INFO Received trigger 5
2017-12-03 17:48:06,433     INFO End of fixation
2017-12-03 17:48:06,433     INFO Showing anchor face
2017-12-03 17:48:07,433     INFO Received trigger 5
2017-12-03 17:48:07,433     INFO End of anchor face
2017-12-03 17:48:07,436     INFO Showing fixation
2017-12-03 17:48:07,954     INFO End of fixation
2017-12-03 17:48:07,957     INFO Showing number
2017-12-03 17:48:08,432     INFO Received trigger 5
2017-12-03 17:48:08,432     INFO End of number
2017-12-03 17:48:08,435     INFO Showing fixation
2017-12-03 17:48:09,432     INFO Received trigger 5
2017-12-03 17:48:10,431     INFO Received trigger 5
2017-12-03 17:48:11,432     INFO Received trigger 5
2017-12-03 17:48:12,432     INFO Received trigger 5
2017-12-03 17:48:13,432     INFO Received trigger 5
2017-12-03 17:48:14,431     INFO Received trigger 5
2017-12-03 17:48:14,432     INFO End of fixation
2017-12-03 17:48:14,449     INFO Showing options
2017-12-03 17:48:15,236     INFO Received response [('1', 0.7820720672607422)]
2017-12-03 17:48:15,972     INFO End of options
2017-12-03 17:48:15,986     INFO Showing feedback
2017-12-03 17:48:16,432     INFO Received trigger 5
2017-12-03 17:48:17,431     INFO Received trigger 5
2017-12-03 17:48:17,432     INFO End of feedback
2017-12-03 17:48:17,433     INFO End of trial
2017-12-03 17:48:17,435     INFO Showing fixation
2017-12-03 17:48:18,432     INFO Received trigger 5
2017-12-03 17:48:19,433     INFO Received trigger 5
2017-12-03 17:48:20,432     INFO Received trigger 5
2017-12-03 17:48:21,431     INFO Received trigger 5
2017-12-03 17:48:22,432     INFO Received trigger 5
2017-12-03 17:48:23,431     INFO Received trigger 5
2017-12-03 17:48:24,432     INFO Received trigger 5
2017-12-03 17:48:24,432     INFO End of fixation
2017-12-03 17:48:24,432     INFO Showing anchor face
2017-12-03 17:48:25,432     INFO Received trigger 5
2017-12-03 17:48:25,432     INFO End of anchor face
2017-12-03 17:48:25,435     INFO Showing fixation
2017-12-03 17:48:25,954     INFO End of fixation
2017-12-03 17:48:25,957     INFO Showing number
2017-12-03 17:48:26,433     INFO Received trigger 5
2017-12-03 17:48:26,433     INFO End of number
2017-12-03 17:48:26,438     INFO Showing fixation
2017-12-03 17:48:27,431     INFO Received trigger 5
2017-12-03 17:48:28,432     INFO Received trigger 5
2017-12-03 17:48:29,431     INFO Received trigger 5
2017-12-03 17:48:30,432     INFO Received trigger 5
2017-12-03 17:48:31,432     INFO Received trigger 5
2017-12-03 17:48:32,432     INFO Received trigger 5
2017-12-03 17:48:32,434     INFO End of fixation
2017-12-03 17:48:32,454     INFO Showing options
2017-12-03 17:48:33,286     INFO Received response [('3', 0.8156330585479736)]
2017-12-03 17:48:33,989     INFO End of options
2017-12-03 17:48:34,003     INFO Showing feedback
2017-12-03 17:48:34,431     INFO Received trigger 5
2017-12-03 17:48:35,430     INFO Received trigger 5
2017-12-03 17:48:35,431     INFO End of feedback
2017-12-03 17:48:35,432     INFO End of trial
2017-12-03 17:48:35,441     INFO Showing fixation
2017-12-03 17:48:36,431     INFO Received trigger 5
2017-12-03 17:48:37,431     INFO Received trigger 5
2017-12-03 17:48:38,430     INFO Received trigger 5
2017-12-03 17:48:39,431     INFO Received trigger 5
2017-12-03 17:48:39,431     INFO End of fixation
2017-12-03 17:48:39,431     INFO Showing anchor face
2017-12-03 17:48:40,431     INFO Received trigger 5
2017-12-03 17:48:40,431     INFO End of anchor face
2017-12-03 17:48:40,434     INFO Showing fixation
2017-12-03 17:48:40,938     INFO End of fixation
2017-12-03 17:48:40,940     INFO Showing number
2017-12-03 17:48:41,431     INFO Received trigger 5
2017-12-03 17:48:41,431     INFO End of number
2017-12-03 17:48:41,434     INFO Showing fixation
2017-12-03 17:48:42,431     INFO Received trigger 5
2017-12-03 17:48:43,431     INFO Received trigger 5
2017-12-03 17:48:44,430     INFO Received trigger 5
2017-12-03 17:48:45,431     INFO Received trigger 5
2017-12-03 17:48:46,430     INFO Received trigger 5
2017-12-03 17:48:47,431     INFO Received trigger 5
2017-12-03 17:48:47,432     INFO End of fixation
2017-12-03 17:48:47,449     INFO Showing options
2017-12-03 17:48:48,336     INFO Received response [('2', 0.8824050426483154)]
2017-12-03 17:48:48,972     INFO End of options
2017-12-03 17:48:48,987     INFO Showing feedback
2017-12-03 17:48:49,431     INFO Received trigger 5
2017-12-03 17:48:50,431     INFO Received trigger 5
2017-12-03 17:48:50,431     INFO End of feedback
2017-12-03 17:48:50,432     INFO End of trial
2017-12-03 17:48:50,435     INFO Showing fixation
2017-12-03 17:48:51,431     INFO Received trigger 5
2017-12-03 17:48:52,431     INFO Received trigger 5
2017-12-03 17:48:53,434     INFO Received trigger 5
2017-12-03 17:48:54,430     INFO Received trigger 5
2017-12-03 17:48:55,431     INFO Received trigger 5
2017-12-03 17:48:56,431     INFO Received trigger 5
2017-12-03 17:48:56,431     INFO End of fixation
2017-12-03 17:48:56,431     INFO Showing anchor face
2017-12-03 17:48:57,432     INFO Received trigger 5
2017-12-03 17:48:57,432     INFO End of anchor face
2017-12-03 17:48:57,437     INFO Showing fixation
2017-12-03 17:48:57,954     INFO End of fixation
2017-12-03 17:48:57,957     INFO Showing number
2017-12-03 17:48:58,430     INFO Received trigger 5
2017-12-03 17:48:58,431     INFO End of number
2017-12-03 17:48:58,433     INFO Showing fixation
2017-12-03 17:48:59,432     INFO Received trigger 5
2017-12-03 17:49:00,430     INFO Received trigger 5
2017-12-03 17:49:01,430     INFO Received trigger 5
2017-12-03 17:49:02,430     INFO Received trigger 5
2017-12-03 17:49:03,430     INFO Received trigger 5
2017-12-03 17:49:04,430     INFO Received trigger 5
2017-12-03 17:49:04,430     INFO End of fixation
2017-12-03 17:49:04,448     INFO Showing options
2017-12-03 17:49:05,280     INFO Received response [('3', 0.8252739906311035)]
2017-12-03 17:49:05,962     INFO End of options
2017-12-03 17:49:05,970     INFO Showing feedback
2017-12-03 17:49:06,430     INFO Received trigger 5
2017-12-03 17:49:07,430     INFO Received trigger 5
2017-12-03 17:49:07,430     INFO End of feedback
2017-12-03 17:49:07,431     INFO End of trial
2017-12-03 17:49:07,434     INFO Showing fixation
2017-12-03 17:49:08,430     INFO Received trigger 5
2017-12-03 17:49:09,430     INFO Received trigger 5
2017-12-03 17:49:10,430     INFO Received trigger 5
2017-12-03 17:49:11,430     INFO Received trigger 5
2017-12-03 17:49:12,430     INFO Received trigger 5
2017-12-03 17:49:13,430     INFO Received trigger 5
2017-12-03 17:49:13,430     INFO End of fixation
2017-12-03 17:49:13,430     INFO Showing anchor face
2017-12-03 17:49:14,430     INFO Received trigger 5
2017-12-03 17:49:14,430     INFO End of anchor face
2017-12-03 17:49:14,433     INFO Showing fixation
2017-12-03 17:49:14,938     INFO End of fixation
2017-12-03 17:49:14,941     INFO Showing number
2017-12-03 17:49:15,430     INFO Received trigger 5
2017-12-03 17:49:15,430     INFO End of number
2017-12-03 17:49:15,433     INFO Showing fixation
2017-12-03 17:49:16,430     INFO Received trigger 5
2017-12-03 17:49:17,430     INFO Received trigger 5
2017-12-03 17:49:18,430     INFO Received trigger 5
2017-12-03 17:49:19,430     INFO Received trigger 5
2017-12-03 17:49:20,430     INFO Received trigger 5
2017-12-03 17:49:21,430     INFO Received trigger 5
2017-12-03 17:49:21,430     INFO End of fixation
2017-12-03 17:49:21,451     INFO Showing options
2017-12-03 17:49:22,954     INFO No response received, showing feedback
2017-12-03 17:49:23,430     INFO Received trigger 5
2017-12-03 17:49:24,430     INFO Received trigger 5
2017-12-03 17:49:24,430     INFO End of feedback
2017-12-03 17:49:24,431     INFO End of trial
2017-12-03 17:49:24,434     INFO Showing fixation
2017-12-03 17:49:25,429     INFO Received trigger 5
2017-12-03 17:49:26,429     INFO Received trigger 5
2017-12-03 17:49:27,429     INFO Received trigger 5
2017-12-03 17:49:28,429     INFO Received trigger 5
2017-12-03 17:49:28,429     INFO End of fixation
2017-12-03 17:49:28,429     INFO Showing anchor face
2017-12-03 17:49:29,429     INFO Received trigger 5
2017-12-03 17:49:29,429     INFO End of anchor face
2017-12-03 17:49:29,432     INFO Showing fixation
2017-12-03 17:49:29,938     INFO End of fixation
2017-12-03 17:49:29,941     INFO Showing number
2017-12-03 17:49:30,429     INFO Received trigger 5
2017-12-03 17:49:30,429     INFO End of number
2017-12-03 17:49:30,432     INFO Showing fixation
2017-12-03 17:49:31,429     INFO Received trigger 5
2017-12-03 17:49:32,429     INFO Received trigger 5
2017-12-03 17:49:33,429     INFO Received trigger 5
2017-12-03 17:49:34,429     INFO Received trigger 5
2017-12-03 17:49:35,429     INFO Received trigger 5
2017-12-03 17:49:36,429     INFO Received trigger 5
2017-12-03 17:49:36,429     INFO End of fixation
2017-12-03 17:49:36,449     INFO Showing options
2017-12-03 17:49:37,954     INFO No response received, showing feedback
2017-12-03 17:49:38,429     INFO Received trigger 5
2017-12-03 17:49:39,429     INFO Received trigger 5
2017-12-03 17:49:39,429     INFO End of feedback
2017-12-03 17:49:39,429     INFO End of trial
2017-12-03 17:49:39,432     INFO Showing fixation
2017-12-03 17:49:40,429     INFO Received trigger 5
2017-12-03 17:49:41,429     INFO Received trigger 5
2017-12-03 17:49:42,429     INFO Received trigger 5
2017-12-03 17:49:43,429     INFO Received trigger 5
2017-12-03 17:49:44,429     INFO Received trigger 5
2017-12-03 17:49:45,429     INFO Received trigger 5
2017-12-03 17:49:45,429     INFO End of fixation
2017-12-03 17:49:45,429     INFO Showing anchor face
2017-12-03 17:49:46,429     INFO Received trigger 5
2017-12-03 17:49:46,429     INFO End of anchor face
2017-12-03 17:49:46,432     INFO Showing fixation
2017-12-03 17:49:46,938     INFO End of fixation
2017-12-03 17:49:46,940     INFO Showing number
2017-12-03 17:49:47,429     INFO Received trigger 5
2017-12-03 17:49:47,429     INFO End of number
2017-12-03 17:49:47,432     INFO Showing fixation
2017-12-03 17:49:48,429     INFO Received trigger 5
2017-12-03 17:49:49,429     INFO Received trigger 5
2017-12-03 17:49:50,429     INFO Received trigger 5
2017-12-03 17:49:51,428     INFO Received trigger 5
2017-12-03 17:49:52,428     INFO Received trigger 5
2017-12-03 17:49:53,428     INFO Received trigger 5
2017-12-03 17:49:53,428     INFO End of fixation
2017-12-03 17:49:53,447     INFO Showing options
2017-12-03 17:49:54,899     INFO Received response [('2', 1.4446611404418945)]
2017-12-03 17:49:54,959     INFO End of options
2017-12-03 17:49:54,970     INFO Showing feedback
2017-12-03 17:49:55,428     INFO Received trigger 5
2017-12-03 17:49:56,428     INFO Received trigger 5
2017-12-03 17:49:56,428     INFO End of feedback
2017-12-03 17:49:56,429     INFO End of trial
2017-12-03 17:49:56,432     INFO Showing fixation
2017-12-03 17:49:57,428     INFO Received trigger 5
2017-12-03 17:49:58,428     INFO Received trigger 5
2017-12-03 17:49:59,428     INFO Received trigger 5
2017-12-03 17:50:00,428     INFO Received trigger 5
2017-12-03 17:50:00,428     INFO End of fixation
2017-12-03 17:50:00,428     INFO Showing anchor face
2017-12-03 17:50:01,428     INFO Received trigger 5
2017-12-03 17:50:01,428     INFO End of anchor face
2017-12-03 17:50:01,431     INFO Showing fixation
2017-12-03 17:50:01,938     INFO End of fixation
2017-12-03 17:50:01,940     INFO Showing number
2017-12-03 17:50:02,428     INFO Received trigger 5
2017-12-03 17:50:02,430     INFO End of number
2017-12-03 17:50:02,433     INFO Showing fixation
2017-12-03 17:50:03,428     INFO Received trigger 5
2017-12-03 17:50:04,428     INFO Received trigger 5
2017-12-03 17:50:05,428     INFO Received trigger 5
2017-12-03 17:50:06,428     INFO Received trigger 5
2017-12-03 17:50:07,428     INFO Received trigger 5
2017-12-03 17:50:08,428     INFO Received trigger 5
2017-12-03 17:50:08,428     INFO End of fixation
2017-12-03 17:50:08,447     INFO Showing options
2017-12-03 17:50:09,457     INFO Received response [('1', 1.0029008388519287)]
2017-12-03 17:50:09,968     INFO End of options
2017-12-03 17:50:09,987     INFO Showing feedback
2017-12-03 17:50:10,428     INFO Received trigger 5
2017-12-03 17:50:11,428     INFO Received trigger 5
2017-12-03 17:50:11,428     INFO End of feedback
2017-12-03 17:50:11,429     INFO End of trial
2017-12-03 17:50:11,432     INFO Showing fixation
2017-12-03 17:50:12,428     INFO Received trigger 5
2017-12-03 17:50:13,428     INFO Received trigger 5
2017-12-03 17:50:14,428     INFO Received trigger 5
2017-12-03 17:50:15,428     INFO Received trigger 5
2017-12-03 17:50:15,428     INFO End of fixation
2017-12-03 17:50:15,429     INFO Showing anchor face
2017-12-03 17:50:16,428     INFO Received trigger 5
2017-12-03 17:50:16,428     INFO End of anchor face
2017-12-03 17:50:16,432     INFO Showing fixation
2017-12-03 17:50:16,938     INFO End of fixation
2017-12-03 17:50:16,941     INFO Showing number
2017-12-03 17:50:17,427     INFO Received trigger 5
2017-12-03 17:50:17,427     INFO End of number
2017-12-03 17:50:17,430     INFO Showing fixation
2017-12-03 17:50:18,427     INFO Received trigger 5
2017-12-03 17:50:19,427     INFO Received trigger 5
2017-12-03 17:50:20,427     INFO Received trigger 5
2017-12-03 17:50:21,427     INFO Received trigger 5
2017-12-03 17:50:22,427     INFO Received trigger 5
2017-12-03 17:50:23,427     INFO Received trigger 5
2017-12-03 17:50:23,427     INFO End of fixation
2017-12-03 17:50:23,447     INFO Showing options
2017-12-03 17:50:24,102     INFO Received response [('1', 0.646461009979248)]
2017-12-03 17:50:24,975     INFO End of options
2017-12-03 17:50:24,987     INFO Showing feedback
2017-12-03 17:50:25,427     INFO Received trigger 5
2017-12-03 17:50:26,427     INFO Received trigger 5
2017-12-03 17:50:26,427     INFO End of feedback
2017-12-03 17:50:26,428     INFO End of trial
2017-12-03 17:50:26,431     INFO Showing fixation
2017-12-03 17:50:27,427     INFO Received trigger 5
2017-12-03 17:50:28,427     INFO Received trigger 5
2017-12-03 17:50:29,427     INFO Received trigger 5
2017-12-03 17:50:30,427     INFO Received trigger 5
2017-12-03 17:50:31,427     INFO Received trigger 5
2017-12-03 17:50:32,427     INFO Received trigger 5
2017-12-03 17:50:33,427     INFO Received trigger 5
2017-12-03 17:50:33,427     INFO End of fixation
2017-12-03 17:50:33,427     INFO Showing anchor face
2017-12-03 17:50:34,427     INFO Received trigger 5
2017-12-03 17:50:34,427     INFO End of anchor face
2017-12-03 17:50:34,430     INFO Showing fixation
2017-12-03 17:50:34,938     INFO End of fixation
2017-12-03 17:50:34,940     INFO Showing number
2017-12-03 17:50:35,428     INFO Received trigger 5
2017-12-03 17:50:35,428     INFO End of number
2017-12-03 17:50:35,431     INFO Showing fixation
2017-12-03 17:50:36,427     INFO Received trigger 5
2017-12-03 17:50:37,427     INFO Received trigger 5
2017-12-03 17:50:38,427     INFO Received trigger 5
2017-12-03 17:50:39,427     INFO Received trigger 5
2017-12-03 17:50:40,427     INFO Received trigger 5
2017-12-03 17:50:41,427     INFO Received trigger 5
2017-12-03 17:50:41,427     INFO End of fixation
2017-12-03 17:50:41,447     INFO Showing options
2017-12-03 17:50:42,116     INFO Received response [('1', 0.662092924118042)]
2017-12-03 17:50:42,959     INFO End of options
2017-12-03 17:50:42,970     INFO Showing feedback
2017-12-03 17:50:43,427     INFO Received trigger 5
2017-12-03 17:50:44,426     INFO Received trigger 5
2017-12-03 17:50:44,427     INFO End of feedback
2017-12-03 17:50:44,428     INFO End of trial
2017-12-03 17:50:44,431     INFO Showing fixation
2017-12-03 17:50:45,426     INFO Received trigger 5
2017-12-03 17:50:46,426     INFO Received trigger 5
2017-12-03 17:50:47,426     INFO Received trigger 5
2017-12-03 17:50:48,426     INFO Received trigger 5
2017-12-03 17:50:49,426     INFO Received trigger 5
2017-12-03 17:50:49,426     INFO End of fixation
2017-12-03 17:50:49,426     INFO Showing anchor face
2017-12-03 17:50:50,426     INFO Received trigger 5
2017-12-03 17:50:50,426     INFO End of anchor face
2017-12-03 17:50:50,429     INFO Showing fixation
2017-12-03 17:50:50,938     INFO End of fixation
2017-12-03 17:50:50,941     INFO Showing number
2017-12-03 17:50:51,426     INFO Received trigger 5
2017-12-03 17:50:51,426     INFO End of number
2017-12-03 17:50:51,429     INFO Showing fixation
2017-12-03 17:50:52,426     INFO Received trigger 5
2017-12-03 17:50:53,426     INFO Received trigger 5
2017-12-03 17:50:54,426     INFO Received trigger 5
2017-12-03 17:50:55,427     INFO Received trigger 5
2017-12-03 17:50:56,426     INFO Received trigger 5
2017-12-03 17:50:57,426     INFO Received trigger 5
2017-12-03 17:50:57,427     INFO End of fixation
2017-12-03 17:50:57,446     INFO Showing options
2017-12-03 17:50:58,955     INFO No response received, showing feedback
2017-12-03 17:50:59,426     INFO Received trigger 5
2017-12-03 17:51:00,426     INFO Received trigger 5
2017-12-03 17:51:00,426     INFO End of feedback
2017-12-03 17:51:00,427     INFO End of trial
2017-12-03 17:51:00,430     INFO Showing fixation
2017-12-03 17:51:01,426     INFO Received trigger 5
2017-12-03 17:51:02,426     INFO Received trigger 5
2017-12-03 17:51:03,426     INFO Received trigger 5
2017-12-03 17:51:04,426     INFO Received trigger 5
2017-12-03 17:51:04,426     INFO End of fixation
2017-12-03 17:51:04,427     INFO Showing anchor face
2017-12-03 17:51:05,426     INFO Received trigger 5
2017-12-03 17:51:05,427     INFO End of anchor face
2017-12-03 17:51:05,430     INFO Showing fixation
2017-12-03 17:51:05,938     INFO End of fixation
2017-12-03 17:51:05,941     INFO Showing number
2017-12-03 17:51:06,426     INFO Received trigger 5
2017-12-03 17:51:06,426     INFO End of number
2017-12-03 17:51:06,429     INFO Showing fixation
2017-12-03 17:51:07,426     INFO Received trigger 5
2017-12-03 17:51:08,426     INFO Received trigger 5
2017-12-03 17:51:09,426     INFO Received trigger 5
2017-12-03 17:51:10,425     INFO Received trigger 5
2017-12-03 17:51:11,425     INFO Received trigger 5
2017-12-03 17:51:12,425     INFO Received trigger 5
2017-12-03 17:51:12,425     INFO End of fixation
2017-12-03 17:51:12,443     INFO Showing options
2017-12-03 17:51:13,955     INFO No response received, showing feedback
2017-12-03 17:51:14,425     INFO Received trigger 5
2017-12-03 17:51:15,425     INFO Received trigger 5
2017-12-03 17:51:15,425     INFO End of feedback
2017-12-03 17:51:15,426     INFO End of trial
2017-12-03 17:51:15,429     INFO Showing fixation
2017-12-03 17:51:16,425     INFO Received trigger 5
2017-12-03 17:51:17,425     INFO Received trigger 5
2017-12-03 17:51:18,425     INFO Received trigger 5
2017-12-03 17:51:19,425     INFO Received trigger 5
2017-12-03 17:51:20,425     INFO Received trigger 5
2017-12-03 17:51:21,425     INFO Received trigger 5
2017-12-03 17:51:22,425     INFO Received trigger 5
2017-12-03 17:51:23,425     INFO Received trigger 5
2017-12-03 17:51:23,425     INFO End of fixation
2017-12-03 17:51:23,426     INFO Showing anchor face
2017-12-03 17:51:24,425     INFO Received trigger 5
2017-12-03 17:51:24,425     INFO End of anchor face
2017-12-03 17:51:24,428     INFO Showing fixation
2017-12-03 17:51:24,938     INFO End of fixation
2017-12-03 17:51:24,941     INFO Showing number
2017-12-03 17:51:25,425     INFO Received trigger 5
2017-12-03 17:51:25,425     INFO End of number
2017-12-03 17:51:25,428     INFO Showing fixation
2017-12-03 17:51:26,425     INFO Received trigger 5
2017-12-03 17:51:27,425     INFO Received trigger 5
2017-12-03 17:51:28,425     INFO Received trigger 5
2017-12-03 17:51:29,425     INFO Received trigger 5
2017-12-03 17:51:30,425     INFO Received trigger 5
2017-12-03 17:51:31,425     INFO Received trigger 5
2017-12-03 17:51:31,425     INFO End of fixation
2017-12-03 17:51:31,444     INFO Showing options
2017-12-03 17:51:32,954     INFO No response received, showing feedback
2017-12-03 17:51:33,425     INFO Received trigger 5
2017-12-03 17:51:34,425     INFO Received trigger 5
2017-12-03 17:51:34,425     INFO End of feedback
2017-12-03 17:51:34,426     INFO End of trial
2017-12-03 17:51:34,429     INFO Showing fixation
2017-12-03 17:51:35,425     INFO Received trigger 5
2017-12-03 17:51:36,424     INFO Received trigger 5
2017-12-03 17:51:37,424     INFO Received trigger 5
2017-12-03 17:51:38,424     INFO Received trigger 5
2017-12-03 17:51:39,424     INFO Received trigger 5
2017-12-03 17:51:40,424     INFO Received trigger 5
2017-12-03 17:51:41,424     INFO Received trigger 5
2017-12-03 17:51:41,425     INFO End of fixation
2017-12-03 17:51:41,425     INFO Showing anchor face
2017-12-03 17:51:42,424     INFO Received trigger 5
2017-12-03 17:51:42,424     INFO End of anchor face
2017-12-03 17:51:42,427     INFO Showing fixation
2017-12-03 17:51:42,938     INFO End of fixation
2017-12-03 17:51:42,941     INFO Showing number
2017-12-03 17:51:43,425     INFO Received trigger 5
2017-12-03 17:51:43,425     INFO End of number
2017-12-03 17:51:43,428     INFO Showing fixation
2017-12-03 17:51:44,424     INFO Received trigger 5
2017-12-03 17:51:45,424     INFO Received trigger 5
2017-12-03 17:51:46,424     INFO Received trigger 5
2017-12-03 17:51:47,424     INFO Received trigger 5
2017-12-03 17:51:48,424     INFO Received trigger 5
2017-12-03 17:51:49,424     INFO Received trigger 5
2017-12-03 17:51:49,425     INFO End of fixation
2017-12-03 17:51:49,443     INFO Showing options
2017-12-03 17:51:50,955     INFO No response received, showing feedback
2017-12-03 17:51:51,424     INFO Received trigger 5
2017-12-03 17:51:52,424     INFO Received trigger 5
2017-12-03 17:51:52,424     INFO End of feedback
2017-12-03 17:51:52,425     INFO End of trial
2017-12-03 17:51:52,428     INFO Showing fixation
2017-12-03 17:51:53,424     INFO Received trigger 5
2017-12-03 17:51:54,424     INFO Received trigger 5
2017-12-03 17:51:55,424     INFO Received trigger 5
2017-12-03 17:51:56,424     INFO Received trigger 5
2017-12-03 17:51:57,424     INFO Received trigger 5
2017-12-03 17:51:58,424     INFO Received trigger 5
2017-12-03 17:51:59,425     INFO Received trigger 5
2017-12-03 17:52:00,424     INFO Received trigger 5
2017-12-03 17:52:00,425     INFO End of fixation
2017-12-03 17:52:00,425     INFO Showing anchor face
2017-12-03 17:52:01,424     INFO Received trigger 5
2017-12-03 17:52:01,424     INFO End of anchor face
2017-12-03 17:52:01,427     INFO Showing fixation
2017-12-03 17:52:01,938     INFO End of fixation
2017-12-03 17:52:01,941     INFO Showing number
2017-12-03 17:52:02,423     INFO Received trigger 5
2017-12-03 17:52:02,425     INFO End of number
2017-12-03 17:52:02,429     INFO Showing fixation
2017-12-03 17:52:03,423     INFO Received trigger 5
2017-12-03 17:52:04,423     INFO Received trigger 5
2017-12-03 17:52:05,423     INFO Received trigger 5
2017-12-03 17:52:06,423     INFO Received trigger 5
2017-12-03 17:52:07,423     INFO Received trigger 5
2017-12-03 17:52:08,423     INFO Received trigger 5
2017-12-03 17:52:08,423     INFO End of fixation
2017-12-03 17:52:08,441     INFO Showing options
2017-12-03 17:52:09,225     INFO Received response [('2', 0.7702820301055908)]
2017-12-03 17:52:09,968     INFO End of options
2017-12-03 17:52:09,971     INFO Showing feedback
2017-12-03 17:52:10,424     INFO Received trigger 5
2017-12-03 17:52:11,423     INFO Received trigger 5
2017-12-03 17:52:11,424     INFO End of feedback
2017-12-03 17:52:11,425     INFO End of trial
2017-12-03 17:52:11,428     INFO Showing fixation
2017-12-03 17:52:12,423     INFO Received trigger 5
2017-12-03 17:52:13,424     INFO Received trigger 5
2017-12-03 17:52:14,424     INFO Received trigger 5
2017-12-03 17:52:15,424     INFO Received trigger 5
2017-12-03 17:52:15,424     INFO End of fixation
2017-12-03 17:52:15,424     INFO Showing anchor face
2017-12-03 17:52:16,423     INFO Received trigger 5
2017-12-03 17:52:16,423     INFO End of anchor face
2017-12-03 17:52:16,427     INFO Showing fixation
2017-12-03 17:52:16,938     INFO End of fixation
2017-12-03 17:52:16,941     INFO Showing number
2017-12-03 17:52:17,424     INFO Received trigger 5
2017-12-03 17:52:17,424     INFO End of number
2017-12-03 17:52:17,427     INFO Showing fixation
2017-12-03 17:52:18,425     INFO Received trigger 5
2017-12-03 17:52:19,423     INFO Received trigger 5
2017-12-03 17:52:20,424     INFO Received trigger 5
2017-12-03 17:52:21,423     INFO Received trigger 5
2017-12-03 17:52:22,424     INFO Received trigger 5
2017-12-03 17:52:23,423     INFO Received trigger 5
2017-12-03 17:52:23,424     INFO End of fixation
2017-12-03 17:52:23,441     INFO Showing options
2017-12-03 17:52:24,364     INFO Received response [('3', 0.9082660675048828)]
2017-12-03 17:52:24,964     INFO End of options
2017-12-03 17:52:24,971     INFO Showing feedback
2017-12-03 17:52:25,423     INFO Received trigger 5
2017-12-03 17:52:26,424     INFO Received trigger 5
2017-12-03 17:52:26,424     INFO End of feedback
2017-12-03 17:52:26,425     INFO End of trial
2017-12-03 17:52:26,428     INFO Showing fixation
2017-12-03 17:52:27,422     INFO Received trigger 5
2017-12-03 17:52:28,423     INFO Received trigger 5
2017-12-03 17:52:29,422     INFO Received trigger 5
2017-12-03 17:52:30,423     INFO Received trigger 5
2017-12-03 17:52:30,423     INFO End of fixation
2017-12-03 17:52:30,423     INFO Showing anchor face
2017-12-03 17:52:31,423     INFO Received trigger 5
2017-12-03 17:52:31,423     INFO End of anchor face
2017-12-03 17:52:31,425     INFO Showing fixation
2017-12-03 17:52:31,939     INFO End of fixation
2017-12-03 17:52:31,941     INFO Showing number
2017-12-03 17:52:32,423     INFO Received trigger 5
2017-12-03 17:52:32,425     INFO End of number
2017-12-03 17:52:32,428     INFO Showing fixation
2017-12-03 17:52:33,422     INFO Received trigger 5
2017-12-03 17:52:34,423     INFO Received trigger 5
2017-12-03 17:52:35,422     INFO Received trigger 5
2017-12-03 17:52:36,422     INFO Received trigger 5
2017-12-03 17:52:37,422     INFO Received trigger 5
2017-12-03 17:52:38,423     INFO Received trigger 5
2017-12-03 17:52:38,423     INFO End of fixation
2017-12-03 17:52:38,442     INFO Showing options
2017-12-03 17:52:39,017     INFO Received response [('3', 0.5618019104003906)]
2017-12-03 17:52:39,960     INFO End of options
2017-12-03 17:52:39,971     INFO Showing feedback
2017-12-03 17:52:40,423     INFO Received trigger 5
2017-12-03 17:52:41,423     INFO Received trigger 5
2017-12-03 17:52:41,423     INFO End of feedback
2017-12-03 17:52:41,424     INFO End of trial
2017-12-03 17:52:41,427     INFO Showing fixation
2017-12-03 17:52:42,423     INFO Received trigger 5
2017-12-03 17:52:43,423     INFO Received trigger 5
2017-12-03 17:52:44,423     INFO Received trigger 5
2017-12-03 17:52:35,484     INFO Received trigger 5
2017-12-03 17:52:36,484     INFO Received trigger 5
2017-12-03 17:52:37,484     INFO Received trigger 5
2017-12-03 17:52:37,484     INFO End of fixation
2017-12-03 17:52:37,485     INFO Showing anchor face
2017-12-03 17:52:38,484     INFO Received trigger 5
2017-12-03 17:52:38,484     INFO End of anchor face
2017-12-03 17:52:38,487     INFO Showing fixation
2017-12-03 17:52:39,000     INFO End of fixation
2017-12-03 17:52:39,003     INFO Showing number
2017-12-03 17:52:39,484     INFO Received trigger 5
2017-12-03 17:52:39,484     INFO End of number
2017-12-03 17:52:39,487     INFO Showing fixation
2017-12-03 17:52:40,486     INFO Received trigger 5
2017-12-03 17:52:41,484     INFO Received trigger 5
2017-12-03 17:52:42,484     INFO Received trigger 5
2017-12-03 17:52:43,483     INFO Received trigger 5
2017-12-03 17:52:44,483     INFO Received trigger 5
2017-12-03 17:52:45,483     INFO Received trigger 5
2017-12-03 17:52:45,484     INFO End of fixation
2017-12-03 17:52:45,502     INFO Showing options
2017-12-03 17:52:46,591     INFO Received response [('1', 1.0743670463562012)]
2017-12-03 17:52:47,026     INFO End of options
2017-12-03 17:52:47,032     INFO Showing feedback
2017-12-03 17:52:47,483     INFO Received trigger 5
2017-12-03 17:52:48,483     INFO Received trigger 5
2017-12-03 17:52:48,483     INFO End of feedback
2017-12-03 17:52:48,484     INFO End of trial
2017-12-03 17:52:48,487     INFO Showing fixation
2017-12-03 17:52:49,483     INFO Received trigger 5
2017-12-03 17:52:50,483     INFO Received trigger 5
2017-12-03 17:52:51,483     INFO Received trigger 5
2017-12-03 17:52:52,483     INFO Received trigger 5
2017-12-03 17:52:53,483     INFO Received trigger 5
2017-12-03 17:52:53,483     INFO End of fixation
2017-12-03 17:52:53,484     INFO Showing anchor face
2017-12-03 17:52:54,484     INFO Received trigger 5
2017-12-03 17:52:54,484     INFO End of anchor face
2017-12-03 17:52:54,486     INFO Showing fixation
2017-12-03 17:52:55,000     INFO End of fixation
2017-12-03 17:52:55,003     INFO Showing number
2017-12-03 17:52:55,483     INFO Received trigger 5
2017-12-03 17:52:55,483     INFO End of number
2017-12-03 17:52:55,486     INFO Showing fixation
2017-12-03 17:52:56,483     INFO Received trigger 5
2017-12-03 17:52:57,483     INFO Received trigger 5
2017-12-03 17:52:58,483     INFO Received trigger 5
2017-12-03 17:52:59,483     INFO Received trigger 5
2017-12-03 17:53:00,483     INFO Received trigger 5
2017-12-03 17:53:01,483     INFO Received trigger 5
2017-12-03 17:53:01,483     INFO End of fixation
2017-12-03 17:53:01,503     INFO Showing options
2017-12-03 17:53:02,526     INFO Received response [('2', 1.0088920593261719)]
2017-12-03 17:53:03,025     INFO End of options
2017-12-03 17:53:03,032     INFO Showing feedback
2017-12-03 17:53:03,483     INFO Received trigger 5
2017-12-03 17:53:04,483     INFO Received trigger 5
2017-12-03 17:53:04,483     INFO End of feedback
2017-12-03 17:53:04,484     INFO End of trial
2017-12-03 17:53:04,487     INFO Showing fixation
2017-12-03 17:53:05,483     INFO Received trigger 5
2017-12-03 17:53:06,483     INFO Received trigger 5
2017-12-03 17:53:07,483     INFO Received trigger 5
2017-12-03 17:53:08,484     INFO Received trigger 5
2017-12-03 17:53:09,483     INFO Received trigger 5
2017-12-03 17:53:10,482     INFO Received trigger 5
2017-12-03 17:53:11,482     INFO Received trigger 5
2017-12-03 17:53:11,482     INFO End of fixation
2017-12-03 17:53:11,483     INFO Showing anchor face
2017-12-03 17:53:12,482     INFO Received trigger 5
2017-12-03 17:53:12,483     INFO End of anchor face
2017-12-03 17:53:12,485     INFO Showing fixation
2017-12-03 17:53:13,000     INFO End of fixation
2017-12-03 17:53:13,003     INFO Showing number
2017-12-03 17:53:13,482     INFO Received trigger 5
2017-12-03 17:53:13,483     INFO End of number
2017-12-03 17:53:13,486     INFO Showing fixation
2017-12-03 17:53:14,482     INFO Received trigger 5
2017-12-03 17:53:15,482     INFO Received trigger 5
2017-12-03 17:53:16,482     INFO Received trigger 5
2017-12-03 17:53:17,482     INFO Received trigger 5
2017-12-03 17:53:18,482     INFO Received trigger 5
2017-12-03 17:53:19,482     INFO Received trigger 5
2017-12-03 17:53:19,482     INFO End of fixation
2017-12-03 17:53:19,503     INFO Showing options
2017-12-03 17:53:20,168     INFO Received response [('2', 0.6506037712097168)]
2017-12-03 17:53:21,033     INFO End of options
2017-12-03 17:53:21,050     INFO Showing feedback
2017-12-03 17:53:21,482     INFO Received trigger 5
2017-12-03 17:53:22,482     INFO Received trigger 5
2017-12-03 17:53:22,485     INFO End of feedback
2017-12-03 17:53:22,486     INFO End of trial
2017-12-03 17:53:22,489     INFO Showing fixation
2017-12-03 17:53:23,482     INFO Received trigger 5
2017-12-03 17:53:24,482     INFO Received trigger 5
2017-12-03 17:53:25,483     INFO Received trigger 5
2017-12-03 17:53:26,483     INFO Received trigger 5
2017-12-03 17:53:27,482     INFO Received trigger 5
2017-12-03 17:53:28,482     INFO Received trigger 5
2017-12-03 17:53:29,482     INFO Received trigger 5
2017-12-03 17:53:29,483     INFO End of fixation
2017-12-03 17:53:29,483     INFO Showing anchor face
2017-12-03 17:53:30,482     INFO Received trigger 5
2017-12-03 17:53:30,482     INFO End of anchor face
2017-12-03 17:53:30,485     INFO Showing fixation
2017-12-03 17:53:31,000     INFO End of fixation
2017-12-03 17:53:31,003     INFO Showing number
2017-12-03 17:53:31,482     INFO Received trigger 5
2017-12-03 17:53:31,483     INFO End of number
2017-12-03 17:53:31,485     INFO Showing fixation
2017-12-03 17:53:32,482     INFO Received trigger 5
2017-12-03 17:53:33,483     INFO Received trigger 5
2017-12-03 17:53:34,483     INFO Received trigger 5
2017-12-03 17:53:35,482     INFO Received trigger 5
2017-12-03 17:53:36,481     INFO Received trigger 5
2017-12-03 17:53:37,482     INFO Received trigger 5
2017-12-03 17:53:37,482     INFO End of fixation
2017-12-03 17:53:37,500     INFO Showing options
2017-12-03 17:53:39,017     INFO No response received, showing feedback
2017-12-03 17:53:39,481     INFO Received trigger 5
2017-12-03 17:53:40,482     INFO Received trigger 5
2017-12-03 17:53:40,482     INFO End of feedback
2017-12-03 17:53:40,483     INFO End of trial
2017-12-03 17:53:40,486     INFO Showing fixation
2017-12-03 17:53:41,481     INFO Received trigger 5
2017-12-03 17:53:42,482     INFO Received trigger 5
2017-12-03 17:53:43,486     INFO Received trigger 5
2017-12-03 17:53:44,482     INFO Received trigger 5
2017-12-03 17:53:45,482     INFO Received trigger 5
2017-12-03 17:53:45,482     INFO End of fixation
2017-12-03 17:53:45,482     INFO Showing anchor face
2017-12-03 17:53:46,481     INFO Received trigger 5
2017-12-03 17:53:46,481     INFO End of anchor face
2017-12-03 17:53:46,484     INFO Showing fixation
2017-12-03 17:53:47,001     INFO End of fixation
2017-12-03 17:53:47,003     INFO Showing number
2017-12-03 17:53:47,481     INFO Received trigger 5
2017-12-03 17:53:47,482     INFO End of number
2017-12-03 17:53:47,485     INFO Showing fixation
2017-12-03 17:53:48,481     INFO Received trigger 5
2017-12-03 17:53:49,481     INFO Received trigger 5
2017-12-03 17:53:50,481     INFO Received trigger 5
2017-12-03 17:53:51,482     INFO Received trigger 5
2017-12-03 17:53:52,482     INFO Received trigger 5
2017-12-03 17:53:53,482     INFO Received trigger 5
2017-12-03 17:53:53,482     INFO End of fixation
2017-12-03 17:53:53,500     INFO Showing options
2017-12-03 17:53:54,140     INFO Received response [('3', 0.6232671737670898)]
2017-12-03 17:53:55,027     INFO End of options
2017-12-03 17:53:55,033     INFO Showing feedback
2017-12-03 17:53:55,481     INFO Received trigger 5
2017-12-03 17:53:56,481     INFO Received trigger 5
2017-12-03 17:53:56,481     INFO End of feedback
2017-12-03 17:53:56,483     INFO End of trial
2017-12-03 17:53:56,486     INFO Showing fixation
2017-12-03 17:53:57,482     INFO Received trigger 5
2017-12-03 17:53:58,481     INFO Received trigger 5
2017-12-03 17:53:59,481     INFO Received trigger 5
2017-12-03 17:54:00,481     INFO Received trigger 5
2017-12-03 17:54:00,481     INFO End of fixation
2017-12-03 17:54:00,482     INFO Showing instructions
2017-12-03 17:54:00,495     INFO Instruction: You earned 17 point(s) out of ...
2017-12-03 17:54:01,482     INFO Received response [('5', 0.9819087982177734)]
2017-12-03 17:54:01,482     INFO End of instructions
2017-12-03 17:54:01,482     INFO Showing instructions
2017-12-03 17:54:01,491     INFO Instruction: You earned 17 point(s) out of ...
2017-12-03 17:54:02,480     INFO Received response [('5', 0.9806699752807617)]
2017-12-03 17:54:02,481     INFO End of instructions
2017-12-03 17:54:02,481     INFO Showing instructions
2017-12-03 17:54:02,489     INFO Instruction: You earned 17 point(s) out of ...
2017-12-03 17:54:03,481     INFO Received response [('5', 0.9808180332183838)]
2017-12-03 17:54:03,481     INFO End of instructions
2017-12-03 17:54:03,559     INFO Showing instructions
2017-12-03 17:54:03,592     INFO Instruction: You have completed Run #1.  Ru...
