2017-12-10 18:53:46,432     INFO #[ PsychoPy2 RuntimeInfoStart ]
  #[[ PsychoPy ]] #---------
    psychopyVersion: 1.85.4
    psychopyHaveExtRush: True
  #[[ Experiment ]] #---------
    experimentRunTime: 2017_12_10 18:53 (Year_Month_Day Hour:Min)
    experimentRunTime.epoch: 1512960823
    experimentScript: hierNavigation.py
    experimentScript.digestSHA1: 1f7f9a21a22ed531418a3eeed5c556b3b77acaf4
    experimentScript.directory: /Users/csnl/Repos/hierarchyNavigation
  #[[ System ]] #---------
    systemHaveInternetAccess: True
    systemHostName: CSNLs-MacBook-Air.local
    systemLocale: C
    systemMemFreeRAM: 3584.21875
    systemMemTotalRAM: 8192.0
    systemPlatform: darwin 10.13 x86_64
    systemPyo.InputDevices: {0: {'host api index': 0, 'latency': 0.0029478457290679216, 'default sr': 44100, 'name': u'Built-in Microph'}, 2: {'host api index': 0, 'latency': 0.009999999776482582, 'default sr': 44100, 'name': u'NoMachine Audio Adapter'}, 3: {'host api index': 0, 'latency': 0.009999999776482582, 'default sr': 44100, 'name': u'NoMachine Microphone Adapter'}}
    systemPyo.OutputDevices: {1: {'host api index': 0, 'latency': 0.007551020476967096, 'default sr': 44100, 'name': u'Built-in Output'}, 2: {'host api index': 0, 'latency': 0.001451247138902545, 'default sr': 44100, 'name': u'NoMachine Audio Adapter'}, 3: {'host api index': 0, 'latency': 0.001451247138902545, 'default sr': 44100, 'name': u'NoMachine Microphone Adapter'}}
    systemPyoVersion: 0.8.6
    systemRebooted: Oct 27 16:03
    systemSec.OpenSSLVersion: LibreSSL 2.2.7
    systemSec.pythonSSL: True
    systemTimeNumpySD1000000_sec: 0.0053
    systemUser: csnl
    systemUserID: 501
    systemUserProcCount: 176
    systemUserProcFlagged: iTunes mdworker Safari
    systemUsersCount: 1
  #[[ Window ]] #---------
    windowRefreshTimeSD_ms: 0.074
    windowRefreshTimeMedian_ms: 16.660
    windowRefreshTimeAvg_ms: 16.666
  #[[ Python ]] #---------
    pythonVersion: 2.7.12
  #[[ OpenGL ]] #---------
#[ PsychoPy2 RuntimeInfoEnd ]

2017-12-10 18:53:46,663     INFO Starting experiment
2017-12-10 18:53:46,762     INFO Showing instructions
2017-12-10 18:53:46,789     INFO Instruction: Welcome!  In this task, you wi...
2017-12-10 18:53:50,725     INFO Received response [('space', 3.9122848510742188)]
2017-12-10 18:53:50,748     INFO Instruction: Each trial will begin with a "...
2017-12-10 18:53:52,452     INFO Received response [('space', 1.692544937133789)]
2017-12-10 18:53:52,494     INFO Instruction: Your job is to figure out who ...
2017-12-10 18:53:53,826     INFO Received response [('space', 1.315943956375122)]
2017-12-10 18:53:53,826     INFO End of instructions
2017-12-10 18:53:53,832     INFO Showing instructions
2017-12-10 18:53:53,866     INFO Instruction: Blue numbers mean figure out w...
2017-12-10 18:53:54,167     INFO Received response [('space', 0.2905690670013428)]
2017-12-10 18:53:54,167     INFO End of instructions
2017-12-10 18:53:54,173     INFO Showing instructions
2017-12-10 18:53:54,209     INFO Instruction: You'll have a few seconds to f...
2017-12-10 18:53:54,577     INFO Received response [('space', 0.35059285163879395)]
2017-12-10 18:53:54,577     INFO End of instructions
2017-12-10 18:53:54,584     INFO Showing instructions
2017-12-10 18:53:54,599     INFO Instruction: When the response options are ...
2017-12-10 18:53:56,691     INFO Received response [('space', 2.081279993057251)]
2017-12-10 18:53:56,691     INFO End of instructions
2017-12-10 18:53:56,728     INFO Showing instructions
2017-12-10 18:53:56,738     INFO Instruction: Press one of the arrow keys to...
2017-12-10 18:53:57,563     INFO Received response [('space', 0.8027598857879639)]
2017-12-10 18:53:57,563     INFO End of instructions
2017-12-10 18:53:57,569     INFO Showing instructions
2017-12-10 18:53:57,607     INFO Instruction: Run #1 of 1 is starting soon. ...
2017-12-10 18:54:03,053     INFO Received response [('space', 5.42588996887207)]
2017-12-10 18:54:03,053     INFO End of instructions
2017-12-10 18:54:03,053     INFO Showing anchor face
2017-12-10 18:54:04,062     INFO End of anchor face
2017-12-10 18:54:04,067     INFO Showing fixation
2017-12-10 18:54:04,578     INFO End of fixation
2017-12-10 18:54:04,596     INFO Showing number
2017-12-10 18:54:05,611     INFO End of number
2017-12-10 18:54:05,615     INFO Showing fixation
2017-12-10 18:54:11,628     INFO End of fixation
2017-12-10 18:54:11,656     INFO Showing options
2017-12-10 18:54:12,782     INFO Received response [('down', 1.1206228733062744)]
2017-12-10 18:54:13,175     INFO End of options
2017-12-10 18:54:13,178     INFO Showing feedback
2017-12-10 18:54:15,196     INFO End of feedback
2017-12-10 18:54:15,197     INFO End of trial
2017-12-10 18:54:15,200     INFO Showing fixation
2017-12-10 18:54:19,213     INFO End of fixation
2017-12-10 18:54:19,213     INFO Showing anchor face
2017-12-10 18:54:20,230     INFO End of anchor face
2017-12-10 18:54:20,233     INFO Showing fixation
2017-12-10 18:54:20,746     INFO End of fixation
2017-12-10 18:54:20,751     INFO Showing number
2017-12-10 18:54:21,763     INFO End of number
2017-12-10 18:54:21,766     INFO Showing fixation
2017-12-10 18:54:27,779     INFO End of fixation
2017-12-10 18:54:27,804     INFO Showing options
2017-12-10 18:54:28,602     INFO Received response [('down', 0.7882800102233887)]
2017-12-10 18:54:29,326     INFO End of options
2017-12-10 18:54:29,329     INFO Showing feedback
2017-12-10 18:54:31,347     INFO End of feedback
2017-12-10 18:54:31,348     INFO End of trial
2017-12-10 18:54:31,351     INFO Showing fixation
2017-12-10 18:54:35,364     INFO End of fixation
2017-12-10 18:54:35,365     INFO Showing anchor face
2017-12-10 18:54:36,381     INFO End of anchor face
2017-12-10 18:54:36,384     INFO Showing fixation
2017-12-10 18:54:36,898     INFO End of fixation
2017-12-10 18:54:36,903     INFO Showing number
2017-12-10 18:54:37,915     INFO End of number
2017-12-10 18:54:37,918     INFO Showing fixation
2017-12-10 18:54:43,932     INFO End of fixation
2017-12-10 18:54:43,954     INFO Showing options
2017-12-10 18:54:44,738     INFO Received response [('left', 0.7734460830688477)]
2017-12-10 18:54:45,475     INFO End of options
2017-12-10 18:54:45,481     INFO Showing feedback
2017-12-10 18:54:47,499     INFO End of feedback
2017-12-10 18:54:47,504     INFO End of trial
2017-12-10 18:54:47,507     INFO Showing fixation
2017-12-10 18:54:51,516     INFO End of fixation
2017-12-10 18:54:51,517     INFO Showing anchor face
2017-12-10 18:54:52,533     INFO End of anchor face
2017-12-10 18:54:52,536     INFO Showing fixation
2017-12-10 18:54:53,050     INFO End of fixation
2017-12-10 18:54:53,052     INFO Showing number
2017-12-10 18:54:54,066     INFO End of number
2017-12-10 18:54:54,069     INFO Showing fixation
2017-12-10 18:55:00,083     INFO End of fixation
2017-12-10 18:55:00,106     INFO Showing options
2017-12-10 18:55:00,776     INFO Received response [('left', 0.6590311527252197)]
2017-12-10 18:55:01,625     INFO End of options
2017-12-10 18:55:01,633     INFO Showing feedback
2017-12-10 18:55:03,649     INFO End of feedback
2017-12-10 18:55:03,651     INFO End of trial
2017-12-10 18:55:03,654     INFO Showing fixation
2017-12-10 18:55:07,668     INFO End of fixation
2017-12-10 18:55:07,668     INFO Showing anchor face
2017-12-10 18:55:08,683     INFO End of anchor face
2017-12-10 18:55:08,687     INFO Showing fixation
2017-12-10 18:55:09,201     INFO End of fixation
2017-12-10 18:55:09,204     INFO Showing number
2017-12-10 18:55:10,218     INFO End of number
2017-12-10 18:55:10,221     INFO Showing fixation
2017-12-10 18:55:16,235     INFO End of fixation
2017-12-10 18:55:16,255     INFO Showing options
2017-12-10 18:55:16,812     INFO Received response [('right', 0.5440471172332764)]
2017-12-10 18:55:17,775     INFO End of options
2017-12-10 18:55:17,784     INFO Showing feedback
2017-12-10 18:55:19,802     INFO End of feedback
2017-12-10 18:55:19,803     INFO End of trial
2017-12-10 18:55:19,807     INFO Showing fixation
2017-12-10 18:55:23,819     INFO End of fixation
2017-12-10 18:55:23,820     INFO Showing anchor face
2017-12-10 18:55:24,837     INFO End of anchor face
2017-12-10 18:55:24,840     INFO Showing fixation
2017-12-10 18:55:25,352     INFO End of fixation
2017-12-10 18:55:25,355     INFO Showing number
2017-12-10 18:55:26,369     INFO End of number
2017-12-10 18:55:26,373     INFO Showing fixation
2017-12-10 18:55:32,386     INFO End of fixation
2017-12-10 18:55:32,406     INFO Showing options
2017-12-10 18:55:33,052     INFO Received response [('down', 0.6325681209564209)]
2017-12-10 18:55:33,938     INFO End of options
2017-12-10 18:55:33,952     INFO Showing feedback
2017-12-10 18:55:35,970     INFO End of feedback
2017-12-10 18:55:35,972     INFO End of trial
2017-12-10 18:55:35,975     INFO Showing fixation
2017-12-10 18:55:39,987     INFO End of fixation
2017-12-10 18:55:39,988     INFO Showing anchor face
2017-12-10 18:55:41,004     INFO End of anchor face
2017-12-10 18:55:41,007     INFO Showing fixation
2017-12-10 18:55:41,521     INFO End of fixation
2017-12-10 18:55:41,524     INFO Showing number
2017-12-10 18:55:42,538     INFO End of number
2017-12-10 18:55:42,541     INFO Showing fixation
2017-12-10 18:55:48,555     INFO End of fixation
2017-12-10 18:55:48,583     INFO Showing options
2017-12-10 18:55:49,596     INFO Received response [('left', 1.007774829864502)]
2017-12-10 18:55:50,098     INFO End of options
2017-12-10 18:55:50,104     INFO Showing feedback
2017-12-10 18:55:52,122     INFO End of feedback
2017-12-10 18:55:52,123     INFO End of trial
2017-12-10 18:55:52,126     INFO Showing fixation
2017-12-10 18:55:56,139     INFO End of fixation
2017-12-10 18:55:56,140     INFO Showing anchor face
2017-12-10 18:55:57,156     INFO End of anchor face
2017-12-10 18:55:57,159     INFO Showing fixation
2017-12-10 18:55:57,673     INFO End of fixation
2017-12-10 18:55:57,676     INFO Showing number
2017-12-10 18:55:58,689     INFO End of number
2017-12-10 18:55:58,693     INFO Showing fixation
2017-12-10 18:56:04,707     INFO End of fixation
2017-12-10 18:56:04,728     INFO Showing options
2017-12-10 18:56:05,364     INFO Received response [('right', 0.6248409748077393)]
2017-12-10 18:56:06,249     INFO End of options
2017-12-10 18:56:06,256     INFO Showing feedback
2017-12-10 18:56:08,274     INFO End of feedback
2017-12-10 18:56:08,275     INFO End of trial
2017-12-10 18:56:08,278     INFO Showing fixation
2017-12-10 18:56:12,291     INFO End of fixation
2017-12-10 18:56:12,292     INFO Showing anchor face
2017-12-10 18:56:13,308     INFO End of anchor face
2017-12-10 18:56:13,312     INFO Showing fixation
2017-12-10 18:56:13,824     INFO End of fixation
2017-12-10 18:56:13,827     INFO Showing number
2017-12-10 18:56:14,841     INFO End of number
2017-12-10 18:56:14,845     INFO Showing fixation
2017-12-10 18:56:20,858     INFO End of fixation
2017-12-10 18:56:20,882     INFO Showing options
2017-12-10 18:56:21,364     INFO Received response [('right', 0.4720580577850342)]
2017-12-10 18:56:22,403     INFO End of options
2017-12-10 18:56:22,407     INFO Showing feedback
2017-12-10 18:56:24,425     INFO End of feedback
2017-12-10 18:56:24,427     INFO End of trial
2017-12-10 18:56:24,430     INFO Showing fixation
2017-12-10 18:56:28,442     INFO End of fixation
2017-12-10 18:56:28,443     INFO Showing anchor face
2017-12-10 18:56:29,459     INFO End of anchor face
2017-12-10 18:56:29,463     INFO Showing fixation
2017-12-10 18:56:29,976     INFO End of fixation
2017-12-10 18:56:29,979     INFO Showing number
2017-12-10 18:56:30,993     INFO End of number
2017-12-10 18:56:30,996     INFO Showing fixation
2017-12-10 18:56:37,010     INFO End of fixation
2017-12-10 18:56:37,029     INFO Showing options
2017-12-10 18:56:37,780     INFO Received response [('down', 0.7375619411468506)]
2017-12-10 18:56:38,556     INFO End of options
2017-12-10 18:56:38,559     INFO Showing feedback
2017-12-10 18:56:40,577     INFO End of feedback
2017-12-10 18:56:40,578     INFO End of trial
2017-12-10 18:56:40,581     INFO Showing fixation
2017-12-10 18:56:44,594     INFO End of fixation
2017-12-10 18:56:44,595     INFO Showing anchor face
2017-12-10 18:56:45,611     INFO End of anchor face
2017-12-10 18:56:45,615     INFO Showing fixation
2017-12-10 18:56:46,127     INFO End of fixation
2017-12-10 18:56:46,130     INFO Showing number
2017-12-10 18:56:47,144     INFO End of number
2017-12-10 18:56:47,148     INFO Showing fixation
2017-12-10 18:56:53,161     INFO End of fixation
2017-12-10 18:56:53,181     INFO Showing options
2017-12-10 18:56:54,664     INFO Received response [('up', 1.4704620838165283)]
2017-12-10 18:56:54,707     INFO End of options
2017-12-10 18:56:54,711     INFO Showing feedback
2017-12-10 18:56:56,729     INFO End of feedback
2017-12-10 18:56:56,730     INFO End of trial
2017-12-10 18:56:56,733     INFO Showing fixation
2017-12-10 18:57:00,746     INFO End of fixation
2017-12-10 18:57:00,746     INFO Showing anchor face
2017-12-10 18:57:01,762     INFO End of anchor face
2017-12-10 18:57:01,766     INFO Showing fixation
2017-12-10 18:57:02,279     INFO End of fixation
2017-12-10 18:57:02,281     INFO Showing number
2017-12-10 18:57:03,296     INFO End of number
2017-12-10 18:57:03,299     INFO Showing fixation
2017-12-10 18:57:09,313     INFO End of fixation
2017-12-10 18:57:09,332     INFO Showing options
2017-12-10 18:57:10,258     INFO Received response [('left', 0.9114551544189453)]
2017-12-10 18:57:10,852     INFO End of options
2017-12-10 18:57:10,862     INFO Showing feedback
2017-12-10 18:57:12,880     INFO End of feedback
2017-12-10 18:57:12,881     INFO End of trial
2017-12-10 18:57:12,885     INFO Showing fixation
2017-12-10 18:57:16,897     INFO End of fixation
2017-12-10 18:57:16,898     INFO Showing anchor face
2017-12-10 18:57:17,914     INFO End of anchor face
2017-12-10 18:57:17,921     INFO Showing fixation
2017-12-10 18:57:18,431     INFO End of fixation
2017-12-10 18:57:18,434     INFO Showing number
2017-12-10 18:57:19,448     INFO End of number
2017-12-10 18:57:19,451     INFO Showing fixation
2017-12-10 18:57:25,465     INFO End of fixation
2017-12-10 18:57:25,484     INFO Showing options
2017-12-10 18:57:26,478     INFO Received response [('up', 0.9812798500061035)]
2017-12-10 18:57:27,017     INFO End of options
2017-12-10 18:57:27,031     INFO Showing feedback
2017-12-10 18:57:29,048     INFO End of feedback
2017-12-10 18:57:29,050     INFO End of trial
2017-12-10 18:57:29,053     INFO Showing fixation
2017-12-10 18:57:33,066     INFO End of fixation
2017-12-10 18:57:33,067     INFO Showing anchor face
2017-12-10 18:57:34,082     INFO End of anchor face
2017-12-10 18:57:34,086     INFO Showing fixation
2017-12-10 18:57:34,599     INFO End of fixation
2017-12-10 18:57:34,602     INFO Showing number
2017-12-10 18:57:35,616     INFO End of number
2017-12-10 18:57:35,622     INFO Showing fixation
2017-12-10 18:57:41,633     INFO End of fixation
2017-12-10 18:57:41,652     INFO Showing options
2017-12-10 18:57:42,451     INFO Received response [('left', 0.7845430374145508)]
2017-12-10 18:57:43,182     INFO End of options
2017-12-10 18:57:43,199     INFO Showing feedback
2017-12-10 18:57:45,217     INFO End of feedback
2017-12-10 18:57:45,218     INFO End of trial
2017-12-10 18:57:45,221     INFO Showing fixation
2017-12-10 18:57:49,233     INFO End of fixation
2017-12-10 18:57:49,239     INFO Showing anchor face
2017-12-10 18:57:50,251     INFO End of anchor face
2017-12-10 18:57:50,257     INFO Showing fixation
2017-12-10 18:57:50,767     INFO End of fixation
2017-12-10 18:57:50,770     INFO Showing number
2017-12-10 18:57:51,784     INFO End of number
2017-12-10 18:57:51,789     INFO Showing fixation
2017-12-10 18:57:57,801     INFO End of fixation
2017-12-10 18:57:57,821     INFO Showing options
2017-12-10 18:57:58,734     INFO Received response [('down', 0.899756908416748)]
2017-12-10 18:57:59,352     INFO End of options
2017-12-10 18:57:59,367     INFO Showing feedback
2017-12-10 18:58:01,385     INFO End of feedback
2017-12-10 18:58:01,386     INFO End of trial
2017-12-10 18:58:01,389     INFO Showing fixation
2017-12-10 18:58:05,402     INFO End of fixation
2017-12-10 18:58:05,403     INFO Showing anchor face
2017-12-10 18:58:06,419     INFO End of anchor face
2017-12-10 18:58:06,422     INFO Showing fixation
2017-12-10 18:58:06,936     INFO End of fixation
2017-12-10 18:58:06,938     INFO Showing number
2017-12-10 18:58:07,952     INFO End of number
2017-12-10 18:58:07,955     INFO Showing fixation
2017-12-10 18:58:13,969     INFO End of fixation
2017-12-10 18:58:13,988     INFO Showing options
2017-12-10 18:58:14,665     INFO Received response [('right', 0.6625630855560303)]
2017-12-10 18:58:15,507     INFO End of options
2017-12-10 18:58:15,519     INFO Showing feedback
2017-12-10 18:58:17,536     INFO End of feedback
2017-12-10 18:58:17,541     INFO End of trial
2017-12-10 18:58:17,544     INFO Showing fixation
2017-12-10 18:58:21,554     INFO End of fixation
2017-12-10 18:58:21,554     INFO Showing anchor face
2017-12-10 18:58:22,571     INFO End of anchor face
2017-12-10 18:58:22,574     INFO Showing fixation
2017-12-10 18:58:23,087     INFO End of fixation
2017-12-10 18:58:23,090     INFO Showing number
2017-12-10 18:58:24,104     INFO End of number
2017-12-10 18:58:24,107     INFO Showing fixation
2017-12-10 18:58:30,121     INFO End of fixation
2017-12-10 18:58:30,142     INFO Showing options
2017-12-10 18:58:30,938     INFO Received response [('up', 0.7836670875549316)]
2017-12-10 18:58:31,671     INFO End of options
2017-12-10 18:58:31,687     INFO Showing feedback
2017-12-10 18:58:33,705     INFO End of feedback
2017-12-10 18:58:33,706     INFO End of trial
2017-12-10 18:58:33,709     INFO Showing fixation
2017-12-10 18:58:37,722     INFO End of fixation
2017-12-10 18:58:37,722     INFO Showing anchor face
2017-12-10 18:58:38,739     INFO End of anchor face
2017-12-10 18:58:38,742     INFO Showing fixation
2017-12-10 18:58:39,256     INFO End of fixation
2017-12-10 18:58:39,258     INFO Showing number
2017-12-10 18:58:40,272     INFO End of number
2017-12-10 18:58:40,276     INFO Showing fixation
2017-12-10 18:58:46,289     INFO End of fixation
2017-12-10 18:58:46,308     INFO Showing options
2017-12-10 18:58:47,129     INFO Received response [('left', 0.8071179389953613)]
2017-12-10 18:58:47,833     INFO End of options
2017-12-10 18:58:47,839     INFO Showing feedback
2017-12-10 18:58:49,856     INFO End of feedback
2017-12-10 18:58:49,858     INFO End of trial
2017-12-10 18:58:49,861     INFO Showing fixation
2017-12-10 18:58:53,873     INFO End of fixation
2017-12-10 18:58:53,874     INFO Showing anchor face
2017-12-10 18:58:54,890     INFO End of anchor face
2017-12-10 18:58:54,896     INFO Showing fixation
2017-12-10 18:58:55,407     INFO End of fixation
2017-12-10 18:58:55,410     INFO Showing number
2017-12-10 18:58:56,424     INFO End of number
2017-12-10 18:58:56,505     INFO Showing fixation
2017-12-10 18:59:02,524     INFO End of fixation
2017-12-10 18:59:02,544     INFO Showing options
2017-12-10 18:59:03,375     INFO Received response [('up', 0.8177058696746826)]
2017-12-10 18:59:04,074     INFO End of options
2017-12-10 18:59:04,090     INFO Showing feedback
2017-12-10 18:59:06,108     INFO End of feedback
2017-12-10 18:59:06,109     INFO End of trial
2017-12-10 18:59:06,113     INFO Showing fixation
2017-12-10 18:59:10,125     INFO End of fixation
2017-12-10 18:59:10,126     INFO Showing anchor face
2017-12-10 18:59:11,142     INFO End of anchor face
2017-12-10 18:59:11,145     INFO Showing fixation
2017-12-10 18:59:11,659     INFO End of fixation
2017-12-10 18:59:11,662     INFO Showing number
2017-12-10 18:59:12,676     INFO End of number
2017-12-10 18:59:12,679     INFO Showing fixation
2017-12-10 18:59:18,693     INFO End of fixation
2017-12-10 18:59:18,713     INFO Showing options
2017-12-10 18:59:19,416     INFO Received response [('right', 0.6909439563751221)]
2017-12-10 18:59:20,235     INFO End of options
2017-12-10 18:59:20,242     INFO Showing feedback
2017-12-10 18:59:22,260     INFO End of feedback
2017-12-10 18:59:22,261     INFO End of trial
2017-12-10 18:59:22,264     INFO Showing fixation
2017-12-10 18:59:26,277     INFO End of fixation
2017-12-10 18:59:26,278     INFO Showing anchor face
2017-12-10 18:59:27,294     INFO End of anchor face
2017-12-10 18:59:27,297     INFO Showing fixation
2017-12-10 18:59:27,810     INFO End of fixation
2017-12-10 18:59:27,813     INFO Showing number
2017-12-10 18:59:28,827     INFO End of number
2017-12-10 18:59:28,830     INFO Showing fixation
2017-12-10 18:59:34,844     INFO End of fixation
2017-12-10 18:59:34,863     INFO Showing options
2017-12-10 18:59:36,070     INFO Received response [('up', 1.192958116531372)]
2017-12-10 18:59:36,385     INFO End of options
2017-12-10 18:59:36,394     INFO Showing feedback
2017-12-10 18:59:38,411     INFO End of feedback
2017-12-10 18:59:38,413     INFO End of trial
2017-12-10 18:59:38,416     INFO Showing fixation
2017-12-10 18:59:42,428     INFO End of fixation
2017-12-10 18:59:42,429     INFO Showing anchor face
2017-12-10 18:59:43,445     INFO End of anchor face
2017-12-10 18:59:43,448     INFO Showing fixation
2017-12-10 18:59:43,962     INFO End of fixation
2017-12-10 18:59:43,965     INFO Showing number
2017-12-10 18:59:44,979     INFO End of number
2017-12-10 18:59:44,982     INFO Showing fixation
2017-12-10 18:59:50,996     INFO End of fixation
2017-12-10 18:59:51,016     INFO Showing options
2017-12-10 18:59:51,385     INFO Received response [('right', 0.356827974319458)]
2017-12-10 18:59:52,539     INFO End of options
2017-12-10 18:59:52,545     INFO Showing feedback
2017-12-10 18:59:54,563     INFO End of feedback
2017-12-10 18:59:54,564     INFO End of trial
2017-12-10 18:59:54,567     INFO Showing fixation
2017-12-10 18:59:58,580     INFO End of fixation
2017-12-10 18:59:58,581     INFO Showing anchor face
2017-12-10 18:59:59,597     INFO End of anchor face
2017-12-10 18:59:59,600     INFO Showing fixation
2017-12-10 19:00:00,114     INFO End of fixation
2017-12-10 19:00:00,117     INFO Showing number
2017-12-10 19:00:01,130     INFO End of number
2017-12-10 19:00:01,134     INFO Showing fixation
2017-12-10 19:00:07,147     INFO End of fixation
2017-12-10 19:00:07,172     INFO Showing options
2017-12-10 19:00:07,962     INFO Received response [('up', 0.7814338207244873)]
2017-12-10 19:00:08,699     INFO End of options
2017-12-10 19:00:08,713     INFO Showing feedback
2017-12-10 19:00:10,731     INFO End of feedback
2017-12-10 19:00:10,733     INFO End of trial
2017-12-10 19:00:10,736     INFO Showing fixation
2017-12-10 19:00:14,748     INFO End of fixation
2017-12-10 19:00:14,749     INFO Showing anchor face
2017-12-10 19:00:15,765     INFO End of anchor face
2017-12-10 19:00:15,768     INFO Showing fixation
2017-12-10 19:00:16,282     INFO End of fixation
2017-12-10 19:00:16,285     INFO Showing number
2017-12-10 19:00:17,299     INFO End of number
2017-12-10 19:00:17,305     INFO Showing fixation
2017-12-10 19:00:23,316     INFO End of fixation
2017-12-10 19:00:23,340     INFO Showing options
2017-12-10 19:00:24,657     INFO Received response [('right', 1.308769941329956)]
2017-12-10 19:00:24,856     INFO End of options
2017-12-10 19:00:24,865     INFO Showing feedback
2017-12-10 19:00:26,883     INFO End of feedback
2017-12-10 19:00:26,884     INFO End of trial
2017-12-10 19:00:26,887     INFO Showing fixation
2017-12-10 19:00:30,900     INFO End of fixation
2017-12-10 19:00:30,907     INFO Showing instructions
2017-12-10 19:00:30,923     INFO Instruction: You earned 23 point(s) out of ...
2017-12-10 19:00:33,489     INFO Received response [('space', 2.539025068283081)]
2017-12-10 19:00:33,489     INFO End of instructions
2017-12-10 19:00:33,495     INFO Showing instructions
2017-12-10 19:00:33,503     INFO Instruction: This task is complete! Thank y...
2017-12-10 19:00:34,443     INFO Received response [('space', 0.9264430999755859)]
2017-12-10 19:00:34,443     INFO End of instructions
2017-12-10 19:00:34,443     INFO Experiment ended
