2017-12-10 17:16:00,099     INFO #[ PsychoPy2 RuntimeInfoStart ]
  #[[ PsychoPy ]] #---------
    psychopyVersion: 1.85.4
    psychopyHaveExtRush: True
  #[[ Experiment ]] #---------
    experimentRunTime: 2017_12_10 17:15 (Year_Month_Day Hour:Min)
    experimentRunTime.epoch: 1512954955
    experimentScript: hierNavigation.py
    experimentScript.digestSHA1: 1f7f9a21a22ed531418a3eeed5c556b3b77acaf4
    experimentScript.directory: /Users/csnl/Repos/hierarchyNavigation
  #[[ System ]] #---------
    systemHaveInternetAccess: True
    systemHostName: CSNLs-MacBook-Air.local
    systemLocale: C
    systemMemFreeRAM: 3916.1171875
    systemMemTotalRAM: 8192.0
    systemPlatform: darwin 10.13 x86_64
    systemPyo.InputDevices: {0: {'host api index': 0, 'latency': 0.0029478457290679216, 'default sr': 44100, 'name': u'Built-in Microph'}, 2: {'host api index': 0, 'latency': 0.009999999776482582, 'default sr': 44100, 'name': u'NoMachine Audio Adapter'}, 3: {'host api index': 0, 'latency': 0.009999999776482582, 'default sr': 44100, 'name': u'NoMachine Microphone Adapter'}}
    systemPyo.OutputDevices: {1: {'host api index': 0, 'latency': 0.007551020476967096, 'default sr': 44100, 'name': u'Built-in Output'}, 2: {'host api index': 0, 'latency': 0.001451247138902545, 'default sr': 44100, 'name': u'NoMachine Audio Adapter'}, 3: {'host api index': 0, 'latency': 0.001451247138902545, 'default sr': 44100, 'name': u'NoMachine Microphone Adapter'}}
    systemPyoVersion: 0.8.6
    systemRebooted: Oct 27 16:03
    systemSec.OpenSSLVersion: LibreSSL 2.2.7
    systemSec.pythonSSL: True
    systemTimeNumpySD1000000_sec: 0.0053
    systemUser: csnl
    systemUserID: 501
    systemUserProcCount: 184
    systemUserProcFlagged: iTunes mdworker Safari
    systemUsersCount: 1
  #[[ Window ]] #---------
    windowRefreshTimeSD_ms: 0.062
    windowRefreshTimeMedian_ms: 16.668
    windowRefreshTimeAvg_ms: 16.668
  #[[ Python ]] #---------
    pythonVersion: 2.7.12
  #[[ OpenGL ]] #---------
#[ PsychoPy2 RuntimeInfoEnd ]

2017-12-10 17:16:00,348     INFO Starting experiment
2017-12-10 17:16:00,451     INFO Showing instructions
2017-12-10 17:16:00,477     INFO Instruction: Welcome!  In this task, you wi...
2017-12-10 17:16:04,416     INFO Received response [('space', 3.921205997467041)]
2017-12-10 17:16:04,434     INFO Instruction: Each trial will begin with a "...
2017-12-10 17:16:06,887     INFO Received response [('space', 2.4440619945526123)]
2017-12-10 17:16:06,931     INFO Instruction: Your job is to figure out who ...
2017-12-10 17:16:07,552     INFO Received response [('space', 0.6090490818023682)]
2017-12-10 17:16:07,552     INFO End of instructions
2017-12-10 17:16:07,560     INFO Showing instructions
2017-12-10 17:16:07,592     INFO Instruction: Orange numbers mean figure out...
2017-12-10 17:16:07,999     INFO Received response [('space', 0.38972997665405273)]
2017-12-10 17:16:08,006     INFO End of instructions
2017-12-10 17:16:08,016     INFO Showing instructions
2017-12-10 17:16:08,054     INFO Instruction: You'll have a few seconds to f...
2017-12-10 17:16:08,834     INFO Received response [('space', 0.773576021194458)]
2017-12-10 17:16:08,834     INFO End of instructions
2017-12-10 17:16:08,840     INFO Showing instructions
2017-12-10 17:16:08,852     INFO Instruction: When the response options are ...
2017-12-10 17:16:10,945     INFO Received response [('space', 2.067723035812378)]
2017-12-10 17:16:10,945     INFO End of instructions
2017-12-10 17:16:10,981     INFO Showing instructions
2017-12-10 17:16:10,997     INFO Instruction: Press one of the arrow keys to...
2017-12-10 17:16:12,735     INFO Received response [('space', 1.7253940105438232)]
2017-12-10 17:16:12,736     INFO End of instructions
2017-12-10 17:16:12,742     INFO Showing instructions
2017-12-10 17:16:12,781     INFO Instruction: Run #1 of 1 is starting soon. ...
2017-12-10 17:16:19,057     INFO Received response [('space', 6.26367712020874)]
2017-12-10 17:16:19,058     INFO End of instructions
2017-12-10 17:16:19,058     INFO Showing anchor face
2017-12-10 17:16:20,062     INFO End of anchor face
2017-12-10 17:16:20,066     INFO Showing fixation
2017-12-10 17:16:20,579     INFO End of fixation
2017-12-10 17:16:20,596     INFO Showing number
2017-12-10 17:16:21,612     INFO End of number
2017-12-10 17:16:21,615     INFO Showing fixation
2017-12-10 17:16:27,629     INFO End of fixation
2017-12-10 17:16:27,665     INFO Showing options
2017-12-10 17:16:28,771     INFO Received response [('down', 1.093047857284546)]
2017-12-10 17:16:29,186     INFO End of options
2017-12-10 17:16:29,195     INFO Showing feedback
2017-12-10 17:16:31,213     INFO End of feedback
2017-12-10 17:16:31,214     INFO End of trial
2017-12-10 17:16:31,217     INFO Showing fixation
2017-12-10 17:16:35,230     INFO End of fixation
2017-12-10 17:16:35,231     INFO Showing anchor face
2017-12-10 17:16:36,247     INFO End of anchor face
2017-12-10 17:16:36,250     INFO Showing fixation
2017-12-10 17:16:36,764     INFO End of fixation
2017-12-10 17:16:36,768     INFO Showing number
2017-12-10 17:16:37,780     INFO End of number
2017-12-10 17:16:37,784     INFO Showing fixation
2017-12-10 17:16:43,797     INFO End of fixation
2017-12-10 17:16:43,817     INFO Showing options
2017-12-10 17:16:45,182     INFO Received response [('up', 1.3513908386230469)]
2017-12-10 17:16:45,345     INFO End of options
2017-12-10 17:16:45,363     INFO Showing feedback
2017-12-10 17:16:47,381     INFO End of feedback
2017-12-10 17:16:47,382     INFO End of trial
2017-12-10 17:16:47,386     INFO Showing fixation
2017-12-10 17:16:51,398     INFO End of fixation
2017-12-10 17:16:51,399     INFO Showing anchor face
2017-12-10 17:16:52,415     INFO End of anchor face
2017-12-10 17:16:52,419     INFO Showing fixation
2017-12-10 17:16:52,932     INFO End of fixation
2017-12-10 17:16:52,936     INFO Showing number
2017-12-10 17:16:53,949     INFO End of number
2017-12-10 17:16:53,955     INFO Showing fixation
2017-12-10 17:16:59,966     INFO End of fixation
2017-12-10 17:16:59,985     INFO Showing options
2017-12-10 17:17:00,907     INFO Received response [('left', 0.9087250232696533)]
2017-12-10 17:17:01,506     INFO End of options
2017-12-10 17:17:01,515     INFO Showing feedback
2017-12-10 17:17:03,533     INFO End of feedback
2017-12-10 17:17:03,534     INFO End of trial
2017-12-10 17:17:03,537     INFO Showing fixation
2017-12-10 17:17:07,550     INFO End of fixation
2017-12-10 17:17:07,551     INFO Showing anchor face
2017-12-10 17:17:08,567     INFO End of anchor face
2017-12-10 17:17:08,579     INFO Showing fixation
2017-12-10 17:17:09,083     INFO End of fixation
2017-12-10 17:17:09,086     INFO Showing number
2017-12-10 17:17:10,100     INFO End of number
2017-12-10 17:17:10,103     INFO Showing fixation
2017-12-10 17:17:16,117     INFO End of fixation
2017-12-10 17:17:16,136     INFO Showing options
2017-12-10 17:17:17,290     INFO Received response [('down', 1.1398351192474365)]
2017-12-10 17:17:17,661     INFO End of options
2017-12-10 17:17:17,666     INFO Showing feedback
2017-12-10 17:17:19,684     INFO End of feedback
2017-12-10 17:17:19,686     INFO End of trial
2017-12-10 17:17:19,689     INFO Showing fixation
2017-12-10 17:17:23,701     INFO End of fixation
2017-12-10 17:17:23,701     INFO Showing anchor face
2017-12-10 17:17:24,718     INFO End of anchor face
2017-12-10 17:17:24,723     INFO Showing fixation
2017-12-10 17:17:25,235     INFO End of fixation
2017-12-10 17:17:25,238     INFO Showing number
2017-12-10 17:17:26,252     INFO End of number
2017-12-10 17:17:26,255     INFO Showing fixation
2017-12-10 17:17:32,269     INFO End of fixation
2017-12-10 17:17:32,289     INFO Showing options
2017-12-10 17:17:32,962     INFO Received response [('left', 0.6605439186096191)]
2017-12-10 17:17:33,809     INFO End of options
2017-12-10 17:17:33,818     INFO Showing feedback
2017-12-10 17:17:35,835     INFO End of feedback
2017-12-10 17:17:35,836     INFO End of trial
2017-12-10 17:17:35,839     INFO Showing fixation
2017-12-10 17:17:39,853     INFO End of fixation
2017-12-10 17:17:39,861     INFO Showing anchor face
2017-12-10 17:17:40,870     INFO End of anchor face
2017-12-10 17:17:40,874     INFO Showing fixation
2017-12-10 17:17:41,387     INFO End of fixation
2017-12-10 17:17:41,389     INFO Showing number
2017-12-10 17:17:42,403     INFO End of number
2017-12-10 17:17:42,408     INFO Showing fixation
2017-12-10 17:17:48,420     INFO End of fixation
2017-12-10 17:17:48,440     INFO Showing options
2017-12-10 17:17:49,667     INFO Received response [('left', 1.2135181427001953)]
2017-12-10 17:17:49,958     INFO End of options
2017-12-10 17:17:49,970     INFO Showing feedback
2017-12-10 17:17:51,988     INFO End of feedback
2017-12-10 17:17:51,989     INFO End of trial
2017-12-10 17:17:51,992     INFO Showing fixation
2017-12-10 17:17:56,004     INFO End of fixation
2017-12-10 17:17:56,005     INFO Showing anchor face
2017-12-10 17:17:57,020     INFO End of anchor face
2017-12-10 17:17:57,024     INFO Showing fixation
2017-12-10 17:17:57,538     INFO End of fixation
2017-12-10 17:17:57,542     INFO Showing number
2017-12-10 17:17:58,555     INFO End of number
2017-12-10 17:17:58,558     INFO Showing fixation
2017-12-10 17:18:04,572     INFO End of fixation
2017-12-10 17:18:04,591     INFO Showing options
2017-12-10 17:18:05,538     INFO Received response [('down', 0.932513952255249)]
2017-12-10 17:18:06,123     INFO End of options
2017-12-10 17:18:06,138     INFO Showing feedback
2017-12-10 17:18:08,155     INFO End of feedback
2017-12-10 17:18:08,156     INFO End of trial
2017-12-10 17:18:08,159     INFO Showing fixation
2017-12-10 17:18:12,173     INFO End of fixation
2017-12-10 17:18:12,173     INFO Showing anchor face
2017-12-10 17:18:13,190     INFO End of anchor face
2017-12-10 17:18:13,193     INFO Showing fixation
2017-12-10 17:18:13,706     INFO End of fixation
2017-12-10 17:18:13,709     INFO Showing number
2017-12-10 17:18:14,723     INFO End of number
2017-12-10 17:18:14,726     INFO Showing fixation
2017-12-10 17:18:20,741     INFO End of fixation
2017-12-10 17:18:20,760     INFO Showing options
2017-12-10 17:18:21,632     INFO Received response [('left', 0.8590919971466064)]
2017-12-10 17:18:22,282     INFO End of options
2017-12-10 17:18:22,290     INFO Showing feedback
2017-12-10 17:18:24,307     INFO End of feedback
2017-12-10 17:18:24,309     INFO End of trial
2017-12-10 17:18:24,312     INFO Showing fixation
2017-12-10 17:18:28,325     INFO End of fixation
2017-12-10 17:18:28,325     INFO Showing anchor face
2017-12-10 17:18:29,341     INFO End of anchor face
2017-12-10 17:18:29,346     INFO Showing fixation
2017-12-10 17:18:29,858     INFO End of fixation
2017-12-10 17:18:29,861     INFO Showing number
2017-12-10 17:18:30,875     INFO End of number
2017-12-10 17:18:30,878     INFO Showing fixation
2017-12-10 17:18:36,892     INFO End of fixation
2017-12-10 17:18:36,911     INFO Showing options
2017-12-10 17:18:37,568     INFO Received response [('up', 0.6433539390563965)]
2017-12-10 17:18:38,432     INFO End of options
2017-12-10 17:18:38,458     INFO Showing feedback
2017-12-10 17:18:40,476     INFO End of feedback
2017-12-10 17:18:40,477     INFO End of trial
2017-12-10 17:18:40,480     INFO Showing fixation
2017-12-10 17:18:44,493     INFO End of fixation
2017-12-10 17:18:44,493     INFO Showing anchor face
2017-12-10 17:18:45,510     INFO End of anchor face
2017-12-10 17:18:45,513     INFO Showing fixation
2017-12-10 17:18:46,026     INFO End of fixation
2017-12-10 17:18:46,028     INFO Showing number
2017-12-10 17:18:47,043     INFO End of number
2017-12-10 17:18:47,047     INFO Showing fixation
2017-12-10 17:18:53,060     INFO End of fixation
2017-12-10 17:18:53,079     INFO Showing options
2017-12-10 17:18:53,624     INFO Received response [('up', 0.5309851169586182)]
2017-12-10 17:18:54,613     INFO End of options
2017-12-10 17:18:54,626     INFO Showing feedback
2017-12-10 17:18:56,644     INFO End of feedback
2017-12-10 17:18:56,645     INFO End of trial
2017-12-10 17:18:56,648     INFO Showing fixation
2017-12-10 17:19:00,661     INFO End of fixation
2017-12-10 17:19:00,662     INFO Showing anchor face
2017-12-10 17:19:01,678     INFO End of anchor face
2017-12-10 17:19:01,681     INFO Showing fixation
2017-12-10 17:19:02,195     INFO End of fixation
2017-12-10 17:19:02,197     INFO Showing number
2017-12-10 17:19:03,211     INFO End of number
2017-12-10 17:19:03,215     INFO Showing fixation
2017-12-10 17:19:09,228     INFO End of fixation
2017-12-10 17:19:09,252     INFO Showing options
2017-12-10 17:19:09,830     INFO Received response [('right', 0.5685319900512695)]
2017-12-10 17:19:10,777     INFO End of options
2017-12-10 17:19:10,794     INFO Showing feedback
2017-12-10 17:19:12,812     INFO End of feedback
2017-12-10 17:19:12,813     INFO End of trial
2017-12-10 17:19:12,817     INFO Showing fixation
2017-12-10 17:19:16,828     INFO End of fixation
2017-12-10 17:19:16,829     INFO Showing anchor face
2017-12-10 17:19:17,846     INFO End of anchor face
2017-12-10 17:19:17,849     INFO Showing fixation
2017-12-10 17:19:18,363     INFO End of fixation
2017-12-10 17:19:18,366     INFO Showing number
2017-12-10 17:19:19,380     INFO End of number
2017-12-10 17:19:19,383     INFO Showing fixation
2017-12-10 17:19:25,396     INFO End of fixation
2017-12-10 17:19:25,415     INFO Showing options
2017-12-10 17:19:26,784     INFO Received response [('right', 1.3549609184265137)]
2017-12-10 17:19:26,941     INFO End of options
2017-12-10 17:19:26,946     INFO Showing feedback
2017-12-10 17:19:28,964     INFO End of feedback
2017-12-10 17:19:28,965     INFO End of trial
2017-12-10 17:19:28,969     INFO Showing fixation
2017-12-10 17:19:32,981     INFO End of fixation
2017-12-10 17:19:32,982     INFO Showing anchor face
2017-12-10 17:19:33,998     INFO End of anchor face
2017-12-10 17:19:34,001     INFO Showing fixation
2017-12-10 17:19:34,515     INFO End of fixation
2017-12-10 17:19:34,517     INFO Showing number
2017-12-10 17:19:35,531     INFO End of number
2017-12-10 17:19:35,534     INFO Showing fixation
2017-12-10 17:19:41,548     INFO End of fixation
2017-12-10 17:19:41,578     INFO Showing options
2017-12-10 17:19:42,830     INFO Received response [('up', 1.2323698997497559)]
2017-12-10 17:19:43,117     INFO End of options
2017-12-10 17:19:43,131     INFO Showing feedback
2017-12-10 17:19:45,148     INFO End of feedback
2017-12-10 17:19:45,149     INFO End of trial
2017-12-10 17:19:45,152     INFO Showing fixation
2017-12-10 17:19:49,166     INFO End of fixation
2017-12-10 17:19:49,166     INFO Showing anchor face
2017-12-10 17:19:50,183     INFO End of anchor face
2017-12-10 17:19:50,186     INFO Showing fixation
2017-12-10 17:19:50,699     INFO End of fixation
2017-12-10 17:19:50,702     INFO Showing number
2017-12-10 17:19:51,716     INFO End of number
2017-12-10 17:19:51,722     INFO Showing fixation
2017-12-10 17:19:57,733     INFO End of fixation
2017-12-10 17:19:57,752     INFO Showing options
2017-12-10 17:19:58,372     INFO Received response [('right', 0.6052718162536621)]
2017-12-10 17:19:59,278     INFO End of options
2017-12-10 17:19:59,282     INFO Showing feedback
2017-12-10 17:20:01,300     INFO End of feedback
2017-12-10 17:20:01,302     INFO End of trial
2017-12-10 17:20:01,305     INFO Showing fixation
2017-12-10 17:20:05,317     INFO End of fixation
2017-12-10 17:20:05,318     INFO Showing anchor face
2017-12-10 17:20:06,334     INFO End of anchor face
2017-12-10 17:20:06,338     INFO Showing fixation
2017-12-10 17:20:06,851     INFO End of fixation
2017-12-10 17:20:06,854     INFO Showing number
2017-12-10 17:20:07,868     INFO End of number
2017-12-10 17:20:07,873     INFO Showing fixation
2017-12-10 17:20:13,885     INFO End of fixation
2017-12-10 17:20:13,904     INFO Showing options
2017-12-10 17:20:14,534     INFO Received response [('left', 0.6165549755096436)]
2017-12-10 17:20:15,435     INFO End of options
2017-12-10 17:20:15,451     INFO Showing feedback
2017-12-10 17:20:17,468     INFO End of feedback
2017-12-10 17:20:17,470     INFO End of trial
2017-12-10 17:20:17,473     INFO Showing fixation
2017-12-10 17:20:21,486     INFO End of fixation
2017-12-10 17:20:21,487     INFO Showing anchor face
2017-12-10 17:20:22,503     INFO End of anchor face
2017-12-10 17:20:22,506     INFO Showing fixation
2017-12-10 17:20:23,019     INFO End of fixation
2017-12-10 17:20:23,022     INFO Showing number
2017-12-10 17:20:24,036     INFO End of number
2017-12-10 17:20:24,039     INFO Showing fixation
2017-12-10 17:20:30,053     INFO End of fixation
2017-12-10 17:20:30,078     INFO Showing options
2017-12-10 17:20:30,745     INFO Received response [('up', 0.6590349674224854)]
2017-12-10 17:20:31,594     INFO End of options
2017-12-10 17:20:31,602     INFO Showing feedback
2017-12-10 17:20:33,620     INFO End of feedback
2017-12-10 17:20:33,622     INFO End of trial
2017-12-10 17:20:33,625     INFO Showing fixation
2017-12-10 17:20:37,637     INFO End of fixation
2017-12-10 17:20:37,638     INFO Showing anchor face
2017-12-10 17:20:38,654     INFO End of anchor face
2017-12-10 17:20:38,660     INFO Showing fixation
2017-12-10 17:20:39,171     INFO End of fixation
2017-12-10 17:20:39,174     INFO Showing number
2017-12-10 17:20:40,188     INFO End of number
2017-12-10 17:20:40,191     INFO Showing fixation
2017-12-10 17:20:46,205     INFO End of fixation
2017-12-10 17:20:46,226     INFO Showing options
2017-12-10 17:20:46,907     INFO Received response [('left', 0.669867992401123)]
2017-12-10 17:20:47,752     INFO End of options
2017-12-10 17:20:47,771     INFO Showing feedback
2017-12-10 17:20:49,788     INFO End of feedback
2017-12-10 17:20:49,790     INFO End of trial
2017-12-10 17:20:49,793     INFO Showing fixation
2017-12-10 17:20:53,805     INFO End of fixation
2017-12-10 17:20:53,806     INFO Showing anchor face
2017-12-10 17:20:54,823     INFO End of anchor face
2017-12-10 17:20:54,827     INFO Showing fixation
2017-12-10 17:20:55,338     INFO End of fixation
2017-12-10 17:20:55,341     INFO Showing number
2017-12-10 17:20:56,356     INFO End of number
2017-12-10 17:20:56,359     INFO Showing fixation
2017-12-10 17:21:02,373     INFO End of fixation
2017-12-10 17:21:02,392     INFO Showing options
2017-12-10 17:21:03,338     INFO Received response [('right', 0.9326498508453369)]
2017-12-10 17:21:03,925     INFO End of options
2017-12-10 17:21:03,939     INFO Showing feedback
2017-12-10 17:21:05,957     INFO End of feedback
2017-12-10 17:21:05,958     INFO End of trial
2017-12-10 17:21:05,961     INFO Showing fixation
2017-12-10 17:21:09,974     INFO End of fixation
2017-12-10 17:21:09,981     INFO Showing anchor face
2017-12-10 17:21:10,990     INFO End of anchor face
2017-12-10 17:21:10,996     INFO Showing fixation
2017-12-10 17:21:11,507     INFO End of fixation
2017-12-10 17:21:11,510     INFO Showing number
2017-12-10 17:21:12,524     INFO End of number
2017-12-10 17:21:12,603     INFO Showing fixation
2017-12-10 17:21:18,608     INFO End of fixation
2017-12-10 17:21:18,627     INFO Showing options
2017-12-10 17:21:19,629     INFO Received response [('down', 0.9884669780731201)]
2017-12-10 17:21:20,153     INFO End of options
2017-12-10 17:21:20,157     INFO Showing feedback
2017-12-10 17:21:22,175     INFO End of feedback
2017-12-10 17:21:22,176     INFO End of trial
2017-12-10 17:21:22,179     INFO Showing fixation
2017-12-10 17:21:26,192     INFO End of fixation
2017-12-10 17:21:26,193     INFO Showing anchor face
2017-12-10 17:21:27,208     INFO End of anchor face
2017-12-10 17:21:27,214     INFO Showing fixation
2017-12-10 17:21:27,725     INFO End of fixation
2017-12-10 17:21:27,728     INFO Showing number
2017-12-10 17:21:28,742     INFO End of number
2017-12-10 17:21:28,748     INFO Showing fixation
2017-12-10 17:21:34,760     INFO End of fixation
2017-12-10 17:21:34,779     INFO Showing options
2017-12-10 17:21:35,890     INFO Received response [('up', 1.0973389148712158)]
2017-12-10 17:21:36,296     INFO End of options
2017-12-10 17:21:36,309     INFO Showing feedback
2017-12-10 17:21:38,326     INFO End of feedback
2017-12-10 17:21:38,330     INFO End of trial
2017-12-10 17:21:38,334     INFO Showing fixation
2017-12-10 17:21:42,344     INFO End of fixation
2017-12-10 17:21:42,345     INFO Showing anchor face
2017-12-10 17:21:43,361     INFO End of anchor face
2017-12-10 17:21:43,364     INFO Showing fixation
2017-12-10 17:21:43,877     INFO End of fixation
2017-12-10 17:21:43,880     INFO Showing number
2017-12-10 17:21:44,894     INFO End of number
2017-12-10 17:21:44,897     INFO Showing fixation
2017-12-10 17:21:50,911     INFO End of fixation
2017-12-10 17:21:50,930     INFO Showing options
2017-12-10 17:21:52,445     INFO No response received, showing feedback
2017-12-10 17:21:54,462     INFO End of feedback
2017-12-10 17:21:54,463     INFO End of trial
2017-12-10 17:21:54,466     INFO Showing fixation
2017-12-10 17:21:58,479     INFO End of fixation
2017-12-10 17:21:58,479     INFO Showing anchor face
2017-12-10 17:21:59,495     INFO End of anchor face
2017-12-10 17:21:59,502     INFO Showing fixation
2017-12-10 17:22:00,029     INFO End of fixation
2017-12-10 17:22:00,032     INFO Showing number
2017-12-10 17:22:01,046     INFO End of number
2017-12-10 17:22:01,049     INFO Showing fixation
2017-12-10 17:22:07,063     INFO End of fixation
2017-12-10 17:22:07,082     INFO Showing options
2017-12-10 17:22:08,182     INFO Received response [('down', 1.0863358974456787)]
2017-12-10 17:22:08,610     INFO End of options
2017-12-10 17:22:08,629     INFO Showing feedback
2017-12-10 17:22:10,645     INFO End of feedback
2017-12-10 17:22:10,647     INFO End of trial
2017-12-10 17:22:10,650     INFO Showing fixation
2017-12-10 17:22:14,664     INFO End of fixation
2017-12-10 17:22:14,665     INFO Showing anchor face
2017-12-10 17:22:15,680     INFO End of anchor face
2017-12-10 17:22:15,684     INFO Showing fixation
2017-12-10 17:22:16,197     INFO End of fixation
2017-12-10 17:22:16,200     INFO Showing number
2017-12-10 17:22:17,214     INFO End of number
2017-12-10 17:22:17,217     INFO Showing fixation
2017-12-10 17:22:23,231     INFO End of fixation
2017-12-10 17:22:23,250     INFO Showing options
2017-12-10 17:22:24,018     INFO Received response [('right', 0.7534399032592773)]
2017-12-10 17:22:24,778     INFO End of options
2017-12-10 17:22:24,797     INFO Showing feedback
2017-12-10 17:22:26,815     INFO End of feedback
2017-12-10 17:22:26,816     INFO End of trial
2017-12-10 17:22:26,820     INFO Showing fixation
2017-12-10 17:22:30,832     INFO End of fixation
2017-12-10 17:22:30,832     INFO Showing anchor face
2017-12-10 17:22:31,849     INFO End of anchor face
2017-12-10 17:22:31,852     INFO Showing fixation
2017-12-10 17:22:32,365     INFO End of fixation
2017-12-10 17:22:32,368     INFO Showing number
2017-12-10 17:22:33,381     INFO End of number
2017-12-10 17:22:33,386     INFO Showing fixation
2017-12-10 17:22:39,400     INFO End of fixation
2017-12-10 17:22:39,419     INFO Showing options
2017-12-10 17:22:40,133     INFO Received response [('down', 0.7014880180358887)]
2017-12-10 17:22:40,948     INFO End of options
2017-12-10 17:22:40,965     INFO Showing feedback
2017-12-10 17:22:42,983     INFO End of feedback
2017-12-10 17:22:42,984     INFO End of trial
2017-12-10 17:22:42,987     INFO Showing fixation
2017-12-10 17:22:47,000     INFO End of fixation
2017-12-10 17:22:47,007     INFO Showing instructions
2017-12-10 17:22:47,020     INFO Instruction: You earned 23 point(s) out of ...
2017-12-10 17:22:48,530     INFO Received response [('space', 1.4967741966247559)]
2017-12-10 17:22:48,530     INFO End of instructions
2017-12-10 17:22:48,537     INFO Showing instructions
2017-12-10 17:22:48,544     INFO Instruction: This task is complete! Thank y...
2017-12-10 17:22:49,864     INFO Received response [('space', 1.3143360614776611)]
2017-12-10 17:22:49,864     INFO End of instructions
2017-12-10 17:22:49,864     INFO Experiment ended
