2018-01-21 15:21:59,800     INFO #[ PsychoPy2 RuntimeInfoStart ]
  #[[ PsychoPy ]] #---------
    psychopyVersion: 1.85.4
    psychopyHaveExtRush: True
  #[[ Experiment ]] #---------
    experimentRunTime: 2018_01_21 15:21 (Year_Month_Day Hour:Min)
    experimentRunTime.epoch: 1516576916
    experimentScript: hierNavigation.py
    experimentScript.digestSHA1: 1f7f9a21a22ed531418a3eeed5c556b3b77acaf4
    experimentScript.directory: /Users/csnl/Repos/hierarchyNavigation
  #[[ System ]] #---------
    systemHaveInternetAccess: True
    systemHostName: CSNLs-MacBook-Air.local
    systemLocale: C
    systemMemFreeRAM: 2680.16015625
    systemMemTotalRAM: 8192.0
    systemPlatform: darwin 10.13 x86_64
    systemPyo.InputDevices: {0: {'host api index': 0, 'latency': 0.0029478457290679216, 'default sr': 44100, 'name': u'Built-in Microph'}, 2: {'host api index': 0, 'latency': 0.009999999776482582, 'default sr': 44100, 'name': u'NoMachine Audio Adapter'}, 3: {'host api index': 0, 'latency': 0.009999999776482582, 'default sr': 44100, 'name': u'NoMachine Microphone Adapter'}}
    systemPyo.OutputDevices: {1: {'host api index': 0, 'latency': 0.007551020476967096, 'default sr': 44100, 'name': u'Built-in Output'}, 2: {'host api index': 0, 'latency': 0.001451247138902545, 'default sr': 44100, 'name': u'NoMachine Audio Adapter'}, 3: {'host api index': 0, 'latency': 0.001451247138902545, 'default sr': 44100, 'name': u'NoMachine Microphone Adapter'}}
    systemPyoVersion: 0.8.6
    systemRebooted: Oct 27 16:03
    systemSec.OpenSSLVersion: LibreSSL 2.2.7
    systemSec.pythonSSL: True
    systemTimeNumpySD1000000_sec: 0.0057
    systemUser: csnl
    systemUserID: 501
    systemUserProcCount: 240
    systemUserProcFlagged: iTunes mdworker 'Google Chrome' Safari
    systemUsersCount: 1
  #[[ Window ]] #---------
    windowRefreshTimeSD_ms: 0.050
    windowRefreshTimeMedian_ms: 16.669
    windowRefreshTimeAvg_ms: 16.665
  #[[ Python ]] #---------
    pythonVersion: 2.7.12
  #[[ OpenGL ]] #---------
#[ PsychoPy2 RuntimeInfoEnd ]

2018-01-21 15:22:00,094     INFO Starting experiment
2018-01-21 15:22:00,198     INFO Showing instructions
2018-01-21 15:22:00,222     INFO Instruction: Welcome!  In this task, you wi...
2018-01-21 15:22:06,756     INFO Received response [('space', 6.511138916015625)]
2018-01-21 15:22:06,777     INFO Instruction: Each trial will begin with a "...
2018-01-21 15:22:06,933     INFO Received response [('space', 0.14041519165039062)]
2018-01-21 15:22:06,977     INFO Instruction: Your job is to figure out who ...
2018-01-21 15:22:12,905     INFO Received response [('space', 5.91203498840332)]
2018-01-21 15:22:12,905     INFO End of instructions
2018-01-21 15:22:12,911     INFO Showing instructions
2018-01-21 15:22:12,944     INFO Instruction: Blue numbers mean figure out w...
2018-01-21 15:22:18,196     INFO Received response [('space', 5.236016035079956)]
2018-01-21 15:22:18,199     INFO End of instructions
2018-01-21 15:22:18,206     INFO Showing instructions
2018-01-21 15:22:18,243     INFO Instruction: You'll have a few seconds to f...
2018-01-21 15:22:21,329     INFO Received response [('space', 3.0688090324401855)]
2018-01-21 15:22:21,329     INFO End of instructions
2018-01-21 15:22:21,336     INFO Showing instructions
2018-01-21 15:22:21,347     INFO Instruction: When the response options are ...
2018-01-21 15:22:24,398     INFO Received response [('space', 3.03775691986084)]
2018-01-21 15:22:24,399     INFO End of instructions
2018-01-21 15:22:24,437     INFO Showing instructions
2018-01-21 15:22:24,448     INFO Instruction: Press one of the arrow keys to...
2018-01-21 15:22:26,149     INFO Received response [('space', 1.6716649532318115)]
2018-01-21 15:22:26,150     INFO End of instructions
2018-01-21 15:22:26,157     INFO Showing instructions
2018-01-21 15:22:26,196     INFO Instruction: Run #1 of 1 is starting soon. ...
2018-01-21 15:22:35,059     INFO Received response [('space', 8.84734296798706)]
2018-01-21 15:22:35,059     INFO End of instructions
2018-01-21 15:22:35,059     INFO Showing anchor face
2018-01-21 15:22:36,063     INFO End of anchor face
2018-01-21 15:22:36,068     INFO Showing fixation
2018-01-21 15:22:36,580     INFO End of fixation
2018-01-21 15:22:36,598     INFO Showing number
2018-01-21 15:22:37,613     INFO End of number
2018-01-21 15:22:37,616     INFO Showing fixation
2018-01-21 15:22:43,629     INFO End of fixation
2018-01-21 15:22:43,669     INFO Showing options
2018-01-21 15:22:44,445     INFO Received response [('right', 0.7657220363616943)]
2018-01-21 15:22:45,198     INFO End of options
2018-01-21 15:22:45,213     INFO Showing feedback
2018-01-21 15:22:47,230     INFO End of feedback
2018-01-21 15:22:47,233     INFO End of trial
2018-01-21 15:22:47,238     INFO Showing fixation
2018-01-21 15:22:51,248     INFO End of fixation
2018-01-21 15:22:51,248     INFO Showing anchor face
2018-01-21 15:22:52,265     INFO End of anchor face
2018-01-21 15:22:52,268     INFO Showing fixation
2018-01-21 15:22:52,781     INFO End of fixation
2018-01-21 15:22:52,784     INFO Showing number
2018-01-21 15:22:53,798     INFO End of number
2018-01-21 15:22:53,801     INFO Showing fixation
2018-01-21 15:22:59,815     INFO End of fixation
2018-01-21 15:22:59,835     INFO Showing options
2018-01-21 15:23:00,804     INFO Received response [('right', 0.9552168846130371)]
2018-01-21 15:23:01,360     INFO End of options
2018-01-21 15:23:01,364     INFO Showing feedback
2018-01-21 15:23:03,382     INFO End of feedback
2018-01-21 15:23:03,384     INFO End of trial
2018-01-21 15:23:03,387     INFO Showing fixation
2018-01-21 15:23:07,399     INFO End of fixation
2018-01-21 15:23:07,400     INFO Showing anchor face
2018-01-21 15:23:08,416     INFO End of anchor face
2018-01-21 15:23:08,421     INFO Showing fixation
2018-01-21 15:23:08,933     INFO End of fixation
2018-01-21 15:23:08,938     INFO Showing number
2018-01-21 15:23:09,949     INFO End of number
2018-01-21 15:23:09,953     INFO Showing fixation
2018-01-21 15:23:15,967     INFO End of fixation
2018-01-21 15:23:15,987     INFO Showing options
2018-01-21 15:23:16,511     INFO Received response [('left', 0.5119209289550781)]
2018-01-21 15:23:17,505     INFO End of options
2018-01-21 15:23:17,516     INFO Showing feedback
2018-01-21 15:23:19,534     INFO End of feedback
2018-01-21 15:23:19,535     INFO End of trial
2018-01-21 15:23:19,538     INFO Showing fixation
2018-01-21 15:23:23,552     INFO End of fixation
2018-01-21 15:23:23,552     INFO Showing anchor face
2018-01-21 15:23:24,568     INFO End of anchor face
2018-01-21 15:23:24,571     INFO Showing fixation
2018-01-21 15:23:25,085     INFO End of fixation
2018-01-21 15:23:25,087     INFO Showing number
2018-01-21 15:23:26,101     INFO End of number
2018-01-21 15:23:26,105     INFO Showing fixation
2018-01-21 15:23:32,118     INFO End of fixation
2018-01-21 15:23:32,138     INFO Showing options
2018-01-21 15:23:32,642     INFO Received response [('left', 0.4898979663848877)]
2018-01-21 15:23:33,663     INFO End of options
2018-01-21 15:23:33,668     INFO Showing feedback
2018-01-21 15:23:35,686     INFO End of feedback
2018-01-21 15:23:35,687     INFO End of trial
2018-01-21 15:23:35,692     INFO Showing fixation
2018-01-21 15:23:39,703     INFO End of fixation
2018-01-21 15:23:39,703     INFO Showing anchor face
2018-01-21 15:23:40,720     INFO End of anchor face
2018-01-21 15:23:40,723     INFO Showing fixation
2018-01-21 15:23:41,237     INFO End of fixation
2018-01-21 15:23:41,241     INFO Showing number
2018-01-21 15:23:42,253     INFO End of number
2018-01-21 15:23:42,256     INFO Showing fixation
2018-01-21 15:23:48,271     INFO End of fixation
2018-01-21 15:23:48,305     INFO Showing options
2018-01-21 15:23:48,822     INFO Received response [('left', 0.5017921924591064)]
2018-01-21 15:23:49,836     INFO End of options
2018-01-21 15:23:49,853     INFO Showing feedback
2018-01-21 15:23:51,871     INFO End of feedback
2018-01-21 15:23:51,872     INFO End of trial
2018-01-21 15:23:51,875     INFO Showing fixation
2018-01-21 15:23:55,888     INFO End of fixation
2018-01-21 15:23:55,888     INFO Showing anchor face
2018-01-21 15:23:56,905     INFO End of anchor face
2018-01-21 15:23:56,908     INFO Showing fixation
2018-01-21 15:23:57,421     INFO End of fixation
2018-01-21 15:23:57,427     INFO Showing number
2018-01-21 15:23:58,438     INFO End of number
2018-01-21 15:23:58,441     INFO Showing fixation
2018-01-21 15:24:04,455     INFO End of fixation
2018-01-21 15:24:04,480     INFO Showing options
2018-01-21 15:24:04,960     INFO Received response [('up', 0.4724438190460205)]
2018-01-21 15:24:06,000     INFO End of options
2018-01-21 15:24:06,005     INFO Showing feedback
2018-01-21 15:24:08,022     INFO End of feedback
2018-01-21 15:24:08,024     INFO End of trial
2018-01-21 15:24:08,027     INFO Showing fixation
2018-01-21 15:24:12,039     INFO End of fixation
2018-01-21 15:24:12,040     INFO Showing anchor face
2018-01-21 15:24:13,056     INFO End of anchor face
2018-01-21 15:24:13,060     INFO Showing fixation
2018-01-21 15:24:13,573     INFO End of fixation
2018-01-21 15:24:13,576     INFO Showing number
2018-01-21 15:24:14,590     INFO End of number
2018-01-21 15:24:14,593     INFO Showing fixation
2018-01-21 15:24:20,607     INFO End of fixation
2018-01-21 15:24:20,628     INFO Showing options
2018-01-21 15:24:21,355     INFO Received response [('left', 0.71502685546875)]
2018-01-21 15:24:22,159     INFO End of options
2018-01-21 15:24:22,173     INFO Showing feedback
2018-01-21 15:24:24,191     INFO End of feedback
2018-01-21 15:24:24,192     INFO End of trial
2018-01-21 15:24:24,196     INFO Showing fixation
2018-01-21 15:24:28,208     INFO End of fixation
2018-01-21 15:24:28,208     INFO Showing anchor face
2018-01-21 15:24:29,225     INFO End of anchor face
2018-01-21 15:24:29,228     INFO Showing fixation
2018-01-21 15:24:29,741     INFO End of fixation
2018-01-21 15:24:29,746     INFO Showing number
2018-01-21 15:24:30,758     INFO End of number
2018-01-21 15:24:30,762     INFO Showing fixation
2018-01-21 15:24:36,776     INFO End of fixation
2018-01-21 15:24:36,796     INFO Showing options
2018-01-21 15:24:37,502     INFO Received response [('right', 0.6942138671875)]
2018-01-21 15:24:38,314     INFO End of options
2018-01-21 15:24:38,325     INFO Showing feedback
2018-01-21 15:24:40,341     INFO End of feedback
2018-01-21 15:24:40,343     INFO End of trial
2018-01-21 15:24:40,347     INFO Showing fixation
2018-01-21 15:24:44,360     INFO End of fixation
2018-01-21 15:24:44,361     INFO Showing anchor face
2018-01-21 15:24:45,376     INFO End of anchor face
2018-01-21 15:24:45,382     INFO Showing fixation
2018-01-21 15:24:45,893     INFO End of fixation
2018-01-21 15:24:45,896     INFO Showing number
2018-01-21 15:24:46,910     INFO End of number
2018-01-21 15:24:46,913     INFO Showing fixation
2018-01-21 15:24:52,927     INFO End of fixation
2018-01-21 15:24:52,947     INFO Showing options
2018-01-21 15:24:53,804     INFO Received response [('up', 0.8437650203704834)]
2018-01-21 15:24:54,528     INFO End of options
2018-01-21 15:24:54,543     INFO Showing feedback
2018-01-21 15:24:56,561     INFO End of feedback
2018-01-21 15:24:56,562     INFO End of trial
2018-01-21 15:24:56,568     INFO Showing fixation
2018-01-21 15:25:00,578     INFO End of fixation
2018-01-21 15:25:00,578     INFO Showing anchor face
2018-01-21 15:25:01,595     INFO End of anchor face
2018-01-21 15:25:01,598     INFO Showing fixation
2018-01-21 15:25:02,112     INFO End of fixation
2018-01-21 15:25:02,116     INFO Showing number
2018-01-21 15:25:03,129     INFO End of number
2018-01-21 15:25:03,132     INFO Showing fixation
2018-01-21 15:25:09,145     INFO End of fixation
2018-01-21 15:25:09,165     INFO Showing options
2018-01-21 15:25:10,077     INFO Received response [('down', 0.8988358974456787)]
2018-01-21 15:25:10,697     INFO End of options
2018-01-21 15:25:10,711     INFO Showing feedback
2018-01-21 15:25:12,729     INFO End of feedback
2018-01-21 15:25:12,731     INFO End of trial
2018-01-21 15:25:12,734     INFO Showing fixation
2018-01-21 15:25:16,747     INFO End of fixation
2018-01-21 15:25:16,747     INFO Showing anchor face
2018-01-21 15:25:17,763     INFO End of anchor face
2018-01-21 15:25:17,770     INFO Showing fixation
2018-01-21 15:25:18,280     INFO End of fixation
2018-01-21 15:25:18,283     INFO Showing number
2018-01-21 15:25:19,297     INFO End of number
2018-01-21 15:25:19,300     INFO Showing fixation
2018-01-21 15:25:25,313     INFO End of fixation
2018-01-21 15:25:25,333     INFO Showing options
2018-01-21 15:25:26,261     INFO Received response [('up', 0.9145588874816895)]
2018-01-21 15:25:26,866     INFO End of options
2018-01-21 15:25:26,880     INFO Showing feedback
2018-01-21 15:25:28,898     INFO End of feedback
2018-01-21 15:25:28,899     INFO End of trial
2018-01-21 15:25:28,902     INFO Showing fixation
2018-01-21 15:25:32,915     INFO End of fixation
2018-01-21 15:25:32,915     INFO Showing anchor face
2018-01-21 15:25:33,932     INFO End of anchor face
2018-01-21 15:25:33,935     INFO Showing fixation
2018-01-21 15:25:34,448     INFO End of fixation
2018-01-21 15:25:34,450     INFO Showing number
2018-01-21 15:25:35,465     INFO End of number
2018-01-21 15:25:35,469     INFO Showing fixation
2018-01-21 15:25:41,483     INFO End of fixation
2018-01-21 15:25:41,502     INFO Showing options
2018-01-21 15:25:42,381     INFO Received response [('up', 0.8658018112182617)]
2018-01-21 15:25:43,033     INFO End of options
2018-01-21 15:25:43,048     INFO Showing feedback
2018-01-21 15:25:45,066     INFO End of feedback
2018-01-21 15:25:45,067     INFO End of trial
2018-01-21 15:25:45,071     INFO Showing fixation
2018-01-21 15:25:49,083     INFO End of fixation
2018-01-21 15:25:49,084     INFO Showing anchor face
2018-01-21 15:25:50,100     INFO End of anchor face
2018-01-21 15:25:50,103     INFO Showing fixation
2018-01-21 15:25:50,617     INFO End of fixation
2018-01-21 15:25:50,619     INFO Showing number
2018-01-21 15:25:51,633     INFO End of number
2018-01-21 15:25:51,636     INFO Showing fixation
2018-01-21 15:25:57,650     INFO End of fixation
2018-01-21 15:25:57,672     INFO Showing options
2018-01-21 15:25:58,899     INFO Received response [('down', 1.2149128913879395)]
2018-01-21 15:25:59,203     INFO End of options
2018-01-21 15:25:59,216     INFO Showing feedback
2018-01-21 15:26:01,234     INFO End of feedback
2018-01-21 15:26:01,235     INFO End of trial
2018-01-21 15:26:01,238     INFO Showing fixation
2018-01-21 15:26:05,251     INFO End of fixation
2018-01-21 15:26:05,252     INFO Showing anchor face
2018-01-21 15:26:06,268     INFO End of anchor face
2018-01-21 15:26:06,271     INFO Showing fixation
2018-01-21 15:26:06,785     INFO End of fixation
2018-01-21 15:26:06,788     INFO Showing number
2018-01-21 15:26:07,802     INFO End of number
2018-01-21 15:26:07,805     INFO Showing fixation
2018-01-21 15:26:13,819     INFO End of fixation
2018-01-21 15:26:13,839     INFO Showing options
2018-01-21 15:26:14,561     INFO Received response [('down', 0.7097809314727783)]
2018-01-21 15:26:15,359     INFO End of options
2018-01-21 15:26:15,368     INFO Showing feedback
2018-01-21 15:26:17,385     INFO End of feedback
2018-01-21 15:26:17,393     INFO End of trial
2018-01-21 15:26:17,397     INFO Showing fixation
2018-01-21 15:26:21,403     INFO End of fixation
2018-01-21 15:26:21,404     INFO Showing anchor face
2018-01-21 15:26:22,420     INFO End of anchor face
2018-01-21 15:26:22,423     INFO Showing fixation
2018-01-21 15:26:22,937     INFO End of fixation
2018-01-21 15:26:22,939     INFO Showing number
2018-01-21 15:26:23,954     INFO End of number
2018-01-21 15:26:23,957     INFO Showing fixation
2018-01-21 15:26:29,970     INFO End of fixation
2018-01-21 15:26:29,991     INFO Showing options
2018-01-21 15:26:31,192     INFO Received response [('right', 1.1880300045013428)]
2018-01-21 15:26:31,516     INFO End of options
2018-01-21 15:26:31,520     INFO Showing feedback
2018-01-21 15:26:33,538     INFO End of feedback
2018-01-21 15:26:33,539     INFO End of trial
2018-01-21 15:26:33,542     INFO Showing fixation
2018-01-21 15:26:37,555     INFO End of fixation
2018-01-21 15:26:37,555     INFO Showing anchor face
2018-01-21 15:26:38,572     INFO End of anchor face
2018-01-21 15:26:38,575     INFO Showing fixation
2018-01-21 15:26:39,088     INFO End of fixation
2018-01-21 15:26:39,092     INFO Showing number
2018-01-21 15:26:40,105     INFO End of number
2018-01-21 15:26:40,108     INFO Showing fixation
2018-01-21 15:26:46,123     INFO End of fixation
2018-01-21 15:26:46,144     INFO Showing options
2018-01-21 15:26:47,300     INFO Received response [('right', 1.1448090076446533)]
2018-01-21 15:26:47,661     INFO End of options
2018-01-21 15:26:47,672     INFO Showing feedback
2018-01-21 15:26:49,689     INFO End of feedback
2018-01-21 15:26:49,691     INFO End of trial
2018-01-21 15:26:49,695     INFO Showing fixation
2018-01-21 15:26:53,706     INFO End of fixation
2018-01-21 15:26:53,707     INFO Showing anchor face
2018-01-21 15:26:54,724     INFO End of anchor face
2018-01-21 15:26:54,727     INFO Showing fixation
2018-01-21 15:26:55,240     INFO End of fixation
2018-01-21 15:26:55,243     INFO Showing number
2018-01-21 15:26:56,257     INFO End of number
2018-01-21 15:26:56,261     INFO Showing fixation
2018-01-21 15:27:02,274     INFO End of fixation
2018-01-21 15:27:02,294     INFO Showing options
2018-01-21 15:27:03,226     INFO Received response [('left', 0.9192838668823242)]
2018-01-21 15:27:03,822     INFO End of options
2018-01-21 15:27:03,840     INFO Showing feedback
2018-01-21 15:27:05,857     INFO End of feedback
2018-01-21 15:27:05,859     INFO End of trial
2018-01-21 15:27:05,862     INFO Showing fixation
2018-01-21 15:27:09,875     INFO End of fixation
2018-01-21 15:27:09,875     INFO Showing anchor face
2018-01-21 15:27:10,891     INFO End of anchor face
2018-01-21 15:27:10,894     INFO Showing fixation
2018-01-21 15:27:11,408     INFO End of fixation
2018-01-21 15:27:11,411     INFO Showing number
2018-01-21 15:27:12,425     INFO End of number
2018-01-21 15:27:12,430     INFO Showing fixation
2018-01-21 15:27:18,442     INFO End of fixation
2018-01-21 15:27:18,466     INFO Showing options
2018-01-21 15:27:19,696     INFO Received response [('up', 1.2038319110870361)]
2018-01-21 15:27:20,006     INFO End of options
2018-01-21 15:27:20,008     INFO Showing feedback
2018-01-21 15:27:22,026     INFO End of feedback
2018-01-21 15:27:22,028     INFO End of trial
2018-01-21 15:27:22,106     INFO Showing fixation
2018-01-21 15:27:26,126     INFO End of fixation
2018-01-21 15:27:26,127     INFO Showing anchor face
2018-01-21 15:27:27,143     INFO End of anchor face
2018-01-21 15:27:27,149     INFO Showing fixation
2018-01-21 15:27:27,660     INFO End of fixation
2018-01-21 15:27:27,663     INFO Showing number
2018-01-21 15:27:28,677     INFO End of number
2018-01-21 15:27:28,680     INFO Showing fixation
2018-01-21 15:27:34,694     INFO End of fixation
2018-01-21 15:27:34,714     INFO Showing options
2018-01-21 15:27:35,478     INFO Received response [('down', 0.75118088722229)]
2018-01-21 15:27:36,243     INFO End of options
2018-01-21 15:27:36,260     INFO Showing feedback
2018-01-21 15:27:38,278     INFO End of feedback
2018-01-21 15:27:38,279     INFO End of trial
2018-01-21 15:27:38,282     INFO Showing fixation
2018-01-21 15:27:42,295     INFO End of fixation
2018-01-21 15:27:42,296     INFO Showing anchor face
2018-01-21 15:27:43,312     INFO End of anchor face
2018-01-21 15:27:43,316     INFO Showing fixation
2018-01-21 15:27:43,828     INFO End of fixation
2018-01-21 15:27:43,831     INFO Showing number
2018-01-21 15:27:44,845     INFO End of number
2018-01-21 15:27:44,849     INFO Showing fixation
2018-01-21 15:27:50,862     INFO End of fixation
2018-01-21 15:27:50,882     INFO Showing options
2018-01-21 15:27:51,850     INFO Received response [('right', 0.9541220664978027)]
2018-01-21 15:27:52,409     INFO End of options
2018-01-21 15:27:52,412     INFO Showing feedback
2018-01-21 15:27:54,429     INFO End of feedback
2018-01-21 15:27:54,431     INFO End of trial
2018-01-21 15:27:54,434     INFO Showing fixation
2018-01-21 15:27:58,447     INFO End of fixation
2018-01-21 15:27:58,447     INFO Showing anchor face
2018-01-21 15:27:59,463     INFO End of anchor face
2018-01-21 15:27:59,467     INFO Showing fixation
2018-01-21 15:27:59,980     INFO End of fixation
2018-01-21 15:27:59,984     INFO Showing number
2018-01-21 15:28:00,997     INFO End of number
2018-01-21 15:28:01,000     INFO Showing fixation
2018-01-21 15:28:07,014     INFO End of fixation
2018-01-21 15:28:07,034     INFO Showing options
2018-01-21 15:28:08,208     INFO Received response [('down', 1.1610538959503174)]
2018-01-21 15:28:08,553     INFO End of options
2018-01-21 15:28:08,563     INFO Showing feedback
2018-01-21 15:28:10,581     INFO End of feedback
2018-01-21 15:28:10,583     INFO End of trial
2018-01-21 15:28:10,586     INFO Showing fixation
2018-01-21 15:28:14,598     INFO End of fixation
2018-01-21 15:28:14,599     INFO Showing anchor face
2018-01-21 15:28:15,616     INFO End of anchor face
2018-01-21 15:28:15,619     INFO Showing fixation
2018-01-21 15:28:16,132     INFO End of fixation
2018-01-21 15:28:16,136     INFO Showing number
2018-01-21 15:28:17,149     INFO End of number
2018-01-21 15:28:17,152     INFO Showing fixation
2018-01-21 15:28:23,166     INFO End of fixation
2018-01-21 15:28:23,186     INFO Showing options
2018-01-21 15:28:23,986     INFO Received response [('up', 0.7871570587158203)]
2018-01-21 15:28:24,712     INFO End of options
2018-01-21 15:28:24,732     INFO Showing feedback
2018-01-21 15:28:26,750     INFO End of feedback
2018-01-21 15:28:26,751     INFO End of trial
2018-01-21 15:28:26,754     INFO Showing fixation
2018-01-21 15:28:30,767     INFO End of fixation
2018-01-21 15:28:30,767     INFO Showing anchor face
2018-01-21 15:28:31,783     INFO End of anchor face
2018-01-21 15:28:31,787     INFO Showing fixation
2018-01-21 15:28:32,299     INFO End of fixation
2018-01-21 15:28:32,302     INFO Showing number
2018-01-21 15:28:33,317     INFO End of number
2018-01-21 15:28:33,321     INFO Showing fixation
2018-01-21 15:28:39,334     INFO End of fixation
2018-01-21 15:28:39,354     INFO Showing options
2018-01-21 15:28:40,290     INFO Received response [('right', 0.9225389957427979)]
2018-01-21 15:28:40,879     INFO End of options
2018-01-21 15:28:40,883     INFO Showing feedback
2018-01-21 15:28:42,901     INFO End of feedback
2018-01-21 15:28:42,903     INFO End of trial
2018-01-21 15:28:42,906     INFO Showing fixation
2018-01-21 15:28:46,918     INFO End of fixation
2018-01-21 15:28:46,919     INFO Showing anchor face
2018-01-21 15:28:47,935     INFO End of anchor face
2018-01-21 15:28:47,947     INFO Showing fixation
2018-01-21 15:28:48,451     INFO End of fixation
2018-01-21 15:28:48,454     INFO Showing number
2018-01-21 15:28:49,469     INFO End of number
2018-01-21 15:28:49,472     INFO Showing fixation
2018-01-21 15:28:55,486     INFO End of fixation
2018-01-21 15:28:55,506     INFO Showing options
2018-01-21 15:28:56,653     INFO Received response [('right', 1.1343510150909424)]
2018-01-21 15:28:57,035     INFO End of options
2018-01-21 15:28:57,052     INFO Showing feedback
2018-01-21 15:28:59,070     INFO End of feedback
2018-01-21 15:28:59,071     INFO End of trial
2018-01-21 15:28:59,074     INFO Showing fixation
2018-01-21 15:29:03,087     INFO End of fixation
2018-01-21 15:29:03,094     INFO Showing instructions
2018-01-21 15:29:03,106     INFO Instruction: You earned 22 point(s) out of ...
2018-01-21 15:29:05,585     INFO Received response [('space', 2.4654810428619385)]
2018-01-21 15:29:05,585     INFO End of instructions
2018-01-21 15:29:05,592     INFO Showing instructions
2018-01-21 15:29:05,600     INFO Instruction: This task is complete! Thank y...
2018-01-21 15:29:07,124     INFO Received response [('space', 1.5207571983337402)]
2018-01-21 15:29:07,124     INFO End of instructions
2018-01-21 15:29:07,124     INFO Experiment ended
