2018-03-19 18:28:17,379     INFO #[ PsychoPy2 RuntimeInfoStart ]
  #[[ PsychoPy ]] #---------
    psychopyVersion: 1.85.4
    psychopyHaveExtRush: True
  #[[ Experiment ]] #---------
    experimentRunTime: 2018_03_19 18:28 (Year_Month_Day Hour:Min)
    experimentRunTime.epoch: 1521509294
    experimentScript: hierNavigation.py
    experimentScript.digestSHA1: 1f7f9a21a22ed531418a3eeed5c556b3b77acaf4
    experimentScript.directory: /Users/csnl/Repos/hierarchyNavigation
  #[[ System ]] #---------
    systemHaveInternetAccess: True
    systemHostName: CSNLs-MacBook-Air.local
    systemLocale: C
    systemMemFreeRAM: 2380.46875
    systemMemTotalRAM: 8192.0
    systemPlatform: darwin 10.13 x86_64
    systemPyo.InputDevices: {0: {'host api index': 0, 'latency': 0.0029478457290679216, 'default sr': 44100, 'name': u'Built-in Microph'}, 2: {'host api index': 0, 'latency': 0.009999999776482582, 'default sr': 44100, 'name': u'NoMachine Audio Adapter'}, 3: {'host api index': 0, 'latency': 0.009999999776482582, 'default sr': 44100, 'name': u'NoMachine Microphone Adapter'}}
    systemPyo.OutputDevices: {1: {'host api index': 0, 'latency': 0.007551020476967096, 'default sr': 44100, 'name': u'Built-in Output'}, 2: {'host api index': 0, 'latency': 0.001451247138902545, 'default sr': 44100, 'name': u'NoMachine Audio Adapter'}, 3: {'host api index': 0, 'latency': 0.001451247138902545, 'default sr': 44100, 'name': u'NoMachine Microphone Adapter'}}
    systemPyoVersion: 0.8.6
    systemRebooted: Mar 2 12:15
    systemSec.OpenSSLVersion: LibreSSL 2.2.7
    systemSec.pythonSSL: True
    systemTimeNumpySD1000000_sec: 0.0074
    systemUser: csnl
    systemUserID: 501
    systemUserProcCount: 242
    systemUserProcFlagged: iTunes mdworker 'Google Chrome' Safari
    systemUsersCount: 1
  #[[ Window ]] #---------
    windowRefreshTimeSD_ms: 0.086
    windowRefreshTimeMedian_ms: 16.676
    windowRefreshTimeAvg_ms: 16.669
  #[[ Python ]] #---------
    pythonVersion: 2.7.12
  #[[ OpenGL ]] #---------
#[ PsychoPy2 RuntimeInfoEnd ]

2018-03-19 18:28:17,860     INFO Starting experiment
2018-03-19 18:28:18,119     INFO Showing instructions
2018-03-19 18:28:18,152     INFO Instruction: Welcome!  In this task, you wi...
2018-03-19 18:28:22,321     INFO Received response [('space', 4.146359920501709)]
2018-03-19 18:28:22,345     INFO Instruction: Each trial will begin with a "...
2018-03-19 18:28:26,116     INFO Received response [('space', 3.7590460777282715)]
2018-03-19 18:28:26,165     INFO Instruction: Your job is to figure out who ...
2018-03-19 18:28:29,429     INFO Received response [('space', 3.254913091659546)]
2018-03-19 18:28:29,429     INFO End of instructions
2018-03-19 18:28:29,437     INFO Showing instructions
2018-03-19 18:28:29,475     INFO Instruction: Orange numbers mean figure out...
2018-03-19 18:28:30,492     INFO Received response [('space', 1.001082181930542)]
2018-03-19 18:28:30,492     INFO End of instructions
2018-03-19 18:28:30,499     INFO Showing instructions
2018-03-19 18:28:30,541     INFO Instruction: You'll have a few seconds to f...
2018-03-19 18:28:31,359     INFO Received response [('space', 0.8008379936218262)]
2018-03-19 18:28:31,359     INFO End of instructions
2018-03-19 18:28:31,369     INFO Showing instructions
2018-03-19 18:28:31,383     INFO Instruction: When the response options are ...
2018-03-19 18:28:32,784     INFO Received response [('space', 1.3760409355163574)]
2018-03-19 18:28:32,784     INFO End of instructions
2018-03-19 18:28:32,828     INFO Showing instructions
2018-03-19 18:28:32,840     INFO Instruction: Press one of the arrow keys to...
2018-03-19 18:28:35,010     INFO Received response [('space', 2.1518399715423584)]
2018-03-19 18:28:35,010     INFO End of instructions
2018-03-19 18:28:35,017     INFO Showing instructions
2018-03-19 18:28:35,058     INFO Instruction: Run #1 of 1 is starting soon. ...
2018-03-19 18:28:36,198     INFO Received response [('space', 1.1234090328216553)]
2018-03-19 18:28:36,199     INFO End of instructions
2018-03-19 18:28:36,199     INFO Showing anchor face
2018-03-19 18:28:37,209     INFO End of anchor face
2018-03-19 18:28:37,214     INFO Showing fixation
2018-03-19 18:28:37,725     INFO End of fixation
2018-03-19 18:28:37,751     INFO Showing number
2018-03-19 18:28:38,758     INFO End of number
2018-03-19 18:28:38,762     INFO Showing fixation
2018-03-19 18:28:44,776     INFO End of fixation
2018-03-19 18:28:44,829     INFO Showing options
2018-03-19 18:28:45,717     INFO Received response [('down', 0.8742349147796631)]
2018-03-19 18:28:46,352     INFO End of options
2018-03-19 18:28:46,359     INFO Showing feedback
2018-03-19 18:28:48,376     INFO End of feedback
2018-03-19 18:28:48,378     INFO End of trial
2018-03-19 18:28:48,383     INFO Showing fixation
2018-03-19 18:28:52,393     INFO End of fixation
2018-03-19 18:28:52,396     INFO Showing anchor face
2018-03-19 18:28:53,411     INFO End of anchor face
2018-03-19 18:28:53,423     INFO Showing fixation
2018-03-19 18:28:53,926     INFO End of fixation
2018-03-19 18:28:53,932     INFO Showing number
2018-03-19 18:28:54,944     INFO End of number
2018-03-19 18:28:54,947     INFO Showing fixation
2018-03-19 18:29:00,961     INFO End of fixation
2018-03-19 18:29:00,991     INFO Showing options
2018-03-19 18:29:02,071     INFO Received response [('down', 1.0606000423431396)]
2018-03-19 18:29:02,518     INFO End of options
2018-03-19 18:29:02,527     INFO Showing feedback
2018-03-19 18:29:04,544     INFO End of feedback
2018-03-19 18:29:04,546     INFO End of trial
2018-03-19 18:29:04,549     INFO Showing fixation
2018-03-19 18:29:08,561     INFO End of fixation
2018-03-19 18:29:08,564     INFO Showing anchor face
2018-03-19 18:29:09,579     INFO End of anchor face
2018-03-19 18:29:09,582     INFO Showing fixation
2018-03-19 18:29:10,095     INFO End of fixation
2018-03-19 18:29:10,100     INFO Showing number
2018-03-19 18:29:11,112     INFO End of number
2018-03-19 18:29:11,117     INFO Showing fixation
2018-03-19 18:29:17,129     INFO End of fixation
2018-03-19 18:29:17,153     INFO Showing options
2018-03-19 18:29:17,682     INFO Received response [('right', 0.5191061496734619)]
2018-03-19 18:29:18,677     INFO End of options
2018-03-19 18:29:18,696     INFO Showing feedback
2018-03-19 18:29:20,713     INFO End of feedback
2018-03-19 18:29:20,715     INFO End of trial
2018-03-19 18:29:20,719     INFO Showing fixation
2018-03-19 18:29:24,730     INFO End of fixation
2018-03-19 18:29:24,731     INFO Showing anchor face
2018-03-19 18:29:25,748     INFO End of anchor face
2018-03-19 18:29:25,754     INFO Showing fixation
2018-03-19 18:29:26,264     INFO End of fixation
2018-03-19 18:29:26,273     INFO Showing number
2018-03-19 18:29:27,281     INFO End of number
2018-03-19 18:29:27,284     INFO Showing fixation
2018-03-19 18:29:33,298     INFO End of fixation
2018-03-19 18:29:33,330     INFO Showing options
2018-03-19 18:29:34,670     INFO Received response [('up', 1.3225250244140625)]
2018-03-19 18:29:34,858     INFO End of options
2018-03-19 18:29:34,864     INFO Showing feedback
2018-03-19 18:29:36,881     INFO End of feedback
2018-03-19 18:29:36,883     INFO End of trial
2018-03-19 18:29:36,887     INFO Showing fixation
2018-03-19 18:29:40,898     INFO End of fixation
2018-03-19 18:29:40,899     INFO Showing anchor face
2018-03-19 18:29:41,915     INFO End of anchor face
2018-03-19 18:29:41,920     INFO Showing fixation
2018-03-19 18:29:42,432     INFO End of fixation
2018-03-19 18:29:42,437     INFO Showing number
2018-03-19 18:29:43,448     INFO End of number
2018-03-19 18:29:43,453     INFO Showing fixation
2018-03-19 18:29:49,466     INFO End of fixation
2018-03-19 18:29:49,490     INFO Showing options
2018-03-19 18:29:50,017     INFO Received response [('left', 0.518110990524292)]
2018-03-19 18:29:51,015     INFO End of options
2018-03-19 18:29:51,032     INFO Showing feedback
2018-03-19 18:29:53,049     INFO End of feedback
2018-03-19 18:29:53,058     INFO End of trial
2018-03-19 18:29:53,061     INFO Showing fixation
2018-03-19 18:29:57,067     INFO End of fixation
2018-03-19 18:29:57,068     INFO Showing anchor face
2018-03-19 18:29:58,084     INFO End of anchor face
2018-03-19 18:29:58,088     INFO Showing fixation
2018-03-19 18:29:58,601     INFO End of fixation
2018-03-19 18:29:58,606     INFO Showing number
2018-03-19 18:29:59,617     INFO End of number
2018-03-19 18:29:59,620     INFO Showing fixation
2018-03-19 18:30:05,635     INFO End of fixation
2018-03-19 18:30:05,667     INFO Showing options
2018-03-19 18:30:06,391     INFO Received response [('down', 0.7075850963592529)]
2018-03-19 18:30:07,194     INFO End of options
2018-03-19 18:30:07,200     INFO Showing feedback
2018-03-19 18:30:09,218     INFO End of feedback
2018-03-19 18:30:09,219     INFO End of trial
2018-03-19 18:30:09,223     INFO Showing fixation
2018-03-19 18:30:13,236     INFO End of fixation
2018-03-19 18:30:13,236     INFO Showing anchor face
2018-03-19 18:30:14,252     INFO End of anchor face
2018-03-19 18:30:14,255     INFO Showing fixation
2018-03-19 18:30:14,769     INFO End of fixation
2018-03-19 18:30:14,772     INFO Showing number
2018-03-19 18:30:15,785     INFO End of number
2018-03-19 18:30:15,789     INFO Showing fixation
2018-03-19 18:30:21,802     INFO End of fixation
2018-03-19 18:30:21,828     INFO Showing options
2018-03-19 18:30:22,302     INFO Received response [('up', 0.466717004776001)]
2018-03-19 18:30:23,353     INFO End of options
2018-03-19 18:30:23,368     INFO Showing feedback
2018-03-19 18:30:25,386     INFO End of feedback
2018-03-19 18:30:25,388     INFO End of trial
2018-03-19 18:30:25,392     INFO Showing fixation
2018-03-19 18:30:29,403     INFO End of fixation
2018-03-19 18:30:29,404     INFO Showing anchor face
2018-03-19 18:30:30,419     INFO End of anchor face
2018-03-19 18:30:30,425     INFO Showing fixation
2018-03-19 18:30:30,937     INFO End of fixation
2018-03-19 18:30:30,942     INFO Showing number
2018-03-19 18:30:31,953     INFO End of number
2018-03-19 18:30:31,960     INFO Showing fixation
2018-03-19 18:30:37,970     INFO End of fixation
2018-03-19 18:30:37,994     INFO Showing options
2018-03-19 18:30:38,805     INFO Received response [('left', 0.8016030788421631)]
2018-03-19 18:30:39,520     INFO End of options
2018-03-19 18:30:39,537     INFO Showing feedback
2018-03-19 18:30:41,554     INFO End of feedback
2018-03-19 18:30:41,555     INFO End of trial
2018-03-19 18:30:41,558     INFO Showing fixation
2018-03-19 18:30:45,572     INFO End of fixation
2018-03-19 18:30:45,573     INFO Showing anchor face
2018-03-19 18:30:46,589     INFO End of anchor face
2018-03-19 18:30:46,595     INFO Showing fixation
2018-03-19 18:30:47,105     INFO End of fixation
2018-03-19 18:30:47,110     INFO Showing number
2018-03-19 18:30:48,122     INFO End of number
2018-03-19 18:30:48,126     INFO Showing fixation
2018-03-19 18:30:54,139     INFO End of fixation
2018-03-19 18:30:54,172     INFO Showing options
2018-03-19 18:30:55,263     INFO Received response [('up', 1.0745089054107666)]
2018-03-19 18:30:55,698     INFO End of options
2018-03-19 18:30:55,705     INFO Showing feedback
2018-03-19 18:30:57,722     INFO End of feedback
2018-03-19 18:30:57,724     INFO End of trial
2018-03-19 18:30:57,728     INFO Showing fixation
2018-03-19 18:31:01,740     INFO End of fixation
2018-03-19 18:31:01,743     INFO Showing anchor face
2018-03-19 18:31:02,757     INFO End of anchor face
2018-03-19 18:31:02,761     INFO Showing fixation
2018-03-19 18:31:03,273     INFO End of fixation
2018-03-19 18:31:03,278     INFO Showing number
2018-03-19 18:31:04,290     INFO End of number
2018-03-19 18:31:04,297     INFO Showing fixation
2018-03-19 18:31:10,308     INFO End of fixation
2018-03-19 18:31:10,335     INFO Showing options
2018-03-19 18:31:11,561     INFO Received response [('down', 1.2207880020141602)]
2018-03-19 18:31:11,854     INFO End of options
2018-03-19 18:31:11,873     INFO Showing feedback
2018-03-19 18:31:13,891     INFO End of feedback
2018-03-19 18:31:13,892     INFO End of trial
2018-03-19 18:31:13,897     INFO Showing fixation
2018-03-19 18:31:17,908     INFO End of fixation
2018-03-19 18:31:17,909     INFO Showing anchor face
2018-03-19 18:31:18,927     INFO End of anchor face
2018-03-19 18:31:18,933     INFO Showing fixation
2018-03-19 18:31:19,441     INFO End of fixation
2018-03-19 18:31:19,445     INFO Showing number
2018-03-19 18:31:20,459     INFO End of number
2018-03-19 18:31:20,465     INFO Showing fixation
2018-03-19 18:31:26,475     INFO End of fixation
2018-03-19 18:31:26,507     INFO Showing options
2018-03-19 18:31:27,052     INFO Received response [('right', 0.5274269580841064)]
2018-03-19 18:31:28,031     INFO End of options
2018-03-19 18:31:28,041     INFO Showing feedback
2018-03-19 18:31:30,059     INFO End of feedback
2018-03-19 18:31:30,061     INFO End of trial
2018-03-19 18:31:30,067     INFO Showing fixation
2018-03-19 18:31:34,076     INFO End of fixation
2018-03-19 18:31:34,079     INFO Showing anchor face
2018-03-19 18:31:35,093     INFO End of anchor face
2018-03-19 18:31:35,097     INFO Showing fixation
2018-03-19 18:31:35,610     INFO End of fixation
2018-03-19 18:31:35,613     INFO Showing number
2018-03-19 18:31:36,627     INFO End of number
2018-03-19 18:31:36,630     INFO Showing fixation
2018-03-19 18:31:42,644     INFO End of fixation
2018-03-19 18:31:42,666     INFO Showing options
2018-03-19 18:31:44,178     INFO No response received, showing feedback
2018-03-19 18:31:46,194     INFO End of feedback
2018-03-19 18:31:46,195     INFO End of trial
2018-03-19 18:31:46,199     INFO Showing fixation
2018-03-19 18:31:50,211     INFO End of fixation
2018-03-19 18:31:50,212     INFO Showing anchor face
2018-03-19 18:31:51,228     INFO End of anchor face
2018-03-19 18:31:51,232     INFO Showing fixation
2018-03-19 18:31:51,745     INFO End of fixation
2018-03-19 18:31:51,748     INFO Showing number
2018-03-19 18:31:52,762     INFO End of number
2018-03-19 18:31:52,768     INFO Showing fixation
2018-03-19 18:31:58,779     INFO End of fixation
2018-03-19 18:31:58,802     INFO Showing options
2018-03-19 18:31:59,676     INFO Received response [('down', 0.8644218444824219)]
2018-03-19 18:32:00,331     INFO End of options
2018-03-19 18:32:00,345     INFO Showing feedback
2018-03-19 18:32:02,363     INFO End of feedback
2018-03-19 18:32:02,364     INFO End of trial
2018-03-19 18:32:02,367     INFO Showing fixation
2018-03-19 18:32:06,379     INFO End of fixation
2018-03-19 18:32:06,385     INFO Showing anchor face
2018-03-19 18:32:07,396     INFO End of anchor face
2018-03-19 18:32:07,400     INFO Showing fixation
2018-03-19 18:32:07,912     INFO End of fixation
2018-03-19 18:32:07,916     INFO Showing number
2018-03-19 18:32:08,929     INFO End of number
2018-03-19 18:32:08,933     INFO Showing fixation
2018-03-19 18:32:14,946     INFO End of fixation
2018-03-19 18:32:14,971     INFO Showing options
2018-03-19 18:32:15,778     INFO Received response [('left', 0.7981619834899902)]
2018-03-19 18:32:16,498     INFO End of options
2018-03-19 18:32:16,513     INFO Showing feedback
2018-03-19 18:32:18,531     INFO End of feedback
2018-03-19 18:32:18,533     INFO End of trial
2018-03-19 18:32:18,536     INFO Showing fixation
2018-03-19 18:32:22,548     INFO End of fixation
2018-03-19 18:32:22,548     INFO Showing anchor face
2018-03-19 18:32:23,565     INFO End of anchor face
2018-03-19 18:32:23,580     INFO Showing fixation
2018-03-19 18:32:24,097     INFO End of fixation
2018-03-19 18:32:24,100     INFO Showing number
2018-03-19 18:32:25,116     INFO End of number
2018-03-19 18:32:25,119     INFO Showing fixation
2018-03-19 18:32:31,133     INFO End of fixation
2018-03-19 18:32:31,159     INFO Showing options
2018-03-19 18:32:31,784     INFO Received response [('right', 0.6191539764404297)]
2018-03-19 18:32:32,680     INFO End of options
2018-03-19 18:32:32,698     INFO Showing feedback
2018-03-19 18:32:34,715     INFO End of feedback
2018-03-19 18:32:34,717     INFO End of trial
2018-03-19 18:32:34,720     INFO Showing fixation
2018-03-19 18:32:38,734     INFO End of fixation
2018-03-19 18:32:38,735     INFO Showing anchor face
2018-03-19 18:32:39,749     INFO End of anchor face
2018-03-19 18:32:39,753     INFO Showing fixation
2018-03-19 18:32:40,266     INFO End of fixation
2018-03-19 18:32:40,270     INFO Showing number
2018-03-19 18:32:41,283     INFO End of number
2018-03-19 18:32:41,287     INFO Showing fixation
2018-03-19 18:32:47,299     INFO End of fixation
2018-03-19 18:32:47,322     INFO Showing options
2018-03-19 18:32:48,290     INFO Received response [('up', 0.9557929039001465)]
2018-03-19 18:32:48,845     INFO End of options
2018-03-19 18:32:48,849     INFO Showing feedback
2018-03-19 18:32:50,867     INFO End of feedback
2018-03-19 18:32:50,869     INFO End of trial
2018-03-19 18:32:50,872     INFO Showing fixation
2018-03-19 18:32:54,884     INFO End of fixation
2018-03-19 18:32:54,891     INFO Showing anchor face
2018-03-19 18:32:55,900     INFO End of anchor face
2018-03-19 18:32:55,906     INFO Showing fixation
2018-03-19 18:32:56,419     INFO End of fixation
2018-03-19 18:32:56,423     INFO Showing number
2018-03-19 18:32:57,435     INFO End of number
2018-03-19 18:32:57,441     INFO Showing fixation
2018-03-19 18:33:03,452     INFO End of fixation
2018-03-19 18:33:03,484     INFO Showing options
2018-03-19 18:33:04,021     INFO Received response [('right', 0.5199289321899414)]
2018-03-19 18:33:05,016     INFO End of options
2018-03-19 18:33:05,035     INFO Showing feedback
2018-03-19 18:33:07,052     INFO End of feedback
2018-03-19 18:33:07,055     INFO End of trial
2018-03-19 18:33:07,061     INFO Showing fixation
2018-03-19 18:33:11,070     INFO End of fixation
2018-03-19 18:33:11,071     INFO Showing anchor face
2018-03-19 18:33:12,086     INFO End of anchor face
2018-03-19 18:33:12,090     INFO Showing fixation
2018-03-19 18:33:12,603     INFO End of fixation
2018-03-19 18:33:12,606     INFO Showing number
2018-03-19 18:33:13,620     INFO End of number
2018-03-19 18:33:13,629     INFO Showing fixation
2018-03-19 18:33:19,637     INFO End of fixation
2018-03-19 18:33:19,660     INFO Showing options
2018-03-19 18:33:20,251     INFO Received response [('up', 0.5812640190124512)]
2018-03-19 18:33:21,189     INFO End of options
2018-03-19 18:33:21,203     INFO Showing feedback
2018-03-19 18:33:23,219     INFO End of feedback
2018-03-19 18:33:23,225     INFO End of trial
2018-03-19 18:33:23,230     INFO Showing fixation
2018-03-19 18:33:27,237     INFO End of fixation
2018-03-19 18:33:27,238     INFO Showing anchor face
2018-03-19 18:33:28,253     INFO End of anchor face
2018-03-19 18:33:28,258     INFO Showing fixation
2018-03-19 18:33:28,771     INFO End of fixation
2018-03-19 18:33:28,774     INFO Showing number
2018-03-19 18:33:29,788     INFO End of number
2018-03-19 18:33:29,792     INFO Showing fixation
2018-03-19 18:33:35,805     INFO End of fixation
2018-03-19 18:33:35,836     INFO Showing options
2018-03-19 18:33:36,338     INFO Received response [('right', 0.4820830821990967)]
2018-03-19 18:33:37,373     INFO End of options
2018-03-19 18:33:37,388     INFO Showing feedback
2018-03-19 18:33:39,405     INFO End of feedback
2018-03-19 18:33:39,406     INFO End of trial
2018-03-19 18:33:39,503     INFO Showing fixation
2018-03-19 18:33:43,523     INFO End of fixation
2018-03-19 18:33:43,526     INFO Showing anchor face
2018-03-19 18:33:44,539     INFO End of anchor face
2018-03-19 18:33:44,543     INFO Showing fixation
2018-03-19 18:33:45,056     INFO End of fixation
2018-03-19 18:33:45,059     INFO Showing number
2018-03-19 18:33:46,074     INFO End of number
2018-03-19 18:33:46,077     INFO Showing fixation
2018-03-19 18:33:52,090     INFO End of fixation
2018-03-19 18:33:52,111     INFO Showing options
2018-03-19 18:33:53,168     INFO Received response [('down', 1.0447120666503906)]
2018-03-19 18:33:53,646     INFO End of options
2018-03-19 18:33:53,656     INFO Showing feedback
2018-03-19 18:33:55,674     INFO End of feedback
2018-03-19 18:33:55,675     INFO End of trial
2018-03-19 18:33:55,679     INFO Showing fixation
2018-03-19 18:33:59,691     INFO End of fixation
2018-03-19 18:33:59,691     INFO Showing anchor face
2018-03-19 18:34:00,708     INFO End of anchor face
2018-03-19 18:34:00,712     INFO Showing fixation
2018-03-19 18:34:01,224     INFO End of fixation
2018-03-19 18:34:01,232     INFO Showing number
2018-03-19 18:34:02,241     INFO End of number
2018-03-19 18:34:02,245     INFO Showing fixation
2018-03-19 18:34:08,260     INFO End of fixation
2018-03-19 18:34:08,287     INFO Showing options
2018-03-19 18:34:09,237     INFO Received response [('left', 0.9459679126739502)]
2018-03-19 18:34:09,796     INFO End of options
2018-03-19 18:34:09,808     INFO Showing feedback
2018-03-19 18:34:11,825     INFO End of feedback
2018-03-19 18:34:11,827     INFO End of trial
2018-03-19 18:34:11,830     INFO Showing fixation
2018-03-19 18:34:15,842     INFO End of fixation
2018-03-19 18:34:15,842     INFO Showing anchor face
2018-03-19 18:34:16,860     INFO End of anchor face
2018-03-19 18:34:16,863     INFO Showing fixation
2018-03-19 18:34:17,376     INFO End of fixation
2018-03-19 18:34:17,379     INFO Showing number
2018-03-19 18:34:18,393     INFO End of number
2018-03-19 18:34:18,396     INFO Showing fixation
2018-03-19 18:34:24,409     INFO End of fixation
2018-03-19 18:34:24,436     INFO Showing options
2018-03-19 18:34:25,039     INFO Received response [('right', 0.596092939376831)]
2018-03-19 18:34:25,947     INFO End of options
2018-03-19 18:34:25,959     INFO Showing feedback
2018-03-19 18:34:27,977     INFO End of feedback
2018-03-19 18:34:27,978     INFO End of trial
2018-03-19 18:34:27,982     INFO Showing fixation
2018-03-19 18:34:31,994     INFO End of fixation
2018-03-19 18:34:31,995     INFO Showing anchor face
2018-03-19 18:34:33,012     INFO End of anchor face
2018-03-19 18:34:33,016     INFO Showing fixation
2018-03-19 18:34:33,527     INFO End of fixation
2018-03-19 18:34:33,530     INFO Showing number
2018-03-19 18:34:34,545     INFO End of number
2018-03-19 18:34:34,551     INFO Showing fixation
2018-03-19 18:34:40,561     INFO End of fixation
2018-03-19 18:34:40,583     INFO Showing options
2018-03-19 18:34:41,318     INFO Received response [('left', 0.7230920791625977)]
2018-03-19 18:34:42,105     INFO End of options
2018-03-19 18:34:42,111     INFO Showing feedback
2018-03-19 18:34:44,129     INFO End of feedback
2018-03-19 18:34:44,131     INFO End of trial
2018-03-19 18:34:44,134     INFO Showing fixation
2018-03-19 18:34:48,146     INFO End of fixation
2018-03-19 18:34:48,146     INFO Showing anchor face
2018-03-19 18:34:49,162     INFO End of anchor face
2018-03-19 18:34:49,167     INFO Showing fixation
2018-03-19 18:34:49,679     INFO End of fixation
2018-03-19 18:34:49,683     INFO Showing number
2018-03-19 18:34:50,696     INFO End of number
2018-03-19 18:34:50,699     INFO Showing fixation
2018-03-19 18:34:56,713     INFO End of fixation
2018-03-19 18:34:56,737     INFO Showing options
2018-03-19 18:34:58,054     INFO Received response [('up', 1.307981014251709)]
2018-03-19 18:34:58,254     INFO End of options
2018-03-19 18:34:58,262     INFO Showing feedback
2018-03-19 18:35:00,280     INFO End of feedback
2018-03-19 18:35:00,282     INFO End of trial
2018-03-19 18:35:00,285     INFO Showing fixation
2018-03-19 18:35:04,297     INFO End of fixation
2018-03-19 18:35:04,308     INFO Showing instructions
2018-03-19 18:35:04,324     INFO Instruction: You earned 23 point(s) out of ...
2018-03-19 18:35:06,655     INFO Received response [('space', 2.3246400356292725)]
2018-03-19 18:35:06,655     INFO End of instructions
2018-03-19 18:35:06,662     INFO Showing instructions
2018-03-19 18:35:06,671     INFO Instruction: This task is complete! Thank y...
2018-03-19 18:35:07,777     INFO Received response [('space', 1.0969209671020508)]
2018-03-19 18:35:07,777     INFO End of instructions
2018-03-19 18:35:07,778     INFO Experiment ended
