2018-06-02 18:19:59,434     INFO #[ PsychoPy2 RuntimeInfoStart ]
  #[[ PsychoPy ]] #---------
    psychopyVersion: 1.85.4
    psychopyHaveExtRush: True
  #[[ Experiment ]] #---------
    experimentRunTime: 2018_06_02 18:19 (Year_Month_Day Hour:Min)
    experimentRunTime.epoch: 1527988797
    experimentScript: hierNavigation.py
    experimentScript.digestSHA1: 41db721267675f1651d6739789b3b39ca34ae597
    experimentScript.directory: /Users/mengdu/Repos/hierarchy/navigation
  #[[ System ]] #---------
    systemHaveInternetAccess: True
    systemHostName: mengs-mbp.ad.medctr.ucla.edu
    systemLocale: C
    systemMemFreeRAM: 2364.85546875
    systemMemTotalRAM: 8192.0
    systemPlatform: darwin 10.13.4 x86_64
    systemPyo.InputDevices: {0: {'host api index': 0, 'latency': 0.0029478457290679216, 'default sr': 44100, 'name': u'Built-in Microph'}, 3: {'host api index': 0, 'latency': 0.009999999776482582, 'default sr': 44100, 'name': u'NoMachine Audio Adapter'}, 4: {'host api index': 0, 'latency': 0.009999999776482582, 'default sr': 44100, 'name': u'NoMachine Microphone Adapter'}}
    systemPyo.OutputDevices: {1: {'host api index': 0, 'latency': 0.018798185512423515, 'default sr': 44100, 'name': u'Built-in Output'}, 2: {'host api index': 0, 'latency': 0.0014375000027939677, 'default sr': 48000, 'name': u'HDMI'}, 3: {'host api index': 0, 'latency': 0.001451247138902545, 'default sr': 44100, 'name': u'NoMachine Audio Adapter'}, 4: {'host api index': 0, 'latency': 0.001451247138902545, 'default sr': 44100, 'name': u'NoMachine Microphone Adapter'}}
    systemPyoVersion: 0.8.6
    systemRebooted: May 2 02:12
    systemSec.OpenSSLVersion: LibreSSL 2.2.7
    systemSec.pythonSSL: True
    systemTimeNumpySD1000000_sec: 0.0048
    systemUser: mengdu
    systemUserID: 501
    systemUserProcCount: 208
    systemUserProcFlagged: iTunes mdworker 'Google Chrome' Safari
    systemUsersCount: 1
  #[[ Window ]] #---------
    windowRefreshTimeSD_ms: 0.037
    windowRefreshTimeMedian_ms: 16.668
    windowRefreshTimeAvg_ms: 16.670
  #[[ Python ]] #---------
    pythonVersion: 2.7.12
  #[[ OpenGL ]] #---------
#[ PsychoPy2 RuntimeInfoEnd ]

2018-06-02 18:19:59,658     INFO Starting experiment
2018-06-02 18:19:59,659     INFO Showing instructions
2018-06-02 18:19:59,769     INFO Instruction: Press one of the buttons to se...
2018-06-02 18:31:19,477     INFO Received response [('5', 679.684867143631)]
2018-06-02 18:31:19,477     INFO End of instructions
2018-06-02 18:31:19,491     INFO Showing instructions
2018-06-02 18:31:19,544     INFO Instruction: Run #1 of 6 is starting soon. ...
2018-06-02 18:47:02,463     INFO Received response [('space', 942.9141750335693)]
2018-06-02 18:47:02,464     INFO End of instructions
2018-06-02 18:47:02,464     INFO Showing instructions
2018-06-02 18:47:02,494     INFO Instruction: Run #1 of 6 is starting soon. ...
2018-06-02 18:47:11,429     INFO Received response [('5', 8.916700839996338)]
2018-06-02 18:47:11,429     INFO End of instructions
2018-06-02 18:47:11,429     INFO Showing anchor face
2018-06-02 18:47:12,428     INFO Received trigger 5
2018-06-02 18:47:12,428     INFO End of anchor face
2018-06-02 18:47:12,432     INFO Showing fixation
2018-06-02 18:47:12,946     INFO End of fixation
2018-06-02 18:47:12,962     INFO Showing number
2018-06-02 18:47:13,428     INFO Received trigger 5
2018-06-02 18:47:13,428     INFO End of number
2018-06-02 18:47:13,432     INFO Showing fixation
2018-06-02 18:47:14,428     INFO Received trigger 5
2018-06-02 18:47:15,428     INFO Received trigger 5
2018-06-02 18:47:16,429     INFO Received trigger 5
2018-06-02 18:47:17,428     INFO Received trigger 5
2018-06-02 18:47:18,428     INFO Received trigger 5
2018-06-02 18:47:19,428     INFO Received trigger 5
2018-06-02 18:47:19,428     INFO End of fixation
2018-06-02 18:47:19,456     INFO Showing options
2018-06-02 18:47:20,961     INFO No response received, showing feedback
2018-06-02 18:47:21,428     INFO Received trigger 5
2018-06-02 18:47:22,427     INFO Received trigger 5
2018-06-02 18:47:22,427     INFO End of feedback
2018-06-02 18:47:22,428     INFO End of trial
2018-06-02 18:47:22,431     INFO Showing fixation
2018-06-02 18:47:23,428     INFO Received trigger 5
2018-06-02 18:47:24,427     INFO Received trigger 5
2018-06-02 18:47:25,428     INFO Received trigger 5
2018-06-02 18:47:26,428     INFO Received trigger 5
2018-06-02 18:47:26,428     INFO End of fixation
2018-06-02 18:47:26,428     INFO Showing anchor face
2018-06-02 18:47:27,428     INFO Received trigger 5
2018-06-02 18:47:27,428     INFO End of anchor face
2018-06-02 18:47:27,431     INFO Showing fixation
2018-06-02 18:47:27,946     INFO End of fixation
2018-06-02 18:47:27,950     INFO Showing number
2018-06-02 18:47:28,427     INFO Received trigger 5
2018-06-02 18:47:28,428     INFO End of number
2018-06-02 18:47:28,430     INFO Showing fixation
2018-06-02 18:47:29,428     INFO Received trigger 5
2018-06-02 18:47:30,427     INFO Received trigger 5
2018-06-02 18:47:31,428     INFO Received trigger 5
2018-06-02 18:47:32,428     INFO Received trigger 5
2018-06-02 18:47:33,428     INFO Received trigger 5
2018-06-02 18:47:34,428     INFO Received trigger 5
2018-06-02 18:47:34,428     INFO End of fixation
2018-06-02 18:47:34,445     INFO Showing options
2018-06-02 18:47:35,580     INFO Received response [('4', 1.117027997970581)]
2018-06-02 18:47:35,979     INFO End of options
2018-06-02 18:47:35,995     INFO Showing feedback
2018-06-02 18:47:36,428     INFO Received trigger 5
2018-06-02 18:47:37,428     INFO Received trigger 5
2018-06-02 18:47:37,428     INFO End of feedback
2018-06-02 18:47:37,429     INFO End of trial
2018-06-02 18:47:37,432     INFO Showing fixation
2018-06-02 18:47:38,428     INFO Received trigger 5
2018-06-02 18:47:39,429     INFO Received trigger 5
2018-06-02 18:47:40,428     INFO Received trigger 5
2018-06-02 18:47:41,429     INFO Received trigger 5
2018-06-02 18:47:41,429     INFO End of fixation
2018-06-02 18:47:41,429     INFO Showing anchor face
2018-06-02 18:47:42,428     INFO Received trigger 5
2018-06-02 18:47:42,428     INFO End of anchor face
2018-06-02 18:47:42,431     INFO Showing fixation
2018-06-02 18:47:42,947     INFO End of fixation
2018-06-02 18:47:42,949     INFO Showing number
2018-06-02 18:47:43,428     INFO Received trigger 5
2018-06-02 18:47:43,429     INFO End of number
2018-06-02 18:47:43,432     INFO Showing fixation
2018-06-02 18:47:44,428     INFO Received trigger 5
2018-06-02 18:47:45,427     INFO Received trigger 5
2018-06-02 18:47:46,427     INFO Received trigger 5
2018-06-02 18:47:47,427     INFO Received trigger 5
2018-06-02 18:47:48,427     INFO Received trigger 5
2018-06-02 18:47:49,428     INFO Received trigger 5
2018-06-02 18:47:49,428     INFO End of fixation
2018-06-02 18:47:49,452     INFO Showing options
2018-06-02 18:47:50,501     INFO Received response [('1', 1.0380029678344727)]
2018-06-02 18:47:50,975     INFO End of options
2018-06-02 18:47:50,979     INFO Showing feedback
2018-06-02 18:47:51,427     INFO Received trigger 5
2018-06-02 18:47:52,429     INFO Received trigger 5
2018-06-02 18:47:52,429     INFO End of feedback
2018-06-02 18:47:52,432     INFO End of trial
2018-06-02 18:47:52,436     INFO Showing fixation
2018-06-02 18:47:53,427     INFO Received trigger 5
2018-06-02 18:47:54,427     INFO Received trigger 5
2018-06-02 18:47:55,427     INFO Received trigger 5
2018-06-02 18:47:56,428     INFO Received trigger 5
2018-06-02 18:47:57,427     INFO Received trigger 5
2018-06-02 18:47:58,428     INFO Received trigger 5
2018-06-02 18:47:59,428     INFO Received trigger 5
2018-06-02 18:47:59,428     INFO End of fixation
2018-06-02 18:47:59,428     INFO Showing anchor face
2018-06-02 18:48:00,428     INFO Received trigger 5
2018-06-02 18:48:00,428     INFO End of anchor face
2018-06-02 18:48:00,431     INFO Showing fixation
2018-06-02 18:48:00,947     INFO End of fixation
2018-06-02 18:48:00,951     INFO Showing number
2018-06-02 18:48:01,427     INFO Received trigger 5
2018-06-02 18:48:01,428     INFO End of number
2018-06-02 18:48:01,431     INFO Showing fixation
2018-06-02 18:48:02,428     INFO Received trigger 5
2018-06-02 18:48:03,427     INFO Received trigger 5
2018-06-02 18:48:04,428     INFO Received trigger 5
2018-06-02 18:48:05,427     INFO Received trigger 5
2018-06-02 18:48:06,428     INFO Received trigger 5
2018-06-02 18:48:07,428     INFO Received trigger 5
2018-06-02 18:48:07,428     INFO End of fixation
2018-06-02 18:48:07,445     INFO Showing options
2018-06-02 18:48:08,223     INFO Received response [('4', 0.7601110935211182)]
2018-06-02 18:48:08,970     INFO End of options
2018-06-02 18:48:08,979     INFO Showing feedback
2018-06-02 18:48:09,428     INFO Received trigger 5
2018-06-02 18:48:10,428     INFO Received trigger 5
2018-06-02 18:48:10,428     INFO End of feedback
2018-06-02 18:48:10,429     INFO End of trial
2018-06-02 18:48:10,432     INFO Showing fixation
2018-06-02 18:48:11,427     INFO Received trigger 5
2018-06-02 18:48:12,427     INFO Received trigger 5
2018-06-02 18:48:13,428     INFO Received trigger 5
2018-06-02 18:48:14,427     INFO Received trigger 5
2018-06-02 18:48:15,427     INFO Received trigger 5
2018-06-02 18:48:15,427     INFO End of fixation
2018-06-02 18:48:15,427     INFO Showing anchor face
2018-06-02 18:48:16,427     INFO Received trigger 5
2018-06-02 18:48:16,427     INFO End of anchor face
2018-06-02 18:48:16,431     INFO Showing fixation
2018-06-02 18:48:16,947     INFO End of fixation
2018-06-02 18:48:16,950     INFO Showing number
2018-06-02 18:48:17,427     INFO Received trigger 5
2018-06-02 18:48:17,427     INFO End of number
2018-06-02 18:48:17,431     INFO Showing fixation
2018-06-02 18:48:18,427     INFO Received trigger 5
2018-06-02 18:48:19,428     INFO Received trigger 5
2018-06-02 18:48:20,427     INFO Received trigger 5
2018-06-02 18:48:21,427     INFO Received trigger 5
2018-06-02 18:48:22,427     INFO Received trigger 5
2018-06-02 18:48:23,428     INFO Received trigger 5
2018-06-02 18:48:23,428     INFO End of fixation
2018-06-02 18:48:23,446     INFO Showing options
2018-06-02 18:48:24,890     INFO Received response [('1', 1.4261400699615479)]
2018-06-02 18:48:24,970     INFO End of options
2018-06-02 18:48:24,980     INFO Showing feedback
2018-06-02 18:48:25,427     INFO Received trigger 5
2018-06-02 18:48:26,427     INFO Received trigger 5
2018-06-02 18:48:26,427     INFO End of feedback
2018-06-02 18:48:26,428     INFO End of trial
2018-06-02 18:48:26,431     INFO Showing fixation
2018-06-02 18:48:27,428     INFO Received trigger 5
2018-06-02 18:48:28,427     INFO Received trigger 5
2018-06-02 18:48:29,428     INFO Received trigger 5
2018-06-02 18:48:30,427     INFO Received trigger 5
2018-06-02 18:48:31,428     INFO Received trigger 5
2018-06-02 18:48:31,428     INFO End of fixation
2018-06-02 18:48:31,428     INFO Showing anchor face
2018-06-02 18:48:32,427     INFO Received trigger 5
2018-06-02 18:48:32,427     INFO End of anchor face
2018-06-02 18:48:32,430     INFO Showing fixation
2018-06-02 18:48:32,948     INFO End of fixation
2018-06-02 18:48:32,950     INFO Showing number
2018-06-02 18:48:33,428     INFO Received trigger 5
2018-06-02 18:48:33,428     INFO End of number
2018-06-02 18:48:33,431     INFO Showing fixation
2018-06-02 18:48:34,427     INFO Received trigger 5
2018-06-02 18:48:35,428     INFO Received trigger 5
2018-06-02 18:48:36,428     INFO Received trigger 5
2018-06-02 18:48:37,427     INFO Received trigger 5
2018-06-02 18:48:38,427     INFO Received trigger 5
2018-06-02 18:48:39,427     INFO Received trigger 5
2018-06-02 18:48:39,428     INFO End of fixation
2018-06-02 18:48:39,446     INFO Showing options
2018-06-02 18:48:40,157     INFO Received response [('2', 0.6933209896087646)]
2018-06-02 18:48:40,971     INFO End of options
2018-06-02 18:48:40,980     INFO Showing feedback
2018-06-02 18:48:41,427     INFO Received trigger 5
2018-06-02 18:48:42,427     INFO Received trigger 5
2018-06-02 18:48:42,427     INFO End of feedback
2018-06-02 18:48:42,429     INFO End of trial
2018-06-02 18:48:42,432     INFO Showing fixation
2018-06-02 18:48:43,427     INFO Received trigger 5
2018-06-02 18:48:44,427     INFO Received trigger 5
2018-06-02 18:48:45,427     INFO Received trigger 5
2018-06-02 18:48:46,428     INFO Received trigger 5
2018-06-02 18:48:47,427     INFO Received trigger 5
2018-06-02 18:48:48,427     INFO Received trigger 5
2018-06-02 18:48:49,427     INFO Received trigger 5
2018-06-02 18:48:49,428     INFO End of fixation
2018-06-02 18:48:49,428     INFO Showing anchor face
2018-06-02 18:48:50,427     INFO Received trigger 5
2018-06-02 18:48:50,427     INFO End of anchor face
2018-06-02 18:48:50,430     INFO Showing fixation
2018-06-02 18:48:50,949     INFO End of fixation
2018-06-02 18:48:50,951     INFO Showing number
2018-06-02 18:48:51,428     INFO Received trigger 5
2018-06-02 18:48:51,428     INFO End of number
2018-06-02 18:48:51,432     INFO Showing fixation
2018-06-02 18:48:52,427     INFO Received trigger 5
2018-06-02 18:48:53,427     INFO Received trigger 5
2018-06-02 18:48:54,427     INFO Received trigger 5
2018-06-02 18:48:55,427     INFO Received trigger 5
2018-06-02 18:48:56,427     INFO Received trigger 5
2018-06-02 18:48:57,427     INFO Received trigger 5
2018-06-02 18:48:57,427     INFO End of fixation
2018-06-02 18:48:57,446     INFO Showing options
2018-06-02 18:48:58,489     INFO Received response [('1', 1.0244109630584717)]
2018-06-02 18:48:58,974     INFO End of options
2018-06-02 18:48:58,981     INFO Showing feedback
2018-06-02 18:48:59,427     INFO Received trigger 5
2018-06-02 18:49:00,429     INFO Received trigger 5
2018-06-02 18:49:00,429     INFO End of feedback
2018-06-02 18:49:00,430     INFO End of trial
2018-06-02 18:49:00,436     INFO Showing fixation
2018-06-02 18:49:01,427     INFO Received trigger 5
2018-06-02 18:49:02,427     INFO Received trigger 5
2018-06-02 18:49:03,426     INFO Received trigger 5
2018-06-02 18:49:04,427     INFO Received trigger 5
2018-06-02 18:49:04,427     INFO End of fixation
2018-06-02 18:49:04,427     INFO Showing anchor face
2018-06-02 18:49:05,426     INFO Received trigger 5
2018-06-02 18:49:05,426     INFO End of anchor face
2018-06-02 18:49:05,429     INFO Showing fixation
2018-06-02 18:49:05,933     INFO End of fixation
2018-06-02 18:49:05,935     INFO Showing number
2018-06-02 18:49:06,427     INFO Received trigger 5
2018-06-02 18:49:06,427     INFO End of number
2018-06-02 18:49:06,430     INFO Showing fixation
2018-06-02 18:49:07,426     INFO Received trigger 5
2018-06-02 18:49:08,427     INFO Received trigger 5
2018-06-02 18:49:09,426     INFO Received trigger 5
2018-06-02 18:49:10,427     INFO Received trigger 5
2018-06-02 18:49:11,427     INFO Received trigger 5
2018-06-02 18:49:12,427     INFO Received trigger 5
2018-06-02 18:49:12,427     INFO End of fixation
2018-06-02 18:49:12,445     INFO Showing options
2018-06-02 18:49:13,683     INFO Received response [('2', 1.2345499992370605)]
2018-06-02 18:49:13,965     INFO End of options
2018-06-02 18:49:13,981     INFO Showing feedback
2018-06-02 18:49:14,427     INFO Received trigger 5
2018-06-02 18:49:15,428     INFO Received trigger 5
2018-06-02 18:49:15,428     INFO End of feedback
2018-06-02 18:49:15,429     INFO End of trial
2018-06-02 18:49:15,433     INFO Showing fixation
2018-06-02 18:49:16,426     INFO Received trigger 5
2018-06-02 18:49:17,427     INFO Received trigger 5
2018-06-02 18:49:18,427     INFO Received trigger 5
2018-06-02 18:49:19,427     INFO Received trigger 5
2018-06-02 18:49:20,427     INFO Received trigger 5
2018-06-02 18:49:21,428     INFO Received trigger 5
2018-06-02 18:49:21,428     INFO End of fixation
2018-06-02 18:49:21,428     INFO Showing anchor face
2018-06-02 18:49:22,427     INFO Received trigger 5
2018-06-02 18:49:22,427     INFO End of anchor face
2018-06-02 18:49:22,430     INFO Showing fixation
2018-06-02 18:49:22,933     INFO End of fixation
2018-06-02 18:49:22,936     INFO Showing number
2018-06-02 18:49:23,427     INFO Received trigger 5
2018-06-02 18:49:23,427     INFO End of number
2018-06-02 18:49:23,430     INFO Showing fixation
2018-06-02 18:49:24,427     INFO Received trigger 5
2018-06-02 18:49:25,427     INFO Received trigger 5
2018-06-02 18:49:26,427     INFO Received trigger 5
2018-06-02 18:49:27,428     INFO Received trigger 5
2018-06-02 18:49:28,427     INFO Received trigger 5
2018-06-02 18:49:29,426     INFO Received trigger 5
2018-06-02 18:49:29,427     INFO End of fixation
2018-06-02 18:49:29,444     INFO Showing options
2018-06-02 18:49:30,949     INFO No response received, showing feedback
2018-06-02 18:49:31,426     INFO Received trigger 5
2018-06-02 18:49:32,426     INFO Received trigger 5
2018-06-02 18:49:32,426     INFO End of feedback
2018-06-02 18:49:32,427     INFO End of trial
2018-06-02 18:49:32,430     INFO Showing fixation
2018-06-02 18:49:33,427     INFO Received trigger 5
2018-06-02 18:49:34,426     INFO Received trigger 5
2018-06-02 18:49:35,427     INFO Received trigger 5
2018-06-02 18:49:36,426     INFO Received trigger 5
2018-06-02 18:49:37,427     INFO Received trigger 5
2018-06-02 18:49:38,426     INFO Received trigger 5
2018-06-02 18:49:39,428     INFO Received trigger 5
2018-06-02 18:49:40,426     INFO Received trigger 5
2018-06-02 18:49:40,426     INFO End of fixation
2018-06-02 18:49:40,427     INFO Showing anchor face
2018-06-02 18:49:41,428     INFO Received trigger 5
2018-06-02 18:49:41,428     INFO End of anchor face
2018-06-02 18:49:41,431     INFO Showing fixation
2018-06-02 18:49:41,950     INFO End of fixation
2018-06-02 18:49:41,953     INFO Showing number
2018-06-02 18:49:42,426     INFO Received trigger 5
2018-06-02 18:49:42,426     INFO End of number
2018-06-02 18:49:42,430     INFO Showing fixation
2018-06-02 18:49:43,427     INFO Received trigger 5
2018-06-02 18:49:44,427     INFO Received trigger 5
2018-06-02 18:49:45,428     INFO Received trigger 5
2018-06-02 18:49:46,426     INFO Received trigger 5
2018-06-02 18:49:47,427     INFO Received trigger 5
2018-06-02 18:49:48,427     INFO Received trigger 5
2018-06-02 18:49:48,427     INFO End of fixation
2018-06-02 18:49:48,444     INFO Showing options
2018-06-02 18:49:49,140     INFO Received response [('4', 0.6906270980834961)]
2018-06-02 18:49:49,960     INFO End of options
2018-06-02 18:49:49,966     INFO Showing feedback
2018-06-02 18:49:50,427     INFO Received trigger 5
2018-06-02 18:49:51,427     INFO Received trigger 5
2018-06-02 18:49:51,427     INFO End of feedback
2018-06-02 18:49:51,428     INFO End of trial
2018-06-02 18:49:51,431     INFO Showing fixation
2018-06-02 18:49:52,427     INFO Received trigger 5
2018-06-02 18:49:53,427     INFO Received trigger 5
2018-06-02 18:49:54,426     INFO Received trigger 5
2018-06-02 18:49:55,426     INFO Received trigger 5
2018-06-02 18:49:55,426     INFO End of fixation
2018-06-02 18:49:55,427     INFO Showing anchor face
2018-06-02 18:49:56,426     INFO Received trigger 5
2018-06-02 18:49:56,426     INFO End of anchor face
2018-06-02 18:49:56,429     INFO Showing fixation
2018-06-02 18:49:56,934     INFO End of fixation
2018-06-02 18:49:56,936     INFO Showing number
2018-06-02 18:49:57,427     INFO Received trigger 5
2018-06-02 18:49:57,427     INFO End of number
2018-06-02 18:49:57,430     INFO Showing fixation
2018-06-02 18:49:58,426     INFO Received trigger 5
2018-06-02 18:49:59,427     INFO Received trigger 5
2018-06-02 18:50:00,426     INFO Received trigger 5
2018-06-02 18:50:01,426     INFO Received trigger 5
2018-06-02 18:50:02,426     INFO Received trigger 5
2018-06-02 18:50:03,426     INFO Received trigger 5
2018-06-02 18:50:03,427     INFO End of fixation
2018-06-02 18:50:03,444     INFO Showing options
2018-06-02 18:50:04,041     INFO Received response [('3', 0.5912339687347412)]
2018-06-02 18:50:04,959     INFO End of options
2018-06-02 18:50:04,966     INFO Showing feedback
2018-06-02 18:50:05,426     INFO Received trigger 5
2018-06-02 18:50:06,426     INFO Received trigger 5
2018-06-02 18:50:06,426     INFO End of feedback
2018-06-02 18:50:06,427     INFO End of trial
2018-06-02 18:50:06,430     INFO Showing fixation
2018-06-02 18:50:07,426     INFO Received trigger 5
2018-06-02 18:50:08,426     INFO Received trigger 5
2018-06-02 18:50:09,426     INFO Received trigger 5
2018-06-02 18:50:10,426     INFO Received trigger 5
2018-06-02 18:50:11,427     INFO Received trigger 5
2018-06-02 18:50:12,426     INFO Received trigger 5
2018-06-02 18:50:13,427     INFO Received trigger 5
2018-06-02 18:50:13,427     INFO End of fixation
2018-06-02 18:50:13,427     INFO Showing anchor face
2018-06-02 18:50:14,426     INFO Received trigger 5
2018-06-02 18:50:14,427     INFO End of anchor face
2018-06-02 18:50:14,430     INFO Showing fixation
2018-06-02 18:50:14,934     INFO End of fixation
2018-06-02 18:50:14,937     INFO Showing number
2018-06-02 18:50:15,427     INFO Received trigger 5
2018-06-02 18:50:15,427     INFO End of number
2018-06-02 18:50:15,431     INFO Showing fixation
2018-06-02 18:50:16,426     INFO Received trigger 5
2018-06-02 18:50:17,427     INFO Received trigger 5
2018-06-02 18:50:18,427     INFO Received trigger 5
2018-06-02 18:50:19,427     INFO Received trigger 5
2018-06-02 18:50:20,426     INFO Received trigger 5
2018-06-02 18:50:21,426     INFO Received trigger 5
2018-06-02 18:50:21,426     INFO End of fixation
2018-06-02 18:50:21,444     INFO Showing options
2018-06-02 18:50:22,216     INFO Received response [('4', 0.7655880451202393)]
2018-06-02 18:50:22,969     INFO End of options
2018-06-02 18:50:22,983     INFO Showing feedback
2018-06-02 18:50:23,425     INFO Received trigger 5
2018-06-02 18:50:24,426     INFO Received trigger 5
2018-06-02 18:50:24,426     INFO End of feedback
2018-06-02 18:50:24,427     INFO End of trial
2018-06-02 18:50:24,431     INFO Showing fixation
2018-06-02 18:50:25,426     INFO Received trigger 5
2018-06-02 18:50:26,426     INFO Received trigger 5
2018-06-02 18:50:27,426     INFO Received trigger 5
2018-06-02 18:50:28,426     INFO Received trigger 5
2018-06-02 18:50:29,426     INFO Received trigger 5
2018-06-02 18:50:29,426     INFO End of fixation
2018-06-02 18:50:29,426     INFO Showing anchor face
2018-06-02 18:50:30,426     INFO Received trigger 5
2018-06-02 18:50:30,426     INFO End of anchor face
2018-06-02 18:50:30,430     INFO Showing fixation
2018-06-02 18:50:30,935     INFO End of fixation
2018-06-02 18:50:30,937     INFO Showing number
2018-06-02 18:50:31,426     INFO Received trigger 5
2018-06-02 18:50:31,426     INFO End of number
2018-06-02 18:50:31,429     INFO Showing fixation
2018-06-02 18:50:32,426     INFO Received trigger 5
2018-06-02 18:50:33,426     INFO Received trigger 5
2018-06-02 18:50:34,426     INFO Received trigger 5
2018-06-02 18:50:35,426     INFO Received trigger 5
2018-06-02 18:50:36,426     INFO Received trigger 5
2018-06-02 18:50:37,426     INFO Received trigger 5
2018-06-02 18:50:37,426     INFO End of fixation
2018-06-02 18:50:37,445     INFO Showing options
2018-06-02 18:50:38,364     INFO Received response [('3', 0.9136099815368652)]
2018-06-02 18:50:38,954     INFO End of options
2018-06-02 18:50:38,967     INFO Showing feedback
2018-06-02 18:50:39,426     INFO Received trigger 5
2018-06-02 18:50:40,426     INFO Received trigger 5
2018-06-02 18:50:40,426     INFO End of feedback
2018-06-02 18:50:40,428     INFO End of trial
2018-06-02 18:50:40,431     INFO Showing fixation
2018-06-02 18:50:41,427     INFO Received trigger 5
2018-06-02 18:50:42,427     INFO Received trigger 5
2018-06-02 18:50:43,426     INFO Received trigger 5
2018-06-02 18:50:44,426     INFO Received trigger 5
2018-06-02 18:50:45,426     INFO Received trigger 5
2018-06-02 18:50:46,426     INFO Received trigger 5
2018-06-02 18:50:47,425     INFO Received trigger 5
2018-06-02 18:50:48,426     INFO Received trigger 5
2018-06-02 18:50:48,426     INFO End of fixation
2018-06-02 18:50:48,426     INFO Showing anchor face
2018-06-02 18:50:49,426     INFO Received trigger 5
2018-06-02 18:50:49,426     INFO End of anchor face
2018-06-02 18:50:49,429     INFO Showing fixation
2018-06-02 18:50:49,935     INFO End of fixation
2018-06-02 18:50:49,938     INFO Showing number
2018-06-02 18:50:50,426     INFO Received trigger 5
2018-06-02 18:50:50,426     INFO End of number
2018-06-02 18:50:50,429     INFO Showing fixation
2018-06-02 18:50:51,425     INFO Received trigger 5
2018-06-02 18:50:52,426     INFO Received trigger 5
2018-06-02 18:50:53,426     INFO Received trigger 5
2018-06-02 18:50:54,426     INFO Received trigger 5
2018-06-02 18:50:55,425     INFO Received trigger 5
2018-06-02 18:50:56,426     INFO Received trigger 5
2018-06-02 18:50:56,426     INFO End of fixation
2018-06-02 18:50:56,444     INFO Showing options
2018-06-02 18:50:57,482     INFO Received response [('3', 1.0302009582519531)]
2018-06-02 18:50:57,955     INFO End of options
2018-06-02 18:50:57,968     INFO Showing feedback
2018-06-02 18:50:58,426     INFO Received trigger 5
2018-06-02 18:50:59,426     INFO Received trigger 5
2018-06-02 18:50:59,427     INFO End of feedback
2018-06-02 18:50:59,428     INFO End of trial
2018-06-02 18:50:59,431     INFO Showing fixation
2018-06-02 18:51:00,426     INFO Received trigger 5
2018-06-02 18:51:01,426     INFO Received trigger 5
2018-06-02 18:51:02,426     INFO Received trigger 5
2018-06-02 18:51:03,426     INFO Received trigger 5
2018-06-02 18:51:04,426     INFO Received trigger 5
2018-06-02 18:51:04,426     INFO End of fixation
2018-06-02 18:51:04,426     INFO Showing anchor face
2018-06-02 18:51:05,427     INFO Received trigger 5
2018-06-02 18:51:05,427     INFO End of anchor face
2018-06-02 18:51:05,430     INFO Showing fixation
2018-06-02 18:51:05,936     INFO End of fixation
2018-06-02 18:51:05,938     INFO Showing number
2018-06-02 18:51:06,426     INFO Received trigger 5
2018-06-02 18:51:06,426     INFO End of number
2018-06-02 18:51:06,429     INFO Showing fixation
2018-06-02 18:51:07,427     INFO Received trigger 5
2018-06-02 18:51:08,426     INFO Received trigger 5
2018-06-02 18:51:09,426     INFO Received trigger 5
2018-06-02 18:51:10,426     INFO Received trigger 5
2018-06-02 18:51:11,427     INFO Received trigger 5
2018-06-02 18:51:12,425     INFO Received trigger 5
2018-06-02 18:51:12,425     INFO End of fixation
2018-06-02 18:51:12,444     INFO Showing options
2018-06-02 18:51:13,094     INFO Received response [('4', 0.6421239376068115)]
2018-06-02 18:51:13,961     INFO End of options
2018-06-02 18:51:13,968     INFO Showing feedback
2018-06-02 18:51:14,425     INFO Received trigger 5
2018-06-02 18:51:15,425     INFO Received trigger 5
2018-06-02 18:51:15,425     INFO End of feedback
2018-06-02 18:51:15,427     INFO End of trial
2018-06-02 18:51:15,429     INFO Showing fixation
2018-06-02 18:51:16,425     INFO Received trigger 5
2018-06-02 18:51:17,427     INFO Received trigger 5
2018-06-02 18:51:18,425     INFO Received trigger 5
2018-06-02 18:51:19,426     INFO Received trigger 5
2018-06-02 18:51:20,426     INFO Received trigger 5
2018-06-02 18:51:21,427     INFO Received trigger 5
2018-06-02 18:51:22,426     INFO Received trigger 5
2018-06-02 18:51:22,426     INFO End of fixation
2018-06-02 18:51:22,426     INFO Showing anchor face
2018-06-02 18:51:23,427     INFO Received trigger 5
2018-06-02 18:51:23,427     INFO End of anchor face
2018-06-02 18:51:23,432     INFO Showing fixation
2018-06-02 18:51:23,936     INFO End of fixation
2018-06-02 18:51:23,939     INFO Showing number
2018-06-02 18:51:24,425     INFO Received trigger 5
2018-06-02 18:51:24,425     INFO End of number
2018-06-02 18:51:24,428     INFO Showing fixation
2018-06-02 18:51:25,426     INFO Received trigger 5
2018-06-02 18:51:26,426     INFO Received trigger 5
2018-06-02 18:51:27,426     INFO Received trigger 5
2018-06-02 18:51:28,426     INFO Received trigger 5
2018-06-02 18:51:29,426     INFO Received trigger 5
2018-06-02 18:51:30,426     INFO Received trigger 5
2018-06-02 18:51:30,426     INFO End of fixation
2018-06-02 18:51:30,444     INFO Showing options
2018-06-02 18:51:31,615     INFO Received response [('2', 1.1621451377868652)]
2018-06-02 18:51:31,958     INFO End of options
2018-06-02 18:51:31,969     INFO Showing feedback
2018-06-02 18:51:32,426     INFO Received trigger 5
2018-06-02 18:51:33,427     INFO Received trigger 5
2018-06-02 18:51:33,427     INFO End of feedback
2018-06-02 18:51:33,429     INFO End of trial
2018-06-02 18:51:33,433     INFO Showing fixation
2018-06-02 18:51:34,426     INFO Received trigger 5
2018-06-02 18:51:35,426     INFO Received trigger 5
2018-06-02 18:51:36,426     INFO Received trigger 5
2018-06-02 18:51:37,427     INFO Received trigger 5
2018-06-02 18:51:38,425     INFO Received trigger 5
2018-06-02 18:51:39,425     INFO Received trigger 5
2018-06-02 18:51:40,425     INFO Received trigger 5
2018-06-02 18:51:40,425     INFO End of fixation
2018-06-02 18:51:40,426     INFO Showing anchor face
2018-06-02 18:51:41,425     INFO Received trigger 5
2018-06-02 18:51:41,425     INFO End of anchor face
2018-06-02 18:51:41,429     INFO Showing fixation
2018-06-02 18:51:41,937     INFO End of fixation
2018-06-02 18:51:41,939     INFO Showing number
2018-06-02 18:51:42,425     INFO Received trigger 5
2018-06-02 18:51:42,425     INFO End of number
2018-06-02 18:51:42,428     INFO Showing fixation
2018-06-02 18:51:43,426     INFO Received trigger 5
2018-06-02 18:51:44,425     INFO Received trigger 5
2018-06-02 18:51:45,426     INFO Received trigger 5
2018-06-02 18:51:46,425     INFO Received trigger 5
2018-06-02 18:51:47,425     INFO Received trigger 5
2018-06-02 18:51:48,425     INFO Received trigger 5
2018-06-02 18:51:48,425     INFO End of fixation
2018-06-02 18:51:48,442     INFO Showing options
2018-06-02 18:51:49,144     INFO Received response [('1', 0.6899518966674805)]
2018-06-02 18:51:49,964     INFO End of options
2018-06-02 18:51:49,969     INFO Showing feedback
2018-06-02 18:51:50,426     INFO Received trigger 5
2018-06-02 18:51:51,425     INFO Received trigger 5
2018-06-02 18:51:51,426     INFO End of feedback
2018-06-02 18:51:51,427     INFO End of trial
2018-06-02 18:51:51,430     INFO Showing fixation
2018-06-02 18:51:52,426     INFO Received trigger 5
2018-06-02 18:51:53,425     INFO Received trigger 5
2018-06-02 18:51:54,426     INFO Received trigger 5
2018-06-02 18:51:55,425     INFO Received trigger 5
2018-06-02 18:51:56,427     INFO Received trigger 5
2018-06-02 18:51:56,427     INFO End of fixation
2018-06-02 18:51:56,427     INFO Showing anchor face
2018-06-02 18:51:57,426     INFO Received trigger 5
2018-06-02 18:51:57,426     INFO End of anchor face
2018-06-02 18:51:57,429     INFO Showing fixation
2018-06-02 18:51:57,937     INFO End of fixation
2018-06-02 18:51:57,940     INFO Showing number
2018-06-02 18:51:58,427     INFO Received trigger 5
2018-06-02 18:51:58,427     INFO End of number
2018-06-02 18:51:58,431     INFO Showing fixation
2018-06-02 18:51:59,426     INFO Received trigger 5
2018-06-02 18:52:00,427     INFO Received trigger 5
2018-06-02 18:52:01,426     INFO Received trigger 5
2018-06-02 18:52:02,426     INFO Received trigger 5
2018-06-02 18:52:03,425     INFO Received trigger 5
2018-06-02 18:52:04,426     INFO Received trigger 5
2018-06-02 18:52:04,426     INFO End of fixation
2018-06-02 18:52:04,446     INFO Showing options
2018-06-02 18:52:05,190     INFO Received response [('4', 0.7363100051879883)]
2018-06-02 18:52:05,968     INFO End of options
2018-06-02 18:52:05,987     INFO Showing feedback
2018-06-02 18:52:06,425     INFO Received trigger 5
2018-06-02 18:52:07,425     INFO Received trigger 5
2018-06-02 18:52:07,425     INFO End of feedback
2018-06-02 18:52:07,426     INFO End of trial
2018-06-02 18:52:07,429     INFO Showing fixation
2018-06-02 18:52:08,425     INFO Received trigger 5
2018-06-02 18:52:09,425     INFO Received trigger 5
2018-06-02 18:52:10,425     INFO Received trigger 5
2018-06-02 18:52:11,425     INFO Received trigger 5
2018-06-02 18:52:12,425     INFO Received trigger 5
2018-06-02 18:52:13,425     INFO Received trigger 5
2018-06-02 18:52:14,425     INFO Received trigger 5
2018-06-02 18:52:14,426     INFO End of fixation
2018-06-02 18:52:14,426     INFO Showing anchor face
2018-06-02 18:52:15,425     INFO Received trigger 5
2018-06-02 18:52:15,425     INFO End of anchor face
2018-06-02 18:52:15,428     INFO Showing fixation
2018-06-02 18:52:15,938     INFO End of fixation
2018-06-02 18:52:15,941     INFO Showing number
2018-06-02 18:52:16,426     INFO Received trigger 5
2018-06-02 18:52:16,426     INFO End of number
2018-06-02 18:52:16,429     INFO Showing fixation
2018-06-02 18:52:17,425     INFO Received trigger 5
2018-06-02 18:52:18,426     INFO Received trigger 5
2018-06-02 18:52:19,425     INFO Received trigger 5
2018-06-02 18:52:20,425     INFO Received trigger 5
2018-06-02 18:52:21,425     INFO Received trigger 5
2018-06-02 18:52:22,425     INFO Received trigger 5
2018-06-02 18:52:22,426     INFO End of fixation
2018-06-02 18:52:22,446     INFO Showing options
2018-06-02 18:52:23,488     INFO Received response [('1', 1.0340709686279297)]
2018-06-02 18:52:23,971     INFO End of options
2018-06-02 18:52:23,987     INFO Showing feedback
2018-06-02 18:52:24,425     INFO Received trigger 5
2018-06-02 18:52:25,426     INFO Received trigger 5
2018-06-02 18:52:25,426     INFO End of feedback
2018-06-02 18:52:25,427     INFO End of trial
2018-06-02 18:52:25,431     INFO Showing fixation
2018-06-02 18:52:26,425     INFO Received trigger 5
2018-06-02 18:52:27,426     INFO Received trigger 5
2018-06-02 18:52:28,426     INFO Received trigger 5
2018-06-02 18:52:29,425     INFO Received trigger 5
2018-06-02 18:52:30,424     INFO Received trigger 5
2018-06-02 18:52:31,425     INFO Received trigger 5
2018-06-02 18:52:31,425     INFO End of fixation
2018-06-02 18:52:31,425     INFO Showing anchor face
2018-06-02 18:52:32,425     INFO Received trigger 5
2018-06-02 18:52:32,425     INFO End of anchor face
2018-06-02 18:52:32,428     INFO Showing fixation
2018-06-02 18:52:32,938     INFO End of fixation
2018-06-02 18:52:32,941     INFO Showing number
2018-06-02 18:52:33,426     INFO Received trigger 5
2018-06-02 18:52:33,427     INFO End of number
2018-06-02 18:52:33,433     INFO Showing fixation
2018-06-02 18:52:34,425     INFO Received trigger 5
2018-06-02 18:52:35,426     INFO Received trigger 5
2018-06-02 18:52:36,425     INFO Received trigger 5
2018-06-02 18:52:37,425     INFO Received trigger 5
2018-06-02 18:52:38,425     INFO Received trigger 5
2018-06-02 18:52:39,425     INFO Received trigger 5
2018-06-02 18:52:39,425     INFO End of fixation
2018-06-02 18:52:39,444     INFO Showing options
2018-06-02 18:52:40,955     INFO No response received, showing feedback
2018-06-02 18:52:41,425     INFO Received trigger 5
2018-06-02 18:52:42,425     INFO Received trigger 5
2018-06-02 18:52:42,425     INFO End of feedback
2018-06-02 18:52:42,426     INFO End of trial
2018-06-02 18:52:42,430     INFO Showing fixation
2018-06-02 18:52:43,425     INFO Received trigger 5
2018-06-02 18:52:44,425     INFO Received trigger 5
2018-06-02 18:52:45,425     INFO Received trigger 5
2018-06-02 18:52:46,425     INFO Received trigger 5
2018-06-02 18:52:47,425     INFO Received trigger 5
2018-06-02 18:52:48,425     INFO Received trigger 5
2018-06-02 18:52:48,425     INFO End of fixation
2018-06-02 18:52:48,426     INFO Showing anchor face
2018-06-02 18:52:49,425     INFO Received trigger 5
2018-06-02 18:52:49,425     INFO End of anchor face
2018-06-02 18:52:49,428     INFO Showing fixation
2018-06-02 18:52:49,939     INFO End of fixation
2018-06-02 18:52:49,942     INFO Showing number
2018-06-02 18:52:50,426     INFO Received trigger 5
2018-06-02 18:52:50,426     INFO End of number
2018-06-02 18:52:50,430     INFO Showing fixation
2018-06-02 18:52:51,425     INFO Received trigger 5
2018-06-02 18:52:52,426     INFO Received trigger 5
2018-06-02 18:52:53,425     INFO Received trigger 5
2018-06-02 18:52:54,426     INFO Received trigger 5
2018-06-02 18:52:55,424     INFO Received trigger 5
2018-06-02 18:52:56,425     INFO Received trigger 5
2018-06-02 18:52:56,425     INFO End of fixation
2018-06-02 18:52:56,443     INFO Showing options
2018-06-02 18:52:57,706     INFO Received response [('1', 1.2512497901916504)]
2018-06-02 18:52:57,971     INFO End of options
2018-06-02 18:52:57,988     INFO Showing feedback
2018-06-02 18:52:58,424     INFO Received trigger 5
2018-06-02 18:52:59,425     INFO Received trigger 5
2018-06-02 18:52:59,425     INFO End of feedback
2018-06-02 18:52:59,426     INFO End of trial
2018-06-02 18:52:59,430     INFO Showing fixation
2018-06-02 18:53:00,424     INFO Received trigger 5
2018-06-02 18:53:01,425     INFO Received trigger 5
2018-06-02 18:53:02,425     INFO Received trigger 5
2018-06-02 18:53:03,425     INFO Received trigger 5
2018-06-02 18:53:04,424     INFO Received trigger 5
2018-06-02 18:53:05,425     INFO Received trigger 5
2018-06-02 18:53:06,425     INFO Received trigger 5
2018-06-02 18:53:06,425     INFO End of fixation
2018-06-02 18:53:06,425     INFO Showing anchor face
2018-06-02 18:53:07,425     INFO Received trigger 5
2018-06-02 18:53:07,425     INFO End of anchor face
2018-06-02 18:53:07,428     INFO Showing fixation
2018-06-02 18:53:07,939     INFO End of fixation
2018-06-02 18:53:07,942     INFO Showing number
2018-06-02 18:53:08,425     INFO Received trigger 5
2018-06-02 18:53:08,425     INFO End of number
2018-06-02 18:53:08,428     INFO Showing fixation
2018-06-02 18:53:09,425     INFO Received trigger 5
2018-06-02 18:53:10,425     INFO Received trigger 5
2018-06-02 18:53:11,425     INFO Received trigger 5
2018-06-02 18:53:12,425     INFO Received trigger 5
2018-06-02 18:53:13,425     INFO Received trigger 5
2018-06-02 18:53:14,425     INFO Received trigger 5
2018-06-02 18:53:14,425     INFO End of fixation
2018-06-02 18:53:14,442     INFO Showing options
2018-06-02 18:53:15,189     INFO Received response [('3', 0.7324469089508057)]
2018-06-02 18:53:15,974     INFO End of options
2018-06-02 18:53:15,989     INFO Showing feedback
2018-06-02 18:53:16,425     INFO Received trigger 5
2018-06-02 18:53:17,425     INFO Received trigger 5
2018-06-02 18:53:17,425     INFO End of feedback
2018-06-02 18:53:17,426     INFO End of trial
2018-06-02 18:53:17,430     INFO Showing fixation
2018-06-02 18:53:18,425     INFO Received trigger 5
2018-06-02 18:53:19,425     INFO Received trigger 5
2018-06-02 18:53:20,425     INFO Received trigger 5
2018-06-02 18:53:21,424     INFO Received trigger 5
2018-06-02 18:53:22,424     INFO Received trigger 5
2018-06-02 18:53:22,424     INFO End of fixation
2018-06-02 18:53:22,425     INFO Showing anchor face
2018-06-02 18:53:23,424     INFO Received trigger 5
2018-06-02 18:53:23,424     INFO End of anchor face
2018-06-02 18:53:23,427     INFO Showing fixation
2018-06-02 18:53:23,940     INFO End of fixation
2018-06-02 18:53:23,942     INFO Showing number
2018-06-02 18:53:24,425     INFO Received trigger 5
2018-06-02 18:53:24,425     INFO End of number
2018-06-02 18:53:24,428     INFO Showing fixation
2018-06-02 18:53:25,424     INFO Received trigger 5
2018-06-02 18:53:26,424     INFO Received trigger 5
2018-06-02 18:53:27,424     INFO Received trigger 5
2018-06-02 18:53:28,425     INFO Received trigger 5
2018-06-02 18:53:29,424     INFO Received trigger 5
2018-06-02 18:53:30,425     INFO Received trigger 5
2018-06-02 18:53:30,425     INFO End of fixation
2018-06-02 18:53:30,443     INFO Showing options
2018-06-02 18:53:31,426     INFO Received response [('1', 0.9698939323425293)]
2018-06-02 18:53:31,970     INFO End of options
2018-06-02 18:53:31,973     INFO Showing feedback
2018-06-02 18:53:32,424     INFO Received trigger 5
2018-06-02 18:53:33,425     INFO Received trigger 5
2018-06-02 18:53:33,425     INFO End of feedback
2018-06-02 18:53:33,426     INFO End of trial
2018-06-02 18:53:33,429     INFO Showing fixation
2018-06-02 18:53:34,424     INFO Received trigger 5
2018-06-02 18:53:35,425     INFO Received trigger 5
2018-06-02 18:53:36,424     INFO Received trigger 5
2018-06-02 18:53:37,425     INFO Received trigger 5
2018-06-02 18:53:37,425     INFO End of fixation
2018-06-02 18:53:37,426     INFO Showing anchor face
2018-06-02 18:53:38,424     INFO Received trigger 5
2018-06-02 18:53:38,425     INFO End of anchor face
2018-06-02 18:53:38,427     INFO Showing fixation
2018-06-02 18:53:38,940     INFO End of fixation
2018-06-02 18:53:38,945     INFO Showing number
2018-06-02 18:53:39,425     INFO Received trigger 5
2018-06-02 18:53:39,425     INFO End of number
2018-06-02 18:53:39,428     INFO Showing fixation
2018-06-02 18:53:40,425     INFO Received trigger 5
2018-06-02 18:53:41,425     INFO Received trigger 5
2018-06-02 18:53:42,425     INFO Received trigger 5
2018-06-02 18:53:43,425     INFO Received trigger 5
2018-06-02 18:53:44,425     INFO Received trigger 5
2018-06-02 18:53:45,425     INFO Received trigger 5
2018-06-02 18:53:45,425     INFO End of fixation
2018-06-02 18:53:45,513     INFO Showing options
2018-06-02 18:53:46,160     INFO Received response [('3', 0.6364660263061523)]
2018-06-02 18:53:47,038     INFO End of options
2018-06-02 18:53:47,057     INFO Showing feedback
2018-06-02 18:53:47,424     INFO Received trigger 5
2018-06-02 18:53:48,424     INFO Received trigger 5
2018-06-02 18:53:48,424     INFO End of feedback
2018-06-02 18:53:48,425     INFO End of trial
2018-06-02 18:53:48,428     INFO Showing fixation
2018-06-02 18:53:49,424     INFO Received trigger 5
2018-06-02 18:53:50,424     INFO Received trigger 5
2018-06-02 18:53:51,424     INFO Received trigger 5
2018-06-02 18:53:52,424     INFO Received trigger 5
2018-06-02 18:53:52,424     INFO End of fixation
2018-06-02 18:53:52,424     INFO Showing instructions
2018-06-02 18:53:52,437     INFO Instruction: You earned 20 point(s) out of ...
2018-06-02 18:53:53,424     INFO Received response [('5', 0.9842629432678223)]
2018-06-02 18:53:53,424     INFO End of instructions
2018-06-02 18:53:53,425     INFO Showing instructions
2018-06-02 18:53:53,435     INFO Instruction: You earned 20 point(s) out of ...
2018-06-02 18:53:54,424     INFO Received response [('5', 0.9841330051422119)]
2018-06-02 18:53:54,424     INFO End of instructions
2018-06-02 18:53:54,424     INFO Showing instructions
2018-06-02 18:53:54,433     INFO Instruction: You earned 20 point(s) out of ...
2018-06-02 18:53:55,424     INFO Received response [('5', 0.9842290878295898)]
2018-06-02 18:53:55,425     INFO End of instructions
2018-06-02 18:53:55,432     INFO Showing instructions
2018-06-02 18:53:55,466     INFO Instruction: You have completed Run #1.  Ru...
2018-06-02 18:54:27,652     INFO Received response [('space', 32.17815709114075)]
2018-06-02 18:54:27,652     INFO End of instructions
2018-06-02 18:54:27,652     INFO Showing instructions
2018-06-02 18:54:27,688     INFO Instruction: You have completed Run #1.  Ru...
2018-06-02 18:54:46,304     INFO Received response [('5', 18.61244297027588)]
2018-06-02 18:54:46,304     INFO End of instructions
2018-06-02 18:54:46,305     INFO Showing anchor face
2018-06-02 18:54:47,304     INFO Received trigger 5
2018-06-02 18:54:47,304     INFO End of anchor face
2018-06-02 18:54:47,306     INFO Showing fixation
2018-06-02 18:54:47,826     INFO End of fixation
2018-06-02 18:54:47,828     INFO Showing number
2018-06-02 18:54:48,303     INFO Received trigger 5
2018-06-02 18:54:48,304     INFO End of number
2018-06-02 18:54:48,306     INFO Showing fixation
2018-06-02 18:54:49,304     INFO Received trigger 5
2018-06-02 18:54:50,304     INFO Received trigger 5
2018-06-02 18:54:51,304     INFO Received trigger 5
2018-06-02 18:54:52,304     INFO Received trigger 5
2018-06-02 18:54:53,304     INFO Received trigger 5
2018-06-02 18:54:54,304     INFO Received trigger 5
2018-06-02 18:54:54,304     INFO End of fixation
2018-06-02 18:54:54,321     INFO Showing options
2018-06-02 18:54:55,608     INFO Received response [('3', 1.2826049327850342)]
2018-06-02 18:54:55,844     INFO End of options
2018-06-02 18:54:55,858     INFO Showing feedback
2018-06-02 18:54:56,304     INFO Received trigger 5
2018-06-02 18:54:57,304     INFO Received trigger 5
2018-06-02 18:54:57,304     INFO End of feedback
2018-06-02 18:54:57,306     INFO End of trial
2018-06-02 18:54:57,308     INFO Showing fixation
2018-06-02 18:54:58,304     INFO Received trigger 5
2018-06-02 18:54:59,304     INFO Received trigger 5
2018-06-02 18:55:00,304     INFO Received trigger 5
2018-06-02 18:55:01,304     INFO Received trigger 5
2018-06-02 18:55:02,304     INFO Received trigger 5
2018-06-02 18:55:02,304     INFO End of fixation
2018-06-02 18:55:02,305     INFO Showing anchor face
2018-06-02 18:55:03,304     INFO Received trigger 5
2018-06-02 18:55:03,304     INFO End of anchor face
2018-06-02 18:55:03,307     INFO Showing fixation
2018-06-02 18:55:03,826     INFO End of fixation
2018-06-02 18:55:03,829     INFO Showing number
2018-06-02 18:55:04,304     INFO Received trigger 5
2018-06-02 18:55:04,304     INFO End of number
2018-06-02 18:55:04,307     INFO Showing fixation
2018-06-02 18:55:05,303     INFO Received trigger 5
2018-06-02 18:55:06,303     INFO Received trigger 5
2018-06-02 18:55:07,304     INFO Received trigger 5
2018-06-02 18:55:08,303     INFO Received trigger 5
2018-06-02 18:55:09,303     INFO Received trigger 5
2018-06-02 18:55:10,303     INFO Received trigger 5
2018-06-02 18:55:10,304     INFO End of fixation
2018-06-02 18:55:10,321     INFO Showing options
2018-06-02 18:55:11,287     INFO Received response [('2', 0.9606871604919434)]
2018-06-02 18:55:11,832     INFO End of options
2018-06-02 18:55:11,842     INFO Showing feedback
2018-06-02 18:55:12,303     INFO Received trigger 5
2018-06-02 18:55:13,303     INFO Received trigger 5
2018-06-02 18:55:13,304     INFO End of feedback
2018-06-02 18:55:13,305     INFO End of trial
2018-06-02 18:55:13,307     INFO Showing fixation
2018-06-02 18:55:14,303     INFO Received trigger 5
2018-06-02 18:55:15,304     INFO Received trigger 5
2018-06-02 18:55:16,303     INFO Received trigger 5
2018-06-02 18:55:17,304     INFO Received trigger 5
2018-06-02 18:55:18,303     INFO Received trigger 5
2018-06-02 18:55:19,304     INFO Received trigger 5
2018-06-02 18:55:20,304     INFO Received trigger 5
2018-06-02 18:55:21,304     INFO Received trigger 5
2018-06-02 18:55:21,304     INFO End of fixation
2018-06-02 18:55:21,304     INFO Showing anchor face
2018-06-02 18:55:22,304     INFO Received trigger 5
2018-06-02 18:55:22,304     INFO End of anchor face
2018-06-02 18:55:22,307     INFO Showing fixation
2018-06-02 18:55:22,810     INFO End of fixation
2018-06-02 18:55:22,814     INFO Showing number
2018-06-02 18:55:23,304     INFO Received trigger 5
2018-06-02 18:55:23,304     INFO End of number
2018-06-02 18:55:23,307     INFO Showing fixation
2018-06-02 18:55:24,304     INFO Received trigger 5
2018-06-02 18:55:25,304     INFO Received trigger 5
2018-06-02 18:55:26,304     INFO Received trigger 5
2018-06-02 18:55:27,304     INFO Received trigger 5
2018-06-02 18:55:28,304     INFO Received trigger 5
2018-06-02 18:55:29,304     INFO Received trigger 5
2018-06-02 18:55:29,304     INFO End of fixation
2018-06-02 18:55:29,324     INFO Showing options
2018-06-02 18:55:30,730     INFO Received response [('1', 1.4030940532684326)]
2018-06-02 18:55:30,840     INFO End of options
2018-06-02 18:55:30,843     INFO Showing feedback
2018-06-02 18:55:31,304     INFO Received trigger 5
2018-06-02 18:55:32,305     INFO Received trigger 5
2018-06-02 18:55:32,305     INFO End of feedback
2018-06-02 18:55:32,306     INFO End of trial
2018-06-02 18:55:32,309     INFO Showing fixation
2018-06-02 18:55:33,305     INFO Received trigger 5
2018-06-02 18:55:34,306     INFO Received trigger 5
2018-06-02 18:55:35,306     INFO Received trigger 5
2018-06-02 18:55:36,306     INFO Received trigger 5
2018-06-02 18:55:37,307     INFO Received trigger 5
2018-06-02 18:55:38,307     INFO Received trigger 5
2018-06-02 18:55:39,309     INFO Received trigger 5
2018-06-02 18:55:39,309     INFO End of fixation
2018-06-02 18:55:39,309     INFO Showing anchor face
2018-06-02 18:55:40,308     INFO Received trigger 5
2018-06-02 18:55:40,308     INFO End of anchor face
2018-06-02 18:55:40,311     INFO Showing fixation
2018-06-02 18:55:40,816     INFO End of fixation
2018-06-02 18:55:40,818     INFO Showing number
2018-06-02 18:55:41,309     INFO Received trigger 5
2018-06-02 18:55:41,309     INFO End of number
2018-06-02 18:55:41,312     INFO Showing fixation
2018-06-02 18:55:42,309     INFO Received trigger 5
2018-06-02 18:55:43,309     INFO Received trigger 5
2018-06-02 18:55:44,309     INFO Received trigger 5
2018-06-02 18:55:45,310     INFO Received trigger 5
2018-06-02 18:55:46,309     INFO Received trigger 5
2018-06-02 18:55:47,310     INFO Received trigger 5
2018-06-02 18:55:47,310     INFO End of fixation
2018-06-02 18:55:47,327     INFO Showing options
2018-06-02 18:55:48,132     INFO Received response [('3', 0.7985439300537109)]
2018-06-02 18:55:48,852     INFO End of options
2018-06-02 18:55:48,866     INFO Showing feedback
2018-06-02 18:55:49,310     INFO Received trigger 5
2018-06-02 18:55:50,310     INFO Received trigger 5
2018-06-02 18:55:50,310     INFO End of feedback
2018-06-02 18:55:50,312     INFO End of trial
2018-06-02 18:55:50,315     INFO Showing fixation
2018-06-02 18:55:51,311     INFO Received trigger 5
2018-06-02 18:55:52,311     INFO Received trigger 5
2018-06-02 18:55:53,311     INFO Received trigger 5
2018-06-02 18:55:54,311     INFO Received trigger 5
2018-06-02 18:55:54,311     INFO End of fixation
2018-06-02 18:55:54,312     INFO Showing anchor face
2018-06-02 18:55:55,311     INFO Received trigger 5
2018-06-02 18:55:55,311     INFO End of anchor face
2018-06-02 18:55:55,314     INFO Showing fixation
2018-06-02 18:55:55,819     INFO End of fixation
2018-06-02 18:55:55,821     INFO Showing number
2018-06-02 18:55:56,311     INFO Received trigger 5
2018-06-02 18:55:56,311     INFO End of number
2018-06-02 18:55:56,314     INFO Showing fixation
2018-06-02 18:55:57,311     INFO Received trigger 5
2018-06-02 18:55:58,311     INFO Received trigger 5
2018-06-02 18:55:59,311     INFO Received trigger 5
2018-06-02 18:56:00,311     INFO Received trigger 5
2018-06-02 18:56:01,311     INFO Received trigger 5
2018-06-02 18:56:02,311     INFO Received trigger 5
2018-06-02 18:56:02,311     INFO End of fixation
2018-06-02 18:56:02,328     INFO Showing options
2018-06-02 18:56:02,971     INFO Received response [('2', 0.6351809501647949)]
2018-06-02 18:56:03,851     INFO End of options
2018-06-02 18:56:03,869     INFO Showing feedback
2018-06-02 18:56:04,311     INFO Received trigger 5
2018-06-02 18:56:05,311     INFO Received trigger 5
2018-06-02 18:56:05,311     INFO End of feedback
2018-06-02 18:56:05,313     INFO End of trial
2018-06-02 18:56:05,315     INFO Showing fixation
2018-06-02 18:56:06,312     INFO Received trigger 5
2018-06-02 18:56:07,311     INFO Received trigger 5
2018-06-02 18:56:08,312     INFO Received trigger 5
2018-06-02 18:56:09,312     INFO Received trigger 5
2018-06-02 18:56:10,312     INFO Received trigger 5
2018-06-02 18:56:11,312     INFO Received trigger 5
2018-06-02 18:56:11,312     INFO End of fixation
2018-06-02 18:56:11,312     INFO Showing anchor face
2018-06-02 18:56:12,312     INFO Received trigger 5
2018-06-02 18:56:12,312     INFO End of anchor face
2018-06-02 18:56:12,315     INFO Showing fixation
2018-06-02 18:56:12,821     INFO End of fixation
2018-06-02 18:56:12,823     INFO Showing number
2018-06-02 18:56:13,312     INFO Received trigger 5
2018-06-02 18:56:13,312     INFO End of number
2018-06-02 18:56:13,315     INFO Showing fixation
2018-06-02 18:56:14,312     INFO Received trigger 5
2018-06-02 18:56:15,312     INFO Received trigger 5
2018-06-02 18:56:16,312     INFO Received trigger 5
2018-06-02 18:56:17,312     INFO Received trigger 5
2018-06-02 18:56:18,312     INFO Received trigger 5
2018-06-02 18:56:19,312     INFO Received trigger 5
2018-06-02 18:56:19,313     INFO End of fixation
2018-06-02 18:56:19,330     INFO Showing options
2018-06-02 18:56:20,059     INFO Received response [('3', 0.7226908206939697)]
2018-06-02 18:56:20,848     INFO End of options
2018-06-02 18:56:20,853     INFO Showing feedback
2018-06-02 18:56:21,312     INFO Received trigger 5
2018-06-02 18:56:22,312     INFO Received trigger 5
2018-06-02 18:56:22,312     INFO End of feedback
2018-06-02 18:56:22,314     INFO End of trial
2018-06-02 18:56:22,316     INFO Showing fixation
2018-06-02 18:56:23,311     INFO Received trigger 5
2018-06-02 18:56:24,311     INFO Received trigger 5
2018-06-02 18:56:25,312     INFO Received trigger 5
2018-06-02 18:56:26,312     INFO Received trigger 5
2018-06-02 18:56:27,312     INFO Received trigger 5
2018-06-02 18:56:28,312     INFO Received trigger 5
2018-06-02 18:56:28,312     INFO End of fixation
2018-06-02 18:56:28,312     INFO Showing anchor face
2018-06-02 18:56:29,312     INFO Received trigger 5
2018-06-02 18:56:29,312     INFO End of anchor face
2018-06-02 18:56:29,315     INFO Showing fixation
2018-06-02 18:56:29,821     INFO End of fixation
2018-06-02 18:56:29,824     INFO Showing number
2018-06-02 18:56:30,311     INFO Received trigger 5
2018-06-02 18:56:30,312     INFO End of number
2018-06-02 18:56:30,314     INFO Showing fixation
2018-06-02 18:56:31,312     INFO Received trigger 5
2018-06-02 18:56:32,312     INFO Received trigger 5
2018-06-02 18:56:33,312     INFO Received trigger 5
2018-06-02 18:56:34,312     INFO Received trigger 5
2018-06-02 18:56:35,312     INFO Received trigger 5
2018-06-02 18:56:36,312     INFO Received trigger 5
2018-06-02 18:56:36,312     INFO End of fixation
2018-06-02 18:56:36,329     INFO Showing options
2018-06-02 18:56:36,918     INFO Received response [('4', 0.5802350044250488)]
2018-06-02 18:56:37,841     INFO End of options
2018-06-02 18:56:37,854     INFO Showing feedback
2018-06-02 18:56:38,312     INFO Received trigger 5
2018-06-02 18:56:39,312     INFO Received trigger 5
2018-06-02 18:56:39,312     INFO End of feedback
2018-06-02 18:56:39,314     INFO End of trial
2018-06-02 18:56:39,318     INFO Showing fixation
2018-06-02 18:56:40,313     INFO Received trigger 5
2018-06-02 18:56:41,312     INFO Received trigger 5
2018-06-02 18:56:42,312     INFO Received trigger 5
2018-06-02 18:56:43,312     INFO Received trigger 5
2018-06-02 18:56:43,312     INFO End of fixation
2018-06-02 18:56:43,313     INFO Showing anchor face
2018-06-02 18:56:44,312     INFO Received trigger 5
2018-06-02 18:56:44,312     INFO End of anchor face
2018-06-02 18:56:44,315     INFO Showing fixation
2018-06-02 18:56:44,822     INFO End of fixation
2018-06-02 18:56:44,824     INFO Showing number
2018-06-02 18:56:45,312     INFO Received trigger 5
2018-06-02 18:56:45,312     INFO End of number
2018-06-02 18:56:45,315     INFO Showing fixation
2018-06-02 18:56:46,313     INFO Received trigger 5
2018-06-02 18:56:47,312     INFO Received trigger 5
2018-06-02 18:56:48,312     INFO Received trigger 5
2018-06-02 18:56:49,311     INFO Received trigger 5
2018-06-02 18:56:50,312     INFO Received trigger 5
2018-06-02 18:56:51,311     INFO Received trigger 5
2018-06-02 18:56:51,311     INFO End of fixation
2018-06-02 18:56:51,329     INFO Showing options
2018-06-02 18:56:52,217     INFO Received response [('4', 0.87807297706604)]
2018-06-02 18:56:52,844     INFO End of options
2018-06-02 18:56:52,854     INFO Showing feedback
2018-06-02 18:56:53,311     INFO Received trigger 5
2018-06-02 18:56:54,311     INFO Received trigger 5
2018-06-02 18:56:54,312     INFO End of feedback
2018-06-02 18:56:54,313     INFO End of trial
2018-06-02 18:56:54,315     INFO Showing fixation
2018-06-02 18:56:55,312     INFO Received trigger 5
2018-06-02 18:56:56,312     INFO Received trigger 5
2018-06-02 18:56:57,311     INFO Received trigger 5
2018-06-02 18:56:58,312     INFO Received trigger 5
2018-06-02 18:56:59,312     INFO Received trigger 5
2018-06-02 18:57:00,312     INFO Received trigger 5
2018-06-02 18:57:00,312     INFO End of fixation
2018-06-02 18:57:00,312     INFO Showing anchor face
2018-06-02 18:57:01,312     INFO Received trigger 5
2018-06-02 18:57:01,312     INFO End of anchor face
2018-06-02 18:57:01,315     INFO Showing fixation
2018-06-02 18:57:01,822     INFO End of fixation
2018-06-02 18:57:01,825     INFO Showing number
2018-06-02 18:57:02,312     INFO Received trigger 5
2018-06-02 18:57:02,312     INFO End of number
2018-06-02 18:57:02,315     INFO Showing fixation
2018-06-02 18:57:03,312     INFO Received trigger 5
2018-06-02 18:57:04,312     INFO Received trigger 5
2018-06-02 18:57:05,312     INFO Received trigger 5
2018-06-02 18:57:06,312     INFO Received trigger 5
2018-06-02 18:57:07,312     INFO Received trigger 5
2018-06-02 18:57:08,312     INFO Received trigger 5
2018-06-02 18:57:08,312     INFO End of fixation
2018-06-02 18:57:08,330     INFO Showing options
2018-06-02 18:57:08,955     INFO Received response [('2', 0.6162378787994385)]
2018-06-02 18:57:09,856     INFO End of options
2018-06-02 18:57:09,871     INFO Showing feedback
2018-06-02 18:57:10,313     INFO Received trigger 5
2018-06-02 18:57:11,312     INFO Received trigger 5
2018-06-02 18:57:11,312     INFO End of feedback
2018-06-02 18:57:11,314     INFO End of trial
2018-06-02 18:57:11,316     INFO Showing fixation
2018-06-02 18:57:12,312     INFO Received trigger 5
2018-06-02 18:57:13,312     INFO Received trigger 5
2018-06-02 18:57:14,311     INFO Received trigger 5
2018-06-02 18:57:15,311     INFO Received trigger 5
2018-06-02 18:57:15,311     INFO End of fixation
2018-06-02 18:57:15,312     INFO Showing anchor face
2018-06-02 18:57:16,312     INFO Received trigger 5
2018-06-02 18:57:16,312     INFO End of anchor face
2018-06-02 18:57:16,315     INFO Showing fixation
2018-06-02 18:57:16,823     INFO End of fixation
2018-06-02 18:57:16,825     INFO Showing number
2018-06-02 18:57:17,311     INFO Received trigger 5
2018-06-02 18:57:17,311     INFO End of number
2018-06-02 18:57:17,314     INFO Showing fixation
2018-06-02 18:57:18,312     INFO Received trigger 5
2018-06-02 18:57:19,311     INFO Received trigger 5
2018-06-02 18:57:20,312     INFO Received trigger 5
2018-06-02 18:57:21,312     INFO Received trigger 5
2018-06-02 18:57:22,312     INFO Received trigger 5
2018-06-02 18:57:23,312     INFO Received trigger 5
2018-06-02 18:57:23,312     INFO End of fixation
2018-06-02 18:57:23,329     INFO Showing options
2018-06-02 18:57:24,033     INFO Received response [('1', 0.6935441493988037)]
2018-06-02 18:57:24,846     INFO End of options
2018-06-02 18:57:24,855     INFO Showing feedback
2018-06-02 18:57:25,312     INFO Received trigger 5
2018-06-02 18:57:26,312     INFO Received trigger 5
2018-06-02 18:57:26,312     INFO End of feedback
2018-06-02 18:57:26,313     INFO End of trial
2018-06-02 18:57:26,318     INFO Showing fixation
2018-06-02 18:57:27,312     INFO Received trigger 5
2018-06-02 18:57:28,312     INFO Received trigger 5
2018-06-02 18:57:29,312     INFO Received trigger 5
2018-06-02 18:57:30,311     INFO Received trigger 5
2018-06-02 18:57:30,312     INFO End of fixation
2018-06-02 18:57:30,312     INFO Showing anchor face
2018-06-02 18:57:31,312     INFO Received trigger 5
2018-06-02 18:57:31,312     INFO End of anchor face
2018-06-02 18:57:31,315     INFO Showing fixation
2018-06-02 18:57:31,823     INFO End of fixation
2018-06-02 18:57:31,826     INFO Showing number
2018-06-02 18:57:32,312     INFO Received trigger 5
2018-06-02 18:57:32,312     INFO End of number
2018-06-02 18:57:32,315     INFO Showing fixation
2018-06-02 18:57:33,312     INFO Received trigger 5
2018-06-02 18:57:34,311     INFO Received trigger 5
2018-06-02 18:57:35,312     INFO Received trigger 5
2018-06-02 18:57:36,312     INFO Received trigger 5
2018-06-02 18:57:37,312     INFO Received trigger 5
2018-06-02 18:57:38,312     INFO Received trigger 5
2018-06-02 18:57:38,312     INFO End of fixation
2018-06-02 18:57:38,329     INFO Showing options
2018-06-02 18:57:38,916     INFO Received response [('1', 0.5759761333465576)]
2018-06-02 18:57:39,847     INFO End of options
2018-06-02 18:57:39,856     INFO Showing feedback
2018-06-02 18:57:40,312     INFO Received trigger 5
2018-06-02 18:57:41,311     INFO Received trigger 5
2018-06-02 18:57:41,311     INFO End of feedback
2018-06-02 18:57:41,312     INFO End of trial
2018-06-02 18:57:41,315     INFO Showing fixation
2018-06-02 18:57:42,311     INFO Received trigger 5
2018-06-02 18:57:43,311     INFO Received trigger 5
2018-06-02 18:57:44,312     INFO Received trigger 5
2018-06-02 18:57:45,311     INFO Received trigger 5
2018-06-02 18:57:46,312     INFO Received trigger 5
2018-06-02 18:57:47,311     INFO Received trigger 5
2018-06-02 18:57:48,312     INFO Received trigger 5
2018-06-02 18:57:48,312     INFO End of fixation
2018-06-02 18:57:48,312     INFO Showing anchor face
2018-06-02 18:57:49,311     INFO Received trigger 5
2018-06-02 18:57:49,311     INFO End of anchor face
2018-06-02 18:57:49,314     INFO Showing fixation
2018-06-02 18:57:49,824     INFO End of fixation
2018-06-02 18:57:49,826     INFO Showing number
2018-06-02 18:57:50,312     INFO Received trigger 5
2018-06-02 18:57:50,312     INFO End of number
2018-06-02 18:57:50,316     INFO Showing fixation
2018-06-02 18:57:51,312     INFO Received trigger 5
2018-06-02 18:57:52,312     INFO Received trigger 5
2018-06-02 18:57:53,311     INFO Received trigger 5
2018-06-02 18:57:54,312     INFO Received trigger 5
2018-06-02 18:57:55,311     INFO Received trigger 5
2018-06-02 18:57:56,312     INFO Received trigger 5
2018-06-02 18:57:56,312     INFO End of fixation
2018-06-02 18:57:56,333     INFO Showing options
2018-06-02 18:57:57,517     INFO Received response [('1', 1.1776330471038818)]
2018-06-02 18:57:57,846     INFO End of options
2018-06-02 18:57:57,856     INFO Showing feedback
2018-06-02 18:57:58,311     INFO Received trigger 5
2018-06-02 18:57:59,312     INFO Received trigger 5
2018-06-02 18:57:59,312     INFO End of feedback
2018-06-02 18:57:59,313     INFO End of trial
2018-06-02 18:57:59,316     INFO Showing fixation
2018-06-02 18:58:00,312     INFO Received trigger 5
2018-06-02 18:58:01,313     INFO Received trigger 5
2018-06-02 18:58:02,313     INFO Received trigger 5
2018-06-02 18:58:03,312     INFO Received trigger 5
2018-06-02 18:58:04,314     INFO Received trigger 5
2018-06-02 18:58:04,315     INFO End of fixation
2018-06-02 18:58:04,316     INFO Showing anchor face
2018-06-02 18:58:05,311     INFO Received trigger 5
2018-06-02 18:58:05,312     INFO End of anchor face
2018-06-02 18:58:05,315     INFO Showing fixation
2018-06-02 18:58:05,824     INFO End of fixation
2018-06-02 18:58:05,827     INFO Showing number
2018-06-02 18:58:06,311     INFO Received trigger 5
2018-06-02 18:58:06,311     INFO End of number
2018-06-02 18:58:06,314     INFO Showing fixation
2018-06-02 18:58:07,311     INFO Received trigger 5
2018-06-02 18:58:08,311     INFO Received trigger 5
2018-06-02 18:58:09,311     INFO Received trigger 5
2018-06-02 18:58:10,311     INFO Received trigger 5
2018-06-02 18:58:11,312     INFO Received trigger 5
2018-06-02 18:58:12,311     INFO Received trigger 5
2018-06-02 18:58:12,311     INFO End of fixation
2018-06-02 18:58:12,329     INFO Showing options
2018-06-02 18:58:13,008     INFO Received response [('4', 0.6668131351470947)]
2018-06-02 18:58:13,858     INFO End of options
2018-06-02 18:58:13,873     INFO Showing feedback
2018-06-02 18:58:14,312     INFO Received trigger 5
2018-06-02 18:58:15,311     INFO Received trigger 5
2018-06-02 18:58:15,311     INFO End of feedback
2018-06-02 18:58:15,312     INFO End of trial
2018-06-02 18:58:15,315     INFO Showing fixation
2018-06-02 18:58:16,312     INFO Received trigger 5
2018-06-02 18:58:17,311     INFO Received trigger 5
2018-06-02 18:58:18,311     INFO Received trigger 5
2018-06-02 18:58:19,312     INFO Received trigger 5
2018-06-02 18:58:19,312     INFO End of fixation
2018-06-02 18:58:19,312     INFO Showing anchor face
2018-06-02 18:58:20,312     INFO Received trigger 5
2018-06-02 18:58:20,312     INFO End of anchor face
2018-06-02 18:58:20,315     INFO Showing fixation
2018-06-02 18:58:20,825     INFO End of fixation
2018-06-02 18:58:20,827     INFO Showing number
2018-06-02 18:58:21,311     INFO Received trigger 5
2018-06-02 18:58:21,312     INFO End of number
2018-06-02 18:58:21,315     INFO Showing fixation
2018-06-02 18:58:22,312     INFO Received trigger 5
2018-06-02 18:58:23,311     INFO Received trigger 5
2018-06-02 18:58:24,312     INFO Received trigger 5
2018-06-02 18:58:25,311     INFO Received trigger 5
2018-06-02 18:58:26,313     INFO Received trigger 5
2018-06-02 18:58:27,312     INFO Received trigger 5
2018-06-02 18:58:27,312     INFO End of fixation
2018-06-02 18:58:27,330     INFO Showing options
2018-06-02 18:58:28,295     INFO Received response [('3', 0.9538440704345703)]
2018-06-02 18:58:28,854     INFO End of options
2018-06-02 18:58:28,857     INFO Showing feedback
2018-06-02 18:58:29,311     INFO Received trigger 5
2018-06-02 18:58:30,312     INFO Received trigger 5
2018-06-02 18:58:30,312     INFO End of feedback
2018-06-02 18:58:30,313     INFO End of trial
2018-06-02 18:58:30,316     INFO Showing fixation
2018-06-02 18:58:31,312     INFO Received trigger 5
2018-06-02 18:58:32,311     INFO Received trigger 5
2018-06-02 18:58:33,311     INFO Received trigger 5
2018-06-02 18:58:34,311     INFO Received trigger 5
2018-06-02 18:58:35,311     INFO Received trigger 5
2018-06-02 18:58:36,311     INFO Received trigger 5
2018-06-02 18:58:37,311     INFO Received trigger 5
2018-06-02 18:58:38,311     INFO Received trigger 5
2018-06-02 18:58:38,312     INFO End of fixation
2018-06-02 18:58:38,312     INFO Showing anchor face
2018-06-02 18:58:39,311     INFO Received trigger 5
2018-06-02 18:58:39,311     INFO End of anchor face
2018-06-02 18:58:39,314     INFO Showing fixation
2018-06-02 18:58:39,825     INFO End of fixation
2018-06-02 18:58:39,828     INFO Showing number
2018-06-02 18:58:40,312     INFO Received trigger 5
2018-06-02 18:58:40,312     INFO End of number
2018-06-02 18:58:40,316     INFO Showing fixation
2018-06-02 18:58:41,311     INFO Received trigger 5
2018-06-02 18:58:42,312     INFO Received trigger 5
2018-06-02 18:58:43,311     INFO Received trigger 5
2018-06-02 18:58:44,312     INFO Received trigger 5
2018-06-02 18:58:45,311     INFO Received trigger 5
2018-06-02 18:58:46,311     INFO Received trigger 5
2018-06-02 18:58:46,312     INFO End of fixation
2018-06-02 18:58:46,330     INFO Showing options
2018-06-02 18:58:47,059     INFO Received response [('4', 0.7178151607513428)]
2018-06-02 18:58:47,858     INFO End of options
2018-06-02 18:58:47,874     INFO Showing feedback
2018-06-02 18:58:48,311     INFO Received trigger 5
2018-06-02 18:58:49,311     INFO Received trigger 5
2018-06-02 18:58:49,311     INFO End of feedback
2018-06-02 18:58:49,312     INFO End of trial
2018-06-02 18:58:49,315     INFO Showing fixation
2018-06-02 18:58:50,313     INFO Received trigger 5
2018-06-02 18:58:51,311     INFO Received trigger 5
2018-06-02 18:58:52,312     INFO Received trigger 5
2018-06-02 18:58:53,311     INFO Received trigger 5
2018-06-02 18:58:54,312     INFO Received trigger 5
2018-06-02 18:58:55,311     INFO Received trigger 5
2018-06-02 18:58:56,312     INFO Received trigger 5
2018-06-02 18:58:56,312     INFO End of fixation
2018-06-02 18:58:56,313     INFO Showing anchor face
2018-06-02 18:58:57,310     INFO Received trigger 5
2018-06-02 18:58:57,310     INFO End of anchor face
2018-06-02 18:58:57,313     INFO Showing fixation
2018-06-02 18:58:57,826     INFO End of fixation
2018-06-02 18:58:57,828     INFO Showing number
2018-06-02 18:58:58,311     INFO Received trigger 5
2018-06-02 18:58:58,311     INFO End of number
2018-06-02 18:58:58,315     INFO Showing fixation
2018-06-02 18:58:59,310     INFO Received trigger 5
2018-06-02 18:59:00,312     INFO Received trigger 5
2018-06-02 18:59:01,310     INFO Received trigger 5
2018-06-02 18:59:02,311     INFO Received trigger 5
2018-06-02 18:59:03,310     INFO Received trigger 5
2018-06-02 18:59:04,311     INFO Received trigger 5
2018-06-02 18:59:04,312     INFO End of fixation
2018-06-02 18:59:04,330     INFO Showing options
2018-06-02 18:59:05,260     INFO Received response [('4', 0.9171838760375977)]
2018-06-02 18:59:05,859     INFO End of options
2018-06-02 18:59:05,875     INFO Showing feedback
2018-06-02 18:59:06,311     INFO Received trigger 5
2018-06-02 18:59:07,311     INFO Received trigger 5
2018-06-02 18:59:07,311     INFO End of feedback
2018-06-02 18:59:07,312     INFO End of trial
2018-06-02 18:59:07,315     INFO Showing fixation
2018-06-02 18:59:08,311     INFO Received trigger 5
2018-06-02 18:59:09,311     INFO Received trigger 5
2018-06-02 18:59:10,311     INFO Received trigger 5
2018-06-02 18:59:11,312     INFO Received trigger 5
2018-06-02 18:59:12,311     INFO Received trigger 5
2018-06-02 18:59:13,311     INFO Received trigger 5
2018-06-02 18:59:14,311     INFO Received trigger 5
2018-06-02 18:59:15,312     INFO Received trigger 5
2018-06-02 18:59:15,312     INFO End of fixation
2018-06-02 18:59:15,312     INFO Showing anchor face
2018-06-02 18:59:16,312     INFO Received trigger 5
2018-06-02 18:59:16,312     INFO End of anchor face
2018-06-02 18:59:16,316     INFO Showing fixation
2018-06-02 18:59:16,826     INFO End of fixation
2018-06-02 18:59:16,829     INFO Showing number
2018-06-02 18:59:17,312     INFO Received trigger 5
2018-06-02 18:59:17,312     INFO End of number
2018-06-02 18:59:17,315     INFO Showing fixation
2018-06-02 18:59:18,311     INFO Received trigger 5
2018-06-02 18:59:19,312     INFO Received trigger 5
2018-06-02 18:59:20,311     INFO Received trigger 5
2018-06-02 18:59:21,312     INFO Received trigger 5
2018-06-02 18:59:22,312     INFO Received trigger 5
2018-06-02 18:59:23,311     INFO Received trigger 5
2018-06-02 18:59:23,311     INFO End of fixation
2018-06-02 18:59:23,330     INFO Showing options
2018-06-02 18:59:24,230     INFO Received response [('2', 0.8874650001525879)]
2018-06-02 18:59:24,856     INFO End of options
2018-06-02 18:59:24,859     INFO Showing feedback
2018-06-02 18:59:25,310     INFO Received trigger 5
2018-06-02 18:59:26,311     INFO Received trigger 5
2018-06-02 18:59:26,311     INFO End of feedback
2018-06-02 18:59:26,312     INFO End of trial
2018-06-02 18:59:26,315     INFO Showing fixation
2018-06-02 18:59:27,310     INFO Received trigger 5
2018-06-02 18:59:28,311     INFO Received trigger 5
2018-06-02 18:59:29,310     INFO Received trigger 5
2018-06-02 18:59:30,312     INFO Received trigger 5
2018-06-02 18:59:30,312     INFO End of fixation
2018-06-02 18:59:30,312     INFO Showing anchor face
2018-06-02 18:59:31,310     INFO Received trigger 5
2018-06-02 18:59:31,311     INFO End of anchor face
2018-06-02 18:59:31,313     INFO Showing fixation
2018-06-02 18:59:31,827     INFO End of fixation
2018-06-02 18:59:31,829     INFO Showing number
2018-06-02 18:59:32,311     INFO Received trigger 5
2018-06-02 18:59:32,311     INFO End of number
2018-06-02 18:59:32,314     INFO Showing fixation
2018-06-02 18:59:33,311     INFO Received trigger 5
2018-06-02 18:59:34,311     INFO Received trigger 5
2018-06-02 18:59:35,311     INFO Received trigger 5
2018-06-02 18:59:36,311     INFO Received trigger 5
2018-06-02 18:59:37,311     INFO Received trigger 5
2018-06-02 18:59:38,311     INFO Received trigger 5
2018-06-02 18:59:38,311     INFO End of fixation
2018-06-02 18:59:38,329     INFO Showing options
2018-06-02 18:59:39,526     INFO Received response [('2', 1.1820628643035889)]
2018-06-02 18:59:39,862     INFO End of options
2018-06-02 18:59:39,876     INFO Showing feedback
2018-06-02 18:59:40,310     INFO Received trigger 5
2018-06-02 18:59:41,310     INFO Received trigger 5
2018-06-02 18:59:41,311     INFO End of feedback
2018-06-02 18:59:41,312     INFO End of trial
2018-06-02 18:59:41,314     INFO Showing fixation
2018-06-02 18:59:42,311     INFO Received trigger 5
2018-06-02 18:59:43,311     INFO Received trigger 5
2018-06-02 18:59:44,311     INFO Received trigger 5
2018-06-02 18:59:45,311     INFO Received trigger 5
2018-06-02 18:59:45,311     INFO End of fixation
2018-06-02 18:59:45,311     INFO Showing anchor face
2018-06-02 18:59:46,312     INFO Received trigger 5
2018-06-02 18:59:46,312     INFO End of anchor face
2018-06-02 18:59:46,315     INFO Showing fixation
2018-06-02 18:59:46,827     INFO End of fixation
2018-06-02 18:59:46,830     INFO Showing number
2018-06-02 18:59:47,311     INFO Received trigger 5
2018-06-02 18:59:47,311     INFO End of number
2018-06-02 18:59:47,314     INFO Showing fixation
2018-06-02 18:59:48,311     INFO Received trigger 5
2018-06-02 18:59:49,310     INFO Received trigger 5
2018-06-02 18:59:50,311     INFO Received trigger 5
2018-06-02 18:59:51,310     INFO Received trigger 5
2018-06-02 18:59:52,310     INFO Received trigger 5
2018-06-02 18:59:53,310     INFO Received trigger 5
2018-06-02 18:59:53,310     INFO End of fixation
2018-06-02 18:59:53,328     INFO Showing options
2018-06-02 18:59:54,504     INFO Received response [('3', 1.1600511074066162)]
2018-06-02 18:59:54,851     INFO End of options
2018-06-02 18:59:54,860     INFO Showing feedback
2018-06-02 18:59:55,310     INFO Received trigger 5
2018-06-02 18:59:56,311     INFO Received trigger 5
2018-06-02 18:59:56,311     INFO End of feedback
2018-06-02 18:59:56,312     INFO End of trial
2018-06-02 18:59:56,316     INFO Showing fixation
2018-06-02 18:59:57,311     INFO Received trigger 5
2018-06-02 18:59:58,312     INFO Received trigger 5
2018-06-02 18:59:59,310     INFO Received trigger 5
2018-06-02 19:00:00,311     INFO Received trigger 5
2018-06-02 19:00:01,310     INFO Received trigger 5
2018-06-02 19:00:02,311     INFO Received trigger 5
2018-06-02 19:00:02,311     INFO End of fixation
2018-06-02 19:00:02,312     INFO Showing anchor face
2018-06-02 19:00:03,310     INFO Received trigger 5
2018-06-02 19:00:03,310     INFO End of anchor face
2018-06-02 19:00:03,315     INFO Showing fixation
2018-06-02 19:00:03,828     INFO End of fixation
2018-06-02 19:00:03,831     INFO Showing number
2018-06-02 19:00:04,310     INFO Received trigger 5
2018-06-02 19:00:04,311     INFO End of number
2018-06-02 19:00:04,315     INFO Showing fixation
2018-06-02 19:00:05,311     INFO Received trigger 5
2018-06-02 19:00:06,311     INFO Received trigger 5
2018-06-02 19:00:07,310     INFO Received trigger 5
2018-06-02 19:00:08,311     INFO Received trigger 5
2018-06-02 19:00:09,311     INFO Received trigger 5
2018-06-02 19:00:10,311     INFO Received trigger 5
2018-06-02 19:00:10,311     INFO End of fixation
2018-06-02 19:00:10,329     INFO Showing options
2018-06-02 19:00:10,952     INFO Received response [('1', 0.6084201335906982)]
2018-06-02 19:00:11,853     INFO End of options
2018-06-02 19:00:11,860     INFO Showing feedback
2018-06-02 19:00:12,311     INFO Received trigger 5
2018-06-02 19:00:13,311     INFO Received trigger 5
2018-06-02 19:00:13,311     INFO End of feedback
2018-06-02 19:00:13,312     INFO End of trial
2018-06-02 19:00:13,315     INFO Showing fixation
2018-06-02 19:00:14,310     INFO Received trigger 5
2018-06-02 19:00:15,310     INFO Received trigger 5
2018-06-02 19:00:16,310     INFO Received trigger 5
2018-06-02 19:00:17,310     INFO Received trigger 5
2018-06-02 19:00:18,310     INFO Received trigger 5
2018-06-02 19:00:18,311     INFO End of fixation
2018-06-02 19:00:18,311     INFO Showing anchor face
2018-06-02 19:00:19,310     INFO Received trigger 5
2018-06-02 19:00:19,310     INFO End of anchor face
2018-06-02 19:00:19,313     INFO Showing fixation
2018-06-02 19:00:19,828     INFO End of fixation
2018-06-02 19:00:19,831     INFO Showing number
2018-06-02 19:00:20,311     INFO Received trigger 5
2018-06-02 19:00:20,311     INFO End of number
2018-06-02 19:00:20,315     INFO Showing fixation
2018-06-02 19:00:21,310     INFO Received trigger 5
2018-06-02 19:00:22,311     INFO Received trigger 5
2018-06-02 19:00:23,310     INFO Received trigger 5
2018-06-02 19:00:24,310     INFO Received trigger 5
2018-06-02 19:00:25,310     INFO Received trigger 5
2018-06-02 19:00:26,311     INFO Received trigger 5
2018-06-02 19:00:26,311     INFO End of fixation
2018-06-02 19:00:26,329     INFO Showing options
2018-06-02 19:00:27,804     INFO Received response [('2', 1.4593172073364258)]
2018-06-02 19:00:27,851     INFO End of options
2018-06-02 19:00:27,861     INFO Showing feedback
2018-06-02 19:00:28,310     INFO Received trigger 5
2018-06-02 19:00:29,311     INFO Received trigger 5
2018-06-02 19:00:29,312     INFO End of feedback
2018-06-02 19:00:29,313     INFO End of trial
2018-06-02 19:00:29,317     INFO Showing fixation
2018-06-02 19:00:30,310     INFO Received trigger 5
2018-06-02 19:00:31,311     INFO Received trigger 5
2018-06-02 19:00:32,310     INFO Received trigger 5
2018-06-02 19:00:33,311     INFO Received trigger 5
2018-06-02 19:00:34,310     INFO Received trigger 5
2018-06-02 19:00:35,311     INFO Received trigger 5
2018-06-02 19:00:36,310     INFO Received trigger 5
2018-06-02 19:00:36,310     INFO End of fixation
2018-06-02 19:00:36,311     INFO Showing anchor face
2018-06-02 19:00:37,311     INFO Received trigger 5
2018-06-02 19:00:37,311     INFO End of anchor face
2018-06-02 19:00:37,316     INFO Showing fixation
2018-06-02 19:00:37,829     INFO End of fixation
2018-06-02 19:00:37,832     INFO Showing number
2018-06-02 19:00:38,310     INFO Received trigger 5
2018-06-02 19:00:38,310     INFO End of number
2018-06-02 19:00:38,314     INFO Showing fixation
2018-06-02 19:00:39,311     INFO Received trigger 5
2018-06-02 19:00:40,310     INFO Received trigger 5
2018-06-02 19:00:41,310     INFO Received trigger 5
2018-06-02 19:00:42,310     INFO Received trigger 5
2018-06-02 19:00:43,310     INFO Received trigger 5
2018-06-02 19:00:44,309     INFO Received trigger 5
2018-06-02 19:00:44,310     INFO End of fixation
2018-06-02 19:00:44,328     INFO Showing options
2018-06-02 19:00:44,990     INFO Received response [('2', 0.6453070640563965)]
2018-06-02 19:00:45,850     INFO End of options
2018-06-02 19:00:45,861     INFO Showing feedback
2018-06-02 19:00:46,310     INFO Received trigger 5
2018-06-02 19:00:47,310     INFO Received trigger 5
2018-06-02 19:00:47,310     INFO End of feedback
2018-06-02 19:00:47,311     INFO End of trial
2018-06-02 19:00:47,314     INFO Showing fixation
2018-06-02 19:00:48,310     INFO Received trigger 5
2018-06-02 19:00:49,310     INFO Received trigger 5
2018-06-02 19:00:50,311     INFO Received trigger 5
2018-06-02 19:00:51,310     INFO Received trigger 5
2018-06-02 19:00:52,310     INFO Received trigger 5
2018-06-02 19:00:53,310     INFO Received trigger 5
2018-06-02 19:00:54,310     INFO Received trigger 5
2018-06-02 19:00:54,311     INFO End of fixation
2018-06-02 19:00:54,311     INFO Showing anchor face
2018-06-02 19:00:55,310     INFO Received trigger 5
2018-06-02 19:00:55,310     INFO End of anchor face
2018-06-02 19:00:55,313     INFO Showing fixation
2018-06-02 19:00:55,829     INFO End of fixation
2018-06-02 19:00:55,832     INFO Showing number
2018-06-02 19:00:56,312     INFO Received trigger 5
2018-06-02 19:00:56,312     INFO End of number
2018-06-02 19:00:56,317     INFO Showing fixation
2018-06-02 19:00:57,310     INFO Received trigger 5
2018-06-02 19:00:58,310     INFO Received trigger 5
2018-06-02 19:00:59,310     INFO Received trigger 5
2018-06-02 19:01:00,310     INFO Received trigger 5
2018-06-02 19:01:01,310     INFO Received trigger 5
2018-06-02 19:01:02,311     INFO Received trigger 5
2018-06-02 19:01:02,311     INFO End of fixation
2018-06-02 19:01:02,330     INFO Showing options
2018-06-02 19:01:02,917     INFO Received response [('4', 0.5711147785186768)]
2018-06-02 19:01:03,859     INFO End of options
2018-06-02 19:01:03,862     INFO Showing feedback
2018-06-02 19:01:04,310     INFO Received trigger 5
2018-06-02 19:01:05,310     INFO Received trigger 5
2018-06-02 19:01:05,310     INFO End of feedback
2018-06-02 19:01:05,312     INFO End of trial
2018-06-02 19:01:05,314     INFO Showing fixation
2018-06-02 19:01:06,310     INFO Received trigger 5
2018-06-02 19:01:07,309     INFO Received trigger 5
2018-06-02 19:01:08,310     INFO Received trigger 5
2018-06-02 19:01:09,309     INFO Received trigger 5
2018-06-02 19:01:10,310     INFO Received trigger 5
2018-06-02 19:01:10,310     INFO End of fixation
2018-06-02 19:01:10,310     INFO Showing anchor face
2018-06-02 19:01:11,309     INFO Received trigger 5
2018-06-02 19:01:11,309     INFO End of anchor face
2018-06-02 19:01:11,312     INFO Showing fixation
2018-06-02 19:01:11,830     INFO End of fixation
2018-06-02 19:01:11,833     INFO Showing number
2018-06-02 19:01:12,310     INFO Received trigger 5
2018-06-02 19:01:12,310     INFO End of number
2018-06-02 19:01:12,314     INFO Showing fixation
2018-06-02 19:01:13,309     INFO Received trigger 5
2018-06-02 19:01:14,310     INFO Received trigger 5
2018-06-02 19:01:15,309     INFO Received trigger 5
2018-06-02 19:01:16,310     INFO Received trigger 5
2018-06-02 19:01:17,309     INFO Received trigger 5
2018-06-02 19:01:18,311     INFO Received trigger 5
2018-06-02 19:01:18,311     INFO End of fixation
2018-06-02 19:01:18,330     INFO Showing options
2018-06-02 19:01:19,121     INFO Received response [('3', 0.7753171920776367)]
2018-06-02 19:01:19,855     INFO End of options
2018-06-02 19:01:19,862     INFO Showing feedback
2018-06-02 19:01:20,311     INFO Received trigger 5
2018-06-02 19:01:21,310     INFO Received trigger 5
2018-06-02 19:01:21,310     INFO End of feedback
2018-06-02 19:01:21,311     INFO End of trial
2018-06-02 19:01:21,314     INFO Showing fixation
2018-06-02 19:01:22,310     INFO Received trigger 5
2018-06-02 19:01:23,310     INFO Received trigger 5
2018-06-02 19:01:24,310     INFO Received trigger 5
2018-06-02 19:01:25,310     INFO Received trigger 5
2018-06-02 19:01:25,310     INFO End of fixation
2018-06-02 19:01:25,310     INFO Showing instructions
2018-06-02 19:01:25,319     INFO Instruction: You earned 22 point(s) out of ...
2018-06-02 19:01:26,310     INFO Received response [('5', 0.9803521633148193)]
2018-06-02 19:01:26,311     INFO End of instructions
2018-06-02 19:01:26,311     INFO Showing instructions
2018-06-02 19:01:26,321     INFO Instruction: You earned 22 point(s) out of ...
2018-06-02 19:01:27,310     INFO Received response [('5', 0.9802389144897461)]
2018-06-02 19:01:27,310     INFO End of instructions
2018-06-02 19:01:27,310     INFO Showing instructions
2018-06-02 19:01:27,319     INFO Instruction: You earned 22 point(s) out of ...
2018-06-02 19:01:28,310     INFO Received response [('5', 0.9806091785430908)]
2018-06-02 19:01:28,310     INFO End of instructions
2018-06-02 19:01:28,318     INFO Showing instructions
2018-06-02 19:01:28,355     INFO Instruction: You have completed Run #2.  Ru...
2018-06-02 19:04:10,206     INFO Received response [('space', 161.84373593330383)]
2018-06-02 19:04:10,207     INFO End of instructions
2018-06-02 19:04:10,207     INFO Showing instructions
2018-06-02 19:04:10,239     INFO Instruction: You have completed Run #2.  Ru...
2018-06-02 19:04:11,250     INFO Received response [('5', 0.9975080490112305)]
2018-06-02 19:04:11,250     INFO End of instructions
2018-06-02 19:04:11,250     INFO Showing anchor face
2018-06-02 19:04:12,249     INFO Received trigger 5
2018-06-02 19:04:12,249     INFO End of anchor face
2018-06-02 19:04:12,252     INFO Showing fixation
2018-06-02 19:04:12,769     INFO End of fixation
2018-06-02 19:04:12,771     INFO Showing number
2018-06-02 19:04:13,250     INFO Received trigger 5
2018-06-02 19:04:13,250     INFO End of number
2018-06-02 19:04:13,253     INFO Showing fixation
2018-06-02 19:04:14,249     INFO Received trigger 5
2018-06-02 19:04:15,250     INFO Received trigger 5
2018-06-02 19:04:16,249     INFO Received trigger 5
2018-06-02 19:04:17,250     INFO Received trigger 5
2018-06-02 19:04:18,249     INFO Received trigger 5
2018-06-02 19:04:19,250     INFO Received trigger 5
2018-06-02 19:04:19,250     INFO End of fixation
2018-06-02 19:04:19,270     INFO Showing options
2018-06-02 19:04:20,127     INFO Received response [('4', 0.8420741558074951)]
2018-06-02 19:04:20,794     INFO End of options
2018-06-02 19:04:20,801     INFO Showing feedback
2018-06-02 19:04:21,250     INFO Received trigger 5
2018-06-02 19:04:22,249     INFO Received trigger 5
2018-06-02 19:04:22,249     INFO End of feedback
2018-06-02 19:04:22,251     INFO End of trial
2018-06-02 19:04:22,253     INFO Showing fixation
2018-06-02 19:04:23,250     INFO Received trigger 5
