2018-06-03 20:09:57,036     INFO #[ PsychoPy2 RuntimeInfoStart ]
  #[[ PsychoPy ]] #---------
    psychopyVersion: 1.85.4
    psychopyHaveExtRush: True
  #[[ Experiment ]] #---------
    experimentRunTime: 2018_06_03 20:09 (Year_Month_Day Hour:Min)
    experimentRunTime.epoch: 1528081794
    experimentScript: hierNavigation.py
    experimentScript.digestSHA1: c311803c2d13dbd36a0300d463e9a4a0a5b482ad
    experimentScript.directory: /Users/mengdu/Repos/hierarchy/navigation
  #[[ System ]] #---------
    systemHaveInternetAccess: True
    systemHostName: mengs-mbp.ad.medctr.ucla.edu
    systemLocale: C
    systemMemFreeRAM: 4058.8515625
    systemMemTotalRAM: 8192.0
    systemPlatform: darwin 10.13.4 x86_64
    systemPyo.InputDevices: {0: {'host api index': 0, 'latency': 0.0029478457290679216, 'default sr': 44100, 'name': u'Built-in Microph'}, 3: {'host api index': 0, 'latency': 0.009999999776482582, 'default sr': 44100, 'name': u'NoMachine Audio Adapter'}, 4: {'host api index': 0, 'latency': 0.009999999776482582, 'default sr': 44100, 'name': u'NoMachine Microphone Adapter'}}
    systemPyo.OutputDevices: {1: {'host api index': 0, 'latency': 0.018798185512423515, 'default sr': 44100, 'name': u'Built-in Output'}, 2: {'host api index': 0, 'latency': 0.0014375000027939677, 'default sr': 48000, 'name': u'HDMI'}, 3: {'host api index': 0, 'latency': 0.001451247138902545, 'default sr': 44100, 'name': u'NoMachine Audio Adapter'}, 4: {'host api index': 0, 'latency': 0.001451247138902545, 'default sr': 44100, 'name': u'NoMachine Microphone Adapter'}}
    systemPyoVersion: 0.8.6
    systemRebooted: May 2 02:12
    systemSec.OpenSSLVersion: LibreSSL 2.2.7
    systemSec.pythonSSL: True
    systemTimeNumpySD1000000_sec: 0.0048
    systemUser: mengdu
    systemUserID: 501
    systemUserProcCount: 152
    systemUserProcFlagged: iTunes mdworker Safari
    systemUsersCount: 1
  #[[ Window ]] #---------
    windowRefreshTimeSD_ms: 0.024
    windowRefreshTimeMedian_ms: 16.668
    windowRefreshTimeAvg_ms: 16.667
  #[[ Python ]] #---------
    pythonVersion: 2.7.12
  #[[ OpenGL ]] #---------
#[ PsychoPy2 RuntimeInfoEnd ]

2018-06-03 20:09:57,252     INFO Starting experiment
2018-06-03 20:09:57,252     INFO Showing instructions
2018-06-03 20:09:57,367     INFO Instruction: Press one of the buttons to se...
2018-06-03 20:09:58,144     INFO Received response [('space', 0.7504050731658936)]
2018-06-03 20:09:58,144     INFO End of instructions
2018-06-03 20:09:58,155     INFO Showing instructions
2018-06-03 20:09:58,195     INFO Instruction: Run #1 of 2 is starting soon. ...
2018-06-03 20:10:17,283     INFO Received response [('space', 19.078107118606567)]
2018-06-03 20:10:17,283     INFO End of instructions
2018-06-03 20:10:17,283     INFO Showing instructions
2018-06-03 20:10:17,313     INFO Instruction: Run #1 of 2 is starting soon. ...
2018-06-03 20:10:27,395     INFO Received response [('5', 10.07296895980835)]
2018-06-03 20:10:27,396     INFO End of instructions
2018-06-03 20:10:27,396     INFO Showing anchor face
2018-06-03 20:10:28,395     INFO Received trigger 5
2018-06-03 20:10:28,395     INFO End of anchor face
2018-06-03 20:10:28,400     INFO Showing fixation
2018-06-03 20:10:28,906     INFO End of fixation
2018-06-03 20:10:28,911     INFO Showing number
2018-06-03 20:10:29,395     INFO Received trigger 5
2018-06-03 20:10:29,395     INFO End of number
2018-06-03 20:10:29,398     INFO Showing fixation
2018-06-03 20:10:30,395     INFO Received trigger 5
2018-06-03 20:10:31,395     INFO Received trigger 5
2018-06-03 20:10:32,395     INFO Received trigger 5
2018-06-03 20:10:33,395     INFO Received trigger 5
2018-06-03 20:10:34,395     INFO Received trigger 5
2018-06-03 20:10:35,395     INFO Received trigger 5
2018-06-03 20:10:35,395     INFO End of fixation
2018-06-03 20:10:35,423     INFO Showing options
2018-06-03 20:10:36,079     INFO Received response [('1', 0.6396450996398926)]
2018-06-03 20:10:36,950     INFO End of options
2018-06-03 20:10:36,955     INFO Showing feedback
2018-06-03 20:10:37,394     INFO Received trigger 5
2018-06-03 20:10:38,394     INFO Received trigger 5
2018-06-03 20:10:38,394     INFO End of feedback
2018-06-03 20:10:38,396     INFO End of trial
2018-06-03 20:10:38,399     INFO Showing fixation
2018-06-03 20:10:39,394     INFO Received trigger 5
2018-06-03 20:10:40,394     INFO Received trigger 5
2018-06-03 20:10:41,394     INFO Received trigger 5
2018-06-03 20:10:42,394     INFO Received trigger 5
2018-06-03 20:10:43,394     INFO Received trigger 5
2018-06-03 20:10:43,394     INFO End of fixation
2018-06-03 20:10:43,395     INFO Showing anchor face
2018-06-03 20:10:44,394     INFO Received trigger 5
2018-06-03 20:10:44,394     INFO End of anchor face
2018-06-03 20:10:44,398     INFO Showing fixation
2018-06-03 20:10:44,907     INFO End of fixation
2018-06-03 20:10:44,923     INFO Showing number
2018-06-03 20:10:45,394     INFO Received trigger 5
2018-06-03 20:10:45,394     INFO End of number
2018-06-03 20:10:45,397     INFO Showing fixation
2018-06-03 20:10:46,394     INFO Received trigger 5
2018-06-03 20:10:47,394     INFO Received trigger 5
2018-06-03 20:10:48,394     INFO Received trigger 5
2018-06-03 20:10:49,394     INFO Received trigger 5
2018-06-03 20:10:50,394     INFO Received trigger 5
2018-06-03 20:10:51,394     INFO Received trigger 5
2018-06-03 20:10:51,395     INFO End of fixation
2018-06-03 20:10:51,414     INFO Showing options
2018-06-03 20:10:52,143     INFO Received response [('3', 0.7200970649719238)]
2018-06-03 20:10:52,937     INFO End of options
2018-06-03 20:10:52,939     INFO Showing feedback
2018-06-03 20:10:53,394     INFO Received trigger 5
2018-06-03 20:10:54,394     INFO Received trigger 5
2018-06-03 20:10:54,394     INFO End of feedback
2018-06-03 20:10:54,396     INFO End of trial
2018-06-03 20:10:54,399     INFO Showing fixation
2018-06-03 20:10:55,395     INFO Received trigger 5
2018-06-03 20:10:56,395     INFO Received trigger 5
2018-06-03 20:10:57,395     INFO Received trigger 5
2018-06-03 20:10:58,394     INFO Received trigger 5
2018-06-03 20:10:59,394     INFO Received trigger 5
2018-06-03 20:11:00,395     INFO Received trigger 5
2018-06-03 20:11:01,394     INFO Received trigger 5
2018-06-03 20:11:02,394     INFO Received trigger 5
2018-06-03 20:11:02,395     INFO End of fixation
2018-06-03 20:11:02,395     INFO Showing anchor face
2018-06-03 20:11:03,394     INFO Received trigger 5
2018-06-03 20:11:03,394     INFO End of anchor face
2018-06-03 20:11:03,397     INFO Showing fixation
2018-06-03 20:11:03,907     INFO End of fixation
2018-06-03 20:11:03,910     INFO Showing number
2018-06-03 20:11:04,393     INFO Received trigger 5
2018-06-03 20:11:04,394     INFO End of number
2018-06-03 20:11:04,397     INFO Showing fixation
2018-06-03 20:11:05,394     INFO Received trigger 5
2018-06-03 20:11:06,393     INFO Received trigger 5
2018-06-03 20:11:07,394     INFO Received trigger 5
2018-06-03 20:11:08,394     INFO Received trigger 5
2018-06-03 20:11:09,394     INFO Received trigger 5
2018-06-03 20:11:10,394     INFO Received trigger 5
2018-06-03 20:11:10,394     INFO End of fixation
2018-06-03 20:11:10,413     INFO Showing options
2018-06-03 20:11:11,043     INFO Received response [('1', 0.6199641227722168)]
2018-06-03 20:11:11,937     INFO End of options
2018-06-03 20:11:11,940     INFO Showing feedback
2018-06-03 20:11:12,394     INFO Received trigger 5
2018-06-03 20:11:13,394     INFO Received trigger 5
2018-06-03 20:11:13,394     INFO End of feedback
2018-06-03 20:11:13,395     INFO End of trial
2018-06-03 20:11:13,398     INFO Showing fixation
2018-06-03 20:11:14,394     INFO Received trigger 5
2018-06-03 20:11:15,394     INFO Received trigger 5
2018-06-03 20:11:16,394     INFO Received trigger 5
2018-06-03 20:11:17,394     INFO Received trigger 5
2018-06-03 20:11:18,394     INFO Received trigger 5
2018-06-03 20:11:19,394     INFO Received trigger 5
2018-06-03 20:11:20,394     INFO Received trigger 5
2018-06-03 20:11:20,395     INFO End of fixation
2018-06-03 20:11:20,395     INFO Showing anchor face
2018-06-03 20:11:21,394     INFO Received trigger 5
2018-06-03 20:11:21,394     INFO End of anchor face
2018-06-03 20:11:21,397     INFO Showing fixation
2018-06-03 20:11:21,908     INFO End of fixation
2018-06-03 20:11:21,910     INFO Showing number
2018-06-03 20:11:22,394     INFO Received trigger 5
2018-06-03 20:11:22,395     INFO End of number
2018-06-03 20:11:22,398     INFO Showing fixation
2018-06-03 20:11:23,394     INFO Received trigger 5
2018-06-03 20:11:24,394     INFO Received trigger 5
2018-06-03 20:11:25,394     INFO Received trigger 5
2018-06-03 20:11:26,394     INFO Received trigger 5
2018-06-03 20:11:27,394     INFO Received trigger 5
2018-06-03 20:11:28,394     INFO Received trigger 5
2018-06-03 20:11:28,394     INFO End of fixation
2018-06-03 20:11:28,412     INFO Showing options
2018-06-03 20:11:29,410     INFO Received response [('3', 0.985166072845459)]
2018-06-03 20:11:29,939     INFO End of options
2018-06-03 20:11:29,957     INFO Showing feedback
2018-06-03 20:11:30,393     INFO Received trigger 5
2018-06-03 20:11:31,394     INFO Received trigger 5
2018-06-03 20:11:31,394     INFO End of feedback
2018-06-03 20:11:31,395     INFO End of trial
2018-06-03 20:11:31,406     INFO Showing fixation
2018-06-03 20:11:32,393     INFO Received trigger 5
2018-06-03 20:11:33,394     INFO Received trigger 5
2018-06-03 20:11:34,393     INFO Received trigger 5
2018-06-03 20:11:35,394     INFO Received trigger 5
2018-06-03 20:11:35,394     INFO End of fixation
2018-06-03 20:11:35,394     INFO Showing anchor face
2018-06-03 20:11:36,393     INFO Received trigger 5
2018-06-03 20:11:36,394     INFO End of anchor face
2018-06-03 20:11:36,397     INFO Showing fixation
2018-06-03 20:11:36,908     INFO End of fixation
2018-06-03 20:11:36,911     INFO Showing number
2018-06-03 20:11:37,394     INFO Received trigger 5
2018-06-03 20:11:37,394     INFO End of number
2018-06-03 20:11:37,397     INFO Showing fixation
2018-06-03 20:11:38,393     INFO Received trigger 5
2018-06-03 20:11:39,394     INFO Received trigger 5
2018-06-03 20:11:40,393     INFO Received trigger 5
2018-06-03 20:11:41,394     INFO Received trigger 5
2018-06-03 20:11:42,394     INFO Received trigger 5
2018-06-03 20:11:43,394     INFO Received trigger 5
2018-06-03 20:11:43,394     INFO End of fixation
2018-06-03 20:11:43,413     INFO Showing options
2018-06-03 20:11:44,614     INFO Received response [('2', 1.1891908645629883)]
2018-06-03 20:11:44,936     INFO End of options
2018-06-03 20:11:44,940     INFO Showing feedback
2018-06-03 20:11:45,394     INFO Received trigger 5
2018-06-03 20:11:46,394     INFO Received trigger 5
2018-06-03 20:11:46,395     INFO End of feedback
2018-06-03 20:11:46,396     INFO End of trial
2018-06-03 20:11:46,399     INFO Showing fixation
2018-06-03 20:11:47,394     INFO Received trigger 5
2018-06-03 20:11:48,394     INFO Received trigger 5
2018-06-03 20:11:49,394     INFO Received trigger 5
2018-06-03 20:11:50,394     INFO Received trigger 5
2018-06-03 20:11:51,394     INFO Received trigger 5
2018-06-03 20:11:52,395     INFO Received trigger 5
2018-06-03 20:11:52,395     INFO End of fixation
2018-06-03 20:11:52,395     INFO Showing anchor face
2018-06-03 20:11:53,394     INFO Received trigger 5
2018-06-03 20:11:53,394     INFO End of anchor face
2018-06-03 20:11:53,397     INFO Showing fixation
2018-06-03 20:11:53,909     INFO End of fixation
2018-06-03 20:11:53,912     INFO Showing number
2018-06-03 20:11:54,395     INFO Received trigger 5
2018-06-03 20:11:54,395     INFO End of number
2018-06-03 20:11:54,398     INFO Showing fixation
2018-06-03 20:11:55,393     INFO Received trigger 5
2018-06-03 20:11:56,394     INFO Received trigger 5
2018-06-03 20:11:57,393     INFO Received trigger 5
2018-06-03 20:11:58,394     INFO Received trigger 5
2018-06-03 20:11:59,393     INFO Received trigger 5
2018-06-03 20:12:00,394     INFO Received trigger 5
2018-06-03 20:12:00,394     INFO End of fixation
2018-06-03 20:12:00,412     INFO Showing options
2018-06-03 20:12:01,473     INFO Received response [('3', 1.0483510494232178)]
2018-06-03 20:12:01,944     INFO End of options
2018-06-03 20:12:01,958     INFO Showing feedback
2018-06-03 20:12:02,393     INFO Received trigger 5
2018-06-03 20:12:03,394     INFO Received trigger 5
2018-06-03 20:12:03,394     INFO End of feedback
2018-06-03 20:12:03,395     INFO End of trial
2018-06-03 20:12:03,398     INFO Showing fixation
2018-06-03 20:12:04,393     INFO Received trigger 5
2018-06-03 20:12:05,394     INFO Received trigger 5
2018-06-03 20:12:06,393     INFO Received trigger 5
2018-06-03 20:12:07,394     INFO Received trigger 5
2018-06-03 20:12:08,393     INFO Received trigger 5
2018-06-03 20:12:09,394     INFO Received trigger 5
2018-06-03 20:12:09,394     INFO End of fixation
2018-06-03 20:12:09,395     INFO Showing anchor face
2018-06-03 20:12:10,393     INFO Received trigger 5
2018-06-03 20:12:10,394     INFO End of anchor face
2018-06-03 20:12:10,397     INFO Showing fixation
2018-06-03 20:12:10,909     INFO End of fixation
2018-06-03 20:12:10,913     INFO Showing number
2018-06-03 20:12:11,394     INFO Received trigger 5
2018-06-03 20:12:11,394     INFO End of number
2018-06-03 20:12:11,397     INFO Showing fixation
2018-06-03 20:12:12,394     INFO Received trigger 5
2018-06-03 20:12:13,394     INFO Received trigger 5
2018-06-03 20:12:14,394     INFO Received trigger 5
2018-06-03 20:12:15,394     INFO Received trigger 5
2018-06-03 20:12:16,394     INFO Received trigger 5
2018-06-03 20:12:17,394     INFO Received trigger 5
2018-06-03 20:12:17,395     INFO End of fixation
2018-06-03 20:12:17,413     INFO Showing options
2018-06-03 20:12:18,349     INFO Received response [('4', 0.9231219291687012)]
2018-06-03 20:12:18,936     INFO End of options
2018-06-03 20:12:18,941     INFO Showing feedback
2018-06-03 20:12:19,394     INFO Received trigger 5
2018-06-03 20:12:20,395     INFO Received trigger 5
2018-06-03 20:12:20,395     INFO End of feedback
2018-06-03 20:12:20,396     INFO End of trial
2018-06-03 20:12:20,399     INFO Showing fixation
2018-06-03 20:12:21,393     INFO Received trigger 5
2018-06-03 20:12:22,393     INFO Received trigger 5
2018-06-03 20:12:23,393     INFO Received trigger 5
2018-06-03 20:12:24,394     INFO Received trigger 5
2018-06-03 20:12:24,394     INFO End of fixation
2018-06-03 20:12:24,394     INFO Showing anchor face
2018-06-03 20:12:25,393     INFO Received trigger 5
2018-06-03 20:12:25,393     INFO End of anchor face
2018-06-03 20:12:25,396     INFO Showing fixation
2018-06-03 20:12:25,909     INFO End of fixation
2018-06-03 20:12:25,912     INFO Showing number
2018-06-03 20:12:26,394     INFO Received trigger 5
2018-06-03 20:12:26,394     INFO End of number
2018-06-03 20:12:26,397     INFO Showing fixation
2018-06-03 20:12:27,393     INFO Received trigger 5
2018-06-03 20:12:28,393     INFO Received trigger 5
2018-06-03 20:12:29,393     INFO Received trigger 5
2018-06-03 20:12:30,394     INFO Received trigger 5
2018-06-03 20:12:31,393     INFO Received trigger 5
2018-06-03 20:12:32,394     INFO Received trigger 5
2018-06-03 20:12:32,394     INFO End of fixation
2018-06-03 20:12:32,412     INFO Showing options
2018-06-03 20:12:32,977     INFO Received response [('4', 0.5510990619659424)]
2018-06-03 20:12:33,942     INFO End of options
2018-06-03 20:12:33,958     INFO Showing feedback
2018-06-03 20:12:34,394     INFO Received trigger 5
2018-06-03 20:12:35,393     INFO Received trigger 5
2018-06-03 20:12:35,393     INFO End of feedback
2018-06-03 20:12:35,394     INFO End of trial
2018-06-03 20:12:35,397     INFO Showing fixation
2018-06-03 20:12:36,394     INFO Received trigger 5
2018-06-03 20:12:37,393     INFO Received trigger 5
2018-06-03 20:12:38,394     INFO Received trigger 5
2018-06-03 20:12:39,393     INFO Received trigger 5
2018-06-03 20:12:40,394     INFO Received trigger 5
2018-06-03 20:12:41,393     INFO Received trigger 5
2018-06-03 20:12:41,393     INFO End of fixation
2018-06-03 20:12:41,394     INFO Showing anchor face
2018-06-03 20:12:42,394     INFO Received trigger 5
2018-06-03 20:12:42,394     INFO End of anchor face
2018-06-03 20:12:42,397     INFO Showing fixation
2018-06-03 20:12:42,910     INFO End of fixation
2018-06-03 20:12:42,913     INFO Showing number
2018-06-03 20:12:43,393     INFO Received trigger 5
2018-06-03 20:12:43,393     INFO End of number
2018-06-03 20:12:43,396     INFO Showing fixation
2018-06-03 20:12:44,394     INFO Received trigger 5
2018-06-03 20:12:45,393     INFO Received trigger 5
2018-06-03 20:12:46,393     INFO Received trigger 5
2018-06-03 20:12:47,392     INFO Received trigger 5
2018-06-03 20:12:48,393     INFO Received trigger 5
2018-06-03 20:12:49,393     INFO Received trigger 5
2018-06-03 20:12:49,393     INFO End of fixation
2018-06-03 20:12:49,411     INFO Showing options
2018-06-03 20:12:50,296     INFO Received response [('2', 0.8700041770935059)]
2018-06-03 20:12:50,940     INFO End of options
2018-06-03 20:12:50,943     INFO Showing feedback
2018-06-03 20:12:51,392     INFO Received trigger 5
2018-06-03 20:12:52,392     INFO Received trigger 5
2018-06-03 20:12:52,392     INFO End of feedback
2018-06-03 20:12:52,394     INFO End of trial
2018-06-03 20:12:52,397     INFO Showing fixation
2018-06-03 20:12:53,393     INFO Received trigger 5
2018-06-03 20:12:54,392     INFO Received trigger 5
2018-06-03 20:12:55,393     INFO Received trigger 5
2018-06-03 20:12:56,393     INFO Received trigger 5
2018-06-03 20:12:56,393     INFO End of fixation
2018-06-03 20:12:56,393     INFO Showing anchor face
2018-06-03 20:12:57,393     INFO Received trigger 5
2018-06-03 20:12:57,394     INFO End of anchor face
2018-06-03 20:12:57,398     INFO Showing fixation
2018-06-03 20:12:57,910     INFO End of fixation
2018-06-03 20:12:57,913     INFO Showing number
2018-06-03 20:12:58,392     INFO Received trigger 5
2018-06-03 20:12:58,393     INFO End of number
2018-06-03 20:12:58,396     INFO Showing fixation
2018-06-03 20:12:59,393     INFO Received trigger 5
2018-06-03 20:13:00,393     INFO Received trigger 5
2018-06-03 20:13:01,393     INFO Received trigger 5
2018-06-03 20:13:02,393     INFO Received trigger 5
2018-06-03 20:13:03,394     INFO Received trigger 5
2018-06-03 20:13:04,393     INFO Received trigger 5
2018-06-03 20:13:04,393     INFO End of fixation
2018-06-03 20:13:04,411     INFO Showing options
2018-06-03 20:13:05,064     INFO Received response [('1', 0.637192964553833)]
2018-06-03 20:13:05,940     INFO End of options
2018-06-03 20:13:05,943     INFO Showing feedback
2018-06-03 20:13:06,394     INFO Received trigger 5
2018-06-03 20:13:07,393     INFO Received trigger 5
2018-06-03 20:13:07,393     INFO End of feedback
2018-06-03 20:13:07,394     INFO End of trial
2018-06-03 20:13:07,397     INFO Showing fixation
2018-06-03 20:13:08,394     INFO Received trigger 5
2018-06-03 20:13:09,393     INFO Received trigger 5
2018-06-03 20:13:10,394     INFO Received trigger 5
2018-06-03 20:13:11,393     INFO Received trigger 5
2018-06-03 20:13:11,393     INFO End of fixation
2018-06-03 20:13:11,393     INFO Showing anchor face
2018-06-03 20:13:12,394     INFO Received trigger 5
2018-06-03 20:13:12,394     INFO End of anchor face
2018-06-03 20:13:12,397     INFO Showing fixation
2018-06-03 20:13:12,910     INFO End of fixation
2018-06-03 20:13:12,913     INFO Showing number
2018-06-03 20:13:13,392     INFO Received trigger 5
2018-06-03 20:13:13,392     INFO End of number
2018-06-03 20:13:13,396     INFO Showing fixation
2018-06-03 20:13:14,393     INFO Received trigger 5
2018-06-03 20:13:15,392     INFO Received trigger 5
2018-06-03 20:13:16,393     INFO Received trigger 5
2018-06-03 20:13:17,392     INFO Received trigger 5
2018-06-03 20:13:18,393     INFO Received trigger 5
2018-06-03 20:13:19,392     INFO Received trigger 5
2018-06-03 20:13:19,393     INFO End of fixation
2018-06-03 20:13:19,411     INFO Showing options
2018-06-03 20:13:20,301     INFO Received response [('1', 0.874208927154541)]
2018-06-03 20:13:20,936     INFO End of options
2018-06-03 20:13:20,943     INFO Showing feedback
2018-06-03 20:13:21,392     INFO Received trigger 5
2018-06-03 20:13:22,392     INFO Received trigger 5
2018-06-03 20:13:22,392     INFO End of feedback
2018-06-03 20:13:22,393     INFO End of trial
2018-06-03 20:13:22,396     INFO Showing fixation
2018-06-03 20:13:23,393     INFO Received trigger 5
2018-06-03 20:13:24,392     INFO Received trigger 5
2018-06-03 20:13:25,393     INFO Received trigger 5
2018-06-03 20:13:26,392     INFO Received trigger 5
2018-06-03 20:13:27,393     INFO Received trigger 5
2018-06-03 20:13:28,392     INFO Received trigger 5
2018-06-03 20:13:29,393     INFO Received trigger 5
2018-06-03 20:13:29,393     INFO End of fixation
2018-06-03 20:13:29,394     INFO Showing anchor face
2018-06-03 20:13:30,393     INFO Received trigger 5
2018-06-03 20:13:30,393     INFO End of anchor face
2018-06-03 20:13:30,396     INFO Showing fixation
2018-06-03 20:13:30,911     INFO End of fixation
2018-06-03 20:13:30,914     INFO Showing number
2018-06-03 20:13:31,393     INFO Received trigger 5
2018-06-03 20:13:31,393     INFO End of number
2018-06-03 20:13:31,397     INFO Showing fixation
2018-06-03 20:13:32,392     INFO Received trigger 5
2018-06-03 20:13:33,393     INFO Received trigger 5
2018-06-03 20:13:34,393     INFO Received trigger 5
2018-06-03 20:13:35,393     INFO Received trigger 5
2018-06-03 20:13:36,392     INFO Received trigger 5
2018-06-03 20:13:37,393     INFO Received trigger 5
2018-06-03 20:13:37,394     INFO End of fixation
2018-06-03 20:13:37,412     INFO Showing options
2018-06-03 20:13:37,873     INFO Received response [('1', 0.445296049118042)]
2018-06-03 20:13:38,933     INFO End of options
2018-06-03 20:13:38,943     INFO Showing feedback
2018-06-03 20:13:39,392     INFO Received trigger 5
2018-06-03 20:13:40,392     INFO Received trigger 5
2018-06-03 20:13:40,392     INFO End of feedback
2018-06-03 20:13:40,393     INFO End of trial
2018-06-03 20:13:40,396     INFO Showing fixation
2018-06-03 20:13:41,392     INFO Received trigger 5
2018-06-03 20:13:42,392     INFO Received trigger 5
2018-06-03 20:13:43,393     INFO Received trigger 5
2018-06-03 20:13:44,392     INFO Received trigger 5
2018-06-03 20:13:45,395     INFO Received trigger 5
2018-06-03 20:13:45,396     INFO End of fixation
2018-06-03 20:13:45,396     INFO Showing anchor face
2018-06-03 20:13:46,392     INFO Received trigger 5
2018-06-03 20:13:46,392     INFO End of anchor face
2018-06-03 20:13:46,396     INFO Showing fixation
2018-06-03 20:13:46,911     INFO End of fixation
2018-06-03 20:13:46,914     INFO Showing number
2018-06-03 20:13:47,393     INFO Received trigger 5
2018-06-03 20:13:47,393     INFO End of number
2018-06-03 20:13:47,397     INFO Showing fixation
2018-06-03 20:13:48,392     INFO Received trigger 5
2018-06-03 20:13:49,393     INFO Received trigger 5
2018-06-03 20:13:50,392     INFO Received trigger 5
2018-06-03 20:13:51,393     INFO Received trigger 5
2018-06-03 20:13:52,392     INFO Received trigger 5
2018-06-03 20:13:53,393     INFO Received trigger 5
2018-06-03 20:13:53,393     INFO End of fixation
2018-06-03 20:13:53,413     INFO Showing options
2018-06-03 20:13:54,808     INFO Received response [('4', 1.3801980018615723)]
2018-06-03 20:13:54,930     INFO End of options
2018-06-03 20:13:54,944     INFO Showing feedback
2018-06-03 20:13:55,392     INFO Received trigger 5
2018-06-03 20:13:56,393     INFO Received trigger 5
2018-06-03 20:13:56,393     INFO End of feedback
2018-06-03 20:13:56,394     INFO End of trial
2018-06-03 20:13:56,398     INFO Showing fixation
2018-06-03 20:13:57,392     INFO Received trigger 5
2018-06-03 20:13:58,393     INFO Received trigger 5
2018-06-03 20:13:59,392     INFO Received trigger 5
2018-06-03 20:14:00,393     INFO Received trigger 5
2018-06-03 20:14:00,393     INFO End of fixation
2018-06-03 20:14:00,394     INFO Showing anchor face
2018-06-03 20:14:01,392     INFO Received trigger 5
2018-06-03 20:14:01,392     INFO End of anchor face
2018-06-03 20:14:01,395     INFO Showing fixation
2018-06-03 20:14:01,912     INFO End of fixation
2018-06-03 20:14:01,915     INFO Showing number
2018-06-03 20:14:02,393     INFO Received trigger 5
2018-06-03 20:14:02,393     INFO End of number
2018-06-03 20:14:02,397     INFO Showing fixation
2018-06-03 20:14:03,392     INFO Received trigger 5
2018-06-03 20:14:04,392     INFO Received trigger 5
2018-06-03 20:14:05,391     INFO Received trigger 5
2018-06-03 20:14:06,392     INFO Received trigger 5
2018-06-03 20:14:07,391     INFO Received trigger 5
2018-06-03 20:14:08,393     INFO Received trigger 5
2018-06-03 20:14:08,393     INFO End of fixation
2018-06-03 20:14:08,412     INFO Showing options
2018-06-03 20:14:09,363     INFO Received response [('3', 0.9350190162658691)]
2018-06-03 20:14:09,944     INFO End of options
2018-06-03 20:14:09,961     INFO Showing feedback
2018-06-03 20:14:10,392     INFO Received trigger 5
2018-06-03 20:14:11,392     INFO Received trigger 5
2018-06-03 20:14:11,392     INFO End of feedback
2018-06-03 20:14:11,393     INFO End of trial
2018-06-03 20:14:11,396     INFO Showing fixation
2018-06-03 20:14:12,391     INFO Received trigger 5
2018-06-03 20:14:13,393     INFO Received trigger 5
2018-06-03 20:14:14,391     INFO Received trigger 5
2018-06-03 20:14:15,393     INFO Received trigger 5
2018-06-03 20:14:16,391     INFO Received trigger 5
2018-06-03 20:14:17,392     INFO Received trigger 5
2018-06-03 20:14:18,391     INFO Received trigger 5
2018-06-03 20:14:19,392     INFO Received trigger 5
2018-06-03 20:14:19,393     INFO End of fixation
2018-06-03 20:14:19,393     INFO Showing anchor face
2018-06-03 20:14:20,392     INFO Received trigger 5
2018-06-03 20:14:20,392     INFO End of anchor face
2018-06-03 20:14:20,395     INFO Showing fixation
2018-06-03 20:14:20,912     INFO End of fixation
2018-06-03 20:14:20,915     INFO Showing number
2018-06-03 20:14:21,393     INFO Received trigger 5
2018-06-03 20:14:21,393     INFO End of number
2018-06-03 20:14:21,398     INFO Showing fixation
2018-06-03 20:14:22,392     INFO Received trigger 5
2018-06-03 20:14:23,393     INFO Received trigger 5
2018-06-03 20:14:24,392     INFO Received trigger 5
2018-06-03 20:14:25,393     INFO Received trigger 5
2018-06-03 20:14:26,392     INFO Received trigger 5
2018-06-03 20:14:27,393     INFO Received trigger 5
2018-06-03 20:14:27,393     INFO End of fixation
2018-06-03 20:14:27,413     INFO Showing options
2018-06-03 20:14:28,162     INFO Received response [('4', 0.7334229946136475)]
2018-06-03 20:14:28,946     INFO End of options
2018-06-03 20:14:28,961     INFO Showing feedback
2018-06-03 20:14:29,393     INFO Received trigger 5
2018-06-03 20:14:30,392     INFO Received trigger 5
2018-06-03 20:14:30,392     INFO End of feedback
2018-06-03 20:14:30,393     INFO End of trial
2018-06-03 20:14:30,396     INFO Showing fixation
2018-06-03 20:14:31,392     INFO Received trigger 5
2018-06-03 20:14:32,391     INFO Received trigger 5
2018-06-03 20:14:33,392     INFO Received trigger 5
2018-06-03 20:14:34,391     INFO Received trigger 5
2018-06-03 20:14:35,392     INFO Received trigger 5
2018-06-03 20:14:36,391     INFO Received trigger 5
2018-06-03 20:14:37,392     INFO Received trigger 5
2018-06-03 20:14:37,392     INFO End of fixation
2018-06-03 20:14:37,393     INFO Showing anchor face
2018-06-03 20:14:38,391     INFO Received trigger 5
2018-06-03 20:14:38,391     INFO End of anchor face
2018-06-03 20:14:38,395     INFO Showing fixation
2018-06-03 20:14:38,912     INFO End of fixation
2018-06-03 20:14:38,915     INFO Showing number
2018-06-03 20:14:39,394     INFO Received trigger 5
2018-06-03 20:14:39,394     INFO End of number
2018-06-03 20:14:39,398     INFO Showing fixation
2018-06-03 20:14:40,391     INFO Received trigger 5
2018-06-03 20:14:41,392     INFO Received trigger 5
2018-06-03 20:14:42,391     INFO Received trigger 5
2018-06-03 20:14:43,392     INFO Received trigger 5
2018-06-03 20:14:44,391     INFO Received trigger 5
2018-06-03 20:14:45,392     INFO Received trigger 5
2018-06-03 20:14:45,393     INFO End of fixation
2018-06-03 20:14:45,412     INFO Showing options
2018-06-03 20:14:46,087     INFO Received response [('4', 0.6580948829650879)]
2018-06-03 20:14:46,938     INFO End of options
2018-06-03 20:14:46,945     INFO Showing feedback
2018-06-03 20:14:47,392     INFO Received trigger 5
2018-06-03 20:14:48,391     INFO Received trigger 5
2018-06-03 20:14:48,392     INFO End of feedback
2018-06-03 20:14:48,393     INFO End of trial
2018-06-03 20:14:48,396     INFO Showing fixation
2018-06-03 20:14:49,393     INFO Received trigger 5
2018-06-03 20:14:50,392     INFO Received trigger 5
2018-06-03 20:14:51,393     INFO Received trigger 5
2018-06-03 20:14:52,392     INFO Received trigger 5
2018-06-03 20:14:53,392     INFO Received trigger 5
2018-06-03 20:14:54,391     INFO Received trigger 5
2018-06-03 20:14:55,392     INFO Received trigger 5
2018-06-03 20:14:56,392     INFO Received trigger 5
2018-06-03 20:14:56,392     INFO End of fixation
2018-06-03 20:14:56,392     INFO Showing anchor face
2018-06-03 20:14:57,391     INFO Received trigger 5
2018-06-03 20:14:57,392     INFO End of anchor face
2018-06-03 20:14:57,397     INFO Showing fixation
2018-06-03 20:14:57,913     INFO End of fixation
2018-06-03 20:14:57,916     INFO Showing number
2018-06-03 20:14:58,391     INFO Received trigger 5
2018-06-03 20:14:58,391     INFO End of number
2018-06-03 20:14:58,394     INFO Showing fixation
2018-06-03 20:14:59,392     INFO Received trigger 5
2018-06-03 20:15:00,391     INFO Received trigger 5
2018-06-03 20:15:01,392     INFO Received trigger 5
2018-06-03 20:15:02,391     INFO Received trigger 5
2018-06-03 20:15:03,391     INFO Received trigger 5
2018-06-03 20:15:04,391     INFO Received trigger 5
2018-06-03 20:15:04,391     INFO End of fixation
2018-06-03 20:15:04,409     INFO Showing options
2018-06-03 20:15:05,166     INFO Received response [('2', 0.7535140514373779)]
2018-06-03 20:15:05,927     INFO End of options
2018-06-03 20:15:05,929     INFO Showing feedback
2018-06-03 20:15:06,391     INFO Received trigger 5
2018-06-03 20:15:07,391     INFO Received trigger 5
2018-06-03 20:15:07,391     INFO End of feedback
2018-06-03 20:15:07,392     INFO End of trial
2018-06-03 20:15:07,396     INFO Showing fixation
2018-06-03 20:15:08,392     INFO Received trigger 5
2018-06-03 20:15:09,391     INFO Received trigger 5
2018-06-03 20:15:10,392     INFO Received trigger 5
2018-06-03 20:15:11,391     INFO Received trigger 5
2018-06-03 20:15:11,391     INFO End of fixation
2018-06-03 20:15:11,392     INFO Showing anchor face
2018-06-03 20:15:12,392     INFO Received trigger 5
2018-06-03 20:15:12,392     INFO End of anchor face
2018-06-03 20:15:12,398     INFO Showing fixation
2018-06-03 20:15:12,914     INFO End of fixation
2018-06-03 20:15:12,917     INFO Showing number
2018-06-03 20:15:13,391     INFO Received trigger 5
2018-06-03 20:15:13,391     INFO End of number
2018-06-03 20:15:13,395     INFO Showing fixation
2018-06-03 20:15:14,392     INFO Received trigger 5
2018-06-03 20:15:15,391     INFO Received trigger 5
2018-06-03 20:15:16,392     INFO Received trigger 5
2018-06-03 20:15:17,391     INFO Received trigger 5
2018-06-03 20:15:18,393     INFO Received trigger 5
2018-06-03 20:15:19,391     INFO Received trigger 5
2018-06-03 20:15:19,391     INFO End of fixation
2018-06-03 20:15:19,410     INFO Showing options
2018-06-03 20:15:20,127     INFO Received response [('3', 0.7134590148925781)]
2018-06-03 20:15:20,917     INFO End of options
2018-06-03 20:15:20,929     INFO Showing feedback
2018-06-03 20:15:21,392     INFO Received trigger 5
2018-06-03 20:15:22,391     INFO Received trigger 5
2018-06-03 20:15:22,392     INFO End of feedback
2018-06-03 20:15:22,393     INFO End of trial
2018-06-03 20:15:22,396     INFO Showing fixation
2018-06-03 20:15:23,391     INFO Received trigger 5
2018-06-03 20:15:24,390     INFO Received trigger 5
2018-06-03 20:15:25,391     INFO Received trigger 5
2018-06-03 20:15:26,391     INFO Received trigger 5
2018-06-03 20:15:26,391     INFO End of fixation
2018-06-03 20:15:26,391     INFO Showing anchor face
2018-06-03 20:15:27,391     INFO Received trigger 5
2018-06-03 20:15:27,391     INFO End of anchor face
2018-06-03 20:15:27,397     INFO Showing fixation
2018-06-03 20:15:27,914     INFO End of fixation
2018-06-03 20:15:27,917     INFO Showing number
2018-06-03 20:15:28,391     INFO Received trigger 5
2018-06-03 20:15:28,391     INFO End of number
2018-06-03 20:15:28,395     INFO Showing fixation
2018-06-03 20:15:29,392     INFO Received trigger 5
2018-06-03 20:15:30,391     INFO Received trigger 5
2018-06-03 20:15:31,392     INFO Received trigger 5
2018-06-03 20:15:32,391     INFO Received trigger 5
2018-06-03 20:15:33,391     INFO Received trigger 5
2018-06-03 20:15:34,391     INFO Received trigger 5
2018-06-03 20:15:34,391     INFO End of fixation
2018-06-03 20:15:34,409     INFO Showing options
2018-06-03 20:15:35,129     INFO Received response [('3', 0.7148451805114746)]
2018-06-03 20:15:35,933     INFO End of options
2018-06-03 20:15:35,946     INFO Showing feedback
2018-06-03 20:15:36,391     INFO Received trigger 5
2018-06-03 20:15:37,391     INFO Received trigger 5
2018-06-03 20:15:37,391     INFO End of feedback
2018-06-03 20:15:37,392     INFO End of trial
2018-06-03 20:15:37,395     INFO Showing fixation
2018-06-03 20:15:38,392     INFO Received trigger 5
2018-06-03 20:15:39,391     INFO Received trigger 5
2018-06-03 20:15:40,392     INFO Received trigger 5
2018-06-03 20:15:41,391     INFO Received trigger 5
2018-06-03 20:15:42,392     INFO Received trigger 5
2018-06-03 20:15:43,391     INFO Received trigger 5
2018-06-03 20:15:43,391     INFO End of fixation
2018-06-03 20:15:43,391     INFO Showing anchor face
2018-06-03 20:15:44,392     INFO Received trigger 5
2018-06-03 20:15:44,392     INFO End of anchor face
2018-06-03 20:15:44,398     INFO Showing fixation
2018-06-03 20:15:44,915     INFO End of fixation
2018-06-03 20:15:44,917     INFO Showing number
2018-06-03 20:15:45,391     INFO Received trigger 5
2018-06-03 20:15:45,391     INFO End of number
2018-06-03 20:15:45,394     INFO Showing fixation
2018-06-03 20:15:46,392     INFO Received trigger 5
2018-06-03 20:15:47,391     INFO Received trigger 5
2018-06-03 20:15:48,392     INFO Received trigger 5
2018-06-03 20:15:49,391     INFO Received trigger 5
2018-06-03 20:15:50,391     INFO Received trigger 5
2018-06-03 20:15:51,390     INFO Received trigger 5
2018-06-03 20:15:51,390     INFO End of fixation
2018-06-03 20:15:51,409     INFO Showing options
2018-06-03 20:15:52,677     INFO Received response [('1', 1.2631449699401855)]
2018-06-03 20:15:52,918     INFO End of options
2018-06-03 20:15:52,930     INFO Showing feedback
2018-06-03 20:15:53,390     INFO Received trigger 5
2018-06-03 20:15:54,391     INFO Received trigger 5
2018-06-03 20:15:54,391     INFO End of feedback
2018-06-03 20:15:54,393     INFO End of trial
2018-06-03 20:15:54,399     INFO Showing fixation
2018-06-03 20:15:55,390     INFO Received trigger 5
2018-06-03 20:15:56,391     INFO Received trigger 5
2018-06-03 20:15:57,390     INFO Received trigger 5
2018-06-03 20:15:58,391     INFO Received trigger 5
2018-06-03 20:15:59,390     INFO Received trigger 5
2018-06-03 20:15:59,391     INFO End of fixation
2018-06-03 20:15:59,391     INFO Showing anchor face
2018-06-03 20:16:00,391     INFO Received trigger 5
2018-06-03 20:16:00,391     INFO End of anchor face
2018-06-03 20:16:00,395     INFO Showing fixation
2018-06-03 20:16:00,899     INFO End of fixation
2018-06-03 20:16:00,902     INFO Showing number
2018-06-03 20:16:01,390     INFO Received trigger 5
2018-06-03 20:16:01,390     INFO End of number
2018-06-03 20:16:01,394     INFO Showing fixation
2018-06-03 20:16:02,391     INFO Received trigger 5
2018-06-03 20:16:03,391     INFO Received trigger 5
2018-06-03 20:16:04,391     INFO Received trigger 5
2018-06-03 20:16:05,390     INFO Received trigger 5
2018-06-03 20:16:06,391     INFO Received trigger 5
2018-06-03 20:16:07,391     INFO Received trigger 5
2018-06-03 20:16:07,391     INFO End of fixation
2018-06-03 20:16:07,409     INFO Showing options
2018-06-03 20:16:08,629     INFO Received response [('2', 1.2147109508514404)]
2018-06-03 20:16:08,934     INFO End of options
2018-06-03 20:16:08,947     INFO Showing feedback
2018-06-03 20:16:09,390     INFO Received trigger 5
2018-06-03 20:16:10,391     INFO Received trigger 5
2018-06-03 20:16:10,391     INFO End of feedback
2018-06-03 20:16:10,393     INFO End of trial
2018-06-03 20:16:10,398     INFO Showing fixation
2018-06-03 20:16:11,391     INFO Received trigger 5
2018-06-03 20:16:12,392     INFO Received trigger 5
2018-06-03 20:16:13,391     INFO Received trigger 5
2018-06-03 20:16:14,392     INFO Received trigger 5
2018-06-03 20:16:15,391     INFO Received trigger 5
2018-06-03 20:16:16,390     INFO Received trigger 5
2018-06-03 20:16:17,390     INFO Received trigger 5
2018-06-03 20:16:17,390     INFO End of fixation
2018-06-03 20:16:17,391     INFO Showing anchor face
2018-06-03 20:16:18,391     INFO Received trigger 5
2018-06-03 20:16:18,391     INFO End of anchor face
2018-06-03 20:16:18,396     INFO Showing fixation
2018-06-03 20:16:18,915     INFO End of fixation
2018-06-03 20:16:18,917     INFO Showing number
2018-06-03 20:16:19,390     INFO Received trigger 5
2018-06-03 20:16:19,390     INFO End of number
2018-06-03 20:16:19,394     INFO Showing fixation
2018-06-03 20:16:20,391     INFO Received trigger 5
2018-06-03 20:16:21,390     INFO Received trigger 5
2018-06-03 20:16:22,391     INFO Received trigger 5
2018-06-03 20:16:23,390     INFO Received trigger 5
2018-06-03 20:16:24,391     INFO Received trigger 5
2018-06-03 20:16:25,390     INFO Received trigger 5
2018-06-03 20:16:25,390     INFO End of fixation
2018-06-03 20:16:25,409     INFO Showing options
2018-06-03 20:16:26,275     INFO Received response [('2', 0.8602080345153809)]
2018-06-03 20:16:26,922     INFO End of options
2018-06-03 20:16:26,931     INFO Showing feedback
2018-06-03 20:16:27,390     INFO Received trigger 5
2018-06-03 20:16:28,390     INFO Received trigger 5
2018-06-03 20:16:28,390     INFO End of feedback
2018-06-03 20:16:28,391     INFO End of trial
2018-06-03 20:16:28,395     INFO Showing fixation
2018-06-03 20:16:29,391     INFO Received trigger 5
2018-06-03 20:16:30,390     INFO Received trigger 5
2018-06-03 20:16:31,391     INFO Received trigger 5
2018-06-03 20:16:32,390     INFO Received trigger 5
2018-06-03 20:16:33,391     INFO Received trigger 5
2018-06-03 20:16:34,390     INFO Received trigger 5
2018-06-03 20:16:35,391     INFO Received trigger 5
2018-06-03 20:16:35,391     INFO End of fixation
2018-06-03 20:16:35,392     INFO Showing anchor face
2018-06-03 20:16:36,390     INFO Received trigger 5
2018-06-03 20:16:36,391     INFO End of anchor face
2018-06-03 20:16:36,394     INFO Showing fixation
2018-06-03 20:16:36,899     INFO End of fixation
2018-06-03 20:16:36,902     INFO Showing number
2018-06-03 20:16:37,391     INFO Received trigger 5
2018-06-03 20:16:37,392     INFO End of number
2018-06-03 20:16:37,395     INFO Showing fixation
2018-06-03 20:16:38,391     INFO Received trigger 5
2018-06-03 20:16:39,391     INFO Received trigger 5
2018-06-03 20:16:40,390     INFO Received trigger 5
2018-06-03 20:16:41,391     INFO Received trigger 5
2018-06-03 20:16:42,389     INFO Received trigger 5
2018-06-03 20:16:43,390     INFO Received trigger 5
2018-06-03 20:16:43,391     INFO End of fixation
2018-06-03 20:16:43,413     INFO Showing options
2018-06-03 20:16:44,323     INFO Received response [('4', 0.9060440063476562)]
2018-06-03 20:16:44,926     INFO End of options
2018-06-03 20:16:44,932     INFO Showing feedback
2018-06-03 20:16:45,390     INFO Received trigger 5
2018-06-03 20:16:46,390     INFO Received trigger 5
2018-06-03 20:16:46,390     INFO End of feedback
2018-06-03 20:16:46,391     INFO End of trial
2018-06-03 20:16:46,396     INFO Showing fixation
2018-06-03 20:16:47,391     INFO Received trigger 5
2018-06-03 20:16:48,390     INFO Received trigger 5
2018-06-03 20:16:49,391     INFO Received trigger 5
2018-06-03 20:16:50,390     INFO Received trigger 5
2018-06-03 20:16:51,391     INFO Received trigger 5
2018-06-03 20:16:51,391     INFO End of fixation
2018-06-03 20:16:51,392     INFO Showing anchor face
2018-06-03 20:16:52,390     INFO Received trigger 5
2018-06-03 20:16:52,390     INFO End of anchor face
2018-06-03 20:16:52,393     INFO Showing fixation
2018-06-03 20:16:52,900     INFO End of fixation
2018-06-03 20:16:52,903     INFO Showing number
2018-06-03 20:16:53,390     INFO Received trigger 5
2018-06-03 20:16:53,391     INFO End of number
2018-06-03 20:16:53,396     INFO Showing fixation
2018-06-03 20:16:54,390     INFO Received trigger 5
2018-06-03 20:16:55,391     INFO Received trigger 5
2018-06-03 20:16:56,390     INFO Received trigger 5
2018-06-03 20:16:57,391     INFO Received trigger 5
2018-06-03 20:16:58,390     INFO Received trigger 5
2018-06-03 20:16:59,391     INFO Received trigger 5
2018-06-03 20:16:59,391     INFO End of fixation
2018-06-03 20:16:59,410     INFO Showing options
2018-06-03 20:17:00,062     INFO Received response [('3', 0.646028995513916)]
2018-06-03 20:17:00,920     INFO End of options
2018-06-03 20:17:00,932     INFO Showing feedback
2018-06-03 20:17:01,391     INFO Received trigger 5
2018-06-03 20:17:02,390     INFO Received trigger 5
2018-06-03 20:17:02,390     INFO End of feedback
2018-06-03 20:17:02,391     INFO End of trial
2018-06-03 20:17:02,394     INFO Showing fixation
2018-06-03 20:17:03,391     INFO Received trigger 5
2018-06-03 20:17:04,390     INFO Received trigger 5
2018-06-03 20:17:05,391     INFO Received trigger 5
2018-06-03 20:17:06,390     INFO Received trigger 5
2018-06-03 20:17:06,391     INFO End of fixation
2018-06-03 20:17:06,392     INFO Showing instructions
2018-06-03 20:17:06,404     INFO Instruction: You earned 23 point(s) out of ...
2018-06-03 20:17:07,391     INFO Received response [('5', 0.9745519161224365)]
2018-06-03 20:17:07,391     INFO End of instructions
2018-06-03 20:17:07,391     INFO Showing instructions
2018-06-03 20:17:07,486     INFO Instruction: You earned 23 point(s) out of ...
2018-06-03 20:17:08,389     INFO Received response [('5', 0.8897280693054199)]
2018-06-03 20:17:08,389     INFO End of instructions
2018-06-03 20:17:08,390     INFO Showing instructions
2018-06-03 20:17:08,398     INFO Instruction: You earned 23 point(s) out of ...
2018-06-03 20:17:09,390     INFO Received response [('5', 0.9738600254058838)]
2018-06-03 20:17:09,391     INFO End of instructions
2018-06-03 20:17:09,399     INFO Showing instructions
2018-06-03 20:17:09,434     INFO Instruction: You have completed Run #1.  Ru...
2018-06-03 20:17:22,518     INFO Received response [('space', 13.06832504272461)]
2018-06-03 20:17:22,518     INFO End of instructions
2018-06-03 20:17:22,518     INFO Showing instructions
2018-06-03 20:17:22,559     INFO Instruction: You have completed Run #1.  Ru...
2018-06-03 20:17:32,756     INFO Received response [('5', 10.189342975616455)]
2018-06-03 20:17:32,756     INFO End of instructions
2018-06-03 20:17:32,756     INFO Showing anchor face
2018-06-03 20:17:33,756     INFO Received trigger 5
2018-06-03 20:17:33,756     INFO End of anchor face
2018-06-03 20:17:33,759     INFO Showing fixation
2018-06-03 20:17:34,267     INFO End of fixation
2018-06-03 20:17:34,270     INFO Showing number
2018-06-03 20:17:34,756     INFO Received trigger 5
2018-06-03 20:17:34,756     INFO End of number
2018-06-03 20:17:34,760     INFO Showing fixation
2018-06-03 20:17:35,756     INFO Received trigger 5
2018-06-03 20:17:36,756     INFO Received trigger 5
2018-06-03 20:17:37,756     INFO Received trigger 5
2018-06-03 20:17:38,756     INFO Received trigger 5
2018-06-03 20:17:39,756     INFO Received trigger 5
2018-06-03 20:17:40,756     INFO Received trigger 5
2018-06-03 20:17:40,756     INFO End of fixation
2018-06-03 20:17:40,775     INFO Showing options
2018-06-03 20:17:41,463     INFO Received response [('4', 0.6794028282165527)]
2018-06-03 20:17:42,288     INFO End of options
2018-06-03 20:17:42,300     INFO Showing feedback
2018-06-03 20:17:42,756     INFO Received trigger 5
2018-06-03 20:17:43,756     INFO Received trigger 5
2018-06-03 20:17:43,756     INFO End of feedback
2018-06-03 20:17:43,758     INFO End of trial
2018-06-03 20:17:43,761     INFO Showing fixation
2018-06-03 20:17:44,756     INFO Received trigger 5
2018-06-03 20:17:45,756     INFO Received trigger 5
2018-06-03 20:17:46,756     INFO Received trigger 5
2018-06-03 20:17:47,756     INFO Received trigger 5
2018-06-03 20:17:47,756     INFO End of fixation
2018-06-03 20:17:47,757     INFO Showing anchor face
2018-06-03 20:17:48,756     INFO Received trigger 5
2018-06-03 20:17:48,757     INFO End of anchor face
2018-06-03 20:17:48,760     INFO Showing fixation
2018-06-03 20:17:49,268     INFO End of fixation
2018-06-03 20:17:49,270     INFO Showing number
2018-06-03 20:17:49,756     INFO Received trigger 5
2018-06-03 20:17:49,757     INFO End of number
2018-06-03 20:17:49,760     INFO Showing fixation
2018-06-03 20:17:50,755     INFO Received trigger 5
2018-06-03 20:17:51,755     INFO Received trigger 5
2018-06-03 20:17:52,755     INFO Received trigger 5
2018-06-03 20:17:53,756     INFO Received trigger 5
2018-06-03 20:17:54,755     INFO Received trigger 5
2018-06-03 20:17:55,756     INFO Received trigger 5
2018-06-03 20:17:55,756     INFO End of fixation
2018-06-03 20:17:55,774     INFO Showing options
2018-06-03 20:17:56,583     INFO Received response [('1', 0.7991619110107422)]
2018-06-03 20:17:57,302     INFO End of options
2018-06-03 20:17:57,317     INFO Showing feedback
2018-06-03 20:17:57,755     INFO Received trigger 5
2018-06-03 20:17:58,755     INFO Received trigger 5
2018-06-03 20:17:58,756     INFO End of feedback
2018-06-03 20:17:58,757     INFO End of trial
2018-06-03 20:17:58,760     INFO Showing fixation
2018-06-03 20:17:59,756     INFO Received trigger 5
2018-06-03 20:18:00,756     INFO Received trigger 5
2018-06-03 20:18:01,756     INFO Received trigger 5
2018-06-03 20:18:02,755     INFO Received trigger 5
2018-06-03 20:18:02,756     INFO End of fixation
2018-06-03 20:18:02,756     INFO Showing anchor face
2018-06-03 20:18:03,756     INFO Received trigger 5
2018-06-03 20:18:03,756     INFO End of anchor face
2018-06-03 20:18:03,759     INFO Showing fixation
2018-06-03 20:18:04,268     INFO End of fixation
2018-06-03 20:18:04,271     INFO Showing number
2018-06-03 20:18:04,756     INFO Received trigger 5
2018-06-03 20:18:04,756     INFO End of number
2018-06-03 20:18:04,759     INFO Showing fixation
2018-06-03 20:18:05,756     INFO Received trigger 5
2018-06-03 20:18:06,756     INFO Received trigger 5
2018-06-03 20:18:07,756     INFO Received trigger 5
2018-06-03 20:18:08,756     INFO Received trigger 5
2018-06-03 20:18:09,756     INFO Received trigger 5
2018-06-03 20:18:10,756     INFO Received trigger 5
2018-06-03 20:18:10,756     INFO End of fixation
2018-06-03 20:18:10,775     INFO Showing options
2018-06-03 20:18:11,555     INFO Received response [('2', 0.7697808742523193)]
2018-06-03 20:18:12,299     INFO End of options
2018-06-03 20:18:12,301     INFO Showing feedback
2018-06-03 20:18:12,756     INFO Received trigger 5
2018-06-03 20:18:13,756     INFO Received trigger 5
2018-06-03 20:18:13,756     INFO End of feedback
2018-06-03 20:18:13,757     INFO End of trial
2018-06-03 20:18:13,760     INFO Showing fixation
2018-06-03 20:18:14,756     INFO Received trigger 5
2018-06-03 20:18:15,756     INFO Received trigger 5
2018-06-03 20:18:16,755     INFO Received trigger 5
2018-06-03 20:18:17,755     INFO Received trigger 5
2018-06-03 20:18:18,755     INFO Received trigger 5
2018-06-03 20:18:18,755     INFO End of fixation
2018-06-03 20:18:18,756     INFO Showing anchor face
2018-06-03 20:18:19,755     INFO Received trigger 5
2018-06-03 20:18:19,755     INFO End of anchor face
2018-06-03 20:18:19,759     INFO Showing fixation
2018-06-03 20:18:20,268     INFO End of fixation
2018-06-03 20:18:20,271     INFO Showing number
2018-06-03 20:18:20,755     INFO Received trigger 5
2018-06-03 20:18:20,756     INFO End of number
2018-06-03 20:18:20,759     INFO Showing fixation
2018-06-03 20:18:21,755     INFO Received trigger 5
2018-06-03 20:18:22,755     INFO Received trigger 5
2018-06-03 20:18:23,755     INFO Received trigger 5
2018-06-03 20:18:24,756     INFO Received trigger 5
2018-06-03 20:18:25,755     INFO Received trigger 5
2018-06-03 20:18:26,755     INFO Received trigger 5
2018-06-03 20:18:26,756     INFO End of fixation
2018-06-03 20:18:26,774     INFO Showing options
2018-06-03 20:18:28,285     INFO No response received, showing feedback
2018-06-03 20:18:28,756     INFO Received trigger 5
2018-06-03 20:18:29,755     INFO Received trigger 5
2018-06-03 20:18:29,756     INFO End of feedback
2018-06-03 20:18:29,756     INFO End of trial
2018-06-03 20:18:29,760     INFO Showing fixation
2018-06-03 20:18:30,755     INFO Received trigger 5
2018-06-03 20:18:31,755     INFO Received trigger 5
2018-06-03 20:18:32,756     INFO Received trigger 5
2018-06-03 20:18:33,755     INFO Received trigger 5
2018-06-03 20:18:33,756     INFO End of fixation
2018-06-03 20:18:33,756     INFO Showing anchor face
2018-06-03 20:18:34,756     INFO Received trigger 5
2018-06-03 20:18:34,756     INFO End of anchor face
2018-06-03 20:18:34,759     INFO Showing fixation
2018-06-03 20:18:35,269     INFO End of fixation
2018-06-03 20:18:35,271     INFO Showing number
2018-06-03 20:18:35,755     INFO Received trigger 5
2018-06-03 20:18:35,755     INFO End of number
2018-06-03 20:18:35,759     INFO Showing fixation
2018-06-03 20:18:36,756     INFO Received trigger 5
2018-06-03 20:18:37,756     INFO Received trigger 5
2018-06-03 20:18:38,756     INFO Received trigger 5
2018-06-03 20:18:39,755     INFO Received trigger 5
2018-06-03 20:18:40,756     INFO Received trigger 5
2018-06-03 20:18:41,756     INFO Received trigger 5
2018-06-03 20:18:41,756     INFO End of fixation
2018-06-03 20:18:41,774     INFO Showing options
2018-06-03 20:18:43,005     INFO Received response [('3', 1.2194929122924805)]
2018-06-03 20:18:43,300     INFO End of options
2018-06-03 20:18:43,318     INFO Showing feedback
2018-06-03 20:18:43,755     INFO Received trigger 5
2018-06-03 20:18:44,755     INFO Received trigger 5
2018-06-03 20:18:44,755     INFO End of feedback
2018-06-03 20:18:44,757     INFO End of trial
2018-06-03 20:18:44,760     INFO Showing fixation
2018-06-03 20:18:45,755     INFO Received trigger 5
2018-06-03 20:18:46,755     INFO Received trigger 5
2018-06-03 20:18:47,755     INFO Received trigger 5
2018-06-03 20:18:48,755     INFO Received trigger 5
2018-06-03 20:18:49,755     INFO Received trigger 5
2018-06-03 20:18:49,755     INFO End of fixation
2018-06-03 20:18:49,755     INFO Showing anchor face
2018-06-03 20:18:50,756     INFO Received trigger 5
2018-06-03 20:18:50,756     INFO End of anchor face
2018-06-03 20:18:50,759     INFO Showing fixation
2018-06-03 20:18:51,269     INFO End of fixation
2018-06-03 20:18:51,272     INFO Showing number
2018-06-03 20:18:51,755     INFO Received trigger 5
2018-06-03 20:18:51,755     INFO End of number
2018-06-03 20:18:51,758     INFO Showing fixation
2018-06-03 20:18:52,755     INFO Received trigger 5
2018-06-03 20:18:53,755     INFO Received trigger 5
2018-06-03 20:18:54,756     INFO Received trigger 5
2018-06-03 20:18:55,755     INFO Received trigger 5
2018-06-03 20:18:56,756     INFO Received trigger 5
2018-06-03 20:18:57,755     INFO Received trigger 5
2018-06-03 20:18:57,755     INFO End of fixation
2018-06-03 20:18:57,773     INFO Showing options
2018-06-03 20:18:58,934     INFO Received response [('2', 1.1479671001434326)]
2018-06-03 20:18:59,305     INFO End of options
2018-06-03 20:18:59,318     INFO Showing feedback
2018-06-03 20:18:59,755     INFO Received trigger 5
2018-06-03 20:19:00,756     INFO Received trigger 5
2018-06-03 20:19:00,756     INFO End of feedback
2018-06-03 20:19:00,757     INFO End of trial
2018-06-03 20:19:00,760     INFO Showing fixation
2018-06-03 20:19:01,755     INFO Received trigger 5
2018-06-03 20:19:02,756     INFO Received trigger 5
2018-06-03 20:19:03,755     INFO Received trigger 5
2018-06-03 20:19:04,756     INFO Received trigger 5
2018-06-03 20:19:05,755     INFO Received trigger 5
2018-06-03 20:19:05,755     INFO End of fixation
2018-06-03 20:19:05,756     INFO Showing anchor face
2018-06-03 20:19:06,756     INFO Received trigger 5
2018-06-03 20:19:06,756     INFO End of anchor face
2018-06-03 20:19:06,759     INFO Showing fixation
2018-06-03 20:19:07,270     INFO End of fixation
2018-06-03 20:19:07,273     INFO Showing number
2018-06-03 20:19:07,755     INFO Received trigger 5
2018-06-03 20:19:07,756     INFO End of number
2018-06-03 20:19:07,759     INFO Showing fixation
2018-06-03 20:19:08,756     INFO Received trigger 5
2018-06-03 20:19:09,754     INFO Received trigger 5
2018-06-03 20:19:10,755     INFO Received trigger 5
2018-06-03 20:19:11,754     INFO Received trigger 5
2018-06-03 20:19:12,755     INFO Received trigger 5
2018-06-03 20:19:13,754     INFO Received trigger 5
2018-06-03 20:19:13,755     INFO End of fixation
2018-06-03 20:19:13,773     INFO Showing options
2018-06-03 20:19:14,922     INFO Received response [('4', 1.136444091796875)]
2018-06-03 20:19:15,300     INFO End of options
2018-06-03 20:19:15,303     INFO Showing feedback
2018-06-03 20:19:15,754     INFO Received trigger 5
2018-06-03 20:19:16,755     INFO Received trigger 5
2018-06-03 20:19:16,756     INFO End of feedback
2018-06-03 20:19:16,757     INFO End of trial
2018-06-03 20:19:16,760     INFO Showing fixation
2018-06-03 20:19:17,755     INFO Received trigger 5
2018-06-03 20:19:18,755     INFO Received trigger 5
2018-06-03 20:19:19,755     INFO Received trigger 5
2018-06-03 20:19:20,756     INFO Received trigger 5
2018-06-03 20:19:21,755     INFO Received trigger 5
2018-06-03 20:19:22,756     INFO Received trigger 5
2018-06-03 20:19:23,755     INFO Received trigger 5
2018-06-03 20:19:23,755     INFO End of fixation
2018-06-03 20:19:23,755     INFO Showing anchor face
2018-06-03 20:19:24,756     INFO Received trigger 5
2018-06-03 20:19:24,756     INFO End of anchor face
2018-06-03 20:19:24,759     INFO Showing fixation
2018-06-03 20:19:25,270     INFO End of fixation
2018-06-03 20:19:25,273     INFO Showing number
2018-06-03 20:19:25,755     INFO Received trigger 5
2018-06-03 20:19:25,755     INFO End of number
2018-06-03 20:19:25,758     INFO Showing fixation
2018-06-03 20:19:26,756     INFO Received trigger 5
2018-06-03 20:19:27,755     INFO Received trigger 5
2018-06-03 20:19:28,756     INFO Received trigger 5
2018-06-03 20:19:29,755     INFO Received trigger 5
2018-06-03 20:19:30,756     INFO Received trigger 5
2018-06-03 20:19:31,755     INFO Received trigger 5
2018-06-03 20:19:31,755     INFO End of fixation
2018-06-03 20:19:31,774     INFO Showing options
2018-06-03 20:19:33,166     INFO Received response [('4', 1.3794000148773193)]
2018-06-03 20:19:33,290     INFO End of options
2018-06-03 20:19:33,303     INFO Showing feedback
2018-06-03 20:19:33,755     INFO Received trigger 5
2018-06-03 20:19:34,755     INFO Received trigger 5
2018-06-03 20:19:34,755     INFO End of feedback
2018-06-03 20:19:34,756     INFO End of trial
2018-06-03 20:19:34,760     INFO Showing fixation
2018-06-03 20:19:35,754     INFO Received trigger 5
2018-06-03 20:19:36,755     INFO Received trigger 5
2018-06-03 20:19:37,754     INFO Received trigger 5
2018-06-03 20:19:38,755     INFO Received trigger 5
2018-06-03 20:19:39,754     INFO Received trigger 5
2018-06-03 20:19:40,755     INFO Received trigger 5
2018-06-03 20:19:41,754     INFO Received trigger 5
2018-06-03 20:19:42,755     INFO Received trigger 5
2018-06-03 20:19:42,755     INFO End of fixation
2018-06-03 20:19:42,756     INFO Showing anchor face
2018-06-03 20:19:43,754     INFO Received trigger 5
2018-06-03 20:19:43,754     INFO End of anchor face
2018-06-03 20:19:43,757     INFO Showing fixation
2018-06-03 20:19:44,271     INFO End of fixation
2018-06-03 20:19:44,274     INFO Showing number
2018-06-03 20:19:44,755     INFO Received trigger 5
2018-06-03 20:19:44,755     INFO End of number
2018-06-03 20:19:44,759     INFO Showing fixation
2018-06-03 20:19:45,754     INFO Received trigger 5
2018-06-03 20:19:46,755     INFO Received trigger 5
2018-06-03 20:19:47,754     INFO Received trigger 5
2018-06-03 20:19:48,755     INFO Received trigger 5
2018-06-03 20:19:49,755     INFO Received trigger 5
2018-06-03 20:19:50,755     INFO Received trigger 5
2018-06-03 20:19:50,756     INFO End of fixation
2018-06-03 20:19:50,774     INFO Showing options
2018-06-03 20:19:52,287     INFO No response received, showing feedback
2018-06-03 20:19:52,755     INFO Received trigger 5
2018-06-03 20:19:53,755     INFO Received trigger 5
2018-06-03 20:19:53,755     INFO End of feedback
2018-06-03 20:19:53,756     INFO End of trial
2018-06-03 20:19:53,759     INFO Showing fixation
2018-06-03 20:19:54,755     INFO Received trigger 5
2018-06-03 20:19:55,754     INFO Received trigger 5
2018-06-03 20:19:56,755     INFO Received trigger 5
2018-06-03 20:19:57,754     INFO Received trigger 5
2018-06-03 20:19:58,756     INFO Received trigger 5
2018-06-03 20:19:58,756     INFO End of fixation
2018-06-03 20:19:58,757     INFO Showing anchor face
2018-06-03 20:19:59,755     INFO Received trigger 5
2018-06-03 20:19:59,755     INFO End of anchor face
2018-06-03 20:19:59,758     INFO Showing fixation
2018-06-03 20:20:00,271     INFO End of fixation
2018-06-03 20:20:00,274     INFO Showing number
2018-06-03 20:20:00,755     INFO Received trigger 5
2018-06-03 20:20:00,755     INFO End of number
2018-06-03 20:20:00,758     INFO Showing fixation
2018-06-03 20:20:01,754     INFO Received trigger 5
2018-06-03 20:20:02,754     INFO Received trigger 5
2018-06-03 20:20:03,754     INFO Received trigger 5
2018-06-03 20:20:04,755     INFO Received trigger 5
2018-06-03 20:20:05,754     INFO Received trigger 5
2018-06-03 20:20:06,754     INFO Received trigger 5
2018-06-03 20:20:06,756     INFO End of fixation
2018-06-03 20:20:06,775     INFO Showing options
2018-06-03 20:20:07,758     INFO Received response [('2', 0.9700560569763184)]
2018-06-03 20:20:08,301     INFO End of options
2018-06-03 20:20:08,304     INFO Showing feedback
2018-06-03 20:20:08,754     INFO Received trigger 5
2018-06-03 20:20:09,754     INFO Received trigger 5
2018-06-03 20:20:09,755     INFO End of feedback
2018-06-03 20:20:09,756     INFO End of trial
2018-06-03 20:20:09,760     INFO Showing fixation
2018-06-03 20:20:10,754     INFO Received trigger 5
2018-06-03 20:20:11,755     INFO Received trigger 5
2018-06-03 20:20:12,754     INFO Received trigger 5
2018-06-03 20:20:13,755     INFO Received trigger 5
2018-06-03 20:20:14,754     INFO Received trigger 5
2018-06-03 20:20:14,754     INFO End of fixation
2018-06-03 20:20:14,755     INFO Showing anchor face
2018-06-03 20:20:15,755     INFO Received trigger 5
2018-06-03 20:20:15,755     INFO End of anchor face
2018-06-03 20:20:15,759     INFO Showing fixation
2018-06-03 20:20:16,272     INFO End of fixation
2018-06-03 20:20:16,274     INFO Showing number
2018-06-03 20:20:16,754     INFO Received trigger 5
2018-06-03 20:20:16,754     INFO End of number
2018-06-03 20:20:16,757     INFO Showing fixation
2018-06-03 20:20:17,755     INFO Received trigger 5
2018-06-03 20:20:18,754     INFO Received trigger 5
2018-06-03 20:20:19,755     INFO Received trigger 5
2018-06-03 20:20:20,754     INFO Received trigger 5
2018-06-03 20:20:21,755     INFO Received trigger 5
2018-06-03 20:20:22,754     INFO Received trigger 5
2018-06-03 20:20:22,755     INFO End of fixation
2018-06-03 20:20:22,773     INFO Showing options
2018-06-03 20:20:23,351     INFO Received response [('1', 0.563230037689209)]
2018-06-03 20:20:24,292     INFO End of options
2018-06-03 20:20:24,304     INFO Showing feedback
2018-06-03 20:20:24,755     INFO Received trigger 5
2018-06-03 20:20:25,754     INFO Received trigger 5
2018-06-03 20:20:25,754     INFO End of feedback
2018-06-03 20:20:25,756     INFO End of trial
2018-06-03 20:20:25,759     INFO Showing fixation
2018-06-03 20:20:26,755     INFO Received trigger 5
2018-06-03 20:20:27,754     INFO Received trigger 5
2018-06-03 20:20:28,754     INFO Received trigger 5
2018-06-03 20:20:29,754     INFO Received trigger 5
2018-06-03 20:20:30,754     INFO Received trigger 5
2018-06-03 20:20:31,753     INFO Received trigger 5
2018-06-03 20:20:32,754     INFO Received trigger 5
2018-06-03 20:20:32,755     INFO End of fixation
2018-06-03 20:20:32,755     INFO Showing anchor face
2018-06-03 20:20:33,754     INFO Received trigger 5
2018-06-03 20:20:33,754     INFO End of anchor face
2018-06-03 20:20:33,757     INFO Showing fixation
2018-06-03 20:20:34,272     INFO End of fixation
2018-06-03 20:20:34,275     INFO Showing number
2018-06-03 20:20:34,754     INFO Received trigger 5
2018-06-03 20:20:34,754     INFO End of number
2018-06-03 20:20:34,759     INFO Showing fixation
2018-06-03 20:20:35,754     INFO Received trigger 5
2018-06-03 20:20:36,755     INFO Received trigger 5
2018-06-03 20:20:37,754     INFO Received trigger 5
2018-06-03 20:20:38,755     INFO Received trigger 5
2018-06-03 20:20:39,754     INFO Received trigger 5
2018-06-03 20:20:40,754     INFO Received trigger 5
2018-06-03 20:20:40,755     INFO End of fixation
2018-06-03 20:20:40,773     INFO Showing options
2018-06-03 20:20:41,416     INFO Received response [('2', 0.6272950172424316)]
2018-06-03 20:20:42,295     INFO End of options
2018-06-03 20:20:42,305     INFO Showing feedback
2018-06-03 20:20:42,754     INFO Received trigger 5
2018-06-03 20:20:43,755     INFO Received trigger 5
2018-06-03 20:20:43,755     INFO End of feedback
2018-06-03 20:20:43,756     INFO End of trial
2018-06-03 20:20:43,759     INFO Showing fixation
2018-06-03 20:20:44,754     INFO Received trigger 5
2018-06-03 20:20:45,755     INFO Received trigger 5
2018-06-03 20:20:46,754     INFO Received trigger 5
2018-06-03 20:20:47,755     INFO Received trigger 5
2018-06-03 20:20:47,755     INFO End of fixation
2018-06-03 20:20:47,756     INFO Showing anchor face
2018-06-03 20:20:48,754     INFO Received trigger 5
2018-06-03 20:20:48,754     INFO End of anchor face
2018-06-03 20:20:48,757     INFO Showing fixation
2018-06-03 20:20:49,272     INFO End of fixation
2018-06-03 20:20:49,275     INFO Showing number
2018-06-03 20:20:49,755     INFO Received trigger 5
2018-06-03 20:20:49,755     INFO End of number
2018-06-03 20:20:49,758     INFO Showing fixation
2018-06-03 20:20:50,754     INFO Received trigger 5
2018-06-03 20:20:51,755     INFO Received trigger 5
2018-06-03 20:20:52,754     INFO Received trigger 5
2018-06-03 20:20:53,755     INFO Received trigger 5
2018-06-03 20:20:54,753     INFO Received trigger 5
2018-06-03 20:20:55,754     INFO Received trigger 5
2018-06-03 20:20:55,754     INFO End of fixation
2018-06-03 20:20:55,774     INFO Showing options
2018-06-03 20:20:56,406     INFO Received response [('1', 0.6171059608459473)]
2018-06-03 20:20:57,306     INFO End of options
2018-06-03 20:20:57,322     INFO Showing feedback
2018-06-03 20:20:57,754     INFO Received trigger 5
2018-06-03 20:20:58,754     INFO Received trigger 5
2018-06-03 20:20:58,754     INFO End of feedback
2018-06-03 20:20:58,755     INFO End of trial
2018-06-03 20:20:58,759     INFO Showing fixation
2018-06-03 20:20:59,754     INFO Received trigger 5
2018-06-03 20:21:00,753     INFO Received trigger 5
2018-06-03 20:21:01,754     INFO Received trigger 5
2018-06-03 20:21:02,753     INFO Received trigger 5
2018-06-03 20:21:03,755     INFO Received trigger 5
2018-06-03 20:21:03,755     INFO End of fixation
2018-06-03 20:21:03,756     INFO Showing anchor face
2018-06-03 20:21:04,753     INFO Received trigger 5
2018-06-03 20:21:04,754     INFO End of anchor face
2018-06-03 20:21:04,757     INFO Showing fixation
2018-06-03 20:21:05,273     INFO End of fixation
2018-06-03 20:21:05,276     INFO Showing number
2018-06-03 20:21:05,755     INFO Received trigger 5
2018-06-03 20:21:05,755     INFO End of number
2018-06-03 20:21:05,759     INFO Showing fixation
2018-06-03 20:21:06,753     INFO Received trigger 5
2018-06-03 20:21:07,755     INFO Received trigger 5
2018-06-03 20:21:08,754     INFO Received trigger 5
2018-06-03 20:21:09,755     INFO Received trigger 5
2018-06-03 20:21:10,754     INFO Received trigger 5
2018-06-03 20:21:11,755     INFO Received trigger 5
2018-06-03 20:21:11,755     INFO End of fixation
2018-06-03 20:21:11,773     INFO Showing options
2018-06-03 20:21:13,289     INFO No response received, showing feedback
2018-06-03 20:21:13,755     INFO Received trigger 5
2018-06-03 20:21:14,754     INFO Received trigger 5
2018-06-03 20:21:14,754     INFO End of feedback
2018-06-03 20:21:14,755     INFO End of trial
2018-06-03 20:21:14,758     INFO Showing fixation
2018-06-03 20:21:15,755     INFO Received trigger 5
2018-06-03 20:21:16,754     INFO Received trigger 5
2018-06-03 20:21:17,755     INFO Received trigger 5
2018-06-03 20:21:18,754     INFO Received trigger 5
2018-06-03 20:21:19,753     INFO Received trigger 5
2018-06-03 20:21:20,753     INFO Received trigger 5
2018-06-03 20:21:21,754     INFO Received trigger 5
2018-06-03 20:21:22,753     INFO Received trigger 5
2018-06-03 20:21:22,753     INFO End of fixation
2018-06-03 20:21:22,753     INFO Showing anchor face
2018-06-03 20:21:23,754     INFO Received trigger 5
2018-06-03 20:21:23,754     INFO End of anchor face
2018-06-03 20:21:23,759     INFO Showing fixation
2018-06-03 20:21:24,273     INFO End of fixation
2018-06-03 20:21:24,276     INFO Showing number
2018-06-03 20:21:24,753     INFO Received trigger 5
2018-06-03 20:21:24,753     INFO End of number
2018-06-03 20:21:24,757     INFO Showing fixation
2018-06-03 20:21:25,754     INFO Received trigger 5
2018-06-03 20:21:26,753     INFO Received trigger 5
2018-06-03 20:21:27,754     INFO Received trigger 5
2018-06-03 20:21:28,753     INFO Received trigger 5
2018-06-03 20:21:29,754     INFO Received trigger 5
2018-06-03 20:21:30,753     INFO Received trigger 5
2018-06-03 20:21:30,753     INFO End of fixation
2018-06-03 20:21:30,772     INFO Showing options
2018-06-03 20:21:31,792     INFO Received response [('4', 1.0023140907287598)]
2018-06-03 20:21:32,305     INFO End of options
2018-06-03 20:21:32,323     INFO Showing feedback
2018-06-03 20:21:32,753     INFO Received trigger 5
2018-06-03 20:21:33,754     INFO Received trigger 5
2018-06-03 20:21:33,754     INFO End of feedback
2018-06-03 20:21:33,756     INFO End of trial
2018-06-03 20:21:33,760     INFO Showing fixation
2018-06-03 20:21:34,753     INFO Received trigger 5
2018-06-03 20:21:35,754     INFO Received trigger 5
2018-06-03 20:21:36,753     INFO Received trigger 5
2018-06-03 20:21:37,754     INFO Received trigger 5
2018-06-03 20:21:38,753     INFO Received trigger 5
2018-06-03 20:21:39,754     INFO Received trigger 5
2018-06-03 20:21:39,754     INFO End of fixation
2018-06-03 20:21:39,755     INFO Showing anchor face
2018-06-03 20:21:40,753     INFO Received trigger 5
2018-06-03 20:21:40,753     INFO End of anchor face
2018-06-03 20:21:40,756     INFO Showing fixation
2018-06-03 20:21:41,274     INFO End of fixation
2018-06-03 20:21:41,277     INFO Showing number
2018-06-03 20:21:41,754     INFO Received trigger 5
2018-06-03 20:21:41,754     INFO End of number
2018-06-03 20:21:41,758     INFO Showing fixation
2018-06-03 20:21:42,754     INFO Received trigger 5
2018-06-03 20:21:43,754     INFO Received trigger 5
2018-06-03 20:21:44,753     INFO Received trigger 5
2018-06-03 20:21:45,753     INFO Received trigger 5
2018-06-03 20:21:46,753     INFO Received trigger 5
2018-06-03 20:21:47,753     INFO Received trigger 5
2018-06-03 20:21:47,754     INFO End of fixation
2018-06-03 20:21:47,774     INFO Showing options
2018-06-03 20:21:48,409     INFO Received response [('1', 0.6191651821136475)]
2018-06-03 20:21:49,305     INFO End of options
2018-06-03 20:21:49,323     INFO Showing feedback
2018-06-03 20:21:49,753     INFO Received trigger 5
2018-06-03 20:21:50,753     INFO Received trigger 5
2018-06-03 20:21:50,753     INFO End of feedback
2018-06-03 20:21:50,754     INFO End of trial
2018-06-03 20:21:50,758     INFO Showing fixation
2018-06-03 20:21:51,753     INFO Received trigger 5
2018-06-03 20:21:52,753     INFO Received trigger 5
2018-06-03 20:21:53,753     INFO Received trigger 5
2018-06-03 20:21:54,753     INFO Received trigger 5
2018-06-03 20:21:55,754     INFO Received trigger 5
2018-06-03 20:21:56,753     INFO Received trigger 5
2018-06-03 20:21:57,754     INFO Received trigger 5
2018-06-03 20:21:58,753     INFO Received trigger 5
2018-06-03 20:21:58,753     INFO End of fixation
2018-06-03 20:21:58,754     INFO Showing anchor face
2018-06-03 20:21:59,754     INFO Received trigger 5
2018-06-03 20:21:59,754     INFO End of anchor face
2018-06-03 20:21:59,759     INFO Showing fixation
2018-06-03 20:22:00,274     INFO End of fixation
2018-06-03 20:22:00,277     INFO Showing number
2018-06-03 20:22:00,753     INFO Received trigger 5
2018-06-03 20:22:00,753     INFO End of number
2018-06-03 20:22:00,756     INFO Showing fixation
2018-06-03 20:22:01,754     INFO Received trigger 5
2018-06-03 20:22:02,753     INFO Received trigger 5
2018-06-03 20:22:03,754     INFO Received trigger 5
2018-06-03 20:22:04,753     INFO Received trigger 5
2018-06-03 20:22:05,754     INFO Received trigger 5
2018-06-03 20:22:06,753     INFO Received trigger 5
2018-06-03 20:22:06,753     INFO End of fixation
2018-06-03 20:22:06,772     INFO Showing options
2018-06-03 20:22:07,851     INFO Received response [('3', 1.060148000717163)]
2018-06-03 20:22:08,298     INFO End of options
2018-06-03 20:22:08,307     INFO Showing feedback
2018-06-03 20:22:08,753     INFO Received trigger 5
2018-06-03 20:22:09,754     INFO Received trigger 5
2018-06-03 20:22:09,754     INFO End of feedback
2018-06-03 20:22:09,757     INFO End of trial
2018-06-03 20:22:09,761     INFO Showing fixation
2018-06-03 20:22:10,753     INFO Received trigger 5
2018-06-03 20:22:11,752     INFO Received trigger 5
2018-06-03 20:22:12,752     INFO Received trigger 5
2018-06-03 20:22:13,753     INFO Received trigger 5
2018-06-03 20:22:14,752     INFO Received trigger 5
2018-06-03 20:22:14,752     INFO End of fixation
2018-06-03 20:22:14,753     INFO Showing anchor face
2018-06-03 20:22:15,752     INFO Received trigger 5
2018-06-03 20:22:15,753     INFO End of anchor face
2018-06-03 20:22:15,756     INFO Showing fixation
2018-06-03 20:22:16,275     INFO End of fixation
2018-06-03 20:22:16,278     INFO Showing number
2018-06-03 20:22:16,752     INFO Received trigger 5
2018-06-03 20:22:16,752     INFO End of number
2018-06-03 20:22:16,756     INFO Showing fixation
2018-06-03 20:22:17,753     INFO Received trigger 5
2018-06-03 20:22:18,753     INFO Received trigger 5
2018-06-03 20:22:19,752     INFO Received trigger 5
2018-06-03 20:22:20,752     INFO Received trigger 5
2018-06-03 20:22:21,754     INFO Received trigger 5
2018-06-03 20:22:22,753     INFO Received trigger 5
2018-06-03 20:22:22,753     INFO End of fixation
2018-06-03 20:22:22,771     INFO Showing options
2018-06-03 20:22:23,525     INFO Received response [('1', 0.7505450248718262)]
2018-06-03 20:22:24,291     INFO End of options
2018-06-03 20:22:24,307     INFO Showing feedback
2018-06-03 20:22:24,752     INFO Received trigger 5
2018-06-03 20:22:25,752     INFO Received trigger 5
2018-06-03 20:22:25,753     INFO End of feedback
2018-06-03 20:22:25,754     INFO End of trial
2018-06-03 20:22:25,757     INFO Showing fixation
2018-06-03 20:22:26,754     INFO Received trigger 5
2018-06-03 20:22:27,753     INFO Received trigger 5
2018-06-03 20:22:28,753     INFO Received trigger 5
2018-06-03 20:22:29,753     INFO Received trigger 5
2018-06-03 20:22:30,753     INFO Received trigger 5
2018-06-03 20:22:31,753     INFO Received trigger 5
2018-06-03 20:22:32,754     INFO Received trigger 5
2018-06-03 20:22:32,754     INFO End of fixation
2018-06-03 20:22:32,754     INFO Showing anchor face
2018-06-03 20:22:33,753     INFO Received trigger 5
2018-06-03 20:22:33,753     INFO End of anchor face
2018-06-03 20:22:33,756     INFO Showing fixation
2018-06-03 20:22:34,275     INFO End of fixation
2018-06-03 20:22:34,278     INFO Showing number
2018-06-03 20:22:34,754     INFO Received trigger 5
2018-06-03 20:22:34,754     INFO End of number
2018-06-03 20:22:34,759     INFO Showing fixation
2018-06-03 20:22:35,753     INFO Received trigger 5
2018-06-03 20:22:36,753     INFO Received trigger 5
2018-06-03 20:22:37,752     INFO Received trigger 5
2018-06-03 20:22:38,753     INFO Received trigger 5
2018-06-03 20:22:39,752     INFO Received trigger 5
2018-06-03 20:22:40,753     INFO Received trigger 5
2018-06-03 20:22:40,753     INFO End of fixation
2018-06-03 20:22:40,771     INFO Showing options
2018-06-03 20:22:41,673     INFO Received response [('4', 0.8980422019958496)]
2018-06-03 20:22:42,294     INFO End of options
2018-06-03 20:22:42,308     INFO Showing feedback
2018-06-03 20:22:42,753     INFO Received trigger 5
2018-06-03 20:22:43,752     INFO Received trigger 5
2018-06-03 20:22:43,752     INFO End of feedback
2018-06-03 20:22:43,753     INFO End of trial
2018-06-03 20:22:43,756     INFO Showing fixation
2018-06-03 20:22:44,753     INFO Received trigger 5
2018-06-03 20:22:45,752     INFO Received trigger 5
2018-06-03 20:22:46,753     INFO Received trigger 5
2018-06-03 20:22:47,752     INFO Received trigger 5
2018-06-03 20:22:48,753     INFO Received trigger 5
2018-06-03 20:22:49,752     INFO Received trigger 5
2018-06-03 20:22:49,752     INFO End of fixation
2018-06-03 20:22:49,753     INFO Showing anchor face
2018-06-03 20:22:50,753     INFO Received trigger 5
2018-06-03 20:22:50,753     INFO End of anchor face
2018-06-03 20:22:50,757     INFO Showing fixation
2018-06-03 20:22:51,276     INFO End of fixation
2018-06-03 20:22:51,279     INFO Showing number
2018-06-03 20:22:51,752     INFO Received trigger 5
2018-06-03 20:22:51,753     INFO End of number
2018-06-03 20:22:51,756     INFO Showing fixation
2018-06-03 20:22:52,753     INFO Received trigger 5
2018-06-03 20:22:53,752     INFO Received trigger 5
2018-06-03 20:22:54,753     INFO Received trigger 5
2018-06-03 20:22:55,752     INFO Received trigger 5
2018-06-03 20:22:56,753     INFO Received trigger 5
2018-06-03 20:22:57,752     INFO Received trigger 5
2018-06-03 20:22:57,753     INFO End of fixation
2018-06-03 20:22:57,771     INFO Showing options
2018-06-03 20:22:58,793     INFO Received response [('2', 1.0177760124206543)]
2018-06-03 20:22:59,291     INFO End of options
2018-06-03 20:22:59,308     INFO Showing feedback
2018-06-03 20:22:59,752     INFO Received trigger 5
2018-06-03 20:23:00,754     INFO Received trigger 5
2018-06-03 20:23:00,754     INFO End of feedback
2018-06-03 20:23:00,755     INFO End of trial
2018-06-03 20:23:00,759     INFO Showing fixation
2018-06-03 20:23:01,752     INFO Received trigger 5
2018-06-03 20:23:02,753     INFO Received trigger 5
2018-06-03 20:23:03,752     INFO Received trigger 5
2018-06-03 20:23:04,752     INFO Received trigger 5
2018-06-03 20:23:05,752     INFO Received trigger 5
2018-06-03 20:23:05,752     INFO End of fixation
2018-06-03 20:23:05,752     INFO Showing anchor face
2018-06-03 20:23:06,753     INFO Received trigger 5
2018-06-03 20:23:06,753     INFO End of anchor face
2018-06-03 20:23:06,759     INFO Showing fixation
2018-06-03 20:23:07,276     INFO End of fixation
2018-06-03 20:23:07,279     INFO Showing number
2018-06-03 20:23:07,752     INFO Received trigger 5
2018-06-03 20:23:07,752     INFO End of number
2018-06-03 20:23:07,755     INFO Showing fixation
2018-06-03 20:23:08,752     INFO Received trigger 5
2018-06-03 20:23:09,752     INFO Received trigger 5
2018-06-03 20:23:10,753     INFO Received trigger 5
2018-06-03 20:23:11,752     INFO Received trigger 5
2018-06-03 20:23:12,753     INFO Received trigger 5
2018-06-03 20:23:13,752     INFO Received trigger 5
2018-06-03 20:23:13,752     INFO End of fixation
2018-06-03 20:23:13,770     INFO Showing options
2018-06-03 20:23:14,659     INFO Received response [('4', 0.8830969333648682)]
2018-06-03 20:23:15,293     INFO End of options
2018-06-03 20:23:15,309     INFO Showing feedback
2018-06-03 20:23:15,752     INFO Received trigger 5
2018-06-03 20:23:16,752     INFO Received trigger 5
2018-06-03 20:23:16,752     INFO End of feedback
2018-06-03 20:23:16,753     INFO End of trial
2018-06-03 20:23:16,757     INFO Showing fixation
2018-06-03 20:23:17,752     INFO Received trigger 5
2018-06-03 20:23:18,752     INFO Received trigger 5
2018-06-03 20:23:19,753     INFO Received trigger 5
2018-06-03 20:23:20,752     INFO Received trigger 5
2018-06-03 20:23:21,753     INFO Received trigger 5
2018-06-03 20:23:22,752     INFO Received trigger 5
2018-06-03 20:23:22,752     INFO End of fixation
2018-06-03 20:23:22,753     INFO Showing anchor face
2018-06-03 20:23:23,753     INFO Received trigger 5
2018-06-03 20:23:23,753     INFO End of anchor face
2018-06-03 20:23:23,757     INFO Showing fixation
2018-06-03 20:23:24,261     INFO End of fixation
2018-06-03 20:23:24,264     INFO Showing number
2018-06-03 20:23:24,752     INFO Received trigger 5
2018-06-03 20:23:24,752     INFO End of number
2018-06-03 20:23:24,755     INFO Showing fixation
2018-06-03 20:23:25,753     INFO Received trigger 5
2018-06-03 20:23:26,752     INFO Received trigger 5
2018-06-03 20:23:27,753     INFO Received trigger 5
2018-06-03 20:23:28,752     INFO Received trigger 5
2018-06-03 20:23:29,753     INFO Received trigger 5
2018-06-03 20:23:30,751     INFO Received trigger 5
2018-06-03 20:23:30,751     INFO End of fixation
2018-06-03 20:23:30,770     INFO Showing options
2018-06-03 20:23:31,586     INFO Received response [('3', 0.8101320266723633)]
2018-06-03 20:23:32,283     INFO End of options
2018-06-03 20:23:32,293     INFO Showing feedback
2018-06-03 20:23:32,751     INFO Received trigger 5
2018-06-03 20:23:33,751     INFO Received trigger 5
2018-06-03 20:23:33,752     INFO End of feedback
2018-06-03 20:23:33,753     INFO End of trial
2018-06-03 20:23:33,756     INFO Showing fixation
2018-06-03 20:23:34,752     INFO Received trigger 5
2018-06-03 20:23:35,751     INFO Received trigger 5
2018-06-03 20:23:36,752     INFO Received trigger 5
2018-06-03 20:23:37,752     INFO Received trigger 5
2018-06-03 20:23:38,752     INFO Received trigger 5
2018-06-03 20:23:39,752     INFO Received trigger 5
2018-06-03 20:23:40,752     INFO Received trigger 5
2018-06-03 20:23:41,751     INFO Received trigger 5
2018-06-03 20:23:41,752     INFO End of fixation
2018-06-03 20:23:41,752     INFO Showing anchor face
2018-06-03 20:23:42,752     INFO Received trigger 5
2018-06-03 20:23:42,753     INFO End of anchor face
2018-06-03 20:23:42,758     INFO Showing fixation
2018-06-03 20:23:43,277     INFO End of fixation
2018-06-03 20:23:43,280     INFO Showing number
2018-06-03 20:23:43,752     INFO Received trigger 5
2018-06-03 20:23:43,752     INFO End of number
2018-06-03 20:23:43,755     INFO Showing fixation
2018-06-03 20:23:44,753     INFO Received trigger 5
2018-06-03 20:23:45,751     INFO Received trigger 5
2018-06-03 20:23:46,752     INFO Received trigger 5
2018-06-03 20:23:47,752     INFO Received trigger 5
2018-06-03 20:23:48,752     INFO Received trigger 5
2018-06-03 20:23:49,752     INFO Received trigger 5
2018-06-03 20:23:49,752     INFO End of fixation
2018-06-03 20:23:49,771     INFO Showing options
2018-06-03 20:23:50,450     INFO Received response [('2', 0.6728019714355469)]
2018-06-03 20:23:51,288     INFO End of options
2018-06-03 20:23:51,293     INFO Showing feedback
2018-06-03 20:23:51,753     INFO Received trigger 5
2018-06-03 20:23:52,752     INFO Received trigger 5
2018-06-03 20:23:52,752     INFO End of feedback
2018-06-03 20:23:52,753     INFO End of trial
2018-06-03 20:23:52,756     INFO Showing fixation
2018-06-03 20:23:53,753     INFO Received trigger 5
2018-06-03 20:23:54,752     INFO Received trigger 5
2018-06-03 20:23:55,752     INFO Received trigger 5
2018-06-03 20:23:56,751     INFO Received trigger 5
2018-06-03 20:23:56,751     INFO End of fixation
2018-06-03 20:23:56,752     INFO Showing anchor face
2018-06-03 20:23:57,751     INFO Received trigger 5
2018-06-03 20:23:57,752     INFO End of anchor face
2018-06-03 20:23:57,757     INFO Showing fixation
2018-06-03 20:23:58,262     INFO End of fixation
2018-06-03 20:23:58,265     INFO Showing number
2018-06-03 20:23:58,751     INFO Received trigger 5
2018-06-03 20:23:58,751     INFO End of number
2018-06-03 20:23:58,754     INFO Showing fixation
2018-06-03 20:23:59,752     INFO Received trigger 5
2018-06-03 20:24:00,751     INFO Received trigger 5
2018-06-03 20:24:01,752     INFO Received trigger 5
2018-06-03 20:24:02,751     INFO Received trigger 5
2018-06-03 20:24:03,751     INFO Received trigger 5
2018-06-03 20:24:04,751     INFO Received trigger 5
2018-06-03 20:24:04,751     INFO End of fixation
2018-06-03 20:24:04,769     INFO Showing options
2018-06-03 20:24:05,372     INFO Received response [('3', 0.5948591232299805)]
2018-06-03 20:24:06,283     INFO End of options
2018-06-03 20:24:06,293     INFO Showing feedback
2018-06-03 20:24:06,752     INFO Received trigger 5
2018-06-03 20:24:07,751     INFO Received trigger 5
2018-06-03 20:24:07,751     INFO End of feedback
2018-06-03 20:24:07,753     INFO End of trial
2018-06-03 20:24:07,756     INFO Showing fixation
2018-06-03 20:24:08,752     INFO Received trigger 5
2018-06-03 20:24:09,751     INFO Received trigger 5
2018-06-03 20:24:10,752     INFO Received trigger 5
2018-06-03 20:24:11,751     INFO Received trigger 5
2018-06-03 20:24:11,751     INFO End of fixation
2018-06-03 20:24:11,752     INFO Showing instructions
2018-06-03 20:24:11,762     INFO Instruction: You earned 19 point(s) out of ...
2018-06-03 20:24:12,752     INFO Received response [('5', 0.9748749732971191)]
2018-06-03 20:24:12,753     INFO End of instructions
2018-06-03 20:24:12,753     INFO Showing instructions
2018-06-03 20:24:12,766     INFO Instruction: You earned 19 point(s) out of ...
2018-06-03 20:24:13,751     INFO Received response [('5', 0.9741930961608887)]
2018-06-03 20:24:13,752     INFO End of instructions
2018-06-03 20:24:13,752     INFO Showing instructions
2018-06-03 20:24:13,761     INFO Instruction: You earned 19 point(s) out of ...
2018-06-03 20:24:14,752     INFO Received response [('5', 0.9741930961608887)]
2018-06-03 20:24:14,752     INFO End of instructions
2018-06-03 20:24:14,758     INFO Showing instructions
2018-06-03 20:24:14,768     INFO Instruction: This task is complete! Thank y...
2018-06-03 20:24:18,261     INFO Received response [('space', 3.4831900596618652)]
2018-06-03 20:24:18,261     INFO End of instructions
2018-06-03 20:24:18,261     INFO Experiment ended
