2017-05-08 00:26:52,266     INFO #[ PsychoPy2 RuntimeInfoStart ]
  #[[ PsychoPy ]] #---------
    psychopyVersion: 1.84.2
    psychopyHaveExtRush: True
  #[[ Experiment ]] #---------
    experimentRunTime: 2017_05_08 00:26 (Year_Month_Day Hour:Min)
    experimentRunTime.epoch: 1494228410
    experimentScript: hierNavigation.py
    experimentScript.digestSHA1: cb93c4582c94523a43e4a56ed87ba1d9a5f9224a
    experimentScript.directory: /Users/mengdu/Repos/hierarchy/navigation
  #[[ System ]] #---------
    systemHaveInternetAccess: True
    systemHostName: Mengs-MacBook-Pro.local
    systemLocale: C
    systemMemFreeRAM: 3595.984375
    systemMemTotalRAM: 8192.0
    systemPlatform: darwin 10.12.4 x86_64
    systemPyo.InputDevices: {0: {'host api index': 0, 'latency': 0.0006122448830865324, 'default sr': 44100, 'name': u'Built-in Microph'}}
    systemPyo.OutputDevices: {1: {'host api index': 0, 'latency': 0.04571428522467613, 'default sr': 44100, 'name': u'Built-in Output'}}
    systemPyoVersion: 0.8.0
    systemRebooted: May 8 00:20
    systemSec.OpenSSLVersion: OpenSSL 0.9.8zh 14 Jan 2016
    systemSec.pythonSSL: True
    systemTimeNumpySD1000000_sec: 0.0052
    systemUser: mengdu
    systemUserID: 501
    systemUserProcCount: 139
    systemUserProcFlagged: iTunes mdworker Safari
    systemUsersCount: 1
  #[[ Window ]] #---------
    windowRefreshTimeSD_ms: 0.399
    windowRefreshTimeMedian_ms: 16.606
    windowRefreshTimeAvg_ms: 16.673
  #[[ Python ]] #---------
    pythonVersion: 2.7.12
  #[[ OpenGL ]] #---------
#[ PsychoPy2 RuntimeInfoEnd ]

2017-05-08 00:26:52,340     INFO .png images loaded from img/
2017-05-08 00:26:52,415     INFO .jpg images loaded from img/
2017-05-08 00:26:52,423     INFO Starting experiment
2017-05-08 00:26:52,423     INFO Showing instructions
2017-05-08 00:26:52,552     INFO Instruction: Welcome!In this task, you wi...
2017-05-08 00:26:52,586  WARNING Invalid duration, waiting for one trigger
2017-05-08 00:26:52,587     INFO Received from serial port: 5
2017-05-08 00:26:52,608     INFO Instruction: Each trial will begin with a "...
2017-05-08 00:26:52,619  WARNING Invalid duration, waiting for one trigger
2017-05-08 00:26:54,498     INFO Received from serial port: 5
2017-05-08 00:26:54,541     INFO Instruction: Your job is to figure out who ...
2017-05-08 00:26:54,610  WARNING Invalid duration, waiting for one trigger
2017-05-08 00:26:55,725     INFO Received from serial port: 1
2017-05-08 00:26:56,498     INFO Received from serial port: 5
2017-05-08 00:26:56,498     INFO End of instructions
2017-05-08 00:26:56,498     INFO Showing instructions
2017-05-08 00:26:56,530     INFO Instruction: Blue numbers mean figure out w...
2017-05-08 00:26:56,539  WARNING Invalid duration, waiting for one trigger
2017-05-08 00:26:58,498     INFO Received from serial port: 5
2017-05-08 00:26:58,498     INFO End of instructions
2017-05-08 00:26:58,499     INFO Showing instructions
2017-05-08 00:26:58,538     INFO Instruction: You'll have a few seconds to f...
2017-05-08 00:26:58,547  WARNING Invalid duration, waiting for one trigger
2017-05-08 00:27:00,498     INFO Received from serial port: 5
2017-05-08 00:27:00,499     INFO End of instructions
2017-05-08 00:27:00,499     INFO Showing instructions
2017-05-08 00:27:00,512     INFO Instruction: When the response options are ...
2017-05-08 00:27:00,520  WARNING Invalid duration, waiting for one trigger
2017-05-08 00:27:02,499     INFO Received from serial port: 5
2017-05-08 00:27:02,499     INFO End of instructions
2017-05-08 00:27:02,535     INFO Showing instructions
2017-05-08 00:27:02,565     INFO Instruction: Press the Q, W, A or S key to ...
2017-05-08 00:27:02,572  WARNING Invalid duration, waiting for one trigger
2017-05-08 00:27:04,498     INFO Received from serial port: 5
2017-05-08 00:27:04,499     INFO End of instructions
2017-05-08 00:27:04,499     INFO Showing instructions
2017-05-08 00:27:04,529     INFO Instruction: We'll start by doing some prac...
2017-05-08 00:27:04,531  WARNING Invalid duration, waiting for one trigger
2017-05-08 00:27:06,498     INFO Received from serial port: 5
2017-05-08 00:27:06,499     INFO End of instructions
2017-05-08 00:27:06,499     INFO Showing instructions
2017-05-08 00:27:06,534     INFO Instruction: Blue numbers mean figure out w...
2017-05-08 00:27:06,537  WARNING Invalid duration, waiting for one trigger
2017-05-08 00:27:08,499     INFO Received from serial port: 5
2017-05-08 00:27:08,499     INFO End of instructions
2017-05-08 00:27:08,499     INFO Starting trial
2017-05-08 00:27:08,499     INFO Showing anchor face
2017-05-08 00:27:09,002     INFO End of anchor face
2017-05-08 00:27:09,006     INFO Showing fixation
2017-05-08 00:27:10,498     INFO Received from serial port: 5
2017-05-08 00:27:10,499     INFO End of fixation
2017-05-08 00:27:10,515     INFO Showing number
2017-05-08 00:27:11,019     INFO End of number
2017-05-08 00:27:11,023     INFO Showing fixation
2017-05-08 00:27:11,666     INFO Received from serial port: 1
2017-05-08 00:27:12,498     INFO Received from serial port: 5
2017-05-08 00:27:14,498     INFO Received from serial port: 5
2017-05-08 00:27:16,498     INFO Received from serial port: 5
2017-05-08 00:27:18,498     INFO Received from serial port: 5
2017-05-08 00:27:18,498     INFO End of fixation
2017-05-08 00:27:18,544     INFO Showing options
2017-05-08 00:27:20,051     INFO End of options
2017-05-08 00:27:20,051     INFO No response received, showing feedback
2017-05-08 00:27:20,053     INFO Received from serial port: 2
2017-05-08 00:27:20,498     INFO Received from serial port: 5
2017-05-08 00:27:20,498     INFO End of feedback
2017-05-08 00:27:20,499     INFO End of trial
2017-05-08 00:27:20,503     INFO Showing fixation
2017-05-08 00:27:22,498     INFO Received from serial port: 5
2017-05-08 00:27:23,008     INFO Received from serial port: 2
2017-05-08 00:27:24,498     INFO Received from serial port: 5
2017-05-08 00:27:26,498     INFO Received from serial port: 5
2017-05-08 00:27:26,498     INFO End of fixation
2017-05-08 00:27:26,498     INFO Showing instructions
2017-05-08 00:27:26,565     INFO Instruction: Blue numbers mean figure out w...
2017-05-08 00:27:26,569  WARNING Invalid duration, waiting for one trigger
2017-05-08 00:27:26,734     INFO Received from serial port: 2
2017-05-08 00:27:28,501     INFO Received from serial port: 5
2017-05-08 00:27:28,501     INFO End of instructions
2017-05-08 00:27:28,501     INFO Starting trial
2017-05-08 00:27:28,501     INFO Showing anchor face
2017-05-08 00:27:29,005     INFO End of anchor face
2017-05-08 00:27:29,038     INFO Showing fixation
2017-05-08 00:27:30,498     INFO Received from serial port: 5
2017-05-08 00:27:31,473     INFO Received from serial port: 1
2017-05-08 00:27:32,498     INFO Received from serial port: 5
2017-05-08 00:27:32,498     INFO End of fixation
2017-05-08 00:27:32,503     INFO Showing number
2017-05-08 00:27:33,006     INFO End of number
2017-05-08 00:27:33,010     INFO Showing fixation
2017-05-08 00:27:34,498     INFO Received from serial port: 5
2017-05-08 00:27:36,499     INFO Received from serial port: 5
2017-05-08 00:27:38,498     INFO Received from serial port: 5
2017-05-08 00:27:38,498     INFO End of fixation
2017-05-08 00:27:38,548     INFO Showing options
2017-05-08 00:27:40,054     INFO End of options
2017-05-08 00:27:40,054     INFO No response received, showing feedback
2017-05-08 00:27:40,060     INFO Received from serial port: 1
2017-05-08 00:27:40,498     INFO Received from serial port: 5
2017-05-08 00:27:40,498     INFO End of feedback
2017-05-08 00:27:40,499     INFO End of trial
2017-05-08 00:27:40,505     INFO Showing fixation
2017-05-08 00:27:42,498     INFO Received from serial port: 5
2017-05-08 00:27:42,886     INFO Received from serial port: 1
2017-05-08 00:27:44,498     INFO Received from serial port: 5
2017-05-08 00:27:46,498     INFO Received from serial port: 5
2017-05-08 00:27:46,498     INFO End of fixation
2017-05-08 00:27:46,499     INFO Showing instructions
2017-05-08 00:27:46,528     INFO Instruction: Blue numbers mean figure out w...
2017-05-08 00:27:46,530  WARNING Invalid duration, waiting for one trigger
2017-05-08 00:27:48,498     INFO Received from serial port: 5
2017-05-08 00:27:48,498     INFO End of instructions
2017-05-08 00:27:48,499     INFO Starting trial
2017-05-08 00:27:48,499     INFO Showing anchor face
2017-05-08 00:27:49,009     INFO End of anchor face
2017-05-08 00:27:49,012     INFO Showing fixation
2017-05-08 00:27:49,371     INFO Received from serial port: 1
2017-05-08 00:27:50,498     INFO Received from serial port: 5
2017-05-08 00:27:51,683     INFO Received from serial port: 1
2017-05-08 00:27:52,498     INFO Received from serial port: 5
2017-05-08 00:27:52,498     INFO End of fixation
2017-05-08 00:27:52,501     INFO Showing number
2017-05-08 00:27:53,013     INFO End of number
2017-05-08 00:27:53,016     INFO Showing fixation
2017-05-08 00:27:54,499     INFO Received from serial port: 5
2017-05-08 00:27:55,046     INFO Received from serial port: 2
2017-05-08 00:27:56,505     INFO Received from serial port: 5
2017-05-08 00:27:56,716     INFO Received from serial port: 1
2017-05-08 00:27:58,498     INFO Received from serial port: 5
2017-05-08 00:28:00,498     INFO Received from serial port: 5
2017-05-08 00:28:00,499     INFO End of fixation
2017-05-08 00:28:00,526     INFO Showing options
2017-05-08 00:28:02,029     INFO End of options
2017-05-08 00:28:02,029     INFO No response received, showing feedback
2017-05-08 00:28:02,031     INFO Received from serial port: 1
2017-05-08 00:28:02,498     INFO Received from serial port: 5
2017-05-08 00:28:02,498     INFO End of feedback
2017-05-08 00:28:02,499     INFO End of trial
2017-05-08 00:28:02,502     INFO Showing fixation
2017-05-08 00:28:03,870     INFO Received from serial port: 2
2017-05-08 00:28:04,498     INFO Received from serial port: 5
2017-05-08 00:28:05,088     INFO Received from serial port: 2
2017-05-08 00:28:06,498     INFO Received from serial port: 5
2017-05-08 00:28:07,248     INFO Received from serial port: 2
2017-05-08 00:28:08,498     INFO Received from serial port: 5
2017-05-08 00:28:10,498     INFO Received from serial port: 5
2017-05-08 00:28:10,498     INFO End of fixation
2017-05-08 00:28:10,499     INFO Showing instructions
2017-05-08 00:28:10,535     INFO Instruction: Blue numbers mean figure out w...
2017-05-08 00:28:10,542  WARNING Invalid duration, waiting for one trigger
2017-05-08 00:28:11,366     INFO Received from serial port: 1
2017-05-08 00:28:12,498     INFO Received from serial port: 5
2017-05-08 00:28:12,498     INFO End of instructions
2017-05-08 00:28:12,499     INFO Starting trial
2017-05-08 00:28:12,499     INFO Showing anchor face
2017-05-08 00:28:13,001     INFO End of anchor face
2017-05-08 00:28:13,004     INFO Showing fixation
2017-05-08 00:28:14,498     INFO Received from serial port: 5
2017-05-08 00:28:15,633     INFO Received from serial port: 2
2017-05-08 00:28:16,498     INFO Received from serial port: 5
2017-05-08 00:28:16,498     INFO End of fixation
2017-05-08 00:28:16,502     INFO Showing number
2017-05-08 00:28:17,004     INFO End of number
2017-05-08 00:28:17,008     INFO Showing fixation
2017-05-08 00:28:17,010     INFO Received from serial port: 2
2017-05-08 00:28:18,498     INFO Received from serial port: 5
2017-05-08 00:28:20,499     INFO Received from serial port: 5
2017-05-08 00:28:21,170     INFO Received from serial port: 2
2017-05-08 00:28:22,498     INFO Received from serial port: 5
2017-05-08 00:28:22,498     INFO End of fixation
2017-05-08 00:28:22,517     INFO Showing options
2017-05-08 00:28:24,020     INFO End of options
2017-05-08 00:28:24,020     INFO No response received, showing feedback
2017-05-08 00:28:24,022     INFO Received from serial port: 1
2017-05-08 00:28:24,498     INFO Received from serial port: 5
2017-05-08 00:28:24,498     INFO End of feedback
2017-05-08 00:28:24,499     INFO End of trial
2017-05-08 00:28:24,502     INFO Showing fixation
2017-05-08 00:28:26,498     INFO Received from serial port: 5
2017-05-08 00:28:26,804     INFO Received from serial port: 2
2017-05-08 00:28:28,499     INFO Received from serial port: 5
2017-05-08 00:28:28,500     INFO End of fixation
2017-05-08 00:28:28,500     INFO Showing instructions
2017-05-08 00:28:28,534     INFO Instruction: Blue numbers mean figure out w...
2017-05-08 00:28:28,536  WARNING Invalid duration, waiting for one trigger
2017-05-08 00:28:30,498     INFO Received from serial port: 5
2017-05-08 00:28:30,498     INFO End of instructions
2017-05-08 00:28:30,499     INFO Starting trial
2017-05-08 00:28:30,499     INFO Showing anchor face
2017-05-08 00:28:31,001     INFO End of anchor face
2017-05-08 00:28:31,004     INFO Showing fixation
2017-05-08 00:28:32,498     INFO Received from serial port: 5
2017-05-08 00:28:32,499     INFO End of fixation
2017-05-08 00:28:32,503     INFO Showing number
2017-05-08 00:28:33,006     INFO End of number
2017-05-08 00:28:33,010     INFO Showing fixation
2017-05-08 00:28:34,498     INFO Received from serial port: 5
2017-05-08 00:28:35,599     INFO Received from serial port: 2
2017-05-08 00:28:36,498     INFO Received from serial port: 5
2017-05-08 00:28:38,498     INFO Received from serial port: 5
2017-05-08 00:28:39,127     INFO Received from serial port: 1
2017-05-08 00:28:40,498     INFO Received from serial port: 5
2017-05-08 00:28:40,499     INFO End of fixation
2017-05-08 00:28:40,516     INFO Showing options
2017-05-08 00:28:42,018     INFO End of options
2017-05-08 00:28:42,018     INFO No response received, showing feedback
2017-05-08 00:28:42,019     INFO Received from serial port: 2
2017-05-08 00:28:42,498     INFO Received from serial port: 5
2017-05-08 00:28:42,498     INFO End of feedback
2017-05-08 00:28:42,499     INFO End of trial
2017-05-08 00:28:42,502     INFO Showing fixation
2017-05-08 00:28:44,498     INFO Received from serial port: 5
2017-05-08 00:28:46,498     INFO Received from serial port: 5
2017-05-08 00:28:48,498     INFO Received from serial port: 5
2017-05-08 00:28:50,498     INFO Received from serial port: 5
2017-05-08 00:28:50,499     INFO End of fixation
2017-05-08 00:28:50,499     INFO Showing instructions
2017-05-08 00:28:50,540     INFO Instruction: Blue numbers mean figure out w...
2017-05-08 00:28:50,543  WARNING Invalid duration, waiting for one trigger
2017-05-08 00:28:51,528     INFO Received from serial port: 2
2017-05-08 00:28:52,498     INFO Received from serial port: 5
2017-05-08 00:28:52,498     INFO End of instructions
2017-05-08 00:28:52,499     INFO Starting trial
2017-05-08 00:28:52,499     INFO Showing anchor face
2017-05-08 00:28:53,001     INFO End of anchor face
2017-05-08 00:28:53,005     INFO Showing fixation
2017-05-08 00:28:54,498     INFO Received from serial port: 5
2017-05-08 00:28:56,498     INFO Received from serial port: 5
2017-05-08 00:28:56,498     INFO End of fixation
2017-05-08 00:28:56,505     INFO Showing number
2017-05-08 00:28:57,007     INFO End of number
2017-05-08 00:28:57,011     INFO Showing fixation
2017-05-08 00:28:57,013     INFO Received from serial port: 2
2017-05-08 00:28:58,498     INFO Received from serial port: 5
2017-05-08 00:29:00,498     INFO Received from serial port: 5
2017-05-08 00:29:01,913     INFO Received from serial port: 2
2017-05-08 00:29:02,498     INFO Received from serial port: 5
2017-05-08 00:29:02,498     INFO End of fixation
2017-05-08 00:29:02,517     INFO Showing options
2017-05-08 00:29:04,020     INFO End of options
2017-05-08 00:29:04,020     INFO No response received, showing feedback
2017-05-08 00:29:04,021     INFO Received from serial port: 1
2017-05-08 00:29:04,498     INFO Received from serial port: 5
2017-05-08 00:29:04,498     INFO End of feedback
2017-05-08 00:29:04,499     INFO End of trial
2017-05-08 00:29:04,502     INFO Showing fixation
2017-05-08 00:29:06,498     INFO Received from serial port: 5
2017-05-08 00:29:08,498     INFO Received from serial port: 5
2017-05-08 00:29:08,498     INFO End of fixation
2017-05-08 00:29:08,499     INFO Showing instructions
2017-05-08 00:29:08,533     INFO Instruction: Blue numbers mean figure out w...
2017-05-08 00:29:08,535  WARNING Invalid duration, waiting for one trigger
2017-05-08 00:29:10,498     INFO Received from serial port: 5
2017-05-08 00:29:10,499     INFO End of instructions
2017-05-08 00:29:10,499     INFO Starting trial
2017-05-08 00:29:10,499     INFO Showing anchor face
2017-05-08 00:29:11,002     INFO End of anchor face
2017-05-08 00:29:11,008     INFO Showing fixation
2017-05-08 00:29:11,119     INFO Received from serial port: 2
2017-05-08 00:29:12,498     INFO Received from serial port: 5
2017-05-08 00:29:12,498     INFO End of fixation
2017-05-08 00:29:12,502     INFO Showing number
2017-05-08 00:29:13,005     INFO End of number
2017-05-08 00:29:13,009     INFO Showing fixation
2017-05-08 00:29:14,498     INFO Received from serial port: 5
2017-05-08 00:29:16,498     INFO Received from serial port: 5
2017-05-08 00:29:17,040     INFO Received from serial port: 2
2017-05-08 00:29:18,499     INFO Received from serial port: 5
2017-05-08 00:29:18,499     INFO End of fixation
2017-05-08 00:29:18,564     INFO Showing options
2017-05-08 00:29:20,079     INFO End of options
2017-05-08 00:29:20,082     INFO No response received, showing feedback
2017-05-08 00:29:20,098     INFO Received from serial port: 1
2017-05-08 00:29:20,499     INFO Received from serial port: 5
2017-05-08 00:29:20,499     INFO End of feedback
2017-05-08 00:29:20,499     INFO End of trial
2017-05-08 00:29:20,506     INFO Showing fixation
2017-05-08 00:29:20,673     INFO Received from serial port: 1
2017-05-08 00:29:22,498     INFO Received from serial port: 5
2017-05-08 00:29:22,932     INFO Received from serial port: 1
2017-05-08 00:29:24,498     INFO Received from serial port: 5
2017-05-08 00:29:24,498     INFO End of fixation
2017-05-08 00:29:24,499     INFO Showing instructions
2017-05-08 00:29:24,573     INFO Instruction: Blue numbers mean figure out w...
2017-05-08 00:29:24,575  WARNING Invalid duration, waiting for one trigger
2017-05-08 00:29:26,498     INFO Received from serial port: 5
2017-05-08 00:29:26,499     INFO End of instructions
2017-05-08 00:29:26,499     INFO Starting trial
2017-05-08 00:29:26,499     INFO Showing anchor face
2017-05-08 00:29:27,002     INFO End of anchor face
2017-05-08 00:29:27,007     INFO Showing fixation
2017-05-08 00:29:28,498     INFO Received from serial port: 5
2017-05-08 00:29:28,498     INFO End of fixation
2017-05-08 00:29:28,501     INFO Showing number
2017-05-08 00:29:29,015     INFO End of number
2017-05-08 00:29:29,018     INFO Showing fixation
2017-05-08 00:29:30,498     INFO Received from serial port: 5
2017-05-08 00:29:30,533     INFO Received from serial port: 2
2017-05-08 00:29:32,498     INFO Received from serial port: 5
2017-05-08 00:29:33,782     INFO Received from serial port: 1
2017-05-08 00:29:34,498     INFO Received from serial port: 5
2017-05-08 00:29:34,498     INFO End of fixation
2017-05-08 00:29:34,520     INFO Showing options
2017-05-08 00:29:36,022     INFO End of options
2017-05-08 00:29:36,022     INFO No response received, showing feedback
2017-05-08 00:29:36,498     INFO Received from serial port: 5
2017-05-08 00:29:36,499     INFO End of feedback
2017-05-08 00:29:36,499     INFO End of trial
2017-05-08 00:29:36,506     INFO Showing fixation
2017-05-08 00:29:37,110     INFO Received from serial port: 2
2017-05-08 00:29:38,510     INFO Received from serial port: 5
2017-05-08 00:29:38,896     INFO Received from serial port: 1
2017-05-08 00:29:40,498     INFO Received from serial port: 5
2017-05-08 00:29:42,498     INFO Received from serial port: 5
2017-05-08 00:29:43,136     INFO Received from serial port: 1
2017-05-08 00:29:44,498     INFO Received from serial port: 5
2017-05-08 00:29:44,498     INFO End of fixation
2017-05-08 00:29:44,499     INFO Showing instructions
2017-05-08 00:29:44,527     INFO Instruction: Blue numbers mean figure out w...
2017-05-08 00:29:44,529  WARNING Invalid duration, waiting for one trigger
2017-05-08 00:29:45,613     INFO Received from serial port: 1
2017-05-08 00:29:46,498     INFO Received from serial port: 5
2017-05-08 00:29:46,498     INFO End of instructions
2017-05-08 00:29:46,499     INFO Starting trial
2017-05-08 00:29:46,499     INFO Showing anchor face
2017-05-08 00:29:47,000     INFO End of anchor face
2017-05-08 00:29:47,005     INFO Showing fixation
2017-05-08 00:29:47,007     INFO Received from serial port: 2
2017-05-08 00:29:48,498     INFO Received from serial port: 5
2017-05-08 00:29:48,498     INFO End of fixation
2017-05-08 00:29:48,501     INFO Showing number
2017-05-08 00:29:49,004     INFO End of number
2017-05-08 00:29:49,008     INFO Showing fixation
2017-05-08 00:29:50,498     INFO Received from serial port: 5
2017-05-08 00:29:52,499     INFO Received from serial port: 5
2017-05-08 00:29:54,499     INFO Received from serial port: 5
2017-05-08 00:29:54,499     INFO End of fixation
2017-05-08 00:29:54,527     INFO Showing options
2017-05-08 00:29:56,030     INFO End of options
2017-05-08 00:29:56,030     INFO No response received, showing feedback
2017-05-08 00:29:56,032     INFO Received from serial port: 2
2017-05-08 00:29:56,498     INFO Received from serial port: 5
2017-05-08 00:29:56,498     INFO End of feedback
2017-05-08 00:29:56,499     INFO End of trial
2017-05-08 00:29:56,503     INFO Showing fixation
2017-05-08 00:29:58,499     INFO Received from serial port: 5
2017-05-08 00:29:58,907     INFO Received from serial port: 2
2017-05-08 00:30:00,498     INFO Received from serial port: 5
2017-05-08 00:30:02,498     INFO Received from serial port: 5
2017-05-08 00:30:02,499     INFO End of fixation
2017-05-08 00:30:02,500     INFO Showing instructions
2017-05-08 00:30:02,538     INFO Instruction: Blue numbers mean figure out w...
2017-05-08 00:30:02,541  WARNING Invalid duration, waiting for one trigger
2017-05-08 00:30:04,499     INFO Received from serial port: 5
2017-05-08 00:30:04,499     INFO End of instructions
2017-05-08 00:30:04,499     INFO Starting trial
2017-05-08 00:30:04,499     INFO Showing anchor face
2017-05-08 00:30:05,003     INFO End of anchor face
2017-05-08 00:30:05,006     INFO Showing fixation
2017-05-08 00:30:06,498     INFO Received from serial port: 5
2017-05-08 00:30:06,498     INFO End of fixation
2017-05-08 00:30:06,503     INFO Showing number
2017-05-08 00:30:07,005     INFO End of number
2017-05-08 00:30:07,009     INFO Showing fixation
2017-05-08 00:30:08,498     INFO Received from serial port: 5
2017-05-08 00:30:10,498     INFO Received from serial port: 5
2017-05-08 00:30:12,498     INFO Received from serial port: 5
2017-05-08 00:30:12,498     INFO End of fixation
2017-05-08 00:30:12,520     INFO Showing options
2017-05-08 00:30:14,022     INFO End of options
2017-05-08 00:30:14,022     INFO No response received, showing feedback
2017-05-08 00:30:14,498     INFO Received from serial port: 5
2017-05-08 00:30:14,498     INFO End of feedback
2017-05-08 00:30:14,499     INFO End of trial
2017-05-08 00:30:14,502     INFO Showing fixation
2017-05-08 00:30:14,967     INFO Received from serial port: 2
2017-05-08 00:30:16,498     INFO Received from serial port: 5
2017-05-08 00:30:18,498     INFO Received from serial port: 5
2017-05-08 00:30:20,498     INFO Received from serial port: 5
2017-05-08 00:30:20,912     INFO Received from serial port: 2
2017-05-08 00:30:22,498     INFO Received from serial port: 5
2017-05-08 00:30:22,498     INFO End of fixation
2017-05-08 00:30:22,499     INFO Showing instructions
2017-05-08 00:30:22,516     INFO Instruction: You've completed all of the pr...
2017-05-08 00:30:22,517  WARNING Invalid duration, waiting for one trigger
2017-05-08 00:30:24,499     INFO Received from serial port: 5
2017-05-08 00:30:24,499     INFO End of instructions
2017-05-08 00:30:24,499     INFO Showing instructions
2017-05-08 00:30:24,541     INFO Instruction: Run #1 of 5Remember: Blue nu...
2017-05-08 00:30:24,542  WARNING Invalid duration, waiting for one trigger
2017-05-08 00:30:26,498     INFO Received from serial port: 5
2017-05-08 00:30:26,498     INFO End of instructions
2017-05-08 00:30:26,499     INFO Starting trial
2017-05-08 00:30:26,499     INFO Showing anchor face
2017-05-08 00:30:27,001     INFO End of anchor face
2017-05-08 00:30:27,004     INFO Showing fixation
2017-05-08 00:30:28,499     INFO Received from serial port: 5
2017-05-08 00:30:30,499     INFO Received from serial port: 5
2017-05-08 00:30:30,499     INFO End of fixation
2017-05-08 00:30:30,503     INFO Showing number
2017-05-08 00:30:31,006     INFO End of number
2017-05-08 00:30:31,010     INFO Showing fixation
2017-05-08 00:30:31,379     INFO Received from serial port: 2
2017-05-08 00:30:32,498     INFO Received from serial port: 5
2017-05-08 00:30:34,499     INFO Received from serial port: 5
2017-05-08 00:30:35,000     INFO Received from serial port: 1
2017-05-08 00:30:36,498     INFO Received from serial port: 5
2017-05-08 00:30:36,498     INFO End of fixation
2017-05-08 00:30:36,523     INFO Showing options
2017-05-08 00:30:38,026     INFO End of options
2017-05-08 00:30:38,027     INFO No response received, showing feedback
2017-05-08 00:30:38,499     INFO Received from serial port: 5
2017-05-08 00:30:38,499     INFO End of feedback
2017-05-08 00:30:38,499     INFO End of trial
2017-05-08 00:30:38,504     INFO Showing fixation
2017-05-08 00:30:40,498     INFO Received from serial port: 5
2017-05-08 00:30:41,276     INFO Received from serial port: 2
2017-05-08 00:30:42,498     INFO Received from serial port: 5
2017-05-08 00:30:42,498     INFO End of fixation
2017-05-08 00:30:42,499     INFO Starting trial
2017-05-08 00:30:42,499     INFO Showing anchor face
2017-05-08 00:30:43,001     INFO End of anchor face
2017-05-08 00:30:43,005     INFO Showing fixation
2017-05-08 00:30:43,678     INFO Received from serial port: 1
2017-05-08 00:30:44,498     INFO Received from serial port: 5
2017-05-08 00:30:44,498     INFO End of fixation
2017-05-08 00:30:44,502     INFO Showing number
2017-05-08 00:30:45,004     INFO End of number
2017-05-08 00:30:45,007     INFO Showing fixation
2017-05-08 00:30:46,793     INFO Received from serial port: 5
2017-05-08 00:30:47,774     INFO Received from serial port: 2
2017-05-08 00:30:48,499     INFO Received from serial port: 5
2017-05-08 00:30:49,637     INFO Received from serial port: 1
2017-05-08 00:30:50,498     INFO Received from serial port: 5
2017-05-08 00:30:52,498     INFO Received from serial port: 5
2017-05-08 00:30:52,498     INFO End of fixation
2017-05-08 00:30:52,517     INFO Showing options
2017-05-08 00:30:54,019     INFO End of options
2017-05-08 00:30:54,020     INFO No response received, showing feedback
2017-05-08 00:30:54,498     INFO Received from serial port: 5
2017-05-08 00:30:54,498     INFO End of feedback
2017-05-08 00:30:54,499     INFO End of trial
2017-05-08 00:30:54,502     INFO Showing fixation
2017-05-08 00:30:55,743     INFO Received from serial port: 1
2017-05-08 00:30:56,498     INFO Received from serial port: 5
2017-05-08 00:30:57,665     INFO Received from serial port: 1
2017-05-08 00:30:58,498     INFO Received from serial port: 5
2017-05-08 00:30:59,761     INFO Received from serial port: 2
2017-05-08 00:31:00,498     INFO Received from serial port: 5
2017-05-08 00:31:01,455     INFO Received from serial port: 2
2017-05-08 00:31:02,498     INFO Received from serial port: 5
2017-05-08 00:31:02,498     INFO End of fixation
2017-05-08 00:31:02,499     INFO Starting trial
2017-05-08 00:31:02,499     INFO Showing anchor face
2017-05-08 00:31:03,001     INFO End of anchor face
2017-05-08 00:31:03,005     INFO Showing fixation
2017-05-08 00:31:03,326     INFO Received from serial port: 1
2017-05-08 00:31:04,498     INFO Received from serial port: 5
2017-05-08 00:31:04,498     INFO End of fixation
2017-05-08 00:31:04,502     INFO Showing number
2017-05-08 00:31:05,005     INFO End of number
2017-05-08 00:31:05,008     INFO Showing fixation
2017-05-08 00:31:06,498     INFO Received from serial port: 5
2017-05-08 00:31:06,994     INFO Received from serial port: 1
2017-05-08 00:31:08,498     INFO Received from serial port: 5
2017-05-08 00:31:08,748     INFO Received from serial port: 1
2017-05-08 00:31:10,498     INFO Received from serial port: 5
2017-05-08 00:31:11,146     INFO Received from serial port: 1
2017-05-08 00:31:12,498     INFO Received from serial port: 5
2017-05-08 00:31:12,498     INFO End of fixation
2017-05-08 00:31:12,518     INFO Showing options
2017-05-08 00:31:14,028     INFO End of options
2017-05-08 00:31:14,028     INFO No response received, showing feedback
2017-05-08 00:31:14,498     INFO Received from serial port: 5
2017-05-08 00:31:14,498     INFO End of feedback
2017-05-08 00:31:14,499     INFO End of trial
2017-05-08 00:31:14,502     INFO Showing fixation
2017-05-08 00:31:15,381     INFO Received from serial port: 1
2017-05-08 00:31:16,498     INFO Received from serial port: 5
2017-05-08 00:31:17,808     INFO Received from serial port: 1
2017-05-08 00:31:18,498     INFO Received from serial port: 5
2017-05-08 00:31:20,498     INFO Received from serial port: 5
2017-05-08 00:31:22,498     INFO Received from serial port: 5
2017-05-08 00:31:22,499     INFO End of fixation
2017-05-08 00:31:22,499     INFO Starting trial
2017-05-08 00:31:22,499     INFO Showing anchor face
2017-05-08 00:31:23,003     INFO End of anchor face
2017-05-08 00:31:23,006     INFO Showing fixation
2017-05-08 00:31:23,089     INFO Received from serial port: 1
2017-05-08 00:31:24,498     INFO Received from serial port: 5
2017-05-08 00:31:24,498     INFO End of fixation
2017-05-08 00:31:24,501     INFO Showing number
2017-05-08 00:31:25,004     INFO End of number
2017-05-08 00:31:25,007     INFO Showing fixation
2017-05-08 00:31:26,498     INFO Received from serial port: 5
2017-05-08 00:31:28,498     INFO Received from serial port: 5
2017-05-08 00:31:29,310     INFO Received from serial port: 2
2017-05-08 00:31:30,498     INFO Received from serial port: 5
2017-05-08 00:31:30,498     INFO End of fixation
2017-05-08 00:31:30,520     INFO Showing options
2017-05-08 00:31:32,023     INFO End of options
2017-05-08 00:31:32,023     INFO No response received, showing feedback
2017-05-08 00:31:32,024     INFO Received from serial port: 2
2017-05-08 00:31:32,498     INFO Received from serial port: 5
2017-05-08 00:31:32,498     INFO End of feedback
2017-05-08 00:31:32,499     INFO End of trial
2017-05-08 00:31:32,503     INFO Showing fixation
2017-05-08 00:31:33,786     INFO Received from serial port: 1
2017-05-08 00:31:34,498     INFO Received from serial port: 5
2017-05-08 00:31:34,902     INFO Received from serial port: 2
2017-05-08 00:31:36,498     INFO Received from serial port: 5
2017-05-08 00:31:37,870     INFO Received from serial port: 2
2017-05-08 00:31:38,498     INFO Received from serial port: 5
2017-05-08 00:31:39,073     INFO Received from serial port: 2
2017-05-08 00:31:40,498     INFO Received from serial port: 5
2017-05-08 00:31:40,498     INFO End of fixation
2017-05-08 00:31:40,499     INFO Starting trial
2017-05-08 00:31:40,499     INFO Showing anchor face
2017-05-08 00:31:41,001     INFO End of anchor face
2017-05-08 00:31:41,004     INFO Showing fixation
2017-05-08 00:31:41,577     INFO Received from serial port: 2
2017-05-08 00:31:42,498     INFO Received from serial port: 5
2017-05-08 00:31:42,498     INFO End of fixation
2017-05-08 00:31:42,501     INFO Showing number
2017-05-08 00:31:43,004     INFO End of number
2017-05-08 00:31:43,007     INFO Showing fixation
2017-05-08 00:31:44,499     INFO Received from serial port: 5
2017-05-08 00:31:46,499     INFO Received from serial port: 5
2017-05-08 00:31:48,498     INFO Received from serial port: 5
2017-05-08 00:31:50,498     INFO Received from serial port: 5
2017-05-08 00:31:50,498     INFO End of fixation
2017-05-08 00:31:50,518     INFO Showing options
2017-05-08 00:31:52,020     INFO End of options
2017-05-08 00:31:52,020     INFO No response received, showing feedback
2017-05-08 00:31:52,498     INFO Received from serial port: 5
2017-05-08 00:31:52,498     INFO End of feedback
2017-05-08 00:31:52,499     INFO End of trial
2017-05-08 00:31:52,502     INFO Showing fixation
2017-05-08 00:31:53,503     INFO Received from serial port: 1
2017-05-08 00:31:54,498     INFO Received from serial port: 5
2017-05-08 00:31:56,498     INFO Received from serial port: 5
2017-05-08 00:31:57,383     INFO Received from serial port: 2
2017-05-08 00:31:58,498     INFO Received from serial port: 5
2017-05-08 00:32:00,498     INFO Received from serial port: 5
2017-05-08 00:32:00,499     INFO End of fixation
2017-05-08 00:32:00,500     INFO Showing instructions
2017-05-08 00:32:00,513     INFO Instruction: The experiment is complete!Th...
2017-05-08 00:32:00,517  WARNING Invalid duration, waiting for one trigger
2017-05-08 00:32:02,498     INFO Received from serial port: 5
2017-05-08 00:32:02,499     INFO End of instructions
2017-05-08 00:32:02,499     INFO Experiment ended
